-0.27884
-0.28475
-0.27195
-0.27951
-0.27739
-0.30256
-0.24222
-0.28794
-0.22994
-0.26938
-0.29552
-0.28122
-0.2893
-0.30967
-0.56359
-0.28717
-0.2669
-0.25455
-0.29732
-0.27912
-0.27625
-0.22731
-0.31184
-0.2129
-0.27477
-0.27527
-0.25115
-0.29189
-0.31982
-0.54662
-0.29454
-0.29906
-0.27128
-0.27942
-0.27648
-0.27876
-0.22743
-0.24769
-0.2833
-0.2647
-0.28138
-0.25797
-0.28094
-0.30488
-0.53031
-0.32001
-0.28984
-0.28424
-0.29015
-0.28033
-0.24532
-0.29717
-0.31241
-0.23409
-0.25884
-0.26053
-0.26657
-0.2697
-0.26251
-0.50973
-0.30943
-0.27833
-0.2644
-0.28431
-0.29978
-0.22624
-0.24122
-0.21578
-0.29181
-0.19848
-0.20755
-0.18422
-0.22373
-0.28446
-0.50971
-0.31353
-0.29192
-0.28673
-0.25536
-0.28577
-0.28702
-0.2984
-0.27732
-0.27378
-0.23394
-0.20542
-0.16848
-0.20654
-0.24239
-0.47567
-0.32407
-0.29618
-0.31131
-0.3037
-0.25333
-0.28597
-0.28126
-0.28697
-0.27393
-0.18415
-0.18213
-0.15222
-0.18029
-0.28508
-0.49699
-0.3074
-0.25154
-0.25465
-0.25107
-0.2493
-0.24789
-0.24146
-0.22779
-0.22763
-0.2139
-0.20851
-0.18597
-0.19125
-0.24985
-0.51257
-0.27484
-0.25924
-0.25092
-0.24926
-0.23946
-0.24049
-0.23661
-0.22789
-0.21805
-0.21469
-0.207
-0.15632
-0.22547
-0.27375
-0.51307
-0.26863
-0.24281
-0.22472
-0.24372
-0.24027
-0.25702
-0.22703
-0.21747
-0.212
-0.204
-0.20088
-0.16021
-0.20975
-0.26852
-0.53814
-0.27526
-0.28536
-0.27495
-0.27566
-0.27381
-0.25988
-0.2563
-0.24759
-0.24799
-0.23822
-0.21388
-0.2833
-0.20531
-0.27404
-0.58012
-0.30006
-0.28424
-0.28749
-0.27833
-0.24522
-0.27374
-0.25691
-0.25496
-0.22979
-0.23725
-0.21226
-0.23248
-0.23575
-0.31012
-0.6463
-0.27547
-0.28392
-0.27245
-0.27626
-0.24267
-0.26304
-0.25197
-0.25265
-0.18489
-0.18558
-0.18784
-0.19786
-0.27332
-0.38826
-0.71151
-0.24464
-0.23982
-0.21401
-0.23143
-0.21288
-0.22486
-0.21424
-0.22271
-0.21448
-0.21866
-0.22036
-0.25243
-0.29753
-0.43951
-0.76105
-0.26005
-0.24767
-0.24633
-0.2441
-0.23104
-0.22927
-0.24418
-0.22776
-0.22719
-0.25346
-0.2506
-0.2847
-0.33139
-0.47506
