-0.97973
-0.99968
-0.99362
-0.97986
-0.99661
-0.99729
-0.99528
-0.98564
-0.99453
-0.99809
-0.99842
-0.99691
-0.95519
-0.9755
-0.97575
-0.97648
-0.95597
-0.97918
-0.97579
-0.99928
-1.0038
-1.0005
-0.99951
-1.0045
-1.0051
-0.99962
-0.99732
-1.005
-1.0018
-0.99994
-0.99841
-0.97572
-0.98141
-0.97712
-0.97534
-0.98122
-0.98329
-0.97326
-1.0085
-1.0074
-0.9956
-1.0079
-1.0026
-1.0022
-1.0011
-1.0046
-1.0053
-1.0023
-0.99979
-1.0055
-0.98288
-0.98466
-0.98556
-0.9802
-0.9869
-0.98406
-0.98112
-1.0133
-1.0096
-1.001
-1.0113
-1.0078
-1.003
-1.0055
-1.0071
-1.0088
-1.0072
-1.0073
-1.0068
-0.98512
-0.98664
-0.98441
-0.98322
-0.99182
-0.98923
-0.98127
-1.0156
-1.0115
-1.0054
-1.0144
-1.0112
-1.0131
-1.0082
-1.0099
-1.0107
-1.0102
-1.0056
-1.0087
-0.99222
-0.98931
-0.98946
-0.9873
-0.95246
-0.9917
-0.98168
-1.0201
-1.011
-1.0078
-1.0181
-1.0147
-1.0132
-1.011
-1.0123
-1.0096
-1.0132
-0.9933
-0.99167
-0.98885
-0.9903
-0.99555
-0.99361
-0.98595
-1.0275
-1.0165
-1.0122
-1.0226
-1.0215
-1.0203
-1.0143
-1.0177
-1.0171
-1.0161
-0.99563
-0.99399
-0.99747
-0.9908
-1.006
-0.99876
-0.99011
-1.0273
-1.022
-1.0175
-1.0245
-1.0215
-1.0156
-1.0199
-1.0198
-1.0221
-1.0228
-0.99854
-0.99925
-0.99735
-1.0007
-1.0002
-1.005
-0.99694
-1.0408
-1.0327
-1.0292
-0.99545
-1.0234
-1.0289
-1.0178
-1.0343
-1.0315
-1.025
-1.0235
-1.0267
-1.0206
-1.0262
-1.0168
-1.0118
-1.0041
-1.0567
-1.0503
-1.0421
-1.0369
-1.0467
-1.0473
-1.0417
-1.0449
-1.0365
-1.0378
-1.0374
-1.0332
-1.0414
-1.0305
-1.0314
-1.028
-1.0209
-1.0687
-1.0615
-1.0763
-1.0815
-1.0616
-1.0626
-1.0684
-1.0685
-1.0541
-1.0635
-1.0557
-1.05
-1.063
-1.0509
-1.0479
-1.0976
-1.101
-1.0901
-1.0911
-1.1007
-1.1016
-1.0937
-1.0932
-1.0878
-1.0909
-1.0912
-1.094
-1.082
-1.083
-1.0835
-0.97118
-1.0814
-1.087
-1.0799
-1.0771
-1.0808
-1.0748
-1.0733
-1.0906
-1.0933
-1.0802
-1.08
-1.0835
