-0.2226
-0.25369
-0.24943
-0.24083
-0.24897
-0.25042
-0.24395
-0.25847
-0.26279
-0.27382
-0.26964
-0.27411
-0.22047
-0.24958
-0.27799
-0.28269
-0.22411
-0.25101
-0.27308
-0.2334
-0.2459
-0.24652
-0.23164
-0.23713
-0.24049
-0.2356
-0.25734
-0.26361
-0.26069
-0.25708
-0.26019
-0.21451
-0.22874
-0.25849
-0.2649
-0.24045
-0.24095
-0.24516
-0.23889
-0.23974
-0.24391
-0.25912
-0.22624
-0.2355
-0.24886
-0.25524
-0.25863
-0.25481
-0.25264
-0.24627
-0.22837
-0.23586
-0.26975
-0.27664
-0.2357
-0.23853
-0.24649
-0.23271
-0.22984
-0.22954
-0.25608
-0.25095
-0.22341
-0.23158
-0.25115
-0.25534
-0.25513
-0.26439
-0.2536
-0.22407
-0.22238
-0.24861
-0.2603
-0.23899
-0.25409
-0.23569
-0.23066
-0.23673
-0.23807
-0.22529
-0.23196
-0.23649
-0.23397
-0.24941
-0.25094
-0.24976
-0.259
-0.25211
-0.22974
-0.23273
-0.24395
-0.24755
-0.24615
-0.2305
-0.23754
-0.21382
-0.22249
-0.23586
-0.25656
-0.2529
-0.22503
-0.22455
-0.24393
-0.24608
-0.2486
-0.21677
-0.22417
-0.2437
-0.24904
-0.2289
-0.22713
-0.23091
-0.23068
-0.22409
-0.2225
-0.25298
-0.24691
-0.23062
-0.22246
-0.24691
-0.24603
-0.24576
-0.23165
-0.21983
-0.26958
-0.25232
-0.26887
-0.21832
-0.22493
-0.22476
-0.21602
-0.21872
-0.23582
-0.24298
-0.21567
-0.23167
-0.21591
-0.21785
-0.22056
-0.2059
-0.21911
-0.24048
-0.25227
-0.21768
-0.22522
-0.2244
-0.22611
-0.21343
-0.22357
-0.18264
-0.21054
-0.21382
-0.20504
-0.21701
-0.2139
-0.21185
-0.21829
-0.2135
-0.22461
-0.2205
-0.23687
-0.22843
-0.2349
-0.2158
-0.22497
-0.227
-0.19747
-0.21527
-0.2218
-0.21291
-0.22136
-0.2275
-0.23041
-0.20602
-0.22126
-0.21916
-0.20728
-0.23415
-0.23836
-0.24606
-0.23589
-0.24619
-0.24963
-0.25252
-0.23594
-0.22513
-0.23446
-0.22689
-0.22699
-0.24202
-0.22828
-0.23718
-0.25984
-0.26774
-0.248
-0.26426
-0.25601
-0.26694
-0.27648
-0.2725
-0.27214
-0.27565
-0.28861
-0.27309
-0.27595
-0.26968
-0.28184
-0.27191
-0.2738
-0.27965
-0.32573
-0.32068
-0.32081
-0.32901
-0.32563
-0.32678
-0.33113
-0.33566
-0.3311
-0.33147
-0.3259
-0.33775
-0.31634
