-1.0314
-1.0553
-1.0577
-1.0646
-1.0628
-1.0827
-1.0533
-1.0959
-1.0798
-1.1078
-1.1649
-1.1861
-1.1479
-0.87664
-0.47659
-1.0481
-1.0454
-1.0454
-1.0746
-1.0684
-1.0715
-1.0547
-1.1205
-1.0722
-1.1218
-1.1517
-1.1622
-1.138
-0.87817
-0.46289
-1.053
-1.0662
-1.0537
-1.0616
-1.0635
-1.0717
-1.0585
-1.0807
-1.1187
-1.1164
-1.1567
-1.1647
-1.1303
-0.85358
-0.4458
-1.0671
-1.0616
-1.0584
-1.0669
-1.0645
-1.0519
-1.1041
-1.1221
-1.0882
-1.1145
-1.1444
-1.1682
-1.1255
-0.83563
-0.42727
-1.062
-1.0564
-1.0483
-1.0623
-1.0863
-1.0453
-1.0672
-1.0606
-1.1304
-1.0835
-1.1142
-1.1277
-1.0992
-0.85085
-0.42821
-1.0595
-1.0613
-1.061
-1.051
-1.0787
-1.0835
-1.0967
-1.1006
-1.1148
-1.1055
-1.1171
-1.1185
-1.0931
-0.82295
-0.41106
-1.0838
-1.0727
-1.09
-1.0877
-1.0594
-1.0864
-1.0878
-1.1051
-1.1166
-1.0825
-1.1075
-1.1122
-1.082
-0.85918
-0.41284
-1.0744
-1.0482
-1.0612
-1.0653
-1.069
-1.0701
-1.0756
-1.0773
-1.0964
-1.12
-1.1462
-1.1302
-1.0953
-0.84402
-0.42255
-1.0659
-1.0668
-1.0667
-1.0718
-1.0694
-1.0787
-1.0857
-1.087
-1.1004
-1.1284
-1.1524
-1.1225
-1.1386
-0.87348
-0.415
-1.0715
-1.0662
-1.0606
-1.08
-1.0839
-1.1007
-1.0902
-1.0942
-1.1094
-1.1295
-1.1582
-1.1396
-1.1423
-0.89679
-0.43748
-1.0553
-1.0883
-1.0846
-1.0952
-1.0993
-1.1065
-1.0997
-1.1031
-1.1261
-1.1469
-1.1646
-0.92431
-1.1534
-0.92365
-0.47254
-1.0843
-1.0874
-1.086
-1.0936
-1.0719
-1.0994
-1.0945
-1.1004
-1.1003
-1.1225
-1.1405
-1.1818
-1.1688
-0.96079
-0.53246
-1.0332
-1.0433
-1.0382
-1.0466
-1.0376
-1.0597
-1.0563
-1.0629
-1.0357
-1.0577
-1.0861
-1.1261
-1.1552
-1.0037
-0.60063
-0.96837
-0.97172
-0.95928
-0.98271
-0.96872
-0.98446
-0.98287
-0.99693
-1.0021
-1.0211
-1.038
-1.0883
-1.1093
-1.0046
-0.64879
-0.94674
-0.94332
-0.95455
-0.95265
-0.94494
-0.94923
-0.96781
-0.96292
-0.97047
-1.0009
-1.0122
-1.048
-1.0672
-0.97908
