0.11701
0.11888
0.12175
0.12642
0.12812
0.12908
0.12873
0.12956
0.13015
0.12992
0.13036
0.13066
0.12747
0.12811
0.12833
0.13003
0.13364
0.13474
0.13531
0.12005
0.12319
0.12555
0.12953
0.13146
0.13161
0.13207
0.13294
0.13366
0.13265
0.13327
0.13378
0.13094
0.13197
0.13186
0.13346
0.13592
0.13678
0.13824
0.12187
0.12554
0.12848
0.13099
0.13244
0.13315
0.13367
0.13463
0.1349
0.13488
0.13518
0.13548
0.13279
0.1338
0.13414
0.1343
0.13771
0.13885
0.13933
0.12528
0.12764
0.12866
0.13283
0.13445
0.13522
0.1362
0.13675
0.13752
0.13709
0.13725
0.13808
0.13572
0.13598
0.13611
0.13808
0.13945
0.14084
0.14156
0.12626
0.12983
0.13107
0.13516
0.13658
0.13743
0.13784
0.13799
0.1391
0.1386
0.13964
0.13939
0.13708
0.13746
0.13763
0.13957
0.13392
0.14281
0.14321
0.13127
0.13431
0.13418
0.13902
0.13961
0.13953
0.14054
0.1416
0.14227
0.14334
0.13992
0.14138
0.1416
0.14383
0.14565
0.14566
0.14578
0.13669
0.13751
0.14067
0.14459
0.14585
0.14598
0.14539
0.14618
0.14746
0.14772
0.14492
0.14493
0.14668
0.14735
0.14993
0.15005
0.15196
0.14402
0.14472
0.14622
0.15143
0.15023
0.15234
0.15419
0.15372
0.15511
0.15556
0.15239
0.1528
0.15416
0.15718
0.1572
0.15699
0.15897
0.15142
0.15378
0.1571
0.15868
0.15866
0.16066
0.16419
0.16443
0.16538
0.16574
0.16315
0.16671
0.16505
0.16777
0.16601
0.16619
0.16732
0.1642
0.16902
0.16894
0.17469
0.17688
0.17613
0.1756
0.17786
0.17521
0.17651
0.17952
0.17562
0.18024
0.17974
0.17969
0.17925
0.18355
0.18218
0.18861
0.19143
0.19096
0.19141
0.19179
0.19354
0.19391
0.19188
0.19507
0.19415
0.19632
0.19616
0.1955
0.19528
0.20793
0.21089
0.21234
0.21469
0.2146
0.2156
0.21586
0.21566
0.21626
0.21746
0.21707
0.21678
0.21898
0.21804
0.21821
0.21811
0.24516
0.24616
0.247
0.24692
0.24729
0.24763
0.24859
0.24912
0.24954
0.24953
0.24931
0.24892
