0.28928
0.28153
0.27811
0.27878
0.2766
0.27528
0.27422
0.27486
0.27482
0.27435
0.27424
0.27354
0.26806
0.26719
0.26473
0.2623
0.26322
0.26016
0.25092
0.29701
0.28994
0.28565
0.28704
0.2855
0.28407
0.28213
0.28318
0.28273
0.28226
0.28116
0.28068
0.27515
0.2742
0.27237
0.26882
0.27021
0.26632
0.25807
0.30273
0.29556
0.292
0.29381
0.29074
0.28988
0.28776
0.28845
0.28744
0.28697
0.28595
0.28616
0.27995
0.27845
0.27719
0.27367
0.27422
0.27146
0.26236
0.30594
0.29914
0.29483
0.29745
0.29503
0.29365
0.29219
0.29189
0.29124
0.29063
0.28929
0.28943
0.28386
0.28164
0.27964
0.27682
0.27664
0.27391
0.26475
0.30666
0.30031
0.29695
0.2989
0.29645
0.2956
0.29323
0.29365
0.29291
0.29186
0.29139
0.29092
0.28489
0.28312
0.28101
0.27753
0.26321
0.27547
0.26565
0.30605
0.30096
0.29709
0.29775
0.29523
0.29267
0.29208
0.29213
0.29023
0.2899
0.2839
0.28244
0.28062
0.27803
0.27757
0.27454
0.26434
0.29943
0.29505
0.29183
0.29118
0.28881
0.28729
0.2857
0.28534
0.2842
0.28418
0.27735
0.27664
0.27649
0.27286
0.27273
0.26808
0.25756
0.28776
0.28443
0.27754
0.27948
0.27632
0.27481
0.27427
0.27366
0.26994
0.26995
0.26767
0.26615
0.26501
0.26462
0.26248
0.25545
0.24604
0.26287
0.25742
0.25276
0.25415
0.25264
0.25195
0.24742
0.2487
0.24804
0.2451
0.24796
0.24225
0.2451
0.23982
0.23769
0.23068
0.22193
0.22368
0.21893
0.21435
0.21596
0.21107
0.21293
0.21196
0.2088
0.21098
0.21013
0.20815
0.20833
0.2073
0.20734
0.20002
0.1941
0.1881
0.17809
0.17756
0.17668
0.17469
0.17174
0.17253
0.1733
0.17197
0.17171
0.16925
0.16956
0.17032
0.16781
0.16371
0.1598
0.15139
0.14967
0.149
0.14805
0.14587
0.14602
0.14578
0.14418
0.14349
0.14403
0.14308
0.14175
0.14081
0.13898
0.1397
0.12099
0.13991
0.13912
0.1384
0.13809
0.13682
0.13697
0.13668
0.1367
0.13652
0.13623
0.13402
0.1329
