0.34682
0.49977
0.49353
0.44184
0.39888
0.35315
0.31721
0.29231
0.27006
0.25501
0.24279
0.23252
0.21616
0.19365
0.15038
0.37099
0.37525
0.43825
0.45156
0.43439
0.37586
0.32817
0.29496
0.26901
0.25189
0.23913
0.22818
0.2134
0.19174
0.1491
0.37207
0.3566
0.36705
0.39189
0.39648
0.37734
0.33474
0.29952
0.26846
0.24868
0.2352
0.22435
0.20863
0.18868
0.14758
0.3662
0.35384
0.33757
0.34378
0.35275
0.34892
0.32629
0.29866
0.26952
0.24573
0.23136
0.22022
0.20645
0.18934
0.14678
0.35766
0.3473
0.32442
0.31665
0.3249
0.32907
0.31066
0.2954
0.26583
0.2453
0.22799
0.21739
0.20415
0.1883
0.14507
0.33998
0.3331
0.31509
0.30309
0.29827
0.29625
0.28905
0.28343
0.26102
0.23996
0.22388
0.21382
0.20151
0.18551
0.14322
0.32361
0.32095
0.30783
0.2912
0.27894
0.26974
0.26291
0.26002
0.2502
0.23074
0.21768
0.20936
0.19707
0.18198
0.13985
0.30486
0.3051
0.29702
0.28291
0.27014
0.25674
0.24543
0.23928
0.2336
0.22539
0.21666
0.20409
0.19273
0.17719
0.13714
0.27918
0.28141
0.27588
0.26819
0.25728
0.2452
0.2298
0.21813
0.21169
0.20928
0.20515
0.19665
0.18918
0.16886
0.12983
0.25103
0.25428
0.2522
0.24823
0.24162
0.23183
0.21871
0.20738
0.19704
0.19174
0.19049
0.1889
0.17792
0.15659
0.12199
0.23145
0.23441
0.23286
0.22719
0.22718
0.22111
0.20825
0.1968
0.18752
0.17647
0.17417
0.13088
0.16243
0.14402
0.11437
0.20673
0.21163
0.20949
0.21206
0.2117
0.20652
0.19769
0.18872
0.17829
0.16521
0.15672
0.15115
0.14257
0.12538
0.10799
0.19497
0.19738
0.20154
0.20021
0.19976
0.196
0.18891
0.1854
0.16978
0.15375
0.13955
0.13159
0.12182
0.11236
0.10487
0.19302
0.19568
0.19648
0.197
0.19595
0.19384
0.18983
0.18338
0.16849
0.15075
0.13206
0.11939
0.11136
0.10718
0.10731
0.21211
0.21698
0.21863
0.21882
0.21757
0.21553
0.20802
0.19936
0.18316
0.15838
0.13511
0.1203
0.11246
0.1139
