0.10138
0.11461
0.11569
0.11883
0.11936
0.12427
0.12951
0.13518
0.14147
0.14853
0.16043
0.17843
0.21193
0.27607
0.39004
0.096958
0.10624
0.1115
0.11563
0.1171
0.12197
0.12842
0.13283
0.14073
0.14872
0.15987
0.17774
0.20892
0.27178
0.37734
0.094708
0.10003
0.10635
0.11336
0.11387
0.11872
0.12595
0.13167
0.13784
0.14587
0.1589
0.17517
0.20537
0.26133
0.36325
0.092152
0.098234
0.10159
0.10654
0.11144
0.11704
0.12322
0.12776
0.13588
0.1439
0.15613
0.17146
0.20175
0.25713
0.34992
0.089498
0.094231
0.098764
0.10479
0.11005
0.11481
0.12067
0.12527
0.13394
0.14187
0.15328
0.16932
0.19672
0.24973
0.33532
0.086871
0.092592
0.095588
0.10615
0.10579
0.11121
0.11706
0.12364
0.13014
0.13827
0.14957
0.16496
0.19152
0.23884
0.31874
0.086441
0.091469
0.093936
0.098175
0.1019
0.10711
0.11207
0.11771
0.12515
0.13339
0.14371
0.15784
0.18244
0.2254
0.29975
0.085897
0.087098
0.092256
0.096042
0.099285
0.10305
0.10844
0.11334
0.12097
0.13053
0.13978
0.15113
0.17328
0.21436
0.28448
0.080349
0.084899
0.088419
0.091966
0.094731
0.098865
0.103
0.10852
0.11446
0.12303
0.1315
0.14129
0.16522
0.20152
0.26995
0.07815
0.082149
0.085945
0.088683
0.091384
0.094578
0.099253
0.10311
0.10908
0.11611
0.1258
0.13875
0.15656
0.19406
0.26364
0.07506
0.083057
0.083
0.089839
0.089597
0.095245
0.099507
0.1046
0.10831
0.11707
0.12506
0.085324
0.15899
0.20021
0.26723
0.081559
0.087223
0.090662
0.095136
0.0954
0.10228
0.10673
0.1129
0.11709
0.12554
0.1345
0.15244
0.17373
0.21556
0.27697
0.090131
0.095588
0.09719
0.10411
0.10603
0.11313
0.1186
0.12428
0.13211
0.14418
0.15569
0.17243
0.19748
0.23844
0.28546
0.10467
0.10914
0.11294
0.11812
0.12147
0.1262
0.13329
0.14022
0.14862
0.1621
0.17489
0.19358
0.21964
0.25675
0.29354
0.12349
0.12633
0.12873
0.13143
0.13476
0.14074
0.14629
0.15274
0.16138
0.17326
0.18738
0.2076
0.23443
0.27117
