0.21684
0.21199
0.20764
0.2068
0.20397
0.20325
0.20141
0.20202
0.2023
0.20145
0.20133
0.20083
0.19637
0.196
0.19441
0.19399
0.19501
0.19293
0.18624
0.21804
0.21432
0.20874
0.20782
0.20594
0.20393
0.20252
0.20397
0.20357
0.20258
0.20132
0.20167
0.19751
0.19711
0.19563
0.19463
0.19553
0.19209
0.1873
0.2184
0.21429
0.21086
0.2086
0.20558
0.20464
0.20335
0.20446
0.2037
0.20281
0.20237
0.20244
0.19799
0.19678
0.19673
0.19445
0.1953
0.19347
0.18766
0.22056
0.21553
0.2097
0.20902
0.20683
0.20547
0.20498
0.20532
0.20463
0.20399
0.20279
0.20358
0.19971
0.19788
0.19694
0.19658
0.1964
0.19352
0.18808
0.22071
0.2158
0.21063
0.20988
0.20785
0.20692
0.20498
0.20536
0.20548
0.20392
0.20434
0.20401
0.20029
0.19839
0.19705
0.19619
0.18722
0.1944
0.18831
0.2236
0.21802
0.21136
0.21146
0.20904
0.20678
0.20638
0.20723
0.2057
0.2055
0.20095
0.20041
0.19901
0.19806
0.19858
0.19553
0.18918
0.22558
0.21904
0.21386
0.21291
0.2112
0.20958
0.20805
0.20877
0.20813
0.20725
0.20205
0.20052
0.20099
0.19893
0.19979
0.19701
0.1905
0.23026
0.2236
0.21592
0.21588
0.21218
0.21166
0.2118
0.21155
0.20784
0.20771
0.20613
0.20435
0.20441
0.20474
0.20372
0.19913
0.19358
0.23471
0.22706
0.22216
0.22156
0.21919
0.21819
0.21556
0.21486
0.21421
0.21245
0.21463
0.20938
0.21216
0.20737
0.20685
0.20203
0.1972
0.24391
0.23603
0.22942
0.23058
0.22416
0.22495
0.22459
0.22113
0.22219
0.22192
0.21839
0.21987
0.21744
0.21966
0.21286
0.2092
0.20587
0.24595
0.24347
0.24254
0.23914
0.23763
0.23743
0.23488
0.23289
0.23494
0.22958
0.23229
0.23192
0.23064
0.22719
0.22126
0.27337
0.27004
0.2664
0.26614
0.26392
0.26323
0.26208
0.26085
0.26011
0.26046
0.25875
0.25664
0.25546
0.25349
0.25109
0.2444
0.29003
0.28927
0.28858
0.28799
0.28741
0.28645
0.28637
0.28577
0.2853
0.285
0.28248
0.2801
