0.068912
0.067449
0.067742
0.068943
0.068178
0.068703
0.067578
0.06784
0.06907
0.068943
0.069539
0.069307
0.067116
0.067231
0.067469
0.067682
0.0693
0.069732
0.070019
0.06811
0.069047
0.068516
0.069251
0.06873
0.067658
0.067743
0.06923
0.069202
0.068341
0.068716
0.068952
0.067302
0.067918
0.067725
0.067823
0.068614
0.068821
0.07042
0.066777
0.067741
0.070201
0.06856
0.067886
0.068262
0.067872
0.069079
0.068817
0.069064
0.06924
0.06866
0.067097
0.066891
0.067757
0.066602
0.06832
0.06991
0.069747
0.068515
0.06844
0.067036
0.068632
0.068247
0.068808
0.068854
0.069355
0.069378
0.069492
0.069357
0.069945
0.068775
0.068214
0.068461
0.069455
0.068665
0.070086
0.070177
0.066914
0.067663
0.067469
0.068832
0.068586
0.068791
0.068724
0.069121
0.069595
0.069052
0.06987
0.069521
0.06815
0.067841
0.067056
0.067978
0.065635
0.070248
0.07012
0.06854
0.070273
0.067098
0.069934
0.069202
0.068259
0.068436
0.069992
0.070159
0.070225
0.067921
0.069097
0.068658
0.069202
0.070539
0.070391
0.070354
0.068457
0.067859
0.069449
0.070149
0.069957
0.069493
0.068641
0.069419
0.070478
0.07033
0.068874
0.068129
0.069263
0.068641
0.070652
0.070946
0.071954
0.070375
0.068879
0.068457
0.071368
0.069538
0.070883
0.073972
0.07274
0.0733
0.073463
0.071337
0.071383
0.072499
0.07688
0.072629
0.071863
0.073335
0.067903
0.068685
0.070699
0.071925
0.071744
0.073403
0.075482
0.074607
0.075704
0.075743
0.074068
0.075119
0.074064
0.074451
0.072913
0.072328
0.073775
0.070488
0.073053
0.07108
0.07525
0.076622
0.076114
0.075988
0.076573
0.074351
0.076196
0.078054
0.075052
0.077545
0.07854
0.07419
0.073855
0.079151
0.073061
0.080852
0.077151
0.077036
0.078799
0.078407
0.079613
0.078987
0.07914
0.079096
0.079024
0.081003
0.077068
0.076848
0.077314
0.080055
0.080763
0.080133
0.082141
0.080623
0.081095
0.081771
0.080921
0.081832
0.082414
0.081596
0.081682
0.081319
0.081756
0.084401
0.077296
0.089208
0.088559
0.088032
0.087698
0.087334
0.088193
0.088832
0.091293
0.089312
0.088705
0.088199
0.088715
