0.18044
0.19347
0.19414
0.19252
0.19073
0.18788
0.18665
0.1841
0.18298
0.18321
0.19574
0.22043
0.27217
0.37113
0.3624
0.18319
0.18163
0.18473
0.18863
0.18912
0.18899
0.18746
0.18457
0.18348
0.18293
0.19197
0.2159
0.2637
0.35592
0.35216
0.18004
0.17822
0.17618
0.17911
0.18026
0.18393
0.18612
0.1855
0.18334
0.18149
0.19014
0.21202
0.25599
0.33736
0.3392
0.1736
0.17526
0.17168
0.17083
0.17308
0.17653
0.18061
0.18214
0.18207
0.18019
0.18807
0.20898
0.25097
0.32909
0.32809
0.16781
0.16907
0.16816
0.16744
0.16976
0.17114
0.17407
0.17693
0.17907
0.17926
0.18695
0.20773
0.24648
0.31998
0.31612
0.16091
0.16385
0.16312
0.16681
0.16417
0.16539
0.16671
0.16993
0.17364
0.17756
0.18568
0.20458
0.24199
0.30683
0.30052
0.15716
0.15888
0.15818
0.15816
0.15888
0.15956
0.15971
0.16212
0.1675
0.17479
0.1835
0.20165
0.23554
0.29189
0.28096
0.15472
0.15359
0.15496
0.15591
0.1558
0.15581
0.15704
0.15961
0.1648
0.17395
0.1835
0.1979
0.22973
0.28021
0.2638
0.15313
0.15307
0.15263
0.15331
0.15413
0.15421
0.15465
0.15784
0.16277
0.17071
0.18211
0.19542
0.22639
0.26829
0.24849
0.15617
0.15546
0.15597
0.15569
0.15637
0.15654
0.15802
0.159
0.16371
0.17009
0.18139
0.19582
0.22108
0.25984
0.24126
0.16099
0.16074
0.16066
0.15655
0.16099
0.16082
0.16175
0.16287
0.16619
0.17257
0.17886
0.15428
0.21826
0.25656
0.24397
0.16492
0.1621
0.15972
0.16106
0.16303
0.15998
0.1606
0.16192
0.16491
0.16931
0.17792
0.19432
0.21645
0.25166
0.2541
0.15342
0.15355
0.15697
0.15669
0.15622
0.15419
0.15189
0.15841
0.15713
0.16196
0.17345
0.19589
0.2217
0.24674
0.26651
0.15149
0.1513
0.15087
0.15171
0.15045
0.15066
0.15049
0.15176
0.15382
0.15909
0.17034
0.20056
0.23193
0.25679
0.27275
0.1604
0.16052
0.16029
0.1605
0.16043
0.16192
0.16131
0.16312
0.16621
0.17282
0.18582
0.21459
0.25205
0.27474
