0.2768
0.27402
0.27282
0.27513
0.27295
0.27201
0.27086
0.27074
0.27154
0.27103
0.27135
0.2713
0.26579
0.26535
0.266
0.26615
0.26943
0.26814
0.2687
0.27994
0.27732
0.27581
0.27805
0.27581
0.27502
0.27416
0.27417
0.27423
0.27369
0.27424
0.2741
0.2686
0.26831
0.2689
0.26863
0.27154
0.27066
0.27209
0.28358
0.28042
0.2798
0.28177
0.27869
0.27782
0.27663
0.27747
0.27661
0.27722
0.27707
0.27657
0.27098
0.27067
0.27171
0.27076
0.27404
0.27387
0.27377
0.29016
0.28638
0.2835
0.28678
0.28346
0.28233
0.2817
0.28194
0.28111
0.28105
0.28063
0.2811
0.27617
0.27513
0.27536
0.27526
0.27835
0.27749
0.27753
0.29671
0.29342
0.2916
0.2932
0.29029
0.28923
0.28717
0.28736
0.28709
0.28741
0.287
0.28668
0.28131
0.28031
0.2806
0.27946
0.26719
0.28259
0.2825
0.31227
0.30703
0.30366
0.30601
0.30345
0.30145
0.30041
0.30077
0.29977
0.29941
0.2932
0.29263
0.29247
0.29115
0.2936
0.29242
0.29208
0.33706
0.33166
0.32893
0.32952
0.32732
0.32537
0.32388
0.32449
0.32357
0.32223
0.31565
0.31405
0.31439
0.31255
0.31353
0.31268
0.31184
0.36892
0.36333
0.35862
0.36165
0.358
0.35771
0.35644
0.35523
0.35487
0.35417
0.3464
0.3458
0.34511
0.34433
0.34509
0.34162
0.33983
0.40491
0.40167
0.40029
0.40208
0.4007
0.40172
0.40146
0.40159
0.40084
0.40178
0.39767
0.39996
0.3963
0.3958
0.39282
0.39041
0.38731
0.41209
0.41775
0.4196
0.42569
0.42781
0.42767
0.42846
0.42988
0.42762
0.42875
0.43133
0.42771
0.42976
0.42875
0.42895
0.42952
0.43047
0.36307
0.37093
0.37996
0.38089
0.38152
0.38316
0.38237
0.38502
0.38365
0.38639
0.38628
0.38926
0.3908
0.39102
0.39252
0.24748
0.25239
0.25365
0.25732
0.25642
0.25816
0.25903
0.25935
0.26
0.26067
0.26165
0.26198
0.26419
0.26741
0.27263
0.11773
0.1391
0.1397
0.14026
0.1407
0.14173
0.14219
0.14217
0.14253
0.14245
0.14316
0.1425
0.14439
