0.37886
0.63682
0.68712
0.62545
0.56057
0.49833
0.44636
0.40755
0.37166
0.34547
0.34027
0.33829
0.34063
0.34881
0.32708
0.40519
0.43824
0.56696
0.62994
0.60045
0.53292
0.4709
0.41832
0.3754
0.34645
0.3397
0.3394
0.34211
0.35145
0.33064
0.40939
0.40173
0.44637
0.52248
0.55941
0.54287
0.48708
0.4314
0.38174
0.34643
0.33907
0.33911
0.34231
0.3503
0.33288
0.40714
0.39529
0.39254
0.43701
0.48261
0.5115
0.48108
0.43771
0.3858
0.34673
0.33668
0.33785
0.34334
0.35577
0.33483
0.39918
0.3917
0.37253
0.3881
0.42737
0.46638
0.46322
0.4395
0.38837
0.34784
0.33654
0.33819
0.34333
0.35829
0.33462
0.38298
0.37579
0.35696
0.35574
0.37105
0.40246
0.4243
0.42073
0.38753
0.34802
0.33762
0.33768
0.34508
0.36074
0.33478
0.37127
0.36737
0.35156
0.33702
0.33422
0.34556
0.36832
0.3826
0.37464
0.34641
0.33554
0.33783
0.34665
0.36257
0.32981
0.35874
0.35493
0.34045
0.32587
0.31589
0.31425
0.3249
0.3429
0.35197
0.34431
0.33952
0.33721
0.3487
0.36455
0.3228
0.33657
0.33365
0.3219
0.31046
0.29971
0.29187
0.29149
0.299
0.31594
0.32886
0.33652
0.33942
0.3566
0.36104
0.30325
0.30632
0.30491
0.29761
0.28947
0.28303
0.27725
0.27451
0.27789
0.29019
0.30825
0.3232
0.33383
0.34671
0.34058
0.26697
0.27505
0.27732
0.27194
0.26846
0.26675
0.26603
0.26091
0.26262
0.27148
0.28073
0.29718
0.22327
0.31413
0.29719
0.22376
0.23737
0.24295
0.24158
0.24423
0.24386
0.24565
0.24602
0.24655
0.24741
0.24848
0.25829
0.26656
0.2654
0.24513
0.19017
0.20557
0.20907
0.20937
0.20992
0.21329
0.21338
0.21173
0.21333
0.21245
0.21471
0.21736
0.22176
0.21999
0.21145
0.18828
0.21112
0.21
0.20851
0.20713
0.20483
0.20144
0.19762
0.19475
0.19362
0.19628
0.20109
0.20787
0.2105
0.20868
0.20015
0.2632
0.26681
0.26606
0.26196
0.25633
0.24613
0.23185
0.21893
0.20455
0.19711
0.19883
0.20759
0.21678
0.22127
