0.10698
0.10539
0.10396
0.10473
0.10385
0.10386
0.1036
0.10468
0.10375
0.10185
0.10295
0.10451
0.11562
0.1363
0.18586
0.10299
0.10191
0.098504
0.098414
0.097748
0.099238
0.098258
0.097995
0.098018
0.096697
0.096668
0.09991
0.1089
0.12808
0.17452
0.10156
0.098344
0.09718
0.098647
0.095467
0.095973
0.096309
0.096312
0.094891
0.092787
0.094655
0.096162
0.10438
0.12147
0.16865
0.10069
0.09868
0.094528
0.09398
0.09455
0.095087
0.094255
0.093051
0.093117
0.091673
0.093035
0.093941
0.10325
0.12038
0.16523
0.098288
0.095376
0.093981
0.094183
0.09413
0.093307
0.093372
0.091548
0.091946
0.090308
0.091281
0.093172
0.10025
0.11759
0.16052
0.098205
0.095036
0.092475
0.097926
0.09218
0.092111
0.091848
0.091386
0.089657
0.088207
0.089674
0.091399
0.099405
0.11424
0.15626
0.098122
0.095865
0.092373
0.091559
0.091094
0.090639
0.089584
0.088509
0.088222
0.08726
0.087393
0.088251
0.095997
0.11045
0.15165
0.098229
0.092635
0.092063
0.091509
0.090774
0.089193
0.089022
0.087878
0.088092
0.088202
0.087924
0.087278
0.093112
0.10851
0.1487
0.096069
0.092962
0.090832
0.090092
0.089968
0.088709
0.087381
0.087873
0.086907
0.086365
0.085953
0.084472
0.091871
0.10543
0.14533
0.095201
0.091739
0.090548
0.089024
0.088579
0.087119
0.087313
0.085935
0.086008
0.084801
0.086643
0.089976
0.089509
0.10306
0.146
0.090596
0.092899
0.087449
0.090025
0.086562
0.08849
0.087087
0.087206
0.084687
0.085401
0.084832
0.062954
0.087879
0.10361
0.14959
0.094524
0.093032
0.090748
0.091073
0.087837
0.089334
0.087886
0.087899
0.084845
0.08497
0.084193
0.087379
0.088671
0.10338
0.15775
0.093788
0.092559
0.087496
0.089896
0.089458
0.089282
0.088101
0.089378
0.085309
0.086574
0.086246
0.087731
0.09273
0.10946
0.169
0.092268
0.090945
0.089839
0.089733
0.087726
0.087562
0.086149
0.086997
0.085629
0.087095
0.08691
0.090233
0.09762
0.11715
0.18521
0.085585
0.084912
0.084057
0.083197
0.083299
0.084562
0.08264
0.083638
0.083363
0.083848
0.084887
0.088605
0.096994
0.11975
