0.17197
0.17046
0.16896
0.16918
0.16841
0.16854
0.16796
0.169
0.1692
0.16871
0.1687
0.16817
0.16556
0.16533
0.16463
0.16311
0.16402
0.16233
0.15988
0.17275
0.16995
0.16783
0.16859
0.1682
0.16869
0.16795
0.16884
0.16829
0.16918
0.16822
0.16748
0.16581
0.16436
0.16371
0.16309
0.16503
0.16192
0.16089
0.17252
0.1696
0.16926
0.16873
0.16755
0.16803
0.1671
0.16787
0.16895
0.16784
0.16744
0.16785
0.16579
0.16551
0.16405
0.16371
0.164
0.16204
0.16058
0.17271
0.17047
0.16853
0.16973
0.16923
0.16761
0.16762
0.16832
0.16798
0.1688
0.16872
0.16772
0.16497
0.1658
0.16523
0.16376
0.16457
0.16213
0.15942
0.17181
0.16954
0.16872
0.16955
0.16846
0.16841
0.16796
0.16934
0.16886
0.16892
0.16793
0.16823
0.16491
0.16525
0.16489
0.16419
0.15615
0.16288
0.15893
0.17249
0.1702
0.16788
0.16915
0.16943
0.16876
0.16851
0.16905
0.167
0.16742
0.16544
0.16408
0.16395
0.16342
0.16415
0.16324
0.16013
0.17237
0.17048
0.16891
0.16999
0.16901
0.16806
0.16817
0.16882
0.16721
0.16801
0.16434
0.16434
0.16453
0.16336
0.16554
0.16416
0.15909
0.17297
0.17058
0.1686
0.16999
0.16931
0.16818
0.16955
0.17013
0.16792
0.1675
0.16551
0.16506
0.16446
0.16721
0.16545
0.16352
0.15999
0.17351
0.17114
0.16877
0.17163
0.17182
0.17164
0.16689
0.17055
0.17055
0.16759
0.17025
0.16689
0.16913
0.16788
0.16668
0.16505
0.16078
0.17644
0.17412
0.17142
0.17566
0.17323
0.17442
0.17258
0.17103
0.17291
0.17227
0.17196
0.17106
0.17165
0.17263
0.16751
0.1666
0.16466
0.17852
0.17878
0.17928
0.17802
0.17489
0.17562
0.17793
0.17673
0.17602
0.17477
0.17432
0.17593
0.17502
0.17259
0.17121
0.19268
0.19059
0.18784
0.18746
0.18616
0.18639
0.18633
0.1849
0.18383
0.18471
0.18413
0.18351
0.18727
0.18237
0.18224
0.18237
0.2129
0.21205
0.21087
0.21005
0.20932
0.20902
0.20867
0.20844
0.2081
0.2075
0.20696
0.20794
