0.1481
0.14792
0.14754
0.14795
0.14857
0.14863
0.15069
0.15267
0.15371
0.15091
0.15009
0.15908
0.18622
0.24437
0.30352
0.1463
0.14703
0.145
0.14507
0.14461
0.14621
0.14684
0.14687
0.14777
0.14483
0.144
0.15757
0.18528
0.24518
0.30701
0.14522
0.14475
0.14496
0.14583
0.14345
0.14481
0.14664
0.14717
0.14552
0.14203
0.14415
0.15517
0.18354
0.24268
0.3102
0.14397
0.14544
0.14333
0.14356
0.14462
0.14528
0.14618
0.1458
0.14467
0.14162
0.1437
0.15423
0.18299
0.24473
0.3141
0.14327
0.1431
0.1431
0.14344
0.14612
0.14541
0.14615
0.14446
0.14409
0.14146
0.14328
0.15511
0.18084
0.24423
0.31563
0.14286
0.1443
0.14301
0.14704
0.14454
0.14551
0.14539
0.14557
0.14358
0.14162
0.14382
0.15367
0.17951
0.24285
0.3179
0.14575
0.14606
0.14439
0.14432
0.14487
0.14586
0.14484
0.14463
0.14479
0.14375
0.14484
0.15132
0.17504
0.23713
0.3181
0.14698
0.14511
0.14627
0.14649
0.14636
0.14567
0.14602
0.14578
0.1464
0.14806
0.1486
0.15071
0.16947
0.22917
0.31642
0.14772
0.14766
0.14706
0.14701
0.1472
0.14728
0.14645
0.14766
0.14833
0.1495
0.15071
0.15
0.16306
0.21282
0.30625
0.14974
0.14948
0.14978
0.14944
0.14967
0.14975
0.15041
0.15037
0.15166
0.15268
0.15589
0.15597
0.15504
0.18757
0.27899
0.15335
0.15382
0.15351
0.14955
0.15395
0.15411
0.15392
0.15357
0.15533
0.15695
0.15836
0.12577
0.15473
0.16413
0.24183
0.15741
0.15644
0.15355
0.15611
0.1572
0.15433
0.15413
0.15533
0.15806
0.15933
0.16168
0.16037
0.15918
0.15588
0.19818
0.15436
0.15414
0.15806
0.15814
0.1584
0.15715
0.15516
0.16172
0.15861
0.15981
0.1615
0.16486
0.16683
0.16378
0.17937
0.15726
0.15693
0.15699
0.15742
0.15674
0.15675
0.15662
0.15721
0.15731
0.15824
0.16046
0.16615
0.17262
0.17754
0.18501
0.15397
0.15421
0.15438
0.15404
0.1539
0.15487
0.15295
0.15368
0.15427
0.15553
0.15943
0.16672
0.18706
0.20122
