0.16081
0.16733
0.17108
0.17546
0.1761
0.18065
0.18985
0.20125
0.22
0.24031
0.2481
0.2356
0.21302
0.17671
0.13937
0.15934
0.16314
0.16549
0.16941
0.17194
0.178
0.19129
0.20685
0.23601
0.26242
0.25597
0.22017
0.18543
0.1504
0.11736
0.15838
0.16142
0.1632
0.16791
0.17133
0.17782
0.19292
0.21191
0.24666
0.27725
0.26163
0.2117
0.17011
0.13344
0.10675
0.15848
0.16149
0.16317
0.16686
0.17031
0.17921
0.194
0.21305
0.25455
0.28672
0.26864
0.20589
0.16072
0.12635
0.10108
0.15979
0.16155
0.16311
0.16709
0.17356
0.18171
0.19659
0.21799
0.26041
0.29666
0.27427
0.20377
0.15251
0.11926
0.094366
0.16067
0.16177
0.16469
0.17152
0.17414
0.18145
0.19773
0.22183
0.26777
0.30688
0.2814
0.20187
0.14639
0.11246
0.089892
0.16432
0.16637
0.16813
0.17056
0.17379
0.18284
0.1998
0.22567
0.27576
0.31933
0.29177
0.20107
0.1381
0.10394
0.085182
0.16929
0.16951
0.17154
0.17331
0.17741
0.18615
0.20251
0.22978
0.28309
0.33678
0.3092
0.20177
0.13169
0.098377
0.081219
0.17176
0.17455
0.17566
0.17865
0.18019
0.18864
0.20558
0.23227
0.28794
0.34819
0.3272
0.20811
0.12927
0.093228
0.076541
0.1785
0.18047
0.1813
0.18327
0.18595
0.19264
0.20773
0.23571
0.29021
0.35926
0.35116
0.22606
0.12879
0.088903
0.074003
0.1859
0.1899
0.18877
0.19147
0.19368
0.20015
0.21002
0.23611
0.29113
0.367
0.3733
0.1581
0.13049
0.088558
0.071411
0.19715
0.19942
0.19899
0.20263
0.20326
0.20994
0.22335
0.24873
0.29993
0.37644
0.39326
0.26392
0.13403
0.085366
0.069762
0.21327
0.21424
0.21384
0.21544
0.2213
0.22823
0.24154
0.2682
0.32012
0.39654
0.41737
0.28135
0.13984
0.087014
0.069064
0.23294
0.23436
0.23675
0.2382
0.24075
0.24674
0.26102
0.28625
0.33733
0.41129
0.42634
0.28762
0.14316
0.090146
0.076731
0.24684
0.24917
0.25095
0.25363
0.25736
0.26707
0.2811
0.30895
0.36226
0.42636
0.42272
0.28827
0.14575
0.09555
