0.19686
0.20112
0.20533
0.20878
0.2102
0.21065
0.21374
0.22016
0.22762
0.23852
0.25817
0.29689
0.29815
0.24308
0.17296
0.18598
0.19007
0.19113
0.1927
0.19298
0.19569
0.20049
0.20732
0.21965
0.2369
0.26522
0.31301
0.30638
0.23728
0.16417
0.18379
0.18518
0.18611
0.18777
0.18649
0.18954
0.19474
0.20294
0.21602
0.23602
0.2692
0.32087
0.3094
0.22964
0.15913
0.182
0.18414
0.18181
0.18206
0.18282
0.18573
0.19161
0.19893
0.21361
0.23511
0.27097
0.32561
0.31224
0.2301
0.1562
0.18048
0.17976
0.1792
0.18001
0.18251
0.1846
0.18986
0.19715
0.21128
0.23478
0.27232
0.33087
0.3134
0.22843
0.15182
0.17483
0.1767
0.17642
0.1806
0.18022
0.18305
0.18735
0.19486
0.20907
0.23375
0.27346
0.33377
0.3165
0.22496
0.14849
0.17554
0.17706
0.17609
0.17715
0.17849
0.181
0.18376
0.19167
0.20711
0.23241
0.27355
0.337
0.31916
0.2221
0.14524
0.17707
0.17568
0.17687
0.17762
0.17818
0.17932
0.1833
0.19012
0.20634
0.23451
0.27725
0.33753
0.32277
0.2202
0.14278
0.17626
0.17588
0.17559
0.17647
0.17724
0.17861
0.18083
0.18757
0.20198
0.23067
0.27541
0.33729
0.33414
0.22127
0.13927
0.1734
0.17293
0.17371
0.17363
0.17464
0.17576
0.17895
0.18329
0.19668
0.22544
0.27013
0.3402
0.34502
0.2262
0.13719
0.17185
0.17248
0.17235
0.169
0.17357
0.17431
0.17618
0.18012
0.19241
0.22021
0.26292
0.24658
0.35547
0.2353
0.13895
0.17075
0.17128
0.16842
0.17205
0.17343
0.17213
0.17356
0.17869
0.19032
0.21732
0.26177
0.33233
0.36642
0.24871
0.14122
0.17405
0.17394
0.17815
0.17858
0.17947
0.1798
0.17997
0.18978
0.19659
0.22222
0.26595
0.33262
0.37344
0.27018
0.14461
0.19378
0.19449
0.1949
0.1966
0.1965
0.198
0.20078
0.20594
0.21609
0.24026
0.27834
0.34178
0.384
0.28325
0.15449
0.21904
0.22116
0.22279
0.22461
0.22626
0.22938
0.23269
0.23985
0.25172
0.27373
0.31179
0.3696
0.39737
0.28509
