0.35018
0.34611
0.34295
0.34524
0.34335
0.3414
0.34003
0.3398
0.33976
0.33881
0.33886
0.33766
0.33267
0.3313
0.33025
0.32862
0.33119
0.32945
0.31896
0.35874
0.35442
0.34969
0.35297
0.35065
0.34997
0.34703
0.34742
0.34689
0.34709
0.34661
0.34549
0.34018
0.33828
0.33757
0.33526
0.33833
0.33593
0.32689
0.36248
0.35714
0.35336
0.35574
0.353
0.3529
0.35015
0.35061
0.35006
0.35012
0.34927
0.34909
0.34261
0.34141
0.34072
0.33856
0.34087
0.33898
0.32956
0.36269
0.35853
0.35307
0.35567
0.35386
0.35245
0.35099
0.35204
0.35115
0.35171
0.35072
0.34959
0.34431
0.34292
0.34117
0.33936
0.3422
0.339
0.32926
0.36111
0.35656
0.35213
0.35431
0.35208
0.35215
0.34974
0.35149
0.35132
0.35135
0.34979
0.34914
0.34295
0.3422
0.34092
0.33846
0.32277
0.33786
0.32778
0.35533
0.35178
0.34697
0.349
0.34812
0.34713
0.34614
0.34701
0.34616
0.34568
0.33985
0.33828
0.33777
0.33575
0.3369
0.33277
0.32343
0.34333
0.3398
0.33755
0.33866
0.33784
0.33654
0.33594
0.33715
0.33626
0.33524
0.32927
0.32896
0.32825
0.32648
0.32722
0.32237
0.31181
0.32766
0.32524
0.32179
0.32387
0.32246
0.32167
0.32071
0.32261
0.31971
0.3194
0.31513
0.31432
0.31345
0.31352
0.31384
0.30697
0.29748
0.30019
0.29923
0.29667
0.29847
0.29771
0.29813
0.29373
0.29701
0.29719
0.29391
0.29587
0.29252
0.29397
0.29133
0.28802
0.28137
0.27366
0.2699
0.26955
0.266
0.27087
0.26885
0.26966
0.26534
0.26543
0.2651
0.26352
0.26515
0.26073
0.26309
0.26225
0.25673
0.25161
0.24705
0.2491
0.24946
0.2506
0.24849
0.24305
0.24399
0.2476
0.24601
0.24149
0.24359
0.23984
0.24317
0.24035
0.23684
0.2316
0.25029
0.24836
0.24548
0.2452
0.24358
0.24329
0.24276
0.24203
0.24093
0.23999
0.23901
0.23709
0.2368
0.2344
0.23282
0.22331
0.25291
0.25193
0.25123
0.25007
0.24936
0.24856
0.24833
0.24777
0.24733
0.24639
0.24503
0.2438
