0.26214
0.25932
0.25691
0.25843
0.25616
0.25609
0.2544
0.255
0.25613
0.25564
0.25568
0.25504
0.25018
0.24976
0.2481
0.24633
0.24845
0.2459
0.24303
0.26539
0.26232
0.25897
0.26162
0.26021
0.25959
0.257
0.25867
0.25826
0.25901
0.2575
0.25743
0.25324
0.25237
0.25038
0.2486
0.25123
0.24765
0.2466
0.2676
0.26405
0.26312
0.26433
0.2619
0.26217
0.25999
0.26081
0.26107
0.25996
0.25941
0.25971
0.25549
0.25455
0.25313
0.25079
0.25271
0.25111
0.24865
0.27134
0.2676
0.26451
0.26728
0.26593
0.26416
0.26348
0.26406
0.26336
0.26339
0.26194
0.26199
0.25806
0.25712
0.25558
0.25345
0.2547
0.25314
0.24941
0.27385
0.26973
0.26735
0.26968
0.26759
0.26693
0.26523
0.26666
0.26653
0.26531
0.26478
0.26471
0.26001
0.25915
0.25748
0.25549
0.24372
0.25597
0.25103
0.27973
0.27437
0.2713
0.27336
0.27256
0.2697
0.26905
0.27042
0.26837
0.26804
0.2637
0.26313
0.26165
0.25918
0.26076
0.25889
0.25501
0.28699
0.27895
0.27807
0.2797
0.27817
0.27578
0.27445
0.27557
0.2746
0.27429
0.26891
0.26826
0.26833
0.26497
0.26679
0.26445
0.25983
0.29692
0.2899
0.28656
0.28858
0.28569
0.28427
0.28453
0.2843
0.28078
0.28027
0.27751
0.27647
0.27621
0.27674
0.27626
0.27158
0.26813
0.31001
0.30472
0.30224
0.30464
0.30321
0.30282
0.29866
0.29961
0.29893
0.2967
0.29914
0.29428
0.29711
0.29217
0.29113
0.28555
0.28196
0.33667
0.32939
0.32544
0.32982
0.32544
0.32693
0.32523
0.32273
0.32393
0.32228
0.32058
0.32016
0.31863
0.31879
0.31258
0.30871
0.30747
0.36864
0.36513
0.36878
0.36666
0.36165
0.36122
0.3612
0.35925
0.3576
0.35561
0.35559
0.35702
0.35419
0.34811
0.3442
0.41411
0.41348
0.41102
0.41125
0.40975
0.40956
0.4087
0.40763
0.40687
0.40692
0.40592
0.40415
0.40492
0.40262
0.4007
0.31984
0.36642
0.36783
0.36911
0.37005
0.3708
0.37127
0.37244
0.37272
0.37356
0.37407
0.37588
0.37929
