0.32489 -0.68376 6.7512 0.68852 10
0.33283 -0.7022 6.7745 0.68809 10
0.3363 -0.71212 6.8054 0.68156 10
0.33649 -0.70597 6.8412 0.67149 10
0.33503 -0.70532 6.8636 0.66519 10
0.32967 -0.68511 6.877 0.66141 10
0.31853 -0.6935 6.8882 0.65826 10
0.30399 -0.67667 6.8958 0.65612 10
0.2785 -0.65965 6.9009 0.6547 10
0.2504 -0.63406 6.906 0.65327 10
0.32112 -0.717 6.9111 0.65184 10
0.32882 -0.71932 6.9168 0.65045 10
0.33134 -0.71676 6.9262 0.6484 10
0.33263 -0.70851 6.94 0.64539 10
0.33081 -0.71456 6.9566 0.64178 10
0.32637 -0.69682 6.9842 0.63575 10
0.31525 -0.69047 7.0284 0.62612 10
0.30175 -0.67282 7.0706 0.6192 10
0.27762 -0.65619 7.0457 0.63909 10
0.25008 -0.64396 6.7512 0.68852 10
0.23111 -0.63846 6.7745 0.68809 10
0.31818 -0.71285 6.8054 0.68156 10
0.32443 -0.72098 6.8412 0.67149 10
0.32784 -0.7183 6.8636 0.66519 10
0.32757 -0.70746 6.877 0.66141 10
0.3267 -0.71573 6.8882 0.65826 10
0.32191 -0.70975 6.8958 0.65612 10
0.31317 -0.69043 6.9009 0.6547 10
0.29855 -0.67712 6.906 0.65327 10
0.27524 -0.66283 6.9111 0.65184 10
0.24679 -0.64348 6.9168 0.65045 10
0.23145 -0.64602 6.9262 0.6484 10
0.3203 -0.70598 6.94 0.64539 10
0.32748 -0.70891 6.9566 0.64178 10
0.33004 -0.73926 6.9842 0.63575 10
0.32998 -0.73497 7.0284 0.62612 10
0.32872 -0.70929 7.0706 0.6192 10
0.32379 -0.73234 7.0457 0.63909 10
0.3142 -0.72153 6.7512 0.68852 10
0.30048 -0.69696 6.7745 0.68809 10
0.31855 -0.71835 6.8054 0.68156 10
0.32532 -0.71494 6.8412 0.67149 10
0.3275 -0.70965 6.8636 0.66519 10
0.3283 -0.73005 6.877 0.66141 10
0.32665 -0.71414 6.8882 0.65826 10
0.32298 -0.7283 6.8958 0.65612 10
0.31344 -0.71824 6.9009 0.6547 10
0.29917 -0.70027 6.906 0.65327 10
0.31674 -0.71978 6.9111 0.65184 10
0.3247 -0.71756 6.9168 0.65045 10
0.32741 -0.7186 6.9262 0.6484 10
0.32699 -0.70681 6.94 0.64539 10
0.32671 -0.71894 6.9566 0.64178 10
0.32206 -0.70195 6.9842 0.63575 10
0.31223 -0.70441 7.0284 0.62612 10
0.29844 -0.67796 7.0706 0.6192 10
0.31547 -0.71197 7.0457 0.63909 10
0.32197 -0.71246 6.7512 0.68852 10
0.32486 -0.72921 6.7745 0.68809 10
0.32564 -0.71388 6.8054 0.68156 10
0.32448 -0.71448 6.8412 0.67149 10
0.32114 -0.70389 6.8636 0.66519 10
0.31167 -0.69382 6.877 0.66141 10
0.29754 -0.69178 6.8882 0.65826 10
0.31526 -0.72453 6.8958 0.65612 10
0.32232 -0.73468 6.9009 0.6547 10
0.32529 -0.73783 6.906 0.65327 10
0.32661 -0.73532 6.9111 0.65184 10
0.3261 -0.73265 6.9168 0.65045 10
0.32195 -0.72319 6.9262 0.6484 10
0.3128 -0.72037 6.94 0.64539 10
0.31522 -0.73113 6.9566 0.64178 10
0.32184 -0.7412 6.9842 0.63575 10
0.32477 -0.73996 7.0284 0.62612 10
0.32578 -0.73882 7.0706 0.6192 10
0.32594 -0.73393 7.0457 0.63909 10
0.31434 -0.74012 6.7512 0.68852 10
0.32202 -0.73761 6.7745 0.68809 10
0.32483 -0.73779 6.8054 0.68156 10
0.3263 -0.73888 6.8412 0.67149 10
0.32597 -0.73408 6.8636 0.66519 10
0.32116 -0.72653 6.877 0.66141 10
0.31197 -0.7209 6.8882 0.65826 10
0.31438 -0.73635 6.8958 0.65612 10
0.32158 -0.73775 6.9009 0.6547 10
0.32405 -0.73488 6.906 0.65327 10
0.32539 -0.74704 6.9111 0.65184 10
0.32452 -0.74058 6.9168 0.65045 10
0.31327 -0.74081 6.9262 0.6484 10
0.32053 -0.73967 6.94 0.64539 10
0.32387 -0.72884 6.9566 0.64178 10
0.32434 -0.73674 6.9842 0.63575 10
0.32393 -0.73458 7.0284 0.62612 10
0.32071 -0.72993 7.0706 0.6192 10
0.31103 -0.71871 7.0457 0.63909 10
0.069447 -0.28989 6.7512 0.68852 10
0.30864 -0.68063 6.7745 0.68809 10
0.31561 -0.68446 6.8054 0.68156 10
0.31787 -0.70215 6.8412 0.67149 10
0.31944 -0.69751 6.8636 0.66519 10
0.31818 -0.7036 6.877 0.66141 10
0.3153 -0.68639 6.8882 0.65826 10
0.30549 -0.69604 6.8958 0.65612 10
0.29237 -0.65954 6.906 0.65327 10
0.30737 -0.70703 6.9168 0.65045 10
0.31385 -0.69797 6.9262 0.6484 10
0.31675 -0.70735 6.94 0.64539 10
0.31815 -0.6954 6.9566 0.64178 10
0.31748 -0.706 6.9842 0.63575 10
0.31385 -0.6951 7.0284 0.62612 10
0.3052 -0.68464 7.0706 0.6192 10
0.29162 -0.6741 7.0457 0.63909 10
0.3064 -0.73283 6.7512 0.68852 10
0.31319 -0.72486 6.7745 0.68809 10
0.31611 -0.73957 6.8054 0.68156 10
0.31653 -0.71933 6.8412 0.67149 10
0.3163 -0.71688 6.8636 0.66519 10
0.31338 -0.71356 6.877 0.66141 10
0.30454 -0.73071 6.8882 0.65826 10
0.29081 -0.69312 6.8958 0.65612 10
0.30489 -0.74004 6.906 0.65327 10
0.31105 -0.72994 6.9168 0.65045 10
0.3141 -0.74451 6.9262 0.6484 10
0.31484 -0.73042 6.94 0.64539 10
0.31401 -0.71384 6.9566 0.64178 10
0.3115 -0.71829 6.9842 0.63575 10
0.3029 -0.71273 7.0284 0.62612 10
0.29087 -0.70389 7.0706 0.6192 10
0.30727 -0.68655 7.0457 0.63909 10
0.31389 -0.7114 6.7512 0.68852 10
0.31625 -0.7115 6.7745 0.68809 10
0.31748 -0.71841 6.8054 0.68156 10
0.29946 -0.69384 6.8412 0.67149 10
0.31257 -0.70191 6.8636 0.66519 10
0.30359 -0.73952 6.877 0.66141 10
0.29118 -0.67634 6.8882 0.65826 10
0.26722 -0.67561 6.8958 0.65612 10
0.23819 -0.64699 6.906 0.65327 10
0.21974 -0.6641 6.9168 0.65045 10
0.30566 -0.70843 6.9262 0.6484 10
0.31166 -0.71159 6.94 0.64539 10
0.3145 -0.71377 6.9566 0.64178 10
0.31452 -0.73247 6.9842 0.63575 10
0.31345 -0.70757 7.0284 0.62612 10
0.30873 -0.69789 7.0706 0.6192 10
0.29908 -0.67941 7.0457 0.63909 10
0.28479 -0.67606 6.7512 0.68852 10
0.26105 -0.6613 6.7745 0.68809 10
0.23344 -0.64861 6.8054 0.68156 10
0.21487 -0.63748 6.8412 0.67149 10
0.29593 -0.73303 6.8636 0.66519 10
0.30328 -0.7137 6.877 0.66141 10
0.30576 -0.71842 6.8882 0.65826 10
0.30548 -0.70873 6.8958 0.65612 10
0.30411 -0.71102 6.906 0.65327 10
0.30007 -0.6999 6.9168 0.65045 10
0.28929 -0.68682 6.9262 0.6484 10
0.27599 -0.67433 6.94 0.64539 10
0.2539 -0.6666 6.9566 0.64178 10
0.22921 -0.65625 6.9842 0.63575 10
0.27691 -0.61766 7.0284 0.62612 10
0.2513 -0.61614 7.0706 0.6192 10
0.27621 -0.64504 7.0457 0.63909 10
0.24943 -0.63338 6.7512 0.68852 10
0.2766 -0.65053 6.7745 0.68809 10
0.25018 -0.64037 6.8054 0.68156 10
0.2255 -0.63039 6.8412 0.67149 10
0.27252 -0.64164 6.8636 0.66519 10
0.24618 -0.62508 6.877 0.66141 10
0.22637 -0.61901 6.8882 0.65826 10
0.29931 -0.67703 6.8958 0.65612 10
0.27555 -0.65881 6.906 0.65327 10
0.24626 -0.6351 6.9168 0.65045 10
0.22972 -0.63453 6.9262 0.6484 10
0.29662 -0.67798 6.94 0.64539 10
0.27572 -0.65664 6.9566 0.64178 10
0.24596 -0.64054 6.9842 0.63575 10
0.22824 -0.62517 7.0284 0.62612 10
0.29633 -0.67999 7.0706 0.6192 10
0.27269 -0.65132 7.0457 0.63909 10
0.24449 -0.64169 6.7745 0.68809 10
0.22405 -0.61684 6.8054 0.68156 10
0.2745 -0.65797 6.8412 0.67149 10
0.246 -0.62242 6.8636 0.66519 10
0.226 -0.63985 6.877 0.66141 10
0.27139 -0.65371 6.8882 0.65826 10
0.24189 -0.62952 6.8958 0.65612 10
0.22252 -0.62005 6.906 0.65327 10
0.27274 -0.66528 6.9168 0.65045 10
0.24408 -0.63478 6.9262 0.6484 10
0.27028 -0.66077 6.94 0.64539 10
0.2433 -0.61825 6.9566 0.64178 10
0.23222 -0.65832 6.9842 0.63575 10
0.23042 -0.65074 7.0284 0.62612 10
0.20718 -0.67472 7.0706 0.6192 10
0.2325 -0.6509 6.7745 0.68809 10
0.22775 -0.65739 6.8054 0.68156 10
0.23464 -0.70586 6.8412 0.67149 10
0.23054 -0.65138 6.8636 0.66519 10
0.22749 -0.66383 6.877 0.66141 10
0.23373 -0.70026 6.8882 0.65826 10
0.22599 -0.65894 6.8958 0.65612 10
0.23309 -0.71 6.906 0.65327 10
0.22571 -0.65669 6.9168 0.65045 10
0.23201 -0.70729 6.9262 0.6484 10
0.22523 -0.65825 6.94 0.64539 10
0.23135 -0.71066 6.9566 0.64178 10
0.22455 -0.6792 6.9842 0.63575 10
0.23061 -0.7164 7.0284 0.62612 10
0.22352 -0.66327 7.0706 0.6192 10
0.23039 -0.71767 6.8054 0.68156 10
0.22266 -0.66477 6.8412 0.67149 10
0.22988 -0.71365 6.8636 0.66519 10
0.22175 -0.65382 6.877 0.66141 10
0.22947 -0.7073 6.8882 0.65826 10
0.2256 -0.63436 6.8958 0.65612 10
0.21997 -0.67176 6.906 0.65327 10
0.2286 -0.70398 6.9168 0.65045 10
0.22299 -0.65676 6.9262 0.6484 10
0.21969 -0.65475 6.94 0.64539 10
0.22733 -0.71535 6.9566 0.64178 10
0.21747 -0.65567 6.9842 0.63575 10
0.22619 -0.68834 7.0284 0.62612 10
