0.10138 -0.27884 7.8415 0.32992 0
0.11461 -0.28475 7.8415 0.32992 0
0.11569 -0.27195 7.8415 0.32992 0
0.11883 -0.27951 7.8415 0.32992 0
0.11936 -0.27739 7.8415 0.32992 0
0.12427 -0.30256 7.8415 0.32992 0
0.096958 -0.28717 7.8412 0.33012 0
0.10624 -0.2669 7.8412 0.33012 0
0.1115 -0.25455 7.8412 0.33012 0
0.11563 -0.29732 7.8412 0.33012 0
0.1171 -0.27912 7.8412 0.33012 0
0.12197 -0.27625 7.8412 0.33012 0
0.094708 -0.29454 7.8412 0.33012 0
0.10003 -0.29906 7.8412 0.33012 0
0.10635 -0.27128 7.8412 0.33012 0
0.11336 -0.27942 7.8379 0.33229 0
0.11387 -0.27648 7.8379 0.33229 0
0.11872 -0.27876 7.8379 0.33229 0
0.092152 -0.32001 7.8379 0.33229 0
0.098234 -0.28984 7.8379 0.33229 0
0.10159 -0.28424 7.8379 0.33229 0
0.10654 -0.29015 7.8376 0.33248 0
0.11144 -0.28033 7.8376 0.33248 0
0.11704 -0.24532 7.8376 0.33248 0
0.089498 -0.30943 7.8376 0.33248 0
0.094231 -0.27833 7.8376 0.33248 0
0.098764 -0.2644 7.8376 0.33248 0
0.10479 -0.28431 7.8376 0.33248 0
0.086871 -0.31353 7.8376 0.33248 0
0.092592 -0.29192 7.8376 0.33248 0
0.095588 -0.28673 7.8342 0.33466 0
0.10615 -0.25536 7.8342 0.33466 0
0.12951 -0.24222 7.8342 0.33466 0
0.13518 -0.28794 7.8342 0.33466 0
0.14147 -0.22994 7.8342 0.33466 0
0.12842 -0.22731 7.8342 0.33466 0
0.13283 -0.31184 7.8339 0.33485 0
0.14073 -0.2129 7.8339 0.33485 0
0.12595 -0.22743 7.8339 0.33485 0
0.13167 -0.24769 7.8339 0.33485 0
0.13784 -0.2833 7.8339 0.33485 0
0.12322 -0.29717 7.8339 0.33485 0
0.12776 -0.31241 7.8339 0.33485 0
0.13588 -0.23409 7.8339 0.33485 0
0.11005 -0.29978 7.8339 0.33485 0
0.11481 -0.22624 7.8306 0.33702 0
0.12067 -0.24122 7.8306 0.33702 0
0.12527 -0.21578 7.8306 0.33702 0
0.13394 -0.29181 7.8306 0.33702 0
0.10579 -0.28577 7.8306 0.33702 0
0.11121 -0.28702 7.8306 0.33702 0
0.11706 -0.2984 7.8303 0.33722 0
0.12364 -0.27732 7.8303 0.33722 0
0.13014 -0.27378 7.8303 0.33722 0
0.086441 -0.32407 7.8303 0.33722 0
0.091469 -0.29618 7.8303 0.33722 0
0.093936 -0.31131 7.8303 0.33722 0
0.098175 -0.3037 7.8303 0.33722 0
0.1019 -0.25333 7.8303 0.33722 0
0.10711 -0.28597 7.8303 0.33722 0
0.11207 -0.28126 7.8269 0.33939 0
0.11771 -0.28697 7.8269 0.33939 0
0.12515 -0.27393 7.8269 0.33939 0
0.085897 -0.3074 7.8269 0.33939 0
0.087098 -0.25154 7.8269 0.33939 0
0.092256 -0.25465 7.8269 0.33939 0
0.096042 -0.25107 7.8266 0.33958 0
0.099285 -0.2493 7.8266 0.33958 0
0.10305 -0.24789 7.8266 0.33958 0
0.10844 -0.24146 7.8266 0.33958 0
0.11334 -0.22779 7.8266 0.33958 0
0.12097 -0.22763 7.8266 0.33958 0
0.13053 -0.2139 7.8266 0.33958 0
0.13978 -0.20851 7.8266 0.33958 0
0.080349 -0.27484 7.8266 0.33958 0
0.084899 -0.25924 7.8215 0.34294 0
0.088419 -0.25092 7.8215 0.34294 0
0.091966 -0.24926 7.8215 0.34294 0
0.094731 -0.23946 7.8215 0.34294 0
0.098865 -0.24049 7.8215 0.34294 0
0.103 -0.23661 7.8215 0.34294 0
0.10852 -0.22789 7.8212 0.34313 0
0.11446 -0.21805 7.8212 0.34313 0
0.12303 -0.21469 7.8212 0.34313 0
0.1315 -0.207 7.8212 0.34313 0
0.07815 -0.26863 7.8212 0.34313 0
0.082149 -0.24281 7.8212 0.34313 0
0.085945 -0.22472 7.8212 0.34313 0
0.088683 -0.24372 7.8212 0.34313 0
0.091384 -0.24027 7.8212 0.34313 0
0.094578 -0.25702 7.8134 0.34815 0
0.099253 -0.22703 7.8134 0.34815 0
0.10311 -0.21747 7.8134 0.34815 0
0.10908 -0.212 7.8134 0.34815 0
0.11611 -0.204 7.8134 0.34815 0
0.1258 -0.20088 7.8134 0.34815 0
0.14853 -0.26938 7.8131 0.34835 0
0.16043 -0.29552 7.8131 0.34835 0
0.17843 -0.28122 7.8131 0.34835 0
0.21193 -0.2893 7.8131 0.34835 0
0.14872 -0.27477 7.8131 0.34835 0
0.15987 -0.27527 7.8131 0.34835 0
0.17774 -0.25115 7.8131 0.34835 0
0.20892 -0.29189 7.8131 0.34835 0
0.14587 -0.2647 7.8131 0.34835 0
0.1589 -0.28138 7.8093 0.35019 0
0.17517 -0.25797 7.8093 0.35019 0
0.20537 -0.28094 7.8093 0.35019 0
0.1439 -0.25884 7.8093 0.35019 0
0.15613 -0.26053 7.8093 0.35019 0
0.17146 -0.26657 7.8093 0.35019 0
0.20175 -0.2697 7.8092 0.35023 0
0.14187 -0.19848 7.8092 0.35023 0
0.15328 -0.20755 7.8092 0.35023 0
0.16932 -0.18422 7.8092 0.35023 0
0.19672 -0.22373 7.8092 0.35023 0
0.13827 -0.23394 7.8092 0.35023 0
0.14957 -0.20542 7.8092 0.35023 0
0.16496 -0.16848 7.8092 0.35023 0
0.19152 -0.20654 7.8092 0.35023 0
0.13339 -0.18415 7.8042 0.35228 0
0.14371 -0.18213 7.8042 0.35228 0
0.15784 -0.15222 7.8042 0.35228 0
0.18244 -0.18029 7.8042 0.35228 0
0.15113 -0.18597 7.8042 0.35228 0
0.17328 -0.19125 7.8042 0.35228 0
0.14129 -0.15632 7.8041 0.35232 0
0.13875 -0.16021 7.8041 0.35232 0
0.27607 -0.30967 7.8041 0.35232 0
0.39004 -0.56359 7.8041 0.35232 0
0.27178 -0.31982 7.8041 0.35232 0
0.37734 -0.54662 7.8041 0.35232 0
0.26133 -0.30488 7.8041 0.35232 0
0.36325 -0.53031 7.8041 0.35232 0
0.25713 -0.26251 7.8041 0.35232 0
0.34992 -0.50973 7.7961 0.35563 0
0.24973 -0.28446 7.7961 0.35563 0
0.33532 -0.50971 7.7961 0.35563 0
0.23884 -0.24239 7.7961 0.35563 0
0.31874 -0.47567 7.7961 0.35563 0
0.2254 -0.28508 7.7961 0.35563 0
0.29975 -0.49699 7.796 0.35567 0
0.21436 -0.24985 7.796 0.35567 0
0.28448 -0.51257 7.796 0.35567 0
0.16522 -0.22547 7.796 0.35567 0
0.20152 -0.27375 7.796 0.35567 0
0.26995 -0.51307 7.796 0.35567 0
0.15656 -0.20975 7.796 0.35567 0
0.19406 -0.26852 7.796 0.35567 0
0.26364 -0.53814 7.796 0.35567 0
0.15899 -0.20531 7.7849 0.36023 0
0.20021 -0.27404 7.7849 0.36023 0
0.26723 -0.58012 7.7849 0.36023 0
0.17373 -0.23575 7.7849 0.36023 0
0.21556 -0.31012 7.7849 0.36023 0
0.27697 -0.6463 7.7849 0.36023 0
0.19748 -0.27332 7.7848 0.36027 0
0.23844 -0.38826 7.7848 0.36027 0
0.28546 -0.71151 7.7848 0.36027 0
0.29354 -0.76105 7.7848 0.36027 0
0.07506 -0.27526 7.7848 0.36027 0
0.083057 -0.28536 7.7848 0.36027 0
0.083 -0.27495 7.7848 0.36027 0
0.089839 -0.27566 7.7848 0.36027 0
0.089597 -0.27381 7.7848 0.36027 0
0.095245 -0.25988 7.7675 0.36734 0
0.099507 -0.2563 7.7675 0.36734 0
0.1046 -0.24759 7.7675 0.36734 0
0.10831 -0.24799 7.7675 0.36734 0
0.11707 -0.23822 7.7675 0.36734 0
0.12506 -0.21388 7.7675 0.36734 0
0.085324 -0.2833 7.7675 0.36738 0
0.081559 -0.30006 7.7675 0.36738 0
0.087223 -0.28424 7.7675 0.36738 0
0.090662 -0.28749 7.7675 0.36738 0
0.095136 -0.27833 7.7675 0.36738 0
0.0954 -0.24522 7.7675 0.36738 0
0.10228 -0.27374 7.7675 0.36738 0
0.10673 -0.25691 7.7675 0.36738 0
0.1129 -0.25496 7.7675 0.36738 0
0.11709 -0.22979 7.7169 0.38649 0
0.12554 -0.23725 7.7169 0.38649 0
0.1345 -0.21226 7.7169 0.38649 0
0.15244 -0.23248 7.7169 0.38649 0
0.090131 -0.27547 7.7169 0.38649 0
0.095588 -0.28392 7.7169 0.38649 0
0.09719 -0.27245 7.7165 0.38661 0
0.10411 -0.27626 7.7165 0.38661 0
0.10603 -0.24267 7.7165 0.38661 0
0.11313 -0.26304 7.7165 0.38661 0
0.1186 -0.25197 7.7165 0.38661 0
0.12428 -0.25265 7.7165 0.38661 0
0.13211 -0.18489 7.7165 0.38661 0
0.14418 -0.18558 7.7165 0.38661 0
0.15569 -0.18784 7.7165 0.38661 0
0.17243 -0.19786 7.6239 0.43884 0
0.10467 -0.24464 7.6239 0.43884 0
0.10914 -0.23982 7.6239 0.43884 0
0.11294 -0.21401 7.6239 0.43884 0
0.11812 -0.23143 7.6239 0.43884 0
0.12147 -0.21288 7.6239 0.43884 0
0.1262 -0.22486 7.6237 0.43897 0
0.13329 -0.21424 7.6237 0.43897 0
0.14022 -0.22271 7.6237 0.43897 0
0.14862 -0.21448 7.6237 0.43897 0
0.1621 -0.21866 7.6237 0.43897 0
0.17489 -0.22036 7.6237 0.43897 0
0.19358 -0.25243 7.6237 0.43897 0
0.21964 -0.29753 7.6237 0.43897 0
0.25675 -0.43951 7.6237 0.43897 0
0.12349 -0.26005 7.4468 0.5323 0
0.12633 -0.24767 7.4468 0.5323 0
0.12873 -0.24633 7.4468 0.5323 0
0.13143 -0.2441 7.4468 0.5323 0
0.13476 -0.23104 7.4468 0.5323 0
0.14074 -0.22927 7.4468 0.5323 0
0.14629 -0.24418 7.4471 0.53239 0
0.15274 -0.22776 7.4471 0.53239 0
0.16138 -0.22719 7.4471 0.53239 0
0.17326 -0.25346 7.4471 0.53239 0
0.18738 -0.2506 7.4471 0.53239 0
0.2076 -0.2847 7.4471 0.53239 0
0.23443 -0.33139 7.4471 0.53239 0
0.27117 -0.47506 7.4471 0.53239 0
