0.11701 -0.2226 6.7512 0.68852 0
0.12005 -0.2334 6.7745 0.68809 0
0.12187 -0.23889 6.8054 0.68156 0
0.12528 -0.23271 6.8412 0.67149 0
0.12626 -0.23066 6.8636 0.66519 0
0.13127 -0.21382 6.877 0.66141 0
0.13669 -0.23068 6.8882 0.65826 0
0.14402 -0.22476 6.8958 0.65612 0
0.15142 -0.22611 6.9009 0.6547 0
0.1642 -0.2158 6.906 0.65327 0
0.11888 -0.25369 6.9111 0.65184 0
0.12319 -0.2459 6.9168 0.65045 0
0.12554 -0.23974 6.9262 0.6484 0
0.12764 -0.22984 6.94 0.64539 0
0.12983 -0.23673 6.9566 0.64178 0
0.13431 -0.22249 6.9842 0.63575 0
0.13751 -0.22409 7.0284 0.62612 0
0.14472 -0.21602 7.0706 0.6192 0
0.15378 -0.21343 7.0457 0.63909 0
0.16902 -0.22497 6.7512 0.68852 0
0.18218 -0.23589 6.7745 0.68809 0
0.12175 -0.24943 6.8054 0.68156 0
0.12555 -0.24652 6.8412 0.67149 0
0.12848 -0.24391 6.8636 0.66519 0
0.12866 -0.22954 6.877 0.66141 0
0.13107 -0.23807 6.8882 0.65826 0
0.13418 -0.23586 6.8958 0.65612 0
0.14067 -0.2225 6.9009 0.6547 0
0.14622 -0.21872 6.906 0.65327 0
0.1571 -0.22357 6.9111 0.65184 0
0.16894 -0.227 6.9168 0.65045 0
0.18861 -0.24619 6.9262 0.6484 0
0.12642 -0.24083 6.94 0.64539 0
0.12953 -0.23164 6.9566 0.64178 0
0.13099 -0.25912 6.9842 0.63575 0
0.13283 -0.25608 7.0284 0.62612 0
0.13516 -0.22529 7.0706 0.6192 0
0.13902 -0.25656 7.0457 0.63909 0
0.14459 -0.25298 6.7512 0.68852 0
0.15143 -0.23582 6.7745 0.68809 0
0.12812 -0.24897 6.8054 0.68156 0
0.13146 -0.23713 6.8412 0.67149 0
0.13244 -0.22624 6.8636 0.66519 0
0.13445 -0.25095 6.877 0.66141 0
0.13658 -0.23196 6.8882 0.65826 0
0.13961 -0.2529 6.8958 0.65612 0
0.14585 -0.24691 6.9009 0.6547 0
0.15023 -0.24298 6.906 0.65327 0
0.12908 -0.25042 6.9111 0.65184 0
0.13161 -0.24049 6.9168 0.65045 0
0.13315 -0.2355 6.9262 0.6484 0
0.13522 -0.22341 6.94 0.64539 0
0.13743 -0.23649 6.9566 0.64178 0
0.13953 -0.22503 6.9842 0.63575 0
0.14598 -0.23062 7.0284 0.62612 0
0.15234 -0.21567 7.0706 0.6192 0
0.12873 -0.24395 7.0457 0.63909 0
0.13207 -0.2356 6.7512 0.68852 0
0.13367 -0.24886 6.7745 0.68809 0
0.1362 -0.23158 6.8054 0.68156 0
0.13784 -0.23397 6.8412 0.67149 0
0.14054 -0.22455 6.8636 0.66519 0
0.14539 -0.22246 6.877 0.66141 0
0.15419 -0.23167 6.8882 0.65826 0
0.12956 -0.25847 6.8958 0.65612 0
0.13294 -0.25734 6.9009 0.6547 0
0.13463 -0.25524 6.906 0.65327 0
0.13675 -0.25115 6.9111 0.65184 0
0.13799 -0.24941 6.9168 0.65045 0
0.1416 -0.24393 6.9262 0.6484 0
0.14618 -0.24691 6.94 0.64539 0
0.13015 -0.26279 6.9566 0.64178 0
0.13366 -0.26361 6.9842 0.63575 0
0.1349 -0.25863 7.0284 0.62612 0
0.13752 -0.25534 7.0706 0.6192 0
0.1391 -0.25094 7.0457 0.63909 0
0.12992 -0.27382 6.7512 0.68852 0
0.13265 -0.26069 6.7745 0.68809 0
0.13488 -0.25481 6.8054 0.68156 0
0.13709 -0.25513 6.8412 0.67149 0
0.1386 -0.24976 6.8636 0.66519 0
0.14227 -0.24608 6.877 0.66141 0
0.14746 -0.24603 6.8882 0.65826 0
0.13036 -0.26964 6.8958 0.65612 0
0.13327 -0.25708 6.9009 0.6547 0
0.13518 -0.25264 6.906 0.65327 0
0.13725 -0.26439 6.9111 0.65184 0
0.13964 -0.259 6.9168 0.65045 0
0.13066 -0.27411 6.9262 0.6484 0
0.13378 -0.26019 6.94 0.64539 0
0.13548 -0.24627 6.9566 0.64178 0
0.13808 -0.2536 6.9842 0.63575 0
0.13939 -0.25211 7.0284 0.62612 0
0.14334 -0.2486 7.0706 0.6192 0
0.14772 -0.24576 7.0457 0.63909 0
0.064583 -0.3318 6.7512 0.68852 0
0.12747 -0.22047 6.7745 0.68809 0
0.13094 -0.21451 6.8054 0.68156 0
0.13279 -0.22837 6.8412 0.67149 0
0.13572 -0.22407 6.8636 0.66519 0
0.13708 -0.22974 6.877 0.66141 0
0.13992 -0.21677 6.8882 0.65826 0
0.14492 -0.23165 6.8958 0.65612 0
0.15239 -0.2059 6.906 0.65327 0
0.12811 -0.24958 6.9168 0.65045 0
0.13197 -0.22874 6.9262 0.6484 0
0.1338 -0.23586 6.94 0.64539 0
0.13598 -0.22238 6.9566 0.64178 0
0.13746 -0.23273 6.9842 0.63575 0
0.14138 -0.22417 7.0284 0.62612 0
0.14493 -0.21983 7.0706 0.6192 0
0.1528 -0.21911 7.0457 0.63909 0
0.12833 -0.27799 6.7512 0.68852 0
0.13186 -0.25849 6.7745 0.68809 0
0.13414 -0.26975 6.8054 0.68156 0
0.13611 -0.24861 6.8412 0.67149 0
0.13763 -0.24395 6.8636 0.66519 0
0.1416 -0.2437 6.877 0.66141 0
0.14668 -0.26958 6.8882 0.65826 0
0.15416 -0.24048 6.8958 0.65612 0
0.13003 -0.28269 6.906 0.65327 0
0.13346 -0.2649 6.9168 0.65045 0
0.1343 -0.27664 6.9262 0.6484 0
0.13808 -0.2603 6.94 0.64539 0
0.13957 -0.24755 6.9566 0.64178 0
0.14383 -0.24904 6.9842 0.63575 0
0.14735 -0.25232 7.0284 0.62612 0
0.15718 -0.25227 7.0706 0.6192 0
0.13364 -0.22411 7.0457 0.63909 0
0.13592 -0.24045 6.7512 0.68852 0
0.13771 -0.2357 6.7745 0.68809 0
0.13945 -0.23899 6.8054 0.68156 0
0.13392 -0.24615 6.8412 0.67149 0
0.14565 -0.2289 6.8636 0.66519 0
0.14993 -0.26887 6.877 0.66141 0
0.1572 -0.21768 6.8882 0.65826 0
0.16601 -0.23687 6.8958 0.65612 0
0.17969 -0.23415 6.906 0.65327 0
0.1955 -0.26774 6.9168 0.65045 0
0.13474 -0.25101 6.9262 0.6484 0
0.13678 -0.24095 6.94 0.64539 0
0.13885 -0.23853 6.9566 0.64178 0
0.14084 -0.25409 6.9842 0.63575 0
0.14281 -0.2305 7.0284 0.62612 0
0.14566 -0.22713 7.0706 0.6192 0
0.15005 -0.21832 7.0457 0.63909 0
0.15699 -0.22522 6.7512 0.68852 0
0.16619 -0.22843 6.7745 0.68809 0
0.17925 -0.23836 6.8054 0.68156 0
0.19528 -0.248 6.8412 0.67149 0
0.13531 -0.27308 6.8636 0.66519 0
0.13824 -0.24516 6.877 0.66141 0
0.13933 -0.24649 6.8882 0.65826 0
0.14156 -0.23569 6.8958 0.65612 0
0.14321 -0.23754 6.906 0.65327 0
0.14578 -0.23091 6.9168 0.65045 0
0.15196 -0.22493 6.9262 0.6484 0
0.15897 -0.2244 6.94 0.64539 0
0.16732 -0.2349 6.9566 0.64178 0
0.18355 -0.24606 6.9842 0.63575 0
0.15868 -0.18264 7.0284 0.62612 0
0.17469 -0.19747 7.0706 0.6192 0
0.15866 -0.21054 7.0457 0.63909 0
0.17688 -0.21527 6.7512 0.68852 0
0.16066 -0.21382 6.7745 0.68809 0
0.17613 -0.2218 6.8054 0.68156 0
0.19141 -0.23594 6.8412 0.67149 0
0.16419 -0.20504 6.8636 0.66519 0
0.1756 -0.21291 6.877 0.66141 0
0.19179 -0.22513 6.8882 0.65826 0
0.15372 -0.21591 6.8958 0.65612 0
0.16443 -0.21701 6.906 0.65327 0
0.17786 -0.22136 6.9168 0.65045 0
0.19354 -0.23446 6.9262 0.6484 0
0.15511 -0.21785 6.94 0.64539 0
0.16538 -0.2139 6.9566 0.64178 0
0.17521 -0.2275 6.9842 0.63575 0
0.19391 -0.22689 7.0284 0.62612 0
0.15556 -0.22056 7.0706 0.6192 0
0.16574 -0.21185 7.0457 0.63909 0
0.17651 -0.23041 6.7745 0.68809 0
0.19188 -0.22699 6.8054 0.68156 0
0.16315 -0.21829 6.8412 0.67149 0
0.17952 -0.20602 6.8636 0.66519 0
0.19507 -0.24202 6.877 0.66141 0
0.16671 -0.2135 6.8882 0.65826 0
0.17562 -0.22126 6.8958 0.65612 0
0.19415 -0.22828 6.906 0.65327 0
0.16505 -0.22461 6.9168 0.65045 0
0.18024 -0.21916 6.9262 0.6484 0
0.16777 -0.2205 6.94 0.64539 0
0.17974 -0.20728 6.9566 0.64178 0
0.20793 -0.26426 6.9842 0.63575 0
0.21089 -0.25601 7.0284 0.62612 0
0.21811 -0.32573 7.0706 0.6192 0
0.19143 -0.24963 6.7745 0.68809 0
0.21234 -0.26694 6.8054 0.68156 0
0.24516 -0.32068 6.8412 0.67149 0
0.19096 -0.25252 6.8636 0.66519 0
0.21469 -0.27648 6.877 0.66141 0
0.24616 -0.32081 6.8882 0.65826 0
0.2146 -0.2725 6.8958 0.65612 0
0.247 -0.32901 6.906 0.65327 0
0.2156 -0.27214 6.9168 0.65045 0
0.24692 -0.32563 6.9262 0.6484 0
0.21586 -0.27565 6.94 0.64539 0
0.24729 -0.32678 6.9566 0.64178 0
0.21566 -0.28861 6.9842 0.63575 0
0.24763 -0.33113 7.0284 0.62612 0
0.21626 -0.27309 7.0706 0.6192 0
0.24859 -0.33566 6.8054 0.68156 0
0.21746 -0.27595 6.8412 0.67149 0
0.24912 -0.3311 6.8636 0.66519 0
0.21707 -0.26968 6.877 0.66141 0
0.24954 -0.33147 6.8882 0.65826 0
0.19632 -0.23718 6.8958 0.65612 0
0.21678 -0.28184 6.906 0.65327 0
0.24953 -0.3259 6.9168 0.65045 0
0.19616 -0.25984 6.9262 0.6484 0
0.21898 -0.27191 6.94 0.64539 0
0.24931 -0.33775 6.9566 0.64178 0
0.21804 -0.2738 6.9842 0.63575 0
0.24892 -0.31634 7.0284 0.62612 0
