0.35591 -0.69396 7.8415 0.32992 10
0.59825 -0.80796 7.8415 0.32992 10
0.6455 -0.80661 7.8415 0.32992 10
0.58756 -0.79386 7.8415 0.32992 10
0.52662 -0.77267 7.8415 0.32992 10
0.46814 -0.77858 7.8415 0.32992 10
0.38064 -0.72324 7.8412 0.33012 10
0.41169 -0.71939 7.8412 0.33012 10
0.53262 -0.7563 7.8412 0.33012 10
0.59179 -0.82324 7.8412 0.33012 10
0.56408 -0.79301 7.8412 0.33012 10
0.50064 -0.76771 7.8412 0.33012 10
0.3846 -0.73875 7.8412 0.33012 10
0.37739 -0.74641 7.8412 0.33012 10
0.41934 -0.73879 7.8412 0.33012 10
0.49083 -0.77654 7.8379 0.33229 10
0.52552 -0.78268 7.8379 0.33229 10
0.50999 -0.78004 7.8379 0.33229 10
0.38248 -0.77065 7.8379 0.33229 10
0.37135 -0.73649 7.8379 0.33229 10
0.36877 -0.73163 7.8379 0.33229 10
0.41054 -0.76068 7.8376 0.33248 10
0.45338 -0.76905 7.8376 0.33248 10
0.48052 -0.73349 7.8376 0.33248 10
0.375 -0.75371 7.8376 0.33248 10
0.36797 -0.72301 7.8376 0.33248 10
0.34996 -0.70106 7.8376 0.33248 10
0.36459 -0.73531 7.8376 0.33248 10
0.35979 -0.75297 7.8376 0.33248 10
0.35303 -0.73157 7.8376 0.33248 10
0.33534 -0.72204 7.8342 0.33466 10
0.33419 -0.68682 7.8342 0.33466 10
0.41933 -0.69218 7.8342 0.33466 10
0.38286 -0.73611 7.8342 0.33466 10
0.34915 -0.65704 7.8342 0.33466 10
0.44238 -0.68773 7.8342 0.33466 10
0.39298 -0.78166 7.8339 0.33485 10
0.35266 -0.64804 7.8339 0.33485 10
0.45758 -0.70285 7.8339 0.33485 10
0.40527 -0.71398 7.8339 0.33485 10
0.35862 -0.74921 7.8339 0.33485 10
0.45194 -0.79391 7.8339 0.33485 10
0.4112 -0.80471 7.8339 0.33485 10
0.36243 -0.69343 7.8339 0.33485 10
0.40149 -0.7741 7.8339 0.33485 10
0.43813 -0.69892 7.8306 0.33702 10
0.43516 -0.72408 7.8306 0.33702 10
0.41288 -0.68572 7.8306 0.33702 10
0.36485 -0.77525 7.8306 0.33702 10
0.34857 -0.73683 7.8306 0.33702 10
0.37808 -0.75923 7.8306 0.33702 10
0.3986 -0.78588 7.8303 0.33722 10
0.39525 -0.7653 7.8303 0.33722 10
0.36405 -0.75889 7.8303 0.33722 10
0.34878 -0.7633 7.8303 0.33722 10
0.34512 -0.7394 7.8303 0.33722 10
0.33027 -0.75556 7.8303 0.33722 10
0.31661 -0.74193 7.8303 0.33722 10
0.31398 -0.68537 7.8303 0.33722 10
0.32463 -0.73557 7.8303 0.33722 10
0.34601 -0.74555 7.8269 0.33939 10
0.35942 -0.76964 7.8269 0.33939 10
0.35195 -0.76716 7.8269 0.33939 10
0.33701 -0.73164 7.8269 0.33939 10
0.33343 -0.67845 7.8269 0.33939 10
0.31983 -0.6811 7.8269 0.33939 10
0.30613 -0.67735 7.8266 0.33958 10
0.29675 -0.67396 7.8266 0.33958 10
0.29522 -0.6767 7.8266 0.33958 10
0.30522 -0.68466 7.8266 0.33958 10
0.32213 -0.69037 7.8266 0.33958 10
0.33065 -0.71356 7.8266 0.33958 10
0.32345 -0.71914 7.8266 0.33958 10
0.31896 -0.73861 7.8266 0.33958 10
0.31618 -0.68357 7.8266 0.33958 10
0.31344 -0.67632 7.8215 0.34294 10
0.3024 -0.66964 7.8215 0.34294 10
0.29166 -0.66962 7.8215 0.34294 10
0.28156 -0.66206 7.8215 0.34294 10
0.27419 -0.66501 7.8215 0.34294 10
0.27384 -0.67303 7.8215 0.34294 10
0.28089 -0.6795 7.8212 0.34313 10
0.29681 -0.69885 7.8212 0.34313 10
0.30894 -0.72876 7.8212 0.34313 10
0.31614 -0.75949 7.8212 0.34313 10
0.28777 -0.65904 7.8212 0.34313 10
0.28644 -0.64076 7.8212 0.34313 10
0.27958 -0.62605 7.8212 0.34313 10
0.27194 -0.65339 7.8212 0.34313 10
0.26588 -0.65554 7.8212 0.34313 10
0.26045 -0.6808 7.8134 0.34815 10
0.25788 -0.65554 7.8134 0.34815 10
0.26106 -0.66038 7.8134 0.34815 10
0.27261 -0.68306 7.8134 0.34815 10
0.28958 -0.71427 7.8134 0.34815 10
0.30362 -0.75566 7.8134 0.34815 10
0.32454 -0.71216 7.8131 0.34835 10
0.31966 -0.76351 7.8131 0.34835 10
0.3178 -0.78098 7.8131 0.34835 10
0.32 -0.83146 7.8131 0.34835 10
0.32546 -0.72662 7.8131 0.34835 10
0.31912 -0.7485 7.8131 0.34835 10
0.31884 -0.75696 7.8131 0.34835 10
0.32139 -0.85146 7.8131 0.34835 10
0.32544 -0.72448 7.8131 0.34835 10
0.31854 -0.7659 7.8093 0.35019 10
0.31857 -0.77346 7.8093 0.35019 10
0.32158 -0.8467 7.8093 0.35019 10
0.32573 -0.72389 7.8093 0.35019 10
0.31628 -0.74569 7.8093 0.35019 10
0.31739 -0.79261 7.8093 0.35019 10
0.32254 -0.84463 7.8092 0.35023 10
0.32677 -0.65762 7.8092 0.35023 10
0.31616 -0.68819 7.8092 0.35023 10
0.31771 -0.69922 7.8092 0.35023 10
0.32253 -0.79475 7.8092 0.35023 10
0.32694 -0.71312 7.8092 0.35023 10
0.31717 -0.69793 7.8092 0.35023 10
0.31722 -0.69143 7.8092 0.35023 10
0.32418 -0.79016 7.8092 0.35023 10
0.32542 -0.6652 7.8042 0.35228 10
0.31522 -0.68351 7.8042 0.35228 10
0.31736 -0.68591 7.8042 0.35228 10
0.32566 -0.77316 7.8042 0.35228 10
0.31678 -0.74195 7.8042 0.35228 10
0.32758 -0.80542 7.8042 0.35228 10
0.31886 -0.73119 7.8041 0.35232 10
0.31361 -0.74433 7.8041 0.35232 10
0.32768 -0.88947 7.8041 0.35232 10
0.30727 -1.012 7.8041 0.35232 10
0.33016 -0.91788 7.8041 0.35232 10
0.31062 -1.0265 7.8041 0.35232 10
0.32908 -0.90648 7.8041 0.35232 10
0.31272 -1.0247 7.8041 0.35232 10
0.33422 -0.88011 7.8041 0.35232 10
0.31455 -1.0185 7.7961 0.35563 10
0.33659 -0.91529 7.7961 0.35563 10
0.31436 -1.0275 7.7961 0.35563 10
0.33889 -0.88311 7.7961 0.35563 10
0.3145 -1.0043 7.7961 0.35563 10
0.34061 -0.94854 7.7961 0.35563 10
0.30983 -1.0302 7.796 0.35567 10
0.34247 -0.92247 7.796 0.35567 10
0.30325 -1.0474 7.796 0.35567 10
0.335 -0.87534 7.796 0.35567 10
0.33917 -0.95947 7.796 0.35567 10
0.28488 -1.0273 7.796 0.35567 10
0.32571 -0.85949 7.796 0.35567 10
0.31995 -0.93624 7.796 0.35567 10
0.2508 -1.0025 7.796 0.35567 10
0.29511 -0.80719 7.7849 0.36023 10
0.27919 -0.87374 7.7849 0.36023 10
0.21021 -0.97096 7.7849 0.36023 10
0.24932 -0.74144 7.7849 0.36023 10
0.23029 -0.81536 7.7849 0.36023 10
0.17866 -0.96352 7.7849 0.36023 10
0.20666 -0.71946 7.7848 0.36027 10
0.19864 -0.83913 7.7848 0.36027 10
0.17688 -0.98617 7.7848 0.36027 10
0.18802 -0.99832 7.7848 0.36027 10
0.25839 -0.63228 7.7848 0.36027 10
0.26053 -0.66246 7.7848 0.36027 10
0.25547 -0.65313 7.7848 0.36027 10
0.2522 -0.6658 7.7848 0.36027 10
0.25059 -0.66672 7.7848 0.36027 10
0.24991 -0.66422 7.7675 0.36734 10
0.24511 -0.66635 7.7675 0.36734 10
0.24671 -0.66984 7.7675 0.36734 10
0.25504 -0.68991 7.7675 0.36734 10
0.26373 -0.71236 7.7675 0.36734 10
0.27918 -0.73072 7.7675 0.36734 10
0.20974 -0.64122 7.7675 0.36738 10
0.22299 -0.62994 7.7675 0.36738 10
0.22824 -0.62107 7.7675 0.36738 10
0.22695 -0.6303 7.7675 0.36738 10
0.22943 -0.62674 7.7675 0.36738 10
0.22909 -0.59142 7.7675 0.36738 10
0.23077 -0.63327 7.7675 0.36738 10
0.23112 -0.62203 7.7675 0.36738 10
0.23162 -0.62668 7.7675 0.36738 10
0.23242 -0.60676 7.7169 0.38649 10
0.23343 -0.63332 7.7169 0.38649 10
0.24265 -0.64283 7.7169 0.38649 10
0.25041 -0.70439 7.7169 0.38649 10
0.19312 -0.58669 7.7169 0.38649 10
0.19641 -0.59545 7.7169 0.38649 10
0.19669 -0.57651 7.7165 0.38661 10
0.19721 -0.58527 7.7165 0.38661 10
0.20037 -0.55319 7.7165 0.38661 10
0.20045 -0.57782 7.7165 0.38661 10
0.1989 -0.56936 7.7165 0.38661 10
0.20041 -0.57096 7.7165 0.38661 10
0.19958 -0.5027 7.7165 0.38661 10
0.20171 -0.52341 7.7165 0.38661 10
0.20419 -0.5548 7.7165 0.38661 10
0.20833 -0.60844 7.6239 0.43884 10
0.19833 -0.56676 7.6239 0.43884 10
0.19728 -0.5533 7.6239 0.43884 10
0.19588 -0.5233 7.6239 0.43884 10
0.19458 -0.54187 7.6239 0.43884 10
0.19242 -0.51933 7.6239 0.43884 10
0.18924 -0.53498 7.6237 0.43897 10
0.18565 -0.52471 7.6237 0.43897 10
0.18296 -0.53817 7.6237 0.43897 10
0.18189 -0.53442 7.6237 0.43897 10
0.18439 -0.55442 7.6237 0.43897 10
0.18891 -0.57983 7.6237 0.43897 10
0.19528 -0.65165 7.6237 0.43897 10
0.19775 -0.73009 7.6237 0.43897 10
0.19604 -0.86698 7.6237 0.43897 10
0.24726 -0.65322 7.4468 0.5323 10
0.25065 -0.63964 7.4468 0.5323 10
0.24994 -0.64327 7.4468 0.5323 10
0.24609 -0.62929 7.4468 0.5323 10
0.24081 -0.61602 7.4468 0.5323 10
0.23122 -0.60626 7.4468 0.5323 10
0.21781 -0.61582 7.4471 0.53239 10
0.20567 -0.59563 7.4471 0.53239 10
0.19216 -0.59036 7.4471 0.53239 10
0.18517 -0.61771 7.4471 0.53239 10
0.18679 -0.6262 7.4471 0.53239 10
0.19502 -0.67897 7.4471 0.53239 10
0.20365 -0.74406 7.4471 0.53239 10
0.20786 -0.85911 7.4471 0.53239 10
