-1.120559300070625763e+00
-1.099589496322616711e+00
-1.108254404626615397e+00
-1.105581216477781847e+00
-1.103248177859597279e+00
-1.083302694324209003e+00
-1.091775349007307661e+00
-1.088416662763699527e+00
-1.102912674273757165e+00
-1.117398508952328395e+00
-1.108581390646972586e+00
-1.094073211186225247e+00
-1.085239500220837705e+00
-1.088156158001202467e+00
-1.107310282270814072e+00
-1.096403373743337628e+00
-1.107365369902119312e+00
-1.094501633668242713e+00
-1.099846018846706075e+00
-1.172073425493578291e+00
-1.169343047976502126e+00
-1.168547927707785261e+00
-1.167456241295435682e+00
-1.167231023589939243e+00
-1.166640877981479862e+00
-1.166890431588356147e+00
-1.166766539726786345e+00
-1.167146290406044340e+00
-1.167520288963157737e+00
-1.167174719163565078e+00
-1.166659019289781218e+00
-1.166226614569356279e+00
-1.166037347627261855e+00
-1.166179491414866431e+00
-1.164970882058160351e+00
-1.163484954043458641e+00
-1.160547610746921032e+00
-1.160080693293630283e+00
-1.154989512107249761e+00
-1.152185573797366747e+00
-1.151209372298837685e+00
-1.149976427040751759e+00
-1.149940697512817023e+00
-1.149831739045275913e+00
-1.149774770912500355e+00
-1.149816916268980860e+00
-1.149803973994156125e+00
-1.149655967466673756e+00
-1.149488049747153351e+00
-1.149375440894405243e+00
-1.149258186096848267e+00
-1.148876112445185838e+00
-1.148420367382982921e+00
-1.147604229744892512e+00
-1.146307789907752284e+00
-1.143083836063601311e+00
-1.142756186336842728e+00
-1.141096920333676934e+00
-1.138586340253153528e+00
-1.137331050212891936e+00
-1.136553075692874337e+00
-1.136364472457181085e+00
-1.136345556824744918e+00
-1.136323433278036088e+00
-1.136258058197511467e+00
-1.136189032731779625e+00
-1.136107728697624664e+00
-1.135988040309929614e+00
-1.135849104436597701e+00
-1.135644129776339994e+00
-1.135305197040759939e+00
-1.134829762021986266e+00
-1.133841060719566585e+00
-1.132124826583625454e+00
-1.129540685710294978e+00
-1.128832510980143811e+00
-1.131352714803485648e+00
-1.128839479897357112e+00
-1.127515496244564375e+00
-1.126680885444972136e+00
-1.126457105770011680e+00
-1.126431221220362433e+00
-1.126406774701249169e+00
-1.126337306764583213e+00
-1.126263414118575445e+00
-1.126177132286410920e+00
-1.126053240424841118e+00
-1.125907667487496822e+00
-1.125678799396793384e+00
-1.125302920338209667e+00
-1.124785339962955488e+00
-1.123798740397473184e+00
-1.122095891007290902e+00
-1.119469162306545806e+00
-1.118773044909351144e+00
-1.119781104315141107e+00
-1.116976502298856699e+00
-1.116432816138485995e+00
-1.115537476203177780e+00
-1.114528753090986424e+00
-1.114037831589516525e+00
-1.115423761173094164e+00
-1.114004867504920337e+00
-1.114455192298179576e+00
-1.114804080629778538e+00
-1.113196804961378517e+00
-1.114244244280310436e+00
-1.113250786415348248e+00
-1.111591409794448815e+00
-1.110240656650138380e+00
-1.108127857939440686e+00
-1.107217695227837417e+00
-1.110431140387301951e+00
-1.108715459340028353e+00
-1.108197436493840060e+00
-1.108650747965904904e+00
-1.104958659873394033e+00
-1.105053016800107368e+00
-1.107760717681806950e+00
-1.105118060027431515e+00
-1.106588833412637696e+00
-1.107197452182598907e+00
-1.104111770505378232e+00
-1.106288395648331147e+00
-1.102866104207934850e+00
-1.103013004558081933e+00
-1.101232943989885582e+00
-1.101116021045529081e+00
-1.098474137715288679e+00
-1.104743287146183084e+00
-1.103746731984681650e+00
-1.102596086320352997e+00
-1.101433051469867364e+00
-1.100865693114518207e+00
-1.100661603396128729e+00
-1.100515256134649622e+00
-1.100387160799205288e+00
-1.100130527657382284e+00
-1.099787833918861812e+00
-1.099489608509226057e+00
-1.099004660365367592e+00
-1.098380555112710155e+00
-1.097538864778170753e+00
-1.096279150028567351e+00
-1.093764366474169414e+00
-1.092699560171071171e+00
-1.120381758608286926e+00
-1.119554669814575742e+00
-1.118045843929030170e+00
-1.116355604960472148e+00
-1.115547210563729630e+00
-1.115274648468276286e+00
-1.115093014149796335e+00
-1.114931180405621003e+00
-1.114618132219690416e+00
-1.114221125173999516e+00
-1.113873343019736062e+00
-1.113301006866377341e+00
-1.112578341213131816e+00
-1.111510437613494329e+00
-1.110116764788568799e+00
-1.107916688686104489e+00
-1.107226102175586924e+00
-1.143061159428224727e+00
-1.140794933921100762e+00
-1.137835135224653627e+00
-1.135564816861388771e+00
-1.134310190527528350e+00
-1.133677457091654350e+00
-1.133157553743995738e+00
-1.132781010979010627e+00
-1.132232900109298335e+00
-1.131660121485005499e+00
-1.131232252091655788e+00
-1.130591886032167315e+00
-1.129831942202717432e+00
-1.128567249655104465e+00
-1.126639514412626442e+00
-1.124482911079445202e+00
-1.123613787546986931e+00
-1.168582661676118128e+00
-1.164776084229388609e+00
-1.161947367547191634e+00
-1.160054034419846003e+00
-1.158832482788315410e+00
-1.157833936507610240e+00
-1.157165584161534921e+00
-1.156301770280286911e+00
-1.155472358514171072e+00
-1.154893495914533386e+00
-1.154174701881961917e+00
-1.153540198562351238e+00
-1.152871624980809084e+00
-1.151669320834915133e+00
-1.148023139101825185e+00
-1.221654063551908420e+00
-1.218235090643518648e+00
-1.217591959140691626e+00
-1.216856351212621368e+00
-1.215983577294956097e+00
-1.214991336225063057e+00
-1.214200087577020026e+00
-1.213056742683105371e+00
-1.211858973864286648e+00
-1.210975912497401774e+00
-1.209790311629273196e+00
-1.208627498014254620e+00
-1.207347761454879542e+00
-1.206381626170102805e+00
-1.205215825876278624e+00
-1.230893188510736147e+00
-1.230387554850704834e+00
-1.230390320294043383e+00
-1.230689098792346670e+00
-1.231029801411663405e+00
-1.231307230687392673e+00
-1.231707666882823515e+00
-1.232073811580855383e+00
-1.232320820979859954e+00
-1.232619378242696184e+00
-1.232834750969907134e+00
-1.233015389728785216e+00
-1.233180652622700491e+00
