1.539522017863652892e-01
1.614382055463803034e-01
1.644534416881678340e-01
1.694618530568195447e-01
1.724342665390460883e-01
1.745136743829648063e-01
1.761826488520951695e-01
1.768673300010958627e-01
1.774201856126267907e-01
1.778944279251423732e-01
1.780314401051454332e-01
1.781325792195084246e-01
1.786692675124988694e-01
1.801867101758320711e-01
1.818628329756799000e-01
1.821402234444893797e-01
1.831396432174888234e-01
1.878888408511923680e-01
1.873185505723235778e-01
1.551066024962196033e-01
1.625480217557889739e-01
1.656370480089978670e-01
1.704263763129258424e-01
1.732964652823175411e-01
1.753892532074346200e-01
1.766372883012563011e-01
1.771832311344987976e-01
1.774668517034942439e-01
1.777029496510821593e-01
1.778339045797973639e-01
1.779470535118676811e-01
1.783511695002421571e-01
1.795430003069608538e-01
1.810183743580255633e-01
1.817899299756838560e-01
1.832281507719259739e-01
1.878385224607713178e-01
1.869439022542867535e-01
1.560282167615166804e-01
1.631107251146634851e-01
1.662305004827350774e-01
1.707368165645481439e-01
1.735548903330648152e-01
1.754168489147515386e-01
1.764281198513429627e-01
1.768459372802143881e-01
1.770626105298566122e-01
1.771789857711469074e-01
1.772961801880827415e-01
1.774519032594653600e-01
1.779056069811660590e-01
1.789504163506068779e-01
1.802595942696338105e-01
1.813670629613033103e-01
1.830082432652591351e-01
1.877394000297580856e-01
1.872626404894285335e-01
1.568971997414848885e-01
1.638422766924126084e-01
1.668453657502765863e-01
1.711687704816685085e-01
1.739899232640655935e-01
1.756190301447394519e-01
1.764213199658508369e-01
1.766925212665531042e-01
1.767998058037255904e-01
1.768929633976896731e-01
1.770225605585185047e-01
1.772243850670759957e-01
1.777010182123555937e-01
1.786661526215862494e-01
1.798305870186480970e-01
1.811130902251426034e-01
1.830436277696734226e-01
1.878347057723261937e-01
1.878264402840919001e-01
1.596805088315909338e-01
1.664492754005954256e-01
1.695011063356096359e-01
1.735548903330648152e-01
1.763186898646693646e-01
1.777092763197184733e-01
1.783522306194892382e-01
1.785742254244330751e-01
1.786759908239150541e-01
1.787808022721233403e-01
1.789339246834810437e-01
1.791617068359690479e-01
1.796542872293504234e-01
1.805727761199706904e-01
1.816286456487578582e-01
1.830223786092424754e-01
1.850902818270154238e-01
1.896334374660653965e-01
1.901230472360629919e-01
1.647847907949745172e-01
1.715011821894539268e-01
1.746353116443971343e-01
1.784891609484752506e-01
1.813772144737637870e-01
1.825634080261501480e-01
1.824973059048388135e-01
1.830980844585508027e-01
1.830920753938576340e-01
1.832945318287593772e-01
1.842050393190339530e-01
1.845835784589061890e-01
1.856500874558248970e-01
1.874447728557178117e-01
1.896891391603452715e-01
1.936849969775232549e-01
1.946099541215129680e-01
1.710745302048683747e-01
1.780199896631708412e-01
1.824621055220157773e-01
1.863257937977330636e-01
1.888464533816223145e-01
1.897420435822370910e-01
1.896744859659952043e-01
1.899803363877528017e-01
1.899476288547349012e-01
1.902674970823358958e-01
1.909203524120711981e-01
1.914002517669867176e-01
1.919892272616969542e-01
1.940344390619794801e-01
1.963942271194785982e-01
2.005072601717732828e-01
2.015728553987413130e-01
1.756035682062785930e-01
1.820329585913125769e-01
1.873878391322022496e-01
1.918888388083591356e-01
1.942134250385471328e-01
1.946782705386650436e-01
1.947487700904473040e-01
1.947669859440270268e-01
1.948535785339095827e-01
1.951203181074769033e-01
1.954542871472885746e-01
1.960305099609774560e-01
1.967411886892678763e-01
1.984235141539560654e-01
2.016911034937557134e-01
2.052848421022566427e-01
2.058691056612317050e-01
1.865492616716916963e-01
1.926347739803259129e-01
1.993625037176497694e-01
2.039491694110341646e-01
2.062393848314534595e-01
2.067738289356233494e-01
2.069083520974366319e-01
2.069545454198448986e-01
2.070485123574386799e-01
2.072365583243678533e-01
2.074167169974543701e-01
2.076546618614031336e-01
2.079812431121433325e-01
2.095080478081154385e-01
2.135148304527668683e-01
2.168359960626514149e-01
2.170530791222548550e-01
2.013299532556350746e-01
2.076094431940445906e-01
2.160227535727498871e-01
2.197404881068206195e-01
2.219992183707004407e-01
2.228741156173811300e-01
2.232687697046399355e-01
2.234682002180186644e-01
2.237217494186559963e-01
2.238925042960511480e-01
2.238858422244798807e-01
2.236398873535639098e-01
2.233979477532387070e-01
2.247008614986529818e-01
2.292871846736104224e-01
2.322184709163589988e-01
2.330137410356907524e-01
2.276932774579143726e-01
2.374657152416513317e-01
2.403218094671937533e-01
2.424104089409436780e-01
2.436225612690115783e-01
2.442982268918532374e-01
2.446784160456741963e-01
2.451074753056721456e-01
2.452839263121709967e-01
2.451630616537544272e-01
2.446259846145617811e-01
2.440599694901235683e-01
2.451112966163095930e-01
2.488835537009906618e-01
2.506533237871229058e-01
2.557836724807769913e-01
2.643822054053753812e-01
2.674678749615476692e-01
2.682266695568002457e-01
2.691050280835668995e-01
2.701994090791265957e-01
2.709863161173333701e-01
2.717820863421119837e-01
2.720783645551864138e-01
2.719784419746908988e-01
2.715014230950256735e-01
2.709177001110954497e-01
2.709704540575663123e-01
2.733196437428597747e-01
2.748681125509414569e-01
2.925859364996951095e-01
2.946732559897978776e-01
2.940394950775445659e-01
2.942987197661350307e-01
2.950259204771303323e-01
2.956440592838304182e-01
2.965190564596127953e-01
2.974459112175272257e-01
2.982090353352073175e-01
2.994854810877635720e-01
3.010584854420926826e-01
3.023208211115810951e-01
3.013113415916985893e-01
