3.198128697051126901e-01
2.978374591946064132e-01
2.973453114782417805e-01
3.044875952197316216e-01
3.117542452965949007e-01
3.099339765071137953e-01
3.048663434475831213e-01
3.044098712371241522e-01
3.033258412802870563e-01
3.124894086920106395e-01
3.408025898228930761e-01
3.833454352974949297e-01
4.412343495587886522e-01
5.445516755443476908e-01
5.017082685195104474e-01
3.914373840937367399e-01
3.302792997307810730e-01
2.925643821215810902e-01
2.898060993278867570e-01
2.992812674925628413e-01
2.919241090708631359e-01
2.903237674249862788e-01
2.924230881666678994e-01
2.939906188277227050e-01
3.053803930884770312e-01
3.330870655811699055e-01
3.693710819520390487e-01
4.118854575983091904e-01
4.871842366156058923e-01
4.487132555284825131e-01
4.046050306929107609e-01
3.533377483143510522e-01
3.026516448410769833e-01
0.000000000000000000e+00
2.841750710873575114e-01
2.836676333252113880e-01
2.852702667961935501e-01
2.884031580796193039e-01
2.909936880901379808e-01
3.028372427088010799e-01
3.299332357351483780e-01
3.647047477225360823e-01
4.037126176063900451e-01
4.754389220983755715e-01
4.398083936065299571e-01
3.744655293963207732e-01
3.495416086680906975e-01
3.122163460674623470e-01
2.903750062621220374e-01
2.858573579366073258e-01
2.804735842032809456e-01
2.801198668521542867e-01
2.835033959458723718e-01
2.872408294235958004e-01
3.006261295506113540e-01
3.275397143198215399e-01
3.605331927082338628e-01
3.962697654179880291e-01
4.609949768026772032e-01
4.253805237269355222e-01
3.380173306198688832e-01
3.298387810212339288e-01
3.100068906545145886e-01
2.942620956323181436e-01
2.875776237684867787e-01
2.790973566034007369e-01
2.755415595060393685e-01
2.778545167958818007e-01
2.832756929069789598e-01
2.987097897978766015e-01
3.260515149614364172e-01
3.582049786317357820e-01
3.908597803141324878e-01
4.442414169948124547e-01
4.070295860966072765e-01
2.988362292912759566e-01
2.962514669212389928e-01
2.921886027658698870e-01
0.000000000000000000e+00
2.839001064082000148e-01
2.769057352869949140e-01
2.706988083057285666e-01
2.714248421716065618e-01
2.780073459236825917e-01
2.956452636051412619e-01
3.228491591635221369e-01
3.520339293721556628e-01
3.806269474212864434e-01
4.290116643198283453e-01
3.909908357225841957e-01
2.793389844472043415e-01
2.736443022708248130e-01
2.726103173474640484e-01
2.731466948746364976e-01
2.731459198097970775e-01
2.714002125772448371e-01
2.687025781841677619e-01
2.688126562678422871e-01
2.739660470974503159e-01
2.915489897552558385e-01
3.183230291101662446e-01
3.449780644312155364e-01
3.692791576337919879e-01
4.129896380550229784e-01
3.710982607622657081e-01
2.734777869847763720e-01
2.656940980657468421e-01
2.634251692287689073e-01
2.628347987998743140e-01
2.630113575637203494e-01
2.633481886064064637e-01
2.642024348360888508e-01
2.660649928714908796e-01
2.717749576273152945e-01
2.881184235073029898e-01
3.134025833867553068e-01
3.388107595291759422e-01
3.606620162216926939e-01
3.988088577503816068e-01
3.515184428104702885e-01
2.680741874357884247e-01
2.601393534116924755e-01
2.578055949131353719e-01
0.000000000000000000e+00
2.557385977692653856e-01
2.558889663550132365e-01
2.576151091480270439e-01
2.605356275837123481e-01
2.681651464516986438e-01
2.840551032171080847e-01
3.067045673921938165e-01
3.316976617256975901e-01
3.503118668718732120e-01
3.836789552670910597e-01
3.289778739988500345e-01
2.646165052162650078e-01
2.563093964269814173e-01
2.541743977153993472e-01
2.521488129680891088e-01
2.516103802732767014e-01
2.513370941194965624e-01
2.525009352104845561e-01
2.548584124918365501e-01
2.609320375262569325e-01
2.765159963042701508e-01
2.991524963158112005e-01
3.224504198526410570e-01
3.356382141779185035e-01
3.706833897777428444e-01
3.132320529835260214e-01
2.612441083846195888e-01
2.523344378906655083e-01
2.505630486692120851e-01
2.485845089073750458e-01
2.480290018847361722e-01
2.479412513767896564e-01
2.491247045134154514e-01
2.508179700581186777e-01
2.552696580699033158e-01
2.686992714442223429e-01
2.920128787816532179e-01
3.137634246973400320e-01
3.222320218053305041e-01
3.618465618232228342e-01
3.155021646094208210e-01
2.489709205572784023e-01
2.402249546581819717e-01
2.388782384493404465e-01
2.368788408151778213e-01
2.363375146826250661e-01
2.360441822985872296e-01
2.370979609903014762e-01
2.383564051242134108e-01
2.423342843023993387e-01
2.558791885634725816e-01
2.798869929960847158e-01
3.064786539090437190e-01
3.214670139773905810e-01
3.534405529691070358e-01
3.295653574837738575e-01
2.303785778859270272e-01
2.231123533390661495e-01
2.219681941858009655e-01
2.200698972002349818e-01
2.193263601026458898e-01
2.187550546327426404e-01
2.191288177764608436e-01
2.198144194533059592e-01
2.242701560238590519e-01
2.402093714721193762e-01
2.663700386708794943e-01
3.075224293777726881e-01
3.232257334859051645e-01
3.355671031466895826e-01
3.454310904450404451e-01
2.196011543097638741e-01
2.141759079026566148e-01
2.131130334742248056e-01
0.000000000000000000e+00
2.109580003767725920e-01
2.105809839375568093e-01
2.111707285426165093e-01
2.120698429901419213e-01
2.166807538816770129e-01
2.350336273063486359e-01
2.715257836120407164e-01
3.268256468443851426e-01
3.405445817861849633e-01
3.306592277938283364e-01
3.467205500630436421e-01
2.211221940762987115e-01
2.202888316008353164e-01
2.186316722668103507e-01
2.173699229540280164e-01
2.165602185652316380e-01
2.160047487113539444e-01
2.163467627688255013e-01
2.167508156783755080e-01
2.206984648075032418e-01
2.363557145752478716e-01
2.652608388302286069e-01
3.180199771269850428e-01
3.584581857343194788e-01
3.564167107754604435e-01
