4.863311652448166766e-01 -1.508396135650594827e+00 1.252879965034096044e-01 8.459246829145978808e-01
4.520953617087072884e-01 -1.223563546868351670e+00 1.436078305920158449e-01 8.459246829145978808e-01
4.510434651047631194e-01 -9.387337235294469506e-01 1.387386687030705834e-01 8.459246829145978808e-01
4.047178448359217695e-01 -6.903717461879207429e-01 1.192967214117817282e-01 8.459246829145978808e-01
3.504935967004862429e-01 -5.104473013243024937e-01 1.067360336935635756e-01 8.459246829145978808e-01
2.985948237344969725e-01 -3.868462261216457643e-01 9.616600628839036546e-02 8.459246829145978808e-01
2.541141303096291493e-01 -3.053949044543082803e-01 8.590567915430594170e-02 8.459246829145978808e-01
2.125696291914782876e-01 -2.465478188569649454e-01 7.679645830370630810e-02 8.459246829145978808e-01
1.801055596828533001e-01 -2.017369759874185764e-01 6.940451122290292041e-02 8.459246829145978808e-01
1.611531270679273931e-01 -1.695380757357683454e-01 6.409116555331226261e-02 8.459246829145978808e-01
1.492606356080973806e-01 -1.465071732402767890e-01 6.062622579142844942e-02 8.459246829145978808e-01
1.414745809314806313e-01 -1.296409278991303426e-01 5.828333960235523858e-02 8.459246829145978808e-01
1.320018002739829222e-01 -1.160196399442917636e-01 5.638916474319335265e-02 8.459246829145978808e-01
1.219238026499382538e-01 -1.044445242565154724e-01 5.449803230380445562e-02 8.459246829145978808e-01
1.129546170335184591e-01 -9.580209209325124542e-02 5.234209743013013005e-02 8.459246829145978808e-01
1.038568770827973525e-01 -8.959157697474362525e-02 5.014309293695955877e-02 8.459246829145978808e-01
9.615625667094437889e-02 -8.583453553181707996e-02 4.828748737036084315e-02 8.459246829145978808e-01
9.036734604884845423e-02 -8.450425358182064861e-02 4.600350469229949613e-02 8.459246829145978808e-01
8.395771138927253519e-02 -8.623360283279514482e-02 4.387684246846487029e-02 8.459246829145978808e-01
7.778249703109024749e-02 -9.289277656495044388e-02 4.203932549390379525e-02 8.459246829145978808e-01
4.878261844963311944e-01 -1.500182990170391362e+00 1.359286904920957717e-01 8.575451186090750078e-01
4.593523224492920831e-01 -1.356365998728263911e+00 1.662795581708898518e-01 8.575451186090750078e-01
4.586742032564607441e-01 -1.126479671787654846e+00 1.732847035561229376e-01 8.575451186090750078e-01
4.364366862194721808e-01 -8.712650917796542771e-01 1.567785102956530396e-01 8.575451186090750078e-01
4.015854740902405351e-01 -6.488309156213299955e-01 1.471086208699805553e-01 8.575451186090750078e-01
3.613182999179805899e-01 -4.800287520123990292e-01 1.335688218883203660e-01 8.575451186090750078e-01
3.155742394553087693e-01 -3.645890531906471055e-01 1.183768874263027848e-01 8.575451186090750078e-01
2.675922225878494265e-01 -2.810531956435324275e-01 1.038165975068445074e-01 8.575451186090750078e-01
2.267318631781704286e-01 -2.194734510383586912e-01 9.137171532103376126e-02 8.575451186090750078e-01
1.962349258524746232e-01 -1.750256140886549128e-01 8.161384590814654838e-02 8.575451186090750078e-01
1.731995768595880891e-01 -1.422195884064463289e-01 7.370694043805441076e-02 8.575451186090750078e-01
1.565144533913331859e-01 -1.186329147631944025e-01 6.740183333014965195e-02 8.575451186090750078e-01
1.418432583946048486e-01 -1.013952358136309545e-01 6.209081236136550219e-02 8.575451186090750078e-01
1.279327307089763444e-01 -8.941104883359918265e-02 5.755403515669502146e-02 8.575451186090750078e-01
1.164578325734068470e-01 -8.235961770468715193e-02 5.383349929424021546e-02 8.575451186090750078e-01
1.073310509086158743e-01 -7.832550649366530615e-02 5.089063202463373764e-02 8.575451186090750078e-01
1.014584768834839862e-01 -7.686069955246221941e-02 4.871790486048674373e-02 8.575451186090750078e-01
9.534957362526028102e-02 -7.747219438349557674e-02 4.620607903415943629e-02 8.575451186090750078e-01
8.695759778042064236e-02 -8.071008606207327740e-02 4.352137238171999156e-02 8.575451186090750078e-01
8.041640723336923591e-02 -8.889977366915703672e-02 4.109433245555132314e-02 8.575451186090750078e-01
4.588342250967714087e-01 -1.429315296704246840e+00 1.369849057726224284e-01 7.712196780397962970e-01
4.543216483071669254e-01 -1.381312067526259568e+00 1.688717577189491337e-01 7.712196780397962970e-01
4.546077987517990193e-01 -1.228416014985743265e+00 1.798681871041004909e-01 7.712196780397962970e-01
4.425182406126397794e-01 -1.009822209991746211e+00 1.705931839747585332e-01 7.712196780397962970e-01
4.212366917357625584e-01 -7.837431795131344359e-01 1.667177539025060939e-01 7.712196780397962970e-01
3.960719959543672619e-01 -5.923436381336890655e-01 1.551610318697357327e-01 7.712196780397962970e-01
3.596452986085348358e-01 -4.502014821407237521e-01 1.395521316389319866e-01 7.712196780397962970e-01
3.162591455117317873e-01 -3.437813873855806723e-01 1.237126573845654109e-01 7.712196780397962970e-01
2.749112992531727029e-01 -2.633726378568990167e-01 1.100316021497721591e-01 7.712196780397962970e-01
2.388865771208581457e-01 -2.020240013515328670e-01 9.835152665268206973e-02 7.712196780397962970e-01
2.088506562785488185e-01 -1.554952512528254838e-01 8.863125257778221855e-02 7.712196780397962970e-01
1.854744682238764764e-01 -1.222775616752315025e-01 8.032264572193198449e-02 7.712196780397962970e-01
1.659325365609117531e-01 -9.962276638739918366e-02 7.302149938054870726e-02 7.712196780397962970e-01
1.492758339074054530e-01 -8.521653499532963472e-02 6.679296826289109201e-02 7.712196780397962970e-01
1.347250135559398543e-01 -7.640764388390614004e-02 6.200879622555068721e-02 7.712196780397962970e-01
1.225652927368471590e-01 -7.159638087225987657e-02 5.779912084417720974e-02 7.712196780397962970e-01
1.118118108968353397e-01 -7.026889893364379747e-02 5.425591385060449245e-02 7.712196780397962970e-01
1.008893057167244561e-01 -7.129323988708984039e-02 5.014459751097596896e-02 7.712196780397962970e-01
9.173230307999810651e-02 -7.547768751160684186e-02 4.648152756109747569e-02 7.712196780397962970e-01
8.468845440054820206e-02 -8.434852455381519620e-02 4.334386591952350820e-02 7.712196780397962970e-01
4.251196560671240410e-01 -1.363542102956488922e+00 1.391029743812823294e-01 8.575158056520091332e-01
4.360283677146852832e-01 -1.361495785503651357e+00 1.664032028709611644e-01 8.575158056520091332e-01
4.450431135291324503e-01 -1.272607025212590282e+00 1.749012175336759067e-01 8.575158056520091332e-01
4.386718786572507134e-01 -1.098675461990339386e+00 1.685216629626936913e-01 8.575158056520091332e-01
4.240084668598415596e-01 -8.902631344272347036e-01 1.686788905153082385e-01 8.575158056520091332e-01
4.089365767259808826e-01 -6.969433245023255452e-01 1.619977176813943154e-01 8.575158056520091332e-01
3.826102253476014181e-01 -5.402137590969616765e-01 1.513035547099571554e-01 8.575158056520091332e-01
3.451203344427472008e-01 -4.144042284985247626e-01 1.389761779400060238e-01 8.575158056520091332e-01
3.062329135776853395e-01 -3.163263977730648713e-01 1.268933510528902353e-01 8.575158056520091332e-01
2.707071384348411214e-01 -2.409749527498655786e-01 1.156421361877465054e-01 8.575158056520091332e-01
2.406431465325103158e-01 -1.832953405395663926e-01 1.058949612627703291e-01 8.575158056520091332e-01
2.168246420909079597e-01 -1.410657071734114643e-01 9.633608969572528269e-02 8.575158056520091332e-01
1.969510803891174888e-01 -1.116519609577668326e-01 8.739092704278658696e-02 8.575158056520091332e-01
1.768776762937928071e-01 -9.080632561566129302e-02 7.915815642109041983e-02 8.575158056520091332e-01
1.564774207720620591e-01 -7.679265581911572103e-02 7.241584309176399281e-02 8.575158056520091332e-01
1.387836871202408340e-01 -6.884934847267704106e-02 6.661454272288504230e-02 8.575158056520091332e-01
1.239318985683550839e-01 -6.552195322044523929e-02 6.197908067267628163e-02 8.575158056520091332e-01
1.113349625317228558e-01 -6.534258656550302746e-02 5.697599009124423158e-02 8.575158056520091332e-01
1.012702568030404565e-01 -6.930179574369861595e-02 5.239311553872225830e-02 8.575158056520091332e-01
9.234475913340201014e-02 -7.827999420992014235e-02 4.836779627701458945e-02 8.575158056520091332e-01
3.960055486480464904e-01 -1.313182162965338406e+00 1.361310712529220091e-01 1.050539354350046972e+00
4.130789948673381784e-01 -1.335182481519047171e+00 1.614066733038499735e-01 1.050539354350046972e+00
4.262879692214870397e-01 -1.286176391968746557e+00 1.688955958405279623e-01 1.050539354350046972e+00
4.236984263248358973e-01 -1.152498621983297333e+00 1.646776120303240498e-01 1.050539354350046972e+00
4.160279203250311086e-01 -9.696968439435893483e-01 1.679497744654754599e-01 1.050539354350046972e+00
4.122350578680384903e-01 -7.866342292881837173e-01 1.641482456812411450e-01 1.050539354350046972e+00
3.980583718095319634e-01 -6.283533054787265870e-01 1.569993084770139047e-01 1.050539354350046972e+00
3.691319476880579042e-01 -4.943789693496450366e-01 1.475720158398188542e-01 1.050539354350046972e+00
3.368397958799048131e-01 -3.846205973227327379e-01 1.367708042851462358e-01 1.050539354350046972e+00
3.033308537847961839e-01 -2.960518541348156063e-01 1.267687626452796146e-01 1.050539354350046972e+00
2.730190496303507852e-01 -2.255845415552349409e-01 1.183822376949619504e-01 1.050539354350046972e+00
2.474262035608164323e-01 -1.712228114720827366e-01 1.096595229831758000e-01 1.050539354350046972e+00
2.239111785303739555e-01 -1.314588059049820734e-01 1.015140600002826660e-01 1.050539354350046972e+00
2.002255175484692618e-01 -1.030131860933179017e-01 9.327362650793541432e-02 1.050539354350046972e+00
1.776137385955763870e-01 -8.366635881826366139e-02 8.527207373957935987e-02 1.050539354350046972e+00
1.560559473858189050e-01 -7.093917326283930014e-02 7.749552781166509086e-02 1.050539354350046972e+00
1.381024144073178528e-01 -6.449104433906999168e-02 7.119456022675781093e-02 1.050539354350046972e+00
1.233840296310857038e-01 -6.255947204395967409e-02 6.529924688318074211e-02 1.050539354350046972e+00
1.110988692142052120e-01 -6.566999431596935721e-02 5.986199638900471798e-02 1.050539354350046972e+00
1.006500707695308361e-01 -7.449046572137328626e-02 5.495732102238543720e-02 1.050539354350046972e+00
3.730907856250511578e-01 -1.281225474068500514e+00 1.332700662913446354e-01 1.143895682250143819e+00
3.987346610941584490e-01 -1.315014656339234866e+00 1.548522657999747698e-01 1.143895682250143819e+00
4.131845734584004837e-01 -1.291926744229317858e+00 1.624090808348166715e-01 1.143895682250143819e+00
4.149238471129725880e-01 -1.188399939258328208e+00 1.632312419541790405e-01 1.143895682250143819e+00
4.108305307428852249e-01 -1.024843102647471804e+00 1.704150410284936412e-01 1.143895682250143819e+00
4.078738184722472404e-01 -8.498461247245880923e-01 1.678094403148556457e-01 1.143895682250143819e+00
4.013090909968189957e-01 -6.974799311277493086e-01 1.607520738531781068e-01 1.143895682250143819e+00
3.833089175008714267e-01 -5.655161276147037119e-01 1.535281274551952568e-01 1.143895682250143819e+00
3.556809762461649038e-01 -4.495135228013778517e-01 1.465163389565422025e-01 1.143895682250143819e+00
3.250236030242987795e-01 -3.520301241215521015e-01 1.381799221111180698e-01 1.143895682250143819e+00
2.969129934837749230e-01 -2.710055103613620564e-01 1.304902543140883109e-01 1.143895682250143819e+00
2.690798762081715867e-01 -2.062478703708417460e-01 1.226935949710919321e-01 1.143895682250143819e+00
2.422142653200707041e-01 -1.585334364407054997e-01 1.144455236699238598e-01 1.143895682250143819e+00
2.168200189679167500e-01 -1.235603817039290370e-01 1.052287313944575281e-01 1.143895682250143819e+00
1.944276706526265053e-01 -9.889354663344121499e-02 9.699217384378955309e-02 1.143895682250143819e+00
1.743476920436451971e-01 -8.230365204512203603e-02 8.937267485047180327e-02 1.143895682250143819e+00
1.561113578989697104e-01 -7.245187768266711514e-02 8.269060497587490954e-02 1.143895682250143819e+00
1.398532382200780300e-01 -6.744067311763937700e-02 7.520823394730628830e-02 1.143895682250143819e+00
1.261602017419636568e-01 -6.820374189806192866e-02 6.854448254222454684e-02 1.143895682250143819e+00
1.128595578311154118e-01 -7.498183660738579059e-02 6.267144138793580288e-02 1.143895682250143819e+00
3.577171987742226444e-01 -1.256945655879642576e+00 1.319242844635358236e-01 1.118626776468727435e+00
3.858527268683408229e-01 -1.297437719714499060e+00 1.516831455120220273e-01 1.118626776468727435e+00
4.006472674455600069e-01 -1.292952060001540726e+00 1.586690399548142394e-01 1.118626776468727435e+00
4.026919134189699823e-01 -1.210225371175303266e+00 1.654543403724372530e-01 1.118626776468727435e+00
4.024318653096773390e-01 -1.065142802243694398e+00 1.752518187117427517e-01 1.118626776468727435e+00
4.038989901392847082e-01 -9.036535769993828682e-01 1.735228134127834998e-01 1.118626776468727435e+00
3.996499087905818759e-01 -7.548684112905764687e-01 1.682243847174015039e-01 1.118626776468727435e+00
3.853057134365053815e-01 -6.235830263373585147e-01 1.623068648638154032e-01 1.118626776468727435e+00
3.639317939327531559e-01 -5.052528031747917092e-01 1.560428055770660405e-01 1.118626776468727435e+00
3.385634177656995369e-01 -4.036895735919485140e-01 1.498099837012283608e-01 1.118626776468727435e+00
3.095106611030321586e-01 -3.155192478258249111e-01 1.432155127011860984e-01 1.118626776468727435e+00
2.793674150733114758e-01 -2.425742915958836732e-01 1.360341333897927829e-01 1.118626776468727435e+00
2.522625160185117399e-01 -1.867927552482558928e-01 1.276782322676460746e-01 1.118626776468727435e+00
2.289391705951031863e-01 -1.450513194218824298e-01 1.177314424572827728e-01 1.118626776468727435e+00
2.090250195797797583e-01 -1.155531926163684692e-01 1.086794187527349853e-01 1.118626776468727435e+00
1.901777284621779252e-01 -9.500657083525010371e-02 1.003108622705099484e-01 1.118626776468727435e+00
1.717822428049163019e-01 -8.161684727836998610e-02 9.340451580535284737e-02 1.118626776468727435e+00
1.557315772248538954e-01 -7.390596161732475300e-02 8.555894527590793275e-02 1.118626776468727435e+00
1.414964417849172151e-01 -7.268199713648117177e-02 7.830753888977373678e-02 1.118626776468727435e+00
1.262845784860405496e-01 -7.758496224923573659e-02 7.182954231374640008e-02 1.118626776468727435e+00
3.458171716923554295e-01 -1.236070762147014612e+00 1.274295078616709820e-01 1.074988715323522914e+00
3.759272381983420064e-01 -1.280869838055155308e+00 1.455430610501425304e-01 1.074988715323522914e+00
3.887538983549028160e-01 -1.283184735365038520e+00 1.512927936785657956e-01 1.074988715323522914e+00
3.904548983338173573e-01 -1.219419364098844660e+00 1.597938788475874450e-01 1.074988715323522914e+00
3.926977313755409260e-01 -1.094698865087152306e+00 1.700628047820528510e-01 1.074988715323522914e+00
3.974519751715896998e-01 -9.492498196043109848e-01 1.720488355701087213e-01 1.074988715323522914e+00
3.960951899512541452e-01 -8.106646597967656076e-01 1.709972878394170337e-01 1.074988715323522914e+00
3.847451500495355781e-01 -6.789652879757578363e-01 1.671499961531349721e-01 1.074988715323522914e+00
3.674183642191213295e-01 -5.581729906088268578e-01 1.619405041155226599e-01 1.074988715323522914e+00
3.464531910665168413e-01 -4.503769771749919215e-01 1.570398896296059110e-01 1.074988715323522914e+00
3.220192232451640768e-01 -3.580757704218201498e-01 1.509098955791081664e-01 1.074988715323522914e+00
2.937903595555149683e-01 -2.789950974020723451e-01 1.441756590727325815e-01 1.074988715323522914e+00
2.678518222482849098e-01 -2.172460938373590167e-01 1.364325421695758433e-01 1.074988715323522914e+00
2.435431277013211104e-01 -1.696111664032078081e-01 1.276494854841412063e-01 1.074988715323522914e+00
2.217445458181862838e-01 -1.351645414603690754e-01 1.192227561728864405e-01 1.074988715323522914e+00
2.027630302839152354e-01 -1.105138980606288068e-01 1.110108361297623553e-01 1.074988715323522914e+00
1.857983860471800197e-01 -9.389396384404398443e-02 1.044050596516714335e-01 1.074988715323522914e+00
1.706123717117238592e-01 -8.346858813790299092e-02 9.591020710057418519e-02 1.074988715323522914e+00
1.543766968256615746e-01 -8.007773287465845546e-02 8.833142061840702775e-02 1.074988715323522914e+00
1.383186949922982356e-01 -8.405960486101395068e-02 8.150106594359179946e-02 1.074988715323522914e+00
3.371236280462231449e-01 -1.221865011569777559e+00 1.202562334597624266e-01 1.060131918050716049e+00
3.620702027657953792e-01 -1.264141118211237869e+00 1.340277109139188239e-01 1.060131918050716049e+00
3.733353059072410662e-01 -1.272066215113291765e+00 1.391046120422594068e-01 1.060131918050716049e+00
3.820402495179719971e-01 -1.221992553816554361e+00 1.496159947646332200e-01 1.060131918050716049e+00
3.838872539259621797e-01 -1.116393657460811317e+00 1.625132740978050550e-01 1.060131918050716049e+00
3.873951993772194458e-01 -9.862237970415217436e-01 1.684897462897619602e-01 1.060131918050716049e+00
3.893686842639637602e-01 -8.576831146018739638e-01 1.696464171637646345e-01 1.060131918050716049e+00
3.844597144255112453e-01 -7.320535590559137384e-01 1.685515988868341308e-01 1.060131918050716049e+00
3.730543818055278571e-01 -6.116455476953158721e-01 1.649496435063368127e-01 1.060131918050716049e+00
3.540483464818191539e-01 -4.977177444012152452e-01 1.605000624585347924e-01 1.060131918050716049e+00
3.315472326588176921e-01 -3.984581014650005470e-01 1.556998145533866340e-01 1.060131918050716049e+00
3.083019275426218675e-01 -3.156865848022441523e-01 1.501034577335278730e-01 1.060131918050716049e+00
2.860277686880389747e-01 -2.506187726868653876e-01 1.429955285972080437e-01 1.060131918050716049e+00
2.618340961749246465e-01 -1.991718198826077368e-01 1.357256862102167727e-01 1.060131918050716049e+00
2.377649163135843458e-01 -1.589444781113397431e-01 1.286781733688351359e-01 1.060131918050716049e+00
2.164867538954050596e-01 -1.291380320280041960e-01 1.207729444487670306e-01 1.060131918050716049e+00
1.962172631381440546e-01 -1.079762581170371494e-01 1.137536598702642426e-01 1.060131918050716049e+00
1.777109820448951882e-01 -9.407606828789143172e-02 1.048765297160584725e-01 1.060131918050716049e+00
1.618171655209083015e-01 -8.788717202268338247e-02 9.706545204285541018e-02 1.060131918050716049e+00
1.456709773218757553e-01 -8.959746736905485620e-02 8.974209919146310110e-02 1.060131918050716049e+00
3.288177723597686675e-01 -1.206229858639680019e+00 1.116302323509347494e-01 1.083590160038189643e+00
3.524549532762942805e-01 -1.248432957577001012e+00 1.246725738786343685e-01 1.083590160038189643e+00
3.658438530008380485e-01 -1.268024132511846425e+00 1.317582394676763136e-01 1.083590160038189643e+00
3.742365075679929265e-01 -1.225629111806825877e+00 1.434055470538069810e-01 1.083590160038189643e+00
3.742536667823274099e-01 -1.130031054123097345e+00 1.567800399314997206e-01 1.083590160038189643e+00
3.819750394329844423e-01 -1.013449476092399992e+00 1.623795061467123158e-01 1.083590160038189643e+00
3.859077895295351390e-01 -8.948418236541038073e-01 1.651086737823277417e-01 1.083590160038189643e+00
3.819486365107412906e-01 -7.745263440276158873e-01 1.670077313773843664e-01 1.083590160038189643e+00
3.700492460891822155e-01 -6.544020118446925993e-01 1.663360674129112093e-01 1.083590160038189643e+00
3.512407817525484699e-01 -5.400119370421100351e-01 1.626135196904275604e-01 1.083590160038189643e+00
3.316505825971816090e-01 -4.381760347460799121e-01 1.584401666789046204e-01 1.083590160038189643e+00
3.106665192566926414e-01 -3.503104055270043204e-01 1.528255026241442660e-01 1.083590160038189643e+00
2.896026474371661275e-01 -2.799449718800179898e-01 1.468327056744791470e-01 1.083590160038189643e+00
2.678092698017620066e-01 -2.227348489853145652e-01 1.403586161513686315e-01 1.083590160038189643e+00
2.455363334965868227e-01 -1.779252367380538824e-01 1.339114292067365430e-01 1.083590160038189643e+00
2.253986957035515326e-01 -1.452128074856405548e-01 1.263628370448217908e-01 1.083590160038189643e+00
2.056713019920078933e-01 -1.216581576762497119e-01 1.198297467880820449e-01 1.083590160038189643e+00
1.862493849101232724e-01 -1.041573329658008612e-01 1.115301431787010800e-01 1.083590160038189643e+00
1.698246185821551957e-01 -9.502795462586589859e-02 1.032997551592813312e-01 1.083590160038189643e+00
1.542247542697990637e-01 -9.512560934376054766e-02 9.605579386513528328e-02 1.083590160038189643e+00
3.174288302100024550e-01 -1.191503541008383182e+00 1.040361058681482237e-01 1.120380763132387436e+00
3.469637779098121433e-01 -1.238180242325706004e+00 1.174725986891910073e-01 1.120380763132387436e+00
3.675864536574519614e-01 -1.269518578092031058e+00 1.259988303801710396e-01 1.120380763132387436e+00
3.705863206391483700e-01 -1.234660828515257824e+00 1.406832359892692397e-01 1.120380763132387436e+00
3.653570882287819899e-01 -1.142724217811848408e+00 1.556392789987044722e-01 1.120380763132387436e+00
3.710209778893978072e-01 -1.031986685262034520e+00 1.609548983812400802e-01 1.120380763132387436e+00
3.746500638906463676e-01 -9.192478566769357595e-01 1.629096036098778844e-01 1.120380763132387436e+00
3.738239352912205438e-01 -8.054305051897792112e-01 1.624679277406601841e-01 1.120380763132387436e+00
3.680285760684258722e-01 -6.914169178433148266e-01 1.616379214042265866e-01 1.120380763132387436e+00
3.547924934804596031e-01 -5.800408997354827845e-01 1.601029465235125349e-01 1.120380763132387436e+00
3.361887955874641731e-01 -4.762187454159297895e-01 1.571621861760496563e-01 1.120380763132387436e+00
3.138163764368951392e-01 -3.838386682187408527e-01 1.524715760004627663e-01 1.120380763132387436e+00
2.926073687040794957e-01 -3.086710698686923049e-01 1.479006127309208107e-01 1.120380763132387436e+00
2.729076475159119552e-01 -2.484333810885291371e-01 1.423672578955218204e-01 1.120380763132387436e+00
2.547257584520449814e-01 -2.020240566603996313e-01 1.354072834346218002e-01 1.120380763132387436e+00
2.365076785108413127e-01 -1.667080178135521007e-01 1.279523568385857457e-01 1.120380763132387436e+00
2.168274159173877447e-01 -1.393175736485594840e-01 1.224378070178893246e-01 1.120380763132387436e+00
1.981198260733176841e-01 -1.185368847432611838e-01 1.150436337551983546e-01 1.120380763132387436e+00
1.810881870471491850e-01 -1.065902040885093049e-01 1.078088139796885003e-01 1.120380763132387436e+00
1.642658231260937240e-01 -1.042217401411570793e-01 1.008203710080195631e-01 1.120380763132387436e+00
3.080875242494193200e-01 -1.180939879308094964e+00 1.016079480979300287e-01 1.122499903169802415e+00
3.429562572128163067e-01 -1.231322053463687727e+00 1.132267504447474760e-01 1.122499903169802415e+00
3.695256966595845682e-01 -1.268311849236795297e+00 1.192803733206453387e-01 1.122499903169802415e+00
3.697037429237893247e-01 -1.239679001997499030e+00 1.313515412714857666e-01 1.122499903169802415e+00
3.609054472486675769e-01 -1.155260083083499367e+00 1.467582893226392349e-01 1.122499903169802415e+00
3.664444845227658454e-01 -1.050625109657862266e+00 1.532576066026062056e-01 1.122499903169802415e+00
3.732926875370929376e-01 -9.430048954570627862e-01 1.556353849088032704e-01 1.122499903169802415e+00
3.739796938912435253e-01 -8.322240007556995778e-01 1.576493501313833145e-01 1.122499903169802415e+00
3.696438714644071921e-01 -7.191690819969975834e-01 1.582065835073089843e-01 1.122499903169802415e+00
3.576886106750711836e-01 -6.085693238343132805e-01 1.583466566692137145e-01 1.122499903169802415e+00
3.402645459329081690e-01 -5.055145800412244039e-01 1.565961621471113896e-01 1.122499903169802415e+00
3.211223611566469960e-01 -4.150151425864569976e-01 1.524488094881776556e-01 1.122499903169802415e+00
3.041370533456368985e-01 -3.422563560020709938e-01 1.478491996824518873e-01 1.122499903169802415e+00
2.862847912609506329e-01 -2.804963459728699871e-01 1.421464424301401019e-01 1.122499903169802415e+00
2.676447810798933125e-01 -2.300796452571946538e-01 1.358459086741565791e-01 1.122499903169802415e+00
2.481258096188850570e-01 -1.901610928891158125e-01 1.299429627069649540e-01 1.122499903169802415e+00
2.285135128270148197e-01 -1.592245207310240551e-01 1.243569417315842501e-01 1.122499903169802415e+00
2.111136446726418203e-01 -1.358017134328014242e-01 1.166951271341805513e-01 1.122499903169802415e+00
1.949867348343716500e-01 -1.209886161895389334e-01 1.093492471541921418e-01 1.122499903169802415e+00
1.770104830936056473e-01 -1.160542494676744668e-01 1.024019401521850114e-01 1.122499903169802415e+00
3.017946942120414699e-01 -1.173926936236848073e+00 9.896301975531335282e-02 1.083383670149495215e+00
3.379317420669071814e-01 -1.224187652121009107e+00 1.091274957590805117e-01 1.083383670149495215e+00
3.655461857616179033e-01 -1.265945072209879729e+00 1.145162714883348892e-01 1.083383670149495215e+00
3.693793491555860120e-01 -1.243153062537193820e+00 1.269279260082311900e-01 1.083383670149495215e+00
3.601701541876921597e-01 -1.164579184663679712e+00 1.400122893116620415e-01 1.083383670149495215e+00
3.666925969847270594e-01 -1.063965276470114407e+00 1.476876338405998801e-01 1.083383670149495215e+00
3.745811524175990392e-01 -9.621210778440686395e-01 1.524373916639933657e-01 1.083383670149495215e+00
3.738835148707110312e-01 -8.579381990954273451e-01 1.550418049653978503e-01 1.083383670149495215e+00
3.681999239224656995e-01 -7.503061487971385279e-01 1.560469191740322115e-01 1.083383670149495215e+00
3.561815051951595090e-01 -6.421215076109288988e-01 1.580520488051453676e-01 1.083383670149495215e+00
3.410389774496445092e-01 -5.415865804791143434e-01 1.575137552592850154e-01 1.083383670149495215e+00
3.259774368594140492e-01 -4.517908377362894745e-01 1.550851705737514297e-01 1.083383670149495215e+00
3.137642118832238980e-01 -3.772592083908209992e-01 1.510046431246931109e-01 1.083383670149495215e+00
3.007917137063495505e-01 -3.136541498749664258e-01 1.457762095286133930e-01 1.083383670149495215e+00
2.842970756595081805e-01 -2.595531457897782834e-01 1.392135756950068914e-01 1.083383670149495215e+00
2.638082519877347765e-01 -2.161886436135414813e-01 1.335352355789729550e-01 1.083383670149495215e+00
2.424094297423828870e-01 -1.803708703817699932e-01 1.297670977946502324e-01 1.083383670149495215e+00
2.221325426665589076e-01 -1.514003625108293616e-01 1.223234144541877344e-01 1.083383670149495215e+00
2.036745425726861625e-01 -1.324509640115750508e-01 1.155537906434904449e-01 1.083383670149495215e+00
1.855949623493824141e-01 -1.240062679606297597e-01 1.089501020751201810e-01 1.083383670149495215e+00
2.950528939068520762e-01 -1.168700248326875801e+00 1.000492426886670505e-01 1.085928051062684085e+00
3.298303396500095741e-01 -1.217715851002261207e+00 1.092817089784559881e-01 1.085928051062684085e+00
3.615963129127667264e-01 -1.259129028704341735e+00 1.148512677881625837e-01 1.085928051062684085e+00
3.622951399659207206e-01 -1.239695484039797124e+00 1.264289345974187184e-01 1.085928051062684085e+00
3.570625430748829987e-01 -1.167102485783560573e+00 1.390244038150272032e-01 1.085928051062684085e+00
3.639172506630738435e-01 -1.077954990613739339e+00 1.454936780099243543e-01 1.085928051062684085e+00
3.744061281068560842e-01 -9.848464956411606686e-01 1.495834247557127628e-01 1.085928051062684085e+00
3.784993199447038714e-01 -8.875032219753022922e-01 1.517484782466956283e-01 1.085928051062684085e+00
3.711833051879453449e-01 -7.834795774540981306e-01 1.535067332941669471e-01 1.085928051062684085e+00
3.599667554213055176e-01 -6.772410340541347162e-01 1.579156415840663741e-01 1.085928051062684085e+00
3.474040766161257121e-01 -5.768772878649801594e-01 1.592248370286059034e-01 1.085928051062684085e+00
3.337878056284986905e-01 -4.842926784784676864e-01 1.570239554907692514e-01 1.085928051062684085e+00
3.223556333522750728e-01 -4.060874065475567618e-01 1.544189476190469812e-01 1.085928051062684085e+00
3.085985469255864699e-01 -3.386992768533509945e-01 1.505284164977636618e-01 1.085928051062684085e+00
2.931055019967934161e-01 -2.825393448937012497e-01 1.457051998572862495e-01 1.085928051062684085e+00
2.765932782952208457e-01 -2.367283379590966186e-01 1.403356647000602586e-01 1.085928051062684085e+00
2.583091365847678955e-01 -1.991386345625444088e-01 1.362708415123610739e-01 1.085928051062684085e+00
2.346303193203195803e-01 -1.662266647460337032e-01 1.290838466225883163e-01 1.085928051062684085e+00
2.121850757625332873e-01 -1.426033213241117981e-01 1.218349455552786842e-01 1.085928051062684085e+00
1.914099214396349780e-01 -1.303436961875545363e-01 1.150921690141930298e-01 1.085928051062684085e+00
2.879510323718000309e-01 -1.165193776791252356e+00 1.004268138528936760e-01 1.149990503738701264e+00
3.217583257959488185e-01 -1.213980953846868660e+00 1.109245188653549541e-01 1.149990503738701264e+00
3.551815300946171150e-01 -1.255373114179575644e+00 1.151476870176177114e-01 1.149990503738701264e+00
3.549876343499958620e-01 -1.240345695077570864e+00 1.257902468163563936e-01 1.149990503738701264e+00
3.509682568031946559e-01 -1.174109234261729195e+00 1.366398277034234221e-01 1.149990503738701264e+00
3.589765562914683517e-01 -1.087085820811427128e+00 1.427446320219105946e-01 1.149990503738701264e+00
3.689254385963312011e-01 -9.965624622717806913e-01 1.449984303180315293e-01 1.149990503738701264e+00
3.731082382514007145e-01 -9.015101924853600179e-01 1.477156702508471142e-01 1.149990503738701264e+00
3.700295860446565777e-01 -8.016156867219007554e-01 1.528187048187375496e-01 1.149990503738701264e+00
3.639387921232860590e-01 -7.014514396151934061e-01 1.579135657731603193e-01 1.149990503738701264e+00
3.558408723542983432e-01 -6.037046324573651646e-01 1.571313739520512898e-01 1.149990503738701264e+00
3.436018666698519852e-01 -5.112872770839717029e-01 1.545915043697678737e-01 1.149990503738701264e+00
3.300218900466718175e-01 -4.295816452472157043e-01 1.529650970186710313e-01 1.149990503738701264e+00
3.156561855319966470e-01 -3.576881105746138600e-01 1.507836651895152480e-01 1.149990503738701264e+00
3.003960292070376181e-01 -2.973847148607253188e-01 1.475245763877471028e-01 1.149990503738701264e+00
2.804479078292049787e-01 -2.475314317436416167e-01 1.434620208635855876e-01 1.149990503738701264e+00
2.601001638880733879e-01 -2.075327644820432471e-01 1.403821206913447306e-01 1.149990503738701264e+00
2.391601818981949068e-01 -1.740987342720698161e-01 1.333355221746669039e-01 1.149990503738701264e+00
2.205677130522998297e-01 -1.502140564546493029e-01 1.260145432835405865e-01 1.149990503738701264e+00
2.007085390193693863e-01 -1.371379894812342903e-01 1.187536298217288788e-01 1.149990503738701264e+00
2.836845832707206583e-01 -1.164742677673858307e+00 1.005561704897608016e-01 1.224542610280663135e+00
3.204010196292496615e-01 -1.213968564660711680e+00 1.083888302877191040e-01 1.224542610280663135e+00
3.558085635176140848e-01 -1.256514136101086088e+00 1.110912370738272037e-01 1.224542610280663135e+00
3.517710464627475941e-01 -1.241769677161487895e+00 1.228596477447608248e-01 1.224542610280663135e+00
3.439415640968226384e-01 -1.179014467038021374e+00 1.338752157262174391e-01 1.224542610280663135e+00
3.541411627903882642e-01 -1.094051861963651229e+00 1.390957159567195178e-01 1.224542610280663135e+00
3.651936292552241392e-01 -1.006862300677565436e+00 1.416577799501973489e-01 1.224542610280663135e+00
3.691336682565979355e-01 -9.169816864786787258e-01 1.446663714375500676e-01 1.224542610280663135e+00
3.693696056462201227e-01 -8.221371014869877092e-01 1.485562094695966340e-01 1.224542610280663135e+00
3.682099945755205050e-01 -7.244776823386593900e-01 1.507177715883645241e-01 1.224542610280663135e+00
3.642693870245014010e-01 -6.296912822748127470e-01 1.516802495743258816e-01 1.224542610280663135e+00
3.546014425165439632e-01 -5.374223205909691714e-01 1.527636448418658310e-01 1.224542610280663135e+00
3.380175393922347782e-01 -4.538721933562272493e-01 1.527713500583680328e-01 1.224542610280663135e+00
3.201318196768875857e-01 -3.791206283020391310e-01 1.523686859526477144e-01 1.224542610280663135e+00
3.020202666380555900e-01 -3.161303554947908490e-01 1.499705626254888846e-01 1.224542610280663135e+00
2.845049868427984574e-01 -2.645205733867558862e-01 1.451765265974400698e-01 1.224542610280663135e+00
2.664525146351100493e-01 -2.216116503461215692e-01 1.419450991426663700e-01 1.224542610280663135e+00
2.474140299330384596e-01 -1.854339684910467634e-01 1.355771715325209403e-01 1.224542610280663135e+00
2.285539992697147582e-01 -1.605719276888948333e-01 1.288474012171371974e-01 1.224542610280663135e+00
2.086437339317572248e-01 -1.467624927965139325e-01 1.222943617435135466e-01 1.224542610280663135e+00
2.800073147172625343e-01 -1.164230185714347110e+00 9.870963946621741369e-02 1.215861427826830710e+00
3.198554535209125471e-01 -1.212733738901155656e+00 1.054298249278297489e-01 1.215861427826830710e+00
3.549587541201113527e-01 -1.255413932123253584e+00 1.089227622109138482e-01 1.215861427826830710e+00
3.473293900741499241e-01 -1.240780201534933180e+00 1.205118226467250669e-01 1.215861427826830710e+00
3.419155229497814474e-01 -1.182829451432500178e+00 1.311427209165852703e-01 1.215861427826830710e+00
3.506090192514821346e-01 -1.104419619657832197e+00 1.385319855173501868e-01 1.215861427826830710e+00
3.598387527048710899e-01 -1.018251391905561798e+00 1.443889179641915377e-01 1.215861427826830710e+00
3.629061350989227219e-01 -9.285542372177584269e-01 1.476798370187870912e-01 1.215861427826830710e+00
3.632792074225754675e-01 -8.357877169684322372e-01 1.508179117484597376e-01 1.215861427826830710e+00
3.653428650927268428e-01 -7.415342731448023583e-01 1.540132242416333008e-01 1.215861427826830710e+00
3.642765724523740478e-01 -6.485560858623389269e-01 1.565427026705718816e-01 1.215861427826830710e+00
3.533586820065815481e-01 -5.574348937817519278e-01 1.573568716586856986e-01 1.215861427826830710e+00
3.392062295564569063e-01 -4.753240691870228019e-01 1.565518666584352070e-01 1.215861427826830710e+00
3.219676703862061617e-01 -4.017069996080658845e-01 1.549958692231414581e-01 1.215861427826830710e+00
3.056589750310031994e-01 -3.374359946818407119e-01 1.507248839629510007e-01 1.215861427826830710e+00
2.914761463667619457e-01 -2.840786459648381168e-01 1.449511706197767757e-01 1.215861427826830710e+00
2.752582153690707467e-01 -2.386560732015746422e-01 1.415337601868732476e-01 1.215861427826830710e+00
2.554072542233822296e-01 -1.998855946355195812e-01 1.353005632477827513e-01 1.215861427826830710e+00
2.344612008314412577e-01 -1.723231260676487409e-01 1.301336313831516489e-01 1.215861427826830710e+00
2.144240494244408213e-01 -1.564305794988100351e-01 1.249325583921033211e-01 1.215861427826830710e+00
2.794660156950505847e-01 -1.161821927037352431e+00 9.925744181615737960e-02 1.145614103608554979e+00
3.175169753613453771e-01 -1.204616277760468090e+00 1.065447151381923030e-01 1.145614103608554979e+00
3.491284458717965333e-01 -1.247444035039114052e+00 1.095430200405264343e-01 1.145614103608554979e+00
3.444484426677755784e-01 -1.239142505989808685e+00 1.204954892470064126e-01 1.145614103608554979e+00
3.399067923887401088e-01 -1.188254476938717330e+00 1.329997990817617937e-01 1.145614103608554979e+00
3.499683439821731912e-01 -1.114778085462395651e+00 1.395462688990541378e-01 1.145614103608554979e+00
3.571999281237019375e-01 -1.032880144695872637e+00 1.442442904627885270e-01 1.145614103608554979e+00
3.570322135209355596e-01 -9.438151703552754013e-01 1.479590275362426821e-01 1.145614103608554979e+00
3.582743181991800974e-01 -8.528805903911776953e-01 1.513703280677699825e-01 1.145614103608554979e+00
3.604578805321242974e-01 -7.599945476807568046e-01 1.540829393397975533e-01 1.145614103608554979e+00
3.573886924809082100e-01 -6.686627947443679609e-01 1.553360567786363500e-01 1.145614103608554979e+00
3.479901520672051829e-01 -5.782777636805188637e-01 1.562850394011052746e-01 1.145614103608554979e+00
3.373532564489070129e-01 -4.968977351424507249e-01 1.561309316142570902e-01 1.145614103608554979e+00
3.251138921213601041e-01 -4.230113390367465920e-01 1.550301883749735932e-01 1.145614103608554979e+00
3.138004918532301679e-01 -3.583525359911481911e-01 1.519116981693445501e-01 1.145614103608554979e+00
2.994974874258430342e-01 -3.038161128522960386e-01 1.467954465106976192e-01 1.145614103608554979e+00
2.835007823095913593e-01 -2.574166748841020258e-01 1.431300363043938317e-01 1.145614103608554979e+00
2.635167956780194998e-01 -2.166201772193148134e-01 1.365933993665723323e-01 1.145614103608554979e+00
2.417202042753737179e-01 -1.855777853718711401e-01 1.312188553000992741e-01 1.145614103608554979e+00
2.196606762199052043e-01 -1.652154250804043212e-01 1.256520852671594579e-01 1.145614103608554979e+00
2.759148999029640281e-01 -1.156866584427764577e+00 9.740558428948352387e-02 1.072404790338059577e+00
3.156916689098211437e-01 -1.199377311282072478e+00 1.029330556441796080e-01 1.072404790338059577e+00
3.471482398974339301e-01 -1.242015580383156959e+00 1.058514271352133107e-01 1.072404790338059577e+00
3.490237277665525495e-01 -1.239069277050202311e+00 1.171358592958589434e-01 1.072404790338059577e+00
3.400192994263395163e-01 -1.191599335965632500e+00 1.320004681065092833e-01 1.072404790338059577e+00
3.411621870554682467e-01 -1.120969802479808930e+00 1.396510619175665713e-01 1.072404790338059577e+00
3.484449510625016178e-01 -1.041350587024300278e+00 1.408978430343557908e-01 1.072404790338059577e+00
3.528426581135636342e-01 -9.548438690073841606e-01 1.422084730526272101e-01 1.072404790338059577e+00
3.540610302156531053e-01 -8.675970077353224452e-01 1.460799519977095950e-01 1.072404790338059577e+00
3.541784962400637560e-01 -7.758835130004719804e-01 1.500521553027924782e-01 1.072404790338059577e+00
3.491892076673193124e-01 -6.839321901385010394e-01 1.523221141584234217e-01 1.072404790338059577e+00
3.430070028094759360e-01 -5.946413343860061929e-01 1.544640554567038582e-01 1.072404790338059577e+00
3.382381586965433340e-01 -5.140038826932215033e-01 1.546944410844392770e-01 1.072404790338059577e+00
3.290963201210096445e-01 -4.404635541669110754e-01 1.539042657740920805e-01 1.072404790338059577e+00
3.164750975483911488e-01 -3.740425000082170381e-01 1.516970427289995871e-01 1.072404790338059577e+00
3.016848803474745377e-01 -3.158627435429136043e-01 1.484625231628929065e-01 1.072404790338059577e+00
2.891198142872732357e-01 -2.680189421733972233e-01 1.457107635836031312e-01 1.072404790338059577e+00
2.727130783206248577e-01 -2.273418701791878049e-01 1.399530189473072728e-01 1.072404790338059577e+00
2.539735349460754410e-01 -1.968017243236857283e-01 1.338524976091907681e-01 1.072404790338059577e+00
2.318009869075181584e-01 -1.754455051779726937e-01 1.285125717081108399e-01 1.072404790338059577e+00
2.682367267161319679e-01 -1.151263685606007892e+00 9.425868952396276867e-02 1.030609872717618947e+00
3.113635500142389878e-01 -1.195705355617066479e+00 9.872585533459418694e-02 1.030609872717618947e+00
3.485232456691464975e-01 -1.240590049650970528e+00 1.005600053818905132e-01 1.030609872717618947e+00
3.478712603226500888e-01 -1.238278470873093395e+00 1.135880772219629020e-01 1.030609872717618947e+00
3.338500912031736600e-01 -1.193328512376398365e+00 1.276038867802917198e-01 1.030609872717618947e+00
3.320176382183660513e-01 -1.125578800965669313e+00 1.344941340442128985e-01 1.030609872717618947e+00
3.408589071779974389e-01 -1.049092169106404127e+00 1.384402298357772232e-01 1.030609872717618947e+00
3.449542602689636417e-01 -9.656575267854825562e-01 1.416858526568884336e-01 1.030609872717618947e+00
3.472315936493088340e-01 -8.805334198201376639e-01 1.454573107016195466e-01 1.030609872717618947e+00
3.454437562973186604e-01 -7.881598137603610388e-01 1.494593842515636040e-01 1.030609872717618947e+00
3.441477605500313786e-01 -6.969027831029814823e-01 1.527217725729151099e-01 1.030609872717618947e+00
3.413267231313100170e-01 -6.092813148762717956e-01 1.550187999336248013e-01 1.030609872717618947e+00
3.368921102462963946e-01 -5.267832175964036745e-01 1.563120612393276709e-01 1.030609872717618947e+00
3.273749117423719324e-01 -4.516595621410056660e-01 1.559167480276817674e-01 1.030609872717618947e+00
3.162269717670805336e-01 -3.844893493818823393e-01 1.537582987610719154e-01 1.030609872717618947e+00
3.034678407518942023e-01 -3.277260253401813594e-01 1.507614448522895112e-01 1.030609872717618947e+00
2.909048058503383993e-01 -2.785245572180079510e-01 1.491414637001507726e-01 1.030609872717618947e+00
2.756658840656154852e-01 -2.370053524183251548e-01 1.444621296197770577e-01 1.030609872717618947e+00
2.589493697998951349e-01 -2.066504083032097705e-01 1.386094645976876094e-01 1.030609872717618947e+00
2.379468662271998491e-01 -1.850562504126427588e-01 1.322468691079794201e-01 1.030609872717618947e+00
2.593699219599684413e-01 -1.146370288927204939e+00 9.115942001373809889e-02 9.834886852391722112e-01
3.040836924783746897e-01 -1.188922497431591951e+00 9.510982903270960576e-02 9.834886852391722112e-01
3.405423023245954806e-01 -1.235748090218265594e+00 9.769668349731600032e-02 9.834886852391722112e-01
3.420295637705897951e-01 -1.240195033724483586e+00 1.099462234076978018e-01 9.834886852391722112e-01
3.296424145744200063e-01 -1.195508677286824639e+00 1.237685936612950427e-01 9.834886852391722112e-01
3.303411981337033287e-01 -1.131011237860034102e+00 1.320311126755052689e-01 9.834886852391722112e-01
3.338181331020530496e-01 -1.056891383027684483e+00 1.369710621361095448e-01 9.834886852391722112e-01
3.354337675813645059e-01 -9.745477634127113209e-01 1.400349210085843898e-01 9.834886852391722112e-01
3.370679237307865339e-01 -8.884388267656206928e-01 1.450529786878856087e-01 9.834886852391722112e-01
3.403536758127447825e-01 -7.993359658512845245e-01 1.521904790555056175e-01 9.834886852391722112e-01
3.454151181803791770e-01 -7.096323953349354952e-01 1.563887055014572258e-01 9.834886852391722112e-01
3.456325932784524713e-01 -6.202142185711310152e-01 1.580553863495746669e-01 9.834886852391722112e-01
3.398876538062667318e-01 -5.357247808519970400e-01 1.582725030344910022e-01 9.834886852391722112e-01
3.315077956441548346e-01 -4.588922749943719070e-01 1.579464019560021526e-01 9.834886852391722112e-01
3.218022370580064240e-01 -3.931872217704773242e-01 1.560153499099198871e-01 9.834886852391722112e-01
3.101160538930782806e-01 -3.368104513986472370e-01 1.525027114356513336e-01 9.834886852391722112e-01
2.966760020704284906e-01 -2.884332789724131652e-01 1.505390599978131405e-01 9.834886852391722112e-01
2.792798059364418051e-01 -2.457367419801841091e-01 1.456894731266999976e-01 9.834886852391722112e-01
2.603199213570184245e-01 -2.125567453952953711e-01 1.406278078627530570e-01 9.834886852391722112e-01
2.385395982093008183e-01 -1.890995498091571358e-01 1.349247377696636274e-01 9.834886852391722112e-01
2.552637520743028521e-01 -1.143405291197281182e+00 8.780673607847627737e-02 1.024646512939559440e+00
2.994519336203882998e-01 -1.186259707349711423e+00 9.300345479256785786e-02 1.024646512939559440e+00
3.344129401881539287e-01 -1.233192267484722660e+00 9.580071628519028215e-02 1.024646512939559440e+00
3.404168142037720668e-01 -1.239749907964700970e+00 1.078074831100818004e-01 1.024646512939559440e+00
3.299123323999263446e-01 -1.197770588702340211e+00 1.229328438447275657e-01 1.024646512939559440e+00
3.284438397731183623e-01 -1.133221048323050262e+00 1.312600638626487404e-01 1.024646512939559440e+00
3.319073283441928979e-01 -1.062303798112277819e+00 1.363195565251727748e-01 1.024646512939559440e+00
3.338569128910772732e-01 -9.811384785950193477e-01 1.407602207466098765e-01 1.024646512939559440e+00
3.363586254677228826e-01 -8.944718073353978838e-01 1.456659046358466936e-01 1.024646512939559440e+00
3.399607483300481903e-01 -8.038883280575701562e-01 1.517364364693580825e-01 1.024646512939559440e+00
3.427832018492528166e-01 -7.110706471064796030e-01 1.546692167843869703e-01 1.024646512939559440e+00
3.408065805300629081e-01 -6.217683977274296447e-01 1.565452105819995776e-01 1.024646512939559440e+00
3.358737287846482178e-01 -5.401988257029332052e-01 1.584563358804250699e-01 1.024646512939559440e+00
3.308952810816592760e-01 -4.663656920359307567e-01 1.578194197115015407e-01 1.024646512939559440e+00
3.230548280740282441e-01 -3.997384187674766221e-01 1.559945347635905977e-01 1.024646512939559440e+00
3.106721463945034678e-01 -3.405012120783556528e-01 1.537800818125697189e-01 1.024646512939559440e+00
2.979749047616719326e-01 -2.900092774766534487e-01 1.522430570469809341e-01 1.024646512939559440e+00
2.808188489322522852e-01 -2.458296608763614055e-01 1.474840107907738618e-01 1.024646512939559440e+00
2.635144950583270251e-01 -2.121514420195887429e-01 1.422853506490384667e-01 1.024646512939559440e+00
2.439630472689925944e-01 -1.907054012742376570e-01 1.374416800982678766e-01 1.024646512939559440e+00
2.510271208888392169e-01 -1.139031797866136841e+00 8.443922115700959463e-02 1.062280533443850983e+00
2.942833076652804358e-01 -1.182043401817933770e+00 8.911359083448998353e-02 1.062280533443850983e+00
3.366984855306773827e-01 -1.232443274810893552e+00 9.339688663854246731e-02 1.062280533443850983e+00
3.399241935964417149e-01 -1.236836458098608871e+00 1.072390877134806741e-01 1.062280533443850983e+00
3.295124639764034358e-01 -1.195037666977392554e+00 1.201164817806457813e-01 1.062280533443850983e+00
3.317513284237403881e-01 -1.132952357848270974e+00 1.275235662069238995e-01 1.062280533443850983e+00
3.353222665480409814e-01 -1.063514951676855391e+00 1.324222915493599440e-01 1.062280533443850983e+00
3.347566153819468981e-01 -9.859789999971880770e-01 1.381380826818069951e-01 1.062280533443850983e+00
3.375799540969634527e-01 -9.008477581880295348e-01 1.428385724037210813e-01 1.062280533443850983e+00
3.426574672202452598e-01 -8.096469213392905040e-01 1.455541980089877507e-01 1.062280533443850983e+00
3.439741856009613241e-01 -7.187219098091444103e-01 1.476544225945052580e-01 1.062280533443850983e+00
3.415304033540086937e-01 -6.324997006029043911e-01 1.499695566954744874e-01 1.062280533443850983e+00
3.373303215624983142e-01 -5.513394141925220815e-01 1.525066677480276245e-01 1.062280533443850983e+00
3.309194568031814110e-01 -4.736872032748997707e-01 1.544931963158844845e-01 1.062280533443850983e+00
3.242578213574155988e-01 -4.051621445153247847e-01 1.542445034532474724e-01 1.062280533443850983e+00
3.154030526010168645e-01 -3.464322030978049249e-01 1.530123878281633432e-01 1.062280533443850983e+00
3.024842474648691271e-01 -2.951304084143909212e-01 1.515182447183438530e-01 1.062280533443850983e+00
2.841922503682957069e-01 -2.488304987519534828e-01 1.466572089118088895e-01 1.062280533443850983e+00
2.655904692013677515e-01 -2.154943099273000651e-01 1.407784709442426174e-01 1.062280533443850983e+00
2.464473805301747589e-01 -1.937997802707582262e-01 1.358612378722628966e-01 1.062280533443850983e+00
2.507682293694621922e-01 -1.138917087276451356e+00 8.691424454980678505e-02 1.030663870270108751e+00
2.953390344237226683e-01 -1.180175178916102574e+00 8.998103954532628290e-02 1.030663870270108751e+00
3.394508728433023870e-01 -1.231388866574748553e+00 9.319023629246173113e-02 1.030663870270108751e+00
3.400737468603901581e-01 -1.236004833977822237e+00 1.067083369143263655e-01 1.030663870270108751e+00
3.318873225394133875e-01 -1.194982579346087537e+00 1.208202922955281949e-01 1.030663870270108751e+00
3.349848213197997304e-01 -1.136594446725219809e+00 1.268785317333994411e-01 1.030663870270108751e+00
3.328830371677786726e-01 -1.070403892268799062e+00 1.301734364832067559e-01 1.030663870270108751e+00
3.321160899383800436e-01 -9.967338091410409273e-01 1.354813299084151601e-01 1.030663870270108751e+00
3.367919307347353453e-01 -9.129398251127004427e-01 1.416303605794950460e-01 1.030663870270108751e+00
3.422639231216614841e-01 -8.207299332985695806e-01 1.464341378817041184e-01 1.030663870270108751e+00
3.454865047628575270e-01 -7.287168304324140866e-01 1.487339531549795313e-01 1.030663870270108751e+00
3.457493602723530346e-01 -6.392294069674109291e-01 1.520256638177307218e-01 1.030663870270108751e+00
3.447624652461775963e-01 -5.572311359165631472e-01 1.546993808576028473e-01 1.030663870270108751e+00
3.403750310927147749e-01 -4.832416993920624626e-01 1.546742913729133306e-01 1.030663870270108751e+00
3.323908700589254805e-01 -4.167552978072771586e-01 1.528045820452876846e-01 1.030663870270108751e+00
3.239032245473422167e-01 -3.559741717566437536e-01 1.508579415407861335e-01 1.030663870270108751e+00
3.111413492464455421e-01 -3.033788409515950635e-01 1.492056047015856424e-01 1.030663870270108751e+00
2.895433620765417437e-01 -2.563837264882645739e-01 1.434011137024547855e-01 1.030663870270108751e+00
2.685220924422334621e-01 -2.208028411328784024e-01 1.381831818774534593e-01 1.030663870270108751e+00
2.464139280881287031e-01 -1.957787453510839715e-01 1.337519184349655332e-01 1.030663870270108751e+00
2.534626455949388624e-01 -1.140420161039852331e+00 8.954001009848898407e-02 1.014781931493264455e+00
3.002528974734833267e-01 -1.183301346683800492e+00 9.229414018124057484e-02 1.014781931493264455e+00
3.419477749018388635e-01 -1.234067696227992839e+00 9.555037366276160349e-02 1.014781931493264455e+00
3.369076106497817524e-01 -1.235518669038894624e+00 1.097368274949024475e-01 1.014781931493264455e+00
3.302819025329589708e-01 -1.195736660435659626e+00 1.221769341057478420e-01 1.014781931493264455e+00
3.374612348503112647e-01 -1.139663867595609448e+00 1.265666623176919248e-01 1.014781931493264455e+00
3.365105640633901385e-01 -1.075567306835183867e+00 1.307806016670131077e-01 1.014781931493264455e+00
3.366044616753701701e-01 -1.002931167662865164e+00 1.362011074017738521e-01 1.014781931493264455e+00
3.409009132635866801e-01 -9.192131227086027812e-01 1.418447913275687478e-01 1.014781931493264455e+00
3.450714984880751679e-01 -8.252569640438734977e-01 1.469371927658222332e-01 1.014781931493264455e+00
3.471024986211739272e-01 -7.319167802283861324e-01 1.507689582161600983e-01 1.014781931493264455e+00
3.456017618431742044e-01 -6.405513441921331097e-01 1.522399061699769851e-01 1.014781931493264455e+00
3.445383708304678994e-01 -5.586551180004800665e-01 1.523329339554857498e-01 1.014781931493264455e+00
3.390861877476449293e-01 -4.828748909876293127e-01 1.520163304464629273e-01 1.014781931493264455e+00
3.296301730627113069e-01 -4.144037860275905927e-01 1.502052899992659118e-01 1.014781931493264455e+00
3.161378074226333101e-01 -3.523295939806901367e-01 1.484275299342469601e-01 1.014781931493264455e+00
3.018272798733104278e-01 -2.987040249142758341e-01 1.472476777314583873e-01 1.014781931493264455e+00
2.816932661020661310e-01 -2.519551178713817507e-01 1.429407762759077327e-01 1.014781931493264455e+00
2.634832338539862540e-01 -2.165981504631227794e-01 1.383641956995842470e-01 1.014781931493264455e+00
2.437006658786719793e-01 -1.914428620493446864e-01 1.338684611308628980e-01 1.014781931493264455e+00
2.564249948602887463e-01 -1.141338841316938524e+00 9.260958954977004109e-02 1.033497320787604146e+00
3.051652826216691983e-01 -1.186918989041636063e+00 9.575948784601683028e-02 1.033497320787604146e+00
3.385437484446794376e-01 -1.235515792977822436e+00 9.766505806013588142e-02 1.033497320787604146e+00
3.370265820186501560e-01 -1.237298840224824392e+00 1.096528530795234796e-01 1.033497320787604146e+00
3.326780737024357948e-01 -1.200879278868138167e+00 1.215175901913481821e-01 1.033497320787604146e+00
3.390605319542650542e-01 -1.145595854174660699e+00 1.285682539097337540e-01 1.033497320787604146e+00
3.424179439941669734e-01 -1.082663876912990375e+00 1.348002254117448007e-01 1.033497320787604146e+00
3.469794385279757476e-01 -1.010095546411334366e+00 1.397841091249891754e-01 1.033497320787604146e+00
3.473431872395876252e-01 -9.245640896422121502e-01 1.438744055026411339e-01 1.033497320787604146e+00
3.456445464484848573e-01 -8.288176935778005516e-01 1.486187931807514684e-01 1.033497320787604146e+00
3.461233727081616252e-01 -7.353603102736228081e-01 1.519365093812981293e-01 1.033497320787604146e+00
3.483993063762244047e-01 -6.460440124424127184e-01 1.532070750392014735e-01 1.033497320787604146e+00
3.464712633634786099e-01 -5.599036603589955252e-01 1.535683335445344744e-01 1.033497320787604146e+00
3.383371515362948445e-01 -4.809647992736516553e-01 1.527239036926879290e-01 1.033497320787604146e+00
3.263208348001493397e-01 -4.092187456942978363e-01 1.515605318037953619e-01 1.033497320787604146e+00
3.114422473702250227e-01 -3.461496024430324447e-01 1.502057653098397283e-01 1.033497320787604146e+00
2.967949105090961215e-01 -2.928208207557176923e-01 1.497841095219914764e-01 1.033497320787604146e+00
2.797665621995005791e-01 -2.471225332915947814e-01 1.463106210833871879e-01 1.033497320787604146e+00
2.623858772954492102e-01 -2.133910519961204899e-01 1.408051090772017566e-01 1.033497320787604146e+00
2.406056608796071639e-01 -1.889137258440192479e-01 1.356232732013776254e-01 1.033497320787604146e+00
2.600314754920858840e-01 -1.143911477945980248e+00 9.303503053818799884e-02 1.002296316969043533e+00
3.087776304573607300e-01 -1.190724017840095739e+00 9.525489036303637358e-02 1.002296316969043533e+00
3.444948156811216688e-01 -1.242142016452598252e+00 9.721113991893857997e-02 1.002296316969043533e+00
3.483391987242954735e-01 -1.246352127391297415e+00 1.091714758143758762e-01 1.002296316969043533e+00
3.399546718733705286e-01 -1.210148491850489894e+00 1.211471210312955182e-01 1.002296316969043533e+00
3.421457041215923423e-01 -1.153682674203156511e+00 1.277961749692335947e-01 1.002296316969043533e+00
3.461527676932625308e-01 -1.091366395246394116e+00 1.327367743090224483e-01 1.002296316969043533e+00
3.477681559578456594e-01 -1.018401721405448601e+00 1.389244416803468996e-01 1.002296316969043533e+00
3.500636898462657909e-01 -9.317402491793038699e-01 1.451961301339066424e-01 1.002296316969043533e+00
3.452703497776127284e-01 -8.334396343384855577e-01 1.506578409744126767e-01 1.002296316969043533e+00
3.444161454837301184e-01 -7.373216179982315932e-01 1.553634675073282401e-01 1.002296316969043533e+00
3.458079887080909853e-01 -6.426010354858437967e-01 1.593239453326554256e-01 1.002296316969043533e+00
3.449225312300666646e-01 -5.539003253418082195e-01 1.605309541890291569e-01 1.002296316969043533e+00
3.377813923683221087e-01 -4.755377273393637805e-01 1.592684774528912439e-01 1.002296316969043533e+00
3.263744716043351368e-01 -4.043130981015048420e-01 1.576021319147786204e-01 1.002296316969043533e+00
3.114303410366772717e-01 -3.413651642317706569e-01 1.545433372604176347e-01 1.002296316969043533e+00
2.965239460409889727e-01 -2.893134366237924970e-01 1.536445059528943891e-01 1.002296316969043533e+00
2.808838357388018236e-01 -2.450657901173706466e-01 1.490523282761411217e-01 1.002296316969043533e+00
2.655656367060920120e-01 -2.111974193766351926e-01 1.433265677204583755e-01 1.002296316969043533e+00
2.466006309834942734e-01 -1.890981117786210419e-01 1.389512094434625644e-01 1.002296316969043533e+00
2.617500791949023964e-01 -1.147829779303589426e+00 9.314242134503664117e-02 9.612038547269335931e-01
3.055040193223774181e-01 -1.195541088282753073e+00 9.538149581588210857e-02 9.612038547269335931e-01
3.487798579801025811e-01 -1.251754808115338902e+00 9.803773438965317222e-02 9.612038547269335931e-01
3.545809621417468915e-01 -1.257576508814046257e+00 1.109483768635577683e-01 9.612038547269335931e-01
3.415108673462520228e-01 -1.220011500826507778e+00 1.218016772719152097e-01 9.612038547269335931e-01
3.448780759087301528e-01 -1.164892343467343938e+00 1.273661865549257088e-01 9.612038547269335931e-01
3.497562611729521653e-01 -1.101214470828383751e+00 1.339787245419795103e-01 9.612038547269335931e-01
3.511608277013893997e-01 -1.025471743227204469e+00 1.415387639109140228e-01 9.612038547269335931e-01
3.474068650459775642e-01 -9.349900875731043115e-01 1.463460999930194795e-01 9.612038547269335931e-01
3.439509088232934886e-01 -8.366503140546113215e-01 1.510885691448136392e-01 9.612038547269335931e-01
3.431964141571817173e-01 -7.374755978833252845e-01 1.562125070075398026e-01 9.612038547269335931e-01
3.446026600117809702e-01 -6.403023989827913987e-01 1.599257922232412144e-01 9.612038547269335931e-01
3.450318223198509671e-01 -5.505928551088310474e-01 1.611825341212556606e-01 9.612038547269335931e-01
3.391279404823251409e-01 -4.707112543893551826e-01 1.611792950957453008e-01 9.612038547269335931e-01
3.273917935178265459e-01 -3.992746815740251809e-01 1.603203034563188967e-01 9.612038547269335931e-01
3.135378605842523148e-01 -3.367524877062699762e-01 1.584411674237127809e-01 9.612038547269335931e-01
2.979397876092165220e-01 -2.844389002685588363e-01 1.578568085054395387e-01 9.612038547269335931e-01
2.791981550678231394e-01 -2.395986469091063442e-01 1.527268558034519108e-01 9.612038547269335931e-01
2.614515928930285504e-01 -2.065404681032833312e-01 1.468615233224695449e-01 9.612038547269335931e-01
2.441712386329452089e-01 -1.857688913337857683e-01 1.422506668043660438e-01 9.612038547269335931e-01
2.604978644901345120e-01 -1.156011619965199966e+00 9.371518009270547733e-02 1.042208546992446028e+00
3.024392814076188873e-01 -1.202607791572502638e+00 9.641576989612002380e-02 1.042208546992446028e+00
3.472116947825748534e-01 -1.259803575643495321e+00 1.005525214008553964e-01 1.042208546992446028e+00
3.546692798330225438e-01 -1.268667374632407085e+00 1.147480545291573173e-01 1.042208546992446028e+00
3.459608211879241502e-01 -1.233668476827631144e+00 1.251676832983602550e-01 1.042208546992446028e+00
3.521356754225741792e-01 -1.178448325477741143e+00 1.315452605773553829e-01 1.042208546992446028e+00
3.545346598317850595e-01 -1.111983770895330847e+00 1.382890050236095236e-01 1.042208546992446028e+00
3.513765906811181505e-01 -1.030919002897864090e+00 1.459834483956046480e-01 1.042208546992446028e+00
3.532645160230970527e-01 -9.372138358705470740e-01 1.512532582092361855e-01 1.042208546992446028e+00
3.533773996352016500e-01 -8.369337166879520229e-01 1.560554436531234879e-01 1.042208546992446028e+00
3.495815254033085018e-01 -7.336775380020789106e-01 1.587138816185497958e-01 1.042208546992446028e+00
3.461729683480516129e-01 -6.337729660248669905e-01 1.606667616545841004e-01 1.042208546992446028e+00
3.432978642251157675e-01 -5.444122551736388926e-01 1.626931264337335981e-01 1.042208546992446028e+00
3.355754002101372646e-01 -4.644138974364068750e-01 1.631617515482860492e-01 1.042208546992446028e+00
3.264466221518154132e-01 -3.935416686431869593e-01 1.630836450579911945e-01 1.042208546992446028e+00
3.155687810481074274e-01 -3.336871873464549165e-01 1.612122349827123102e-01 1.042208546992446028e+00
3.009459834439905390e-01 -2.817023005039708816e-01 1.589662041255686942e-01 1.042208546992446028e+00
2.816276574036418179e-01 -2.376874490177932064e-01 1.533476252400821360e-01 1.042208546992446028e+00
2.618966778579677190e-01 -2.048982925399501775e-01 1.479891000041479721e-01 1.042208546992446028e+00
2.419040721686442907e-01 -1.829333716609757576e-01 1.432086976117585009e-01 1.042208546992446028e+00
2.581786531358494230e-01 -1.165424967854360006e+00 9.501411660665981529e-02 1.053849282518686259e+00
3.007935799152967049e-01 -1.213359171566615657e+00 9.745789005763019763e-02 1.053849282518686259e+00
3.473713155057722157e-01 -1.270267017677192412e+00 1.022247227652375162e-01 1.053849282518686259e+00
3.544543990258959276e-01 -1.280271174881213003e+00 1.188397699249224004e-01 1.053849282518686259e+00
3.486016515125421877e-01 -1.243922519491728718e+00 1.301078263399982615e-01 1.053849282518686259e+00
3.548933944358172998e-01 -1.186743328080767546e+00 1.364486284077961187e-01 1.053849282518686259e+00
3.585430970771768533e-01 -1.116300406711433491e+00 1.431505005850995382e-01 1.053849282518686259e+00
3.568610044596289832e-01 -1.031263466520121463e+00 1.479214347908584526e-01 1.053849282518686259e+00
3.544528424924260346e-01 -9.368567618266657737e-01 1.527977375730246445e-01 1.053849282518686259e+00
3.520291183007716040e-01 -8.349724089633433488e-01 1.572521235786275007e-01 1.053849282518686259e+00
3.499030421897229570e-01 -7.307776388083460084e-01 1.591785452355196639e-01 1.053849282518686259e+00
3.477187693921908740e-01 -6.310749995037194804e-01 1.608007508411438968e-01 1.053849282518686259e+00
3.432554225703122741e-01 -5.422218581228597234e-01 1.637054757335026089e-01 1.053849282518686259e+00
3.364097941815497039e-01 -4.607292207320433652e-01 1.650143012999956138e-01 1.053849282518686259e+00
3.266688501884099094e-01 -3.895858955283395542e-01 1.638233043605524242e-01 1.053849282518686259e+00
3.126897766186569894e-01 -3.295624456436184735e-01 1.604663707166600894e-01 1.053849282518686259e+00
2.990940957798037259e-01 -2.803660659371881025e-01 1.587519963413641655e-01 1.053849282518686259e+00
2.814147138904193324e-01 -2.375046532131111221e-01 1.534066881961864692e-01 1.053849282518686259e+00
2.637336697487139836e-01 -2.058172908430202230e-01 1.469860598780175498e-01 1.053849282518686259e+00
2.437335299964275559e-01 -1.844324908404026686e-01 1.411877565583568306e-01 1.053849282518686259e+00
2.561721095342989751e-01 -1.176176569083940082e+00 9.576375008556246848e-02 1.089929959896464462e+00
2.988912030985534929e-01 -1.223639430633563174e+00 9.765227393410211287e-02 1.089929959896464462e+00
3.463249173267137770e-01 -1.284204299015117234e+00 1.011364274777819539e-01 1.089929959896464462e+00
3.585124096291345541e-01 -1.294094298718120095e+00 1.182493806117688867e-01 1.089929959896464462e+00
3.526890243005089687e-01 -1.254212512919228084e+00 1.336119403351755386e-01 1.089929959896464462e+00
3.553019479901924349e-01 -1.192098221943917791e+00 1.406415002640833689e-01 1.089929959896464462e+00
3.553993468263636490e-01 -1.116372308238237299e+00 1.446665114381190942e-01 1.089929959896464462e+00
3.510316973554711284e-01 -1.026536770765769768e+00 1.486172151496463756e-01 1.089929959896464462e+00
3.442817835126815718e-01 -9.291096488578848289e-01 1.538965000635168501e-01 1.089929959896464462e+00
3.419366118304504321e-01 -8.251314129163006550e-01 1.595969533558471154e-01 1.089929959896464462e+00
3.423514643500273347e-01 -7.239552347831292867e-01 1.640767606993401573e-01 1.089929959896464462e+00
3.412574554421040629e-01 -6.277086806364967631e-01 1.669784470608305649e-01 1.089929959896464462e+00
3.404898893377106828e-01 -5.388412695680097064e-01 1.684490095809821619e-01 1.089929959896464462e+00
3.362024202453431920e-01 -4.575427386451304534e-01 1.681792094720632180e-01 1.089929959896464462e+00
3.257860093382214939e-01 -3.855989282126326967e-01 1.664045588023981281e-01 1.089929959896464462e+00
3.128289201301397426e-01 -3.237063428297787260e-01 1.638864498023853977e-01 1.089929959896464462e+00
2.973780826655815779e-01 -2.746045412855288026e-01 1.623315101491686618e-01 1.089929959896464462e+00
2.782287656126835040e-01 -2.326969852778050518e-01 1.553726729768416248e-01 1.089929959896464462e+00
2.601481819545629071e-01 -2.007649641355473691e-01 1.477186759420757722e-01 1.089929959896464462e+00
2.409470419837540234e-01 -1.793269984847450371e-01 1.409438150730559780e-01 1.089929959896464462e+00
2.564083320820719214e-01 -1.188915417896645010e+00 9.577315432131582040e-02 1.105567569898207703e+00
3.009210519046467969e-01 -1.236908027772211982e+00 9.649876776432003700e-02 1.105567569898207703e+00
3.453948174804480353e-01 -1.300627271443517863e+00 1.008934824162840554e-01 1.105567569898207703e+00
3.557033231034621990e-01 -1.308720507300559222e+00 1.171891908706440277e-01 1.105567569898207703e+00
3.460675598485141724e-01 -1.263121112090225040e+00 1.314809087108659291e-01 1.105567569898207703e+00
3.457788983723705245e-01 -1.194614443528851710e+00 1.393425421451029433e-01 1.105567569898207703e+00
3.464012279607261990e-01 -1.116067003293654825e+00 1.424398075731081736e-01 1.105567569898207703e+00
3.404912270807649577e-01 -1.025744526558124869e+00 1.460893631470712994e-01 1.105567569898207703e+00
3.377815822939565504e-01 -9.267691988515527335e-01 1.528708558948974894e-01 1.105567569898207703e+00
3.348550856247479168e-01 -8.233704339071408196e-01 1.581453790610192756e-01 1.105567569898207703e+00
3.354908905664252261e-01 -7.226089616570273710e-01 1.628501102816539425e-01 1.105567569898207703e+00
3.398651542128471315e-01 -6.282150333117961782e-01 1.659642103459829654e-01 1.105567569898207703e+00
3.414791565237116910e-01 -5.394004422110766361e-01 1.659130634714353902e-01 1.105567569898207703e+00
3.368005595344877867e-01 -4.573516188559991202e-01 1.660166708061164009e-01 1.105567569898207703e+00
3.276033640591060059e-01 -3.848515671503734414e-01 1.658346354983524229e-01 1.105567569898207703e+00
3.142435480407284598e-01 -3.230297771169878818e-01 1.626791989697195240e-01 1.105567569898207703e+00
2.976676454587539600e-01 -2.723914675993730494e-01 1.600089594748457245e-01 1.105567569898207703e+00
2.786126433254797474e-01 -2.281159592513147261e-01 1.532423448121812415e-01 1.105567569898207703e+00
2.609285339642838375e-01 -1.945288617525492425e-01 1.470097096037689399e-01 1.105567569898207703e+00
2.418228537837132930e-01 -1.725985365697408624e-01 1.415091961364180473e-01 1.105567569898207703e+00
2.540970256462963262e-01 -1.202430692581098137e+00 9.311034306650982362e-02 1.055533762558389377e+00
3.064583069327334597e-01 -1.255014159634224136e+00 9.634000452645150037e-02 1.055533762558389377e+00
3.472138011232715482e-01 -1.317788617243327298e+00 1.012308181083360070e-01 1.055533762558389377e+00
3.516230382832780665e-01 -1.319764471199897038e+00 1.168272963133431402e-01 1.055533762558389377e+00
3.409060131124666548e-01 -1.269040930718586369e+00 1.281268995233041663e-01 1.055533762558389377e+00
3.381712178092985965e-01 -1.196411760463480967e+00 1.317666585142402702e-01 1.055533762558389377e+00
3.370924751101838646e-01 -1.116255938382548552e+00 1.357668118094660925e-01 1.055533762558389377e+00
3.374344858935872660e-01 -1.024690560792913985e+00 1.427542056410684435e-01 1.055533762558389377e+00
3.379552435887377970e-01 -9.232029384309484721e-01 1.502189547461628139e-01 1.055533762558389377e+00
3.363253034509972039e-01 -8.166729173030956579e-01 1.582667647395633870e-01 1.055533762558389377e+00
3.347398463036668215e-01 -7.109111916435754130e-01 1.625486078216620278e-01 1.055533762558389377e+00
3.361947683696032141e-01 -6.111622035085937377e-01 1.631348403277972092e-01 1.055533762558389377e+00
3.370799331948275968e-01 -5.217650994230295103e-01 1.642153197810170273e-01 1.055533762558389377e+00
3.332560698192587045e-01 -4.438092151723943557e-01 1.645376702269778779e-01 1.055533762558389377e+00
3.222105591249727063e-01 -3.749647477072099444e-01 1.623816649209185170e-01 1.055533762558389377e+00
3.065088369555920567e-01 -3.140398186029689231e-01 1.587526911590030065e-01 1.055533762558389377e+00
2.909630200603431360e-01 -2.630959552508710941e-01 1.563822948581179151e-01 1.055533762558389377e+00
2.743082651029517538e-01 -2.195833359294183385e-01 1.499209885968401379e-01 1.055533762558389377e+00
2.568393771102587819e-01 -1.873276887804598556e-01 1.436479398908382110e-01 1.055533762558389377e+00
2.361929515145150538e-01 -1.669868298109507265e-01 1.382106306309912325e-01 1.055533762558389377e+00
2.587222864325494087e-01 -1.223424057906352225e+00 9.029681903865428849e-02 1.054554904670772064e+00
3.102620482761229148e-01 -1.276999987264838543e+00 9.594350303837104188e-02 1.054554904670772064e+00
3.485282707979244776e-01 -1.338238407025944321e+00 1.008752892559201808e-01 1.054554904670772064e+00
3.456953613679414339e-01 -1.336119634957635194e+00 1.159504658359806206e-01 1.054554904670772064e+00
3.319546029713958957e-01 -1.281489407980737294e+00 1.272828879447626127e-01 1.054554904670772064e+00
3.312371055720762514e-01 -1.207163582928528101e+00 1.321681818745834569e-01 1.054554904670772064e+00
3.320299656013844247e-01 -1.122471438212673922e+00 1.363289037236572743e-01 1.054554904670772064e+00
3.349387596963358527e-01 -1.026267637820056366e+00 1.425391734090685758e-01 1.054554904670772064e+00
3.378601833467998472e-01 -9.194560392514662395e-01 1.498592742719349058e-01 1.054554904670772064e+00
3.404563875230183778e-01 -8.100589170878765843e-01 1.572866466819058673e-01 1.054554904670772064e+00
3.426190281797409920e-01 -7.011086352589394055e-01 1.601670391296889928e-01 1.054554904670772064e+00
3.431995919355082525e-01 -5.983289424603086548e-01 1.604728314836599279e-01 1.054554904670772064e+00
3.394442580728831982e-01 -5.045679687864184082e-01 1.620507830822580653e-01 1.054554904670772064e+00
3.289143732198920866e-01 -4.206050161700888301e-01 1.626188708232877700e-01 1.054554904670772064e+00
3.170048175747165464e-01 -3.504555913022813218e-01 1.619057874312105905e-01 1.054554904670772064e+00
3.048467937705792163e-01 -2.927489192289138287e-01 1.593136889946733525e-01 1.054554904670772064e+00
2.913203632791609432e-01 -2.460728539635587409e-01 1.578481872358314109e-01 1.054554904670772064e+00
2.752760210444692990e-01 -2.055920593103071625e-01 1.507058179595333891e-01 1.054554904670772064e+00
2.568953342442639176e-01 -1.756059700276955404e-01 1.436743464179177643e-01 1.054554904670772064e+00
2.360601899160534312e-01 -1.574309233176852951e-01 1.369051512509379676e-01 1.054554904670772064e+00
2.622404572610572138e-01 -1.249028191601203375e+00 8.757890891792961818e-02 1.064074632575075174e+00
3.072158962300631790e-01 -1.302509542797509079e+00 9.274096582447538539e-02 1.064074632575075174e+00
3.461461141920015305e-01 -1.366390952066190989e+00 9.908490407785944254e-02 1.064074632575075174e+00
3.423376534021058681e-01 -1.363420091596389438e+00 1.146263681086501507e-01 1.064074632575075174e+00
3.273591755368753797e-01 -1.299965445543721732e+00 1.271235361859835711e-01 1.064074632575075174e+00
3.243217195689141463e-01 -1.215691435860665415e+00 1.328569587481163439e-01 1.064074632575075174e+00
3.287530112669608817e-01 -1.124254264224208821e+00 1.364970340366342960e-01 1.064074632575075174e+00
3.335909752370911918e-01 -1.020196494132206366e+00 1.414493968810247859e-01 1.064074632575075174e+00
3.399173804314252201e-01 -9.078552809903327470e-01 1.504162553011559045e-01 1.064074632575075174e+00
3.442877276977067691e-01 -7.914620849598615893e-01 1.584074290149817543e-01 1.064074632575075174e+00
3.485173737235762181e-01 -6.776703967868873413e-01 1.619478394539783095e-01 1.064074632575075174e+00
3.484688113342594429e-01 -5.704010067280238516e-01 1.637579292800276920e-01 1.064074632575075174e+00
3.419243976995337553e-01 -4.764951791320571894e-01 1.645439685241815719e-01 1.064074632575075174e+00
3.297735784607822573e-01 -3.943075581758148651e-01 1.634550682959956813e-01 1.064074632575075174e+00
3.134394373712564019e-01 -3.252250690024763302e-01 1.617307901767433553e-01 1.064074632575075174e+00
2.970325197874860712e-01 -2.685134310967740023e-01 1.584748920052271304e-01 1.064074632575075174e+00
2.819145557093579169e-01 -2.240786885212785184e-01 1.557040975337573019e-01 1.064074632575075174e+00
2.663771554869068803e-01 -1.884808371710099961e-01 1.484022313129049475e-01 1.064074632575075174e+00
2.486026508941491242e-01 -1.624748569046254865e-01 1.410413989264650836e-01 1.064074632575075174e+00
2.274870673548495537e-01 -1.469492708396036296e-01 1.335301869164779165e-01 1.064074632575075174e+00
2.610306097088147537e-01 -1.278610802700711702e+00 8.624374336783741102e-02 1.137772359797790900e+00
2.991821854961856375e-01 -1.330098269249880172e+00 9.218952518814305108e-02 1.137772359797790900e+00
3.384223532106160892e-01 -1.393165753235142246e+00 9.840371056848164211e-02 1.137772359797790900e+00
3.326775530362720001e-01 -1.386657780117525496e+00 1.154432921696900427e-01 1.137772359797790900e+00
3.207702381850711659e-01 -1.313686911683501490e+00 1.288262421187926499e-01 1.137772359797790900e+00
3.228456916550300759e-01 -1.218288961479754740e+00 1.358503783219525973e-01 1.137772359797790900e+00
3.315430917991984971e-01 -1.118013654168568793e+00 1.407800282345226528e-01 1.137772359797790900e+00
3.377056225132423206e-01 -1.004485568054630740e+00 1.477945251392454862e-01 1.137772359797790900e+00
3.451468223153862924e-01 -8.847060866560321202e-01 1.551910317447534049e-01 1.137772359797790900e+00
3.501300610418128234e-01 -7.627499248056138770e-01 1.613653230123293925e-01 1.137772359797790900e+00
3.523500767472912965e-01 -6.453245547034400786e-01 1.645134518569399962e-01 1.137772359797790900e+00
3.481890315969047855e-01 -5.368633691833694099e-01 1.660094322581775750e-01 1.137772359797790900e+00
3.372004228673043946e-01 -4.410466755492902791e-01 1.657473753906067715e-01 1.137772359797790900e+00
3.212780807558844320e-01 -3.591041281817155539e-01 1.639957504935397603e-01 1.137772359797790900e+00
3.042007598026754134e-01 -2.922444747095180317e-01 1.605406055862808878e-01 1.137772359797790900e+00
2.866331726286525661e-01 -2.388237973400613168e-01 1.560899460155767970e-01 1.137772359797790900e+00
2.697406259447601706e-01 -1.984187481798542485e-01 1.523443293104428942e-01 1.137772359797790900e+00
2.525721033915184210e-01 -1.674658875604980723e-01 1.441679624982407926e-01 1.137772359797790900e+00
2.335111265581075735e-01 -1.453121836920134857e-01 1.351422243326264871e-01 1.137772359797790900e+00
2.118260381664288927e-01 -1.339453542828929478e-01 1.264896723751450236e-01 1.137772359797790900e+00
2.588338206130850194e-01 -1.313197317594834157e+00 8.777223371602294044e-02 1.207520957749310453e+00
2.934110012328048356e-01 -1.363735020283790345e+00 9.568759150441924488e-02 1.207520957749310453e+00
3.270713517235230294e-01 -1.421442411372425774e+00 1.012011353951012410e-01 1.207520957749310453e+00
3.258873771699273836e-01 -1.408885418113667853e+00 1.185194659070321066e-01 1.207520957749310453e+00
3.171954264298436077e-01 -1.327142342174107092e+00 1.352754910471140881e-01 1.207520957749310453e+00
3.254912166406825347e-01 -1.219787278680613429e+00 1.439150125812644343e-01 1.207520957749310453e+00
3.356814277963827142e-01 -1.103912547967264679e+00 1.487327709279522570e-01 1.207520957749310453e+00
3.472550754318572408e-01 -9.809883703305996017e-01 1.553138208857918479e-01 1.207520957749310453e+00
3.526964274639255437e-01 -8.521680462605515372e-01 1.616134420454736209e-01 1.207520957749310453e+00
3.509489536857863246e-01 -7.220178757978329420e-01 1.660728473307360731e-01 1.207520957749310453e+00
3.459150712640023384e-01 -6.011464314425508659e-01 1.684010325958614496e-01 1.207520957749310453e+00
3.381768141121707094e-01 -4.914208299192011076e-01 1.691638801408169024e-01 1.207520957749310453e+00
3.247636277151500495e-01 -3.977671277924155202e-01 1.662755612410645178e-01 1.207520957749310453e+00
3.077773538511728302e-01 -3.196315450336375541e-01 1.613733013163612950e-01 1.207520957749310453e+00
2.901676972928097231e-01 -2.564702019014629131e-01 1.545389350203029977e-01 1.207520957749310453e+00
2.736511712972827803e-01 -2.074968690275080796e-01 1.462446064940904067e-01 1.207520957749310453e+00
2.545515049484926573e-01 -1.683638823214113900e-01 1.395545686858741530e-01 1.207520957749310453e+00
2.351405736382376765e-01 -1.394020994242040623e-01 1.308752524220812008e-01 1.207520957749310453e+00
2.155264802311836758e-01 -1.214000450222405825e-01 1.221649666497000020e-01 1.207520957749310453e+00
1.952364528271442745e-01 -1.159257185749042324e-01 1.132679512294875457e-01 1.207520957749310453e+00
2.649455207249319932e-01 -1.355215684917135954e+00 8.694541282463499887e-02 1.201342419754562130e+00
2.943142727441642736e-01 -1.401739844379901179e+00 9.751786647423733856e-02 1.201342419754562130e+00
3.190546184948308550e-01 -1.448760013759879506e+00 1.033279211996850633e-01 1.201342419754562130e+00
3.225677525510067256e-01 -1.430166057692936699e+00 1.204513959813743595e-01 1.201342419754562130e+00
3.195939740300942078e-01 -1.341509373406851724e+00 1.378604667386523208e-01 1.201342419754562130e+00
3.334258542248219048e-01 -1.213983719290207208e+00 1.472720948677362085e-01 1.201342419754562130e+00
3.492633128240434370e-01 -1.077377012955969882e+00 1.541075777115424872e-01 1.201342419754562130e+00
3.575089591194642868e-01 -9.397849238513192871e-01 1.602479145201266275e-01 1.201342419754562130e+00
3.583629071896121121e-01 -8.020170078591997154e-01 1.652768317497381456e-01 1.201342419754562130e+00
3.521184768658483510e-01 -6.677619239223825387e-01 1.670206131581360165e-01 1.201342419754562130e+00
3.412295376222947429e-01 -5.445324966500015851e-01 1.638534926313975071e-01 1.201342419754562130e+00
3.265401130869355351e-01 -4.351166800894428754e-01 1.593596212801255685e-01 1.201342419754562130e+00
3.095892388824461050e-01 -3.465607962130503039e-01 1.546426944543676241e-01 1.201342419754562130e+00
2.924049224892963927e-01 -2.757762872825310629e-01 1.491320715632120097e-01 1.201342419754562130e+00
2.745264288570765654e-01 -2.193688619712924615e-01 1.416597451433698474e-01 1.201342419754562130e+00
2.563099971380501385e-01 -1.750940726385021851e-01 1.331993379174570835e-01 1.201342419754562130e+00
2.366495825151561649e-01 -1.418662891927222613e-01 1.262408101291035423e-01 1.201342419754562130e+00
2.178679084741166061e-01 -1.186849050979602582e-01 1.166854653665162778e-01 1.201342419754562130e+00
1.985959925808466475e-01 -1.063024458819102763e-01 1.077406198753604744e-01 1.201342419754562130e+00
1.792470247925631865e-01 -1.065195608384245235e-01 9.950666961924017895e-02 1.201342419754562130e+00
2.773545747720120858e-01 -1.395083422263867723e+00 8.791060483397289405e-02 1.181287079165202814e+00
3.030610654077981470e-01 -1.436253904658551850e+00 1.036730960594009349e-01 1.181287079165202814e+00
3.195113814076748215e-01 -1.470726925758057746e+00 1.100341152464061195e-01 1.181287079165202814e+00
3.205237761293084353e-01 -1.441150288016160630e+00 1.244975316857128977e-01 1.181287079165202814e+00
3.231439797708856587e-01 -1.337102805373377556e+00 1.433021678682014077e-01 1.181287079165202814e+00
3.398061045714946826e-01 -1.190645036778344990e+00 1.546447305120256799e-01 1.181287079165202814e+00
3.552508999763774322e-01 -1.035447139820503626e+00 1.591197640089554444e-01 1.181287079165202814e+00
3.582794930574244030e-01 -8.818664741270809682e-01 1.610710228038324809e-01 1.181287079165202814e+00
3.537539561935279520e-01 -7.347612046287463894e-01 1.606336886806564168e-01 1.181287079165202814e+00
3.426454098461014230e-01 -5.979207077146631022e-01 1.578678841060106586e-01 1.181287079165202814e+00
3.264399698744563927e-01 -4.775489236618010169e-01 1.546611486034465688e-01 1.181287079165202814e+00
3.086749875893361472e-01 -3.751894399784719836e-01 1.499580196115462005e-01 1.181287079165202814e+00
2.891516429374607067e-01 -2.919135064507532573e-01 1.440872098243513033e-01 1.181287079165202814e+00
2.706952534073014394e-01 -2.260911707748682331e-01 1.366550894938483585e-01 1.181287079165202814e+00
2.528337151040950248e-01 -1.760145919354084987e-01 1.286484673221722219e-01 1.181287079165202814e+00
2.341974466021160273e-01 -1.399316403418977284e-01 1.203060045262490524e-01 1.181287079165202814e+00
2.156333653434828468e-01 -1.152688981275510616e-01 1.134107673655037757e-01 1.181287079165202814e+00
1.985924957012642211e-01 -9.992227081457895344e-02 1.044614297573248085e-01 1.181287079165202814e+00
1.814085055004156510e-01 -9.418851121403928883e-02 9.565821298995172417e-02 1.181287079165202814e+00
1.638650147069172780e-01 -9.983256674628281091e-02 8.767847179172791328e-02 1.181287079165202814e+00
2.879263013295885187e-01 -1.423841488777536357e+00 8.672117685152384847e-02 1.180202743351744132e+00
3.105002300431509710e-01 -1.460203086441845599e+00 1.080219942288525303e-01 1.180202743351744132e+00
3.249273657199369669e-01 -1.479366613218808357e+00 1.187679280279905353e-01 1.180202743351744132e+00
3.242110569006470544e-01 -1.430887838404313772e+00 1.317254447664845673e-01 1.180202743351744132e+00
3.272634878263613323e-01 -1.305666462295132391e+00 1.513577729550126816e-01 1.180202743351744132e+00
3.471554840234669093e-01 -1.139828466783123551e+00 1.618469526241816669e-01 1.180202743351744132e+00
3.635764368214211006e-01 -9.677276270510322131e-01 1.649137203973682908e-01 1.180202743351744132e+00
3.644391577053125442e-01 -8.007423597155678419e-01 1.630447352702169561e-01 1.180202743351744132e+00
3.518197183143891293e-01 -6.454220089266926585e-01 1.571391776874724311e-01 1.180202743351744132e+00
3.350791081921067893e-01 -5.095018515556986038e-01 1.511408481227279887e-01 1.180202743351744132e+00
3.161980410024232135e-01 -3.967528461391136574e-01 1.450723437048642150e-01 1.180202743351744132e+00
2.964348607981077133e-01 -3.059441768102229009e-01 1.378736267921399361e-01 1.180202743351744132e+00
2.751607181989843554e-01 -2.365466206773165769e-01 1.295531147027169649e-01 1.180202743351744132e+00
2.544734534163875517e-01 -1.818848676463586111e-01 1.211146564549023252e-01 1.180202743351744132e+00
2.350479023658343658e-01 -1.414727804328548000e-01 1.137451578604000979e-01 1.180202743351744132e+00
2.176495085195851997e-01 -1.134176757886440345e-01 1.059232569333305590e-01 1.180202743351744132e+00
2.013099969429367753e-01 -9.630818205143350241e-02 9.916315143292435408e-02 1.180202743351744132e+00
1.854933613848976648e-01 -8.731102647112580495e-02 9.099560984177659795e-02 1.180202743351744132e+00
1.687819001969332600e-01 -8.666503964805163940e-02 8.333348413199731519e-02 1.180202743351744132e+00
1.530123876663716798e-01 -9.647864397882539855e-02 7.710866821462490639e-02 1.180202743351744132e+00
