2.208964765071868896e+00
2.215833425521850586e+00
2.222702145576477051e+00
2.229570865631103516e+00
2.236439466476440430e+00
2.246742367744445801e+00
2.263892769813537598e+00
2.283984780311584473e+00
2.318989634513854980e+00
2.386406898498535156e+00
2.479020059108734131e+00
2.641698598861694336e+00
2.935557842254638672e+00
3.559172034263610840e+00
4.931982100009918213e+00
2.242305278778076172e+00
2.246263742446899414e+00
2.250222086906433105e+00
2.254180610179901123e+00
2.258139073848724365e+00
2.264076709747314453e+00
2.280671536922454834e+00
2.307719349861145020e+00
2.349948287010192871e+00
2.398278594017028809e+00
2.499974131584167480e+00
2.658737421035766602e+00
2.953019618988037109e+00
3.604342579841613770e+00
4.961007356643676758e+00
2.258327126502990723e+00
2.264167070388793945e+00
2.270006954669952393e+00
2.275847017765045166e+00
2.281686902046203613e+00
2.290446758270263672e+00
2.307748198509216309e+00
2.327471792697906494e+00
2.361364424228668213e+00
2.423432767391204834e+00
2.512246727943420410e+00
2.667814016342163086e+00
2.962724268436431885e+00
3.606856703758239746e+00
5.016033768653869629e+00
2.272127330303192139e+00
2.280396819114685059e+00
2.288666307926177979e+00
2.296935856342315674e+00
2.305205404758453369e+00
2.317609608173370361e+00
2.332751333713531494e+00
2.346081495285034180e+00
2.372634530067443848e+00
2.446164190769195557e+00
2.523711800575256348e+00
2.676036536693572998e+00
2.971637547016143799e+00
3.609463870525360107e+00
5.065420031547546387e+00
2.299812614917755127e+00
2.304469585418701172e+00
2.309126466512680054e+00
2.313783377408981323e+00
2.318440347909927368e+00
2.325425684452056885e+00
2.338636547327041626e+00
2.357499510049819946e+00
2.389573872089385986e+00
2.446124792098999023e+00
2.532124161720275879e+00
2.680607557296752930e+00
2.977300703525543213e+00
3.627530276775360107e+00
5.063498139381408691e+00
2.325604110956192017e+00
2.328573077917098999e+00
2.331541776657104492e+00
2.334510684013366699e+00
2.337479412555694580e+00
2.341932743787765503e+00
2.352957904338836670e+00
2.368305981159210205e+00
2.394414842128753662e+00
2.441645085811614990e+00
2.529316961765289307e+00
2.674012362957000732e+00
2.970658779144287109e+00
3.621852517127990723e+00
5.054677069187164307e+00
2.350908577442169189e+00
2.352846235036849976e+00
2.354783892631530762e+00
2.356721550226211548e+00
2.358659207820892334e+00
2.361565649509429932e+00
2.365498811006546021e+00
2.369942128658294678e+00
2.380471616983413696e+00
2.422265440225601196e+00
2.503549963235855103e+00
2.648328125476837158e+00
2.944077432155609131e+00
3.580272316932678223e+00
5.026531994342803955e+00
2.360040396451950073e+00
2.363786935806274414e+00
2.367533475160598755e+00
2.371280014514923096e+00
2.375026434659957886e+00
2.380646258592605591e+00
2.384237736463546753e+00
2.383551478385925293e+00
2.386321097612380981e+00
2.422200053930282593e+00
2.505633324384689331e+00
2.660496115684509277e+00
2.965906769037246704e+00
3.609815180301666260e+00
5.031261265277862549e+00
2.373335480690002441e+00
2.374487787485122681e+00
2.375640094280242920e+00
2.376792550086975098e+00
2.377944886684417725e+00
2.379673421382904053e+00
2.380947738885879517e+00
2.382400304079055786e+00
2.388822257518768311e+00
2.431394845247268677e+00
2.527745038270950317e+00
2.712697267532348633e+00
3.055013388395309448e+00
3.728188753128051758e+00
5.057648956775665283e+00
2.359499126672744751e+00
2.362009227275848389e+00
2.364519268274307251e+00
2.367029368877410889e+00
2.369539469480514526e+00
2.373304575681686401e+00
2.379096508026123047e+00
2.386475771665573120e+00
2.402896881103515625e+00
2.462514221668243408e+00
2.584942460060119629e+00
2.826808661222457886e+00
3.265272200107574463e+00
3.945569276809692383e+00
5.157807409763336182e+00
2.414706438779830933e+00
2.419636517763137817e+00
2.424566566944122314e+00
2.429496765136718750e+00
2.434426814317703247e+00
2.441821962594985962e+00
2.456660509109497070e+00
2.476647883653640747e+00
2.514833480119705200e+00
2.614088624715805054e+00
2.771724760532379150e+00
3.072472780942916870e+00
3.571375846862792969e+00
4.277602791786193848e+00
5.275865793228149414e+00
2.713014751672744751e+00
2.722108572721481323e+00
2.731202036142349243e+00
2.740295737981796265e+00
2.749389380216598511e+00
2.763029813766479492e+00
2.788113266229629517e+00
2.818524092435836792e+00
2.875876456499099731e+00
3.018910735845565796e+00
3.223945677280426025e+00
3.588872790336608887e+00
4.127931892871856689e+00
4.868577122688293457e+00
5.552293837070465088e+00
3.416587471961975098e+00
3.424334466457366943e+00
3.432081103324890137e+00
3.439827978610992432e+00
3.447574734687805176e+00
3.459195017814636230e+00
3.484314203262329102e+00
3.517028808593750000e+00
3.580039322376251221e+00
3.745892345905303955e+00
3.975325226783752441e+00
4.353503227233886719e+00
4.870138704776763916e+00
5.567626237869262695e+00
5.708138823509216309e+00
4.319807231426239014e+00
4.324146091938018799e+00
4.328484773635864258e+00
4.332823514938354492e+00
4.337162315845489502e+00
4.343670487403869629e+00
4.358637988567352295e+00
4.381288945674896240e+00
4.427938461303710938e+00
4.569216370582580566e+00
4.735000550746917725e+00
5.038697004318237305e+00
5.434113621711730957e+00
5.652433156967163086e+00
5.417890787124633789e+00
4.767187952995300293e+00
4.760899007320404053e+00
4.754609942436218262e+00
4.748320758342742920e+00
4.742031753063201904e+00
4.732597947120666504e+00
4.721774697303771973e+00
4.712835371494293213e+00
4.709617376327514648e+00
4.792790234088897705e+00
4.899754822254180908e+00
5.203937053680419922e+00
5.597465276718139648e+00
5.817866206169128418e+00
