7.126619219779968262e-01
7.307970076799392700e-01
7.489321529865264893e-01
7.670672535896301270e-01
7.852023839950561523e-01
8.124050498008728027e-01
8.732663542032241821e-01
9.712438881397247314e-01
1.190963506698608398e+00
1.996016487479209900e+00
3.460904851555824280e+00
4.797579646110534668e+00
5.909219682216644287e+00
6.068165540695190430e+00
4.435772597789764404e+00
7.247196584939956665e-01
7.425214350223541260e-01
7.603231817483901978e-01
7.781249582767486572e-01
7.959267497062683105e-01
8.226293921470642090e-01
8.855310827493667603e-01
9.895646721124649048e-01
1.213742792606353760e+00
1.991069301962852478e+00
3.481533139944076538e+00
4.766928881406784058e+00
5.882533192634582520e+00
6.128300666809082031e+00
4.465987265110015869e+00
7.408381253480911255e-01
7.579901516437530518e-01
7.751422077417373657e-01
7.922942191362380981e-01
8.094462454319000244e-01
8.351742923259735107e-01
8.959014564752578735e-01
9.958641231060028076e-01
1.219388455152511597e+00
2.031897887587547302e+00
3.442228153347969055e+00
4.699779599905014038e+00
5.827815711498260498e+00
6.120601415634155273e+00
4.523968636989593506e+00
7.574040144681930542e-01
7.738783061504364014e-01
7.903525978326797485e-01
8.068268895149230957e-01
8.233011513948440552e-01
8.480125814676284790e-01
9.064588546752929688e-01
1.002943649888038635e+00
1.225591301918029785e+00
2.065080523490905762e+00
3.401431322097778320e+00
4.630637764930725098e+00
5.768489658832550049e+00
6.109687447547912598e+00
4.576652348041534424e+00
7.682860195636749268e-01
7.847518920898437500e-01
8.012177944183349609e-01
8.176836967468261719e-01
8.341495543718338013e-01
8.588483929634094238e-01
9.190747886896133423e-01
1.020034968852996826e+00
1.241903215646743774e+00
2.025067523121833801e+00
3.370186507701873779e+00
4.559182226657867432e+00
5.684298932552337646e+00
6.098138570785522461e+00
4.579989552497863770e+00
7.824187278747558594e-01
7.990777939558029175e-01
8.157368898391723633e-01
8.323959261178970337e-01
8.490549921989440918e-01
8.740435689687728882e-01
9.307219386100769043e-01
1.022520378232002258e+00
1.226588770747184753e+00
1.964183762669563293e+00
3.275932714343070984e+00
4.448709279298782349e+00
5.565794050693511963e+00
6.049829840660095215e+00
4.576986074447631836e+00
7.958063185214996338e-01
8.130021691322326660e-01
8.301980048418045044e-01
8.473938852548599243e-01
8.645896911621093750e-01
8.903835117816925049e-01
9.338607937097549438e-01
9.920127242803573608e-01
1.145888403058052063e+00
1.844045549631118774e+00
3.082290500402450562e+00
4.308727383613586426e+00
5.417852044105529785e+00
5.941473305225372314e+00
4.551417469978332520e+00
8.090075701475143433e-01
8.275156915187835693e-01
8.460238575935363770e-01
8.645319789648056030e-01
8.830401450395584106e-01
9.108023345470428467e-01
9.520809054374694824e-01
1.001411363482475281e+00
1.141676202416419983e+00
1.825625061988830566e+00
3.030553393065929413e+00
4.219738408923149109e+00
5.260039746761322021e+00
5.850059509277343750e+00
4.565859436988830566e+00
8.239422142505645752e-01
8.436864316463470459e-01
8.634306043386459351e-01
8.831748068332672119e-01
9.029190093278884888e-01
9.325352907180786133e-01
9.789018929004669189e-01
1.037595286965370178e+00
1.195642679929733276e+00
1.920493289828300476e+00
3.077260062098503113e+00
4.126945540308952332e+00
5.026102960109710693e+00
5.768303930759429932e+00
4.631998360157012939e+00
8.522717058658599854e-01
8.750897347927093506e-01
8.979077935218811035e-01
9.207258224487304688e-01
9.435438811779022217e-01
9.777709245681762695e-01
1.032640814781188965e+00
1.103331506252288818e+00
1.285269334912300110e+00
2.069538652896881104e+00
3.114227652549743652e+00
3.978396624326705933e+00
4.864414036273956299e+00
5.722258806228637695e+00
4.814745903015136719e+00
8.894570171833038330e-01
9.164489209651947021e-01
9.434408247470855713e-01
9.704326689243316650e-01
9.974245727062225342e-01
1.037912458181381226e+00
1.102458089590072632e+00
1.184660613536834717e+00
1.387181907892227173e+00
2.210983961820602417e+00
3.203407898545265198e+00
3.874896407127380371e+00
4.701678395271301270e+00
5.661631166934967041e+00
5.038595497608184814e+00
9.384005665779113770e-01
9.687066078186035156e-01
9.990126788616180420e-01
1.029318720102310181e+00
1.059624791145324707e+00
1.105083853006362915e+00
1.173279196023941040e+00
1.255755290389060974e+00
1.457772329449653625e+00
2.270249083638191223e+00
3.154406189918518066e+00
3.604792326688766479e+00
4.406655132770538330e+00
5.411798715591430664e+00
5.415057539939880371e+00
9.970535635948181152e-01
1.028522491455078125e+00
1.059991389513015747e+00
1.091460287570953369e+00
1.122929215431213379e+00
1.170132607221603394e+00
1.238812237977981567e+00
1.319658130407333374e+00
1.519256159663200378e+00
2.327062577009201050e+00
3.102714225649833679e+00
3.371530473232269287e+00
4.274352252483367920e+00
5.126253187656402588e+00
5.812547683715820312e+00
1.098821192979812622e+00
1.130378842353820801e+00
1.161936610937118530e+00
1.193494319915771484e+00
1.225051999092102051e+00
1.272388577461242676e+00
1.339074701070785522e+00
1.415192276239395142e+00
1.608143433928489685e+00
2.411983743309974670e+00
3.115467071533203125e+00
3.343817383050918579e+00
4.125624895095825195e+00
4.697864949703216553e+00
5.566305875778198242e+00
1.285214379429817200e+00
1.309219986200332642e+00
1.333225667476654053e+00
1.357231259346008301e+00
1.381236881017684937e+00
1.417245328426361084e+00
1.478775829076766968e+00
1.563682615756988525e+00
1.778219342231750488e+00
2.662784487009048462e+00
3.319191619753837585e+00
3.413781881332397461e+00
4.252673685550689697e+00
4.976287066936492920e+00
