1.491299957036972046e+00
1.488938868045806885e+00
1.480060368776321411e+00
1.467131227254867554e+00
1.468415826559066772e+00
1.463947117328643799e+00
1.462714821100234985e+00
1.465928792953491211e+00
1.470369488000869751e+00
1.465042203664779663e+00
1.462487697601318359e+00
1.466587305068969727e+00
1.462395608425140381e+00
1.463654011487960815e+00
1.457612395286560059e+00
1.455223679542541504e+00
1.420552074909210205e+00
1.377953946590423584e+00
1.345978409051895142e+00
1.519147604703903198e+00
1.517108649015426636e+00
1.503974884748458862e+00
1.489725589752197266e+00
1.489536702632904053e+00
1.485449105501174927e+00
1.483948081731796265e+00
1.486018121242523193e+00
1.489170074462890625e+00
1.484910964965820312e+00
1.482755035161972046e+00
1.485646396875381470e+00
1.482216477394104004e+00
1.483027309179306030e+00
1.478397995233535767e+00
1.474521249532699585e+00
1.439895659685134888e+00
1.394895732402801514e+00
1.360143065452575684e+00
1.546995222568511963e+00
1.545278459787368774e+00
1.527889400720596313e+00
1.512319982051849365e+00
1.510657548904418945e+00
1.506951123476028442e+00
1.505181342363357544e+00
1.506107389926910400e+00
1.507970690727233887e+00
1.504779696464538574e+00
1.503022372722625732e+00
1.504705488681793213e+00
1.502037346363067627e+00
1.502400666475296021e+00
1.499183654785156250e+00
1.493818819522857666e+00
1.459239244461059570e+00
1.411837607622146606e+00
1.374307692050933838e+00
1.574842900037765503e+00
1.573448300361633301e+00
1.551803886890411377e+00
1.534914344549179077e+00
1.531778424978256226e+00
1.528453111648559570e+00
1.526414573192596436e+00
1.526196748018264771e+00
1.526771306991577148e+00
1.524648457765579224e+00
1.523289650678634644e+00
1.523764580488204956e+00
1.521858245134353638e+00
1.521773964166641235e+00
1.519969314336776733e+00
1.513116389513015747e+00
1.478582739830017090e+00
1.428779482841491699e+00
1.388472288846969604e+00
1.602690517902374268e+00
1.601618111133575439e+00
1.575718373060226440e+00
1.557508736848831177e+00
1.552899360656738281e+00
1.549955129623413086e+00
1.547647863626480103e+00
1.546286046504974365e+00
1.545571953058242798e+00
1.544517248868942261e+00
1.543556958436965942e+00
1.542823642492294312e+00
1.541679173707962036e+00
1.541147351264953613e+00
1.540754914283752441e+00
1.532413929700851440e+00
1.497926354408264160e+00
1.445721328258514404e+00
1.402636915445327759e+00
1.644461959600448608e+00
1.643872827291488647e+00
1.611590147018432617e+00
1.591400295495986938e+00
1.584580689668655396e+00
1.582208126783370972e+00
1.579497694969177246e+00
1.576420038938522339e+00
1.574320316314697266e+00
1.571412265300750732e+00
1.571410417556762695e+00
1.570207267999649048e+00
1.571933388710021973e+00
1.561360269784927368e+00
1.526941657066345215e+00
1.471134096384048462e+00
1.423883825540542603e+00
1.703821808099746704e+00
1.705785423517227173e+00
1.669400840997695923e+00
1.645705819129943848e+00
1.636278510093688965e+00
1.633068233728408813e+00
1.628950208425521851e+00
1.624094456434249878e+00
1.620727688074111938e+00
1.616378366947174072e+00
1.616536468267440796e+00
1.614452302455902100e+00
1.616841882467269897e+00
1.605126738548278809e+00
1.571126073598861694e+00
1.513007134199142456e+00
1.464528560638427734e+00
1.772364169359207153e+00
1.779785871505737305e+00
1.745349109172821045e+00
1.716676861047744751e+00
1.704955816268920898e+00
1.698558360338211060e+00
1.691692084074020386e+00
1.685671538114547729e+00
1.679769545793533325e+00
1.674138903617858887e+00
1.672512188553810120e+00
1.669508889317512512e+00
1.669507265090942383e+00
1.659204259514808655e+00
1.626116365194320679e+00
1.569106474518775940e+00
1.525521233677864075e+00
1.953125640749931335e+00
1.969467803835868835e+00
1.938043937087059021e+00
1.901190727949142456e+00
1.884657561779022217e+00
1.872595757246017456e+00
1.860854893922805786e+00
1.852495938539505005e+00
1.842129737138748169e+00
1.833838552236557007e+00
1.829219341278076172e+00
1.824423462152481079e+00
1.820732593536376953e+00
1.811483979225158691e+00
1.777280002832412720e+00
1.720080494880676270e+00
1.688381940126419067e+00
2.741616994142532349e+00
2.770148023962974548e+00
2.739170104265213013e+00
2.690196871757507324e+00
2.659381240606307983e+00
2.636377841234207153e+00
2.615222558379173279e+00
2.600495278835296631e+00
2.581691771745681763e+00
2.565621450543403625e+00
2.556351974606513977e+00
2.546883568167686462e+00
2.539509817957878113e+00
2.522124260663986206e+00
2.466373309493064880e+00
2.391618326306343079e+00
2.405958026647567749e+00
3.486786365509033203e+00
3.408244833350181580e+00
3.347751304507255554e+00
3.316985845565795898e+00
3.295303896069526672e+00
3.273667067289352417e+00
3.257906764745712280e+00
3.237149730324745178e+00
3.218453377485275269e+00
3.206599816679954529e+00
3.192326262593269348e+00
3.179171353578567505e+00
3.159311115741729736e+00
3.092131495475769043e+00
2.971948012709617615e+00
3.705974549055099487e+00
3.598140299320220947e+00
3.501067161560058594e+00
3.443265289068222046e+00
3.416942864656448364e+00
3.395948946475982666e+00
3.381956040859222412e+00
3.364050656557083130e+00
3.347015112638473511e+00
3.334942609071731567e+00
3.319437086582183838e+00
3.308096021413803101e+00
3.305163890123367310e+00
3.262727856636047363e+00
3.151123851537704468e+00
4.202947795391082764e+00
4.126874089241027832e+00
4.102122008800506592e+00
4.078701794147491455e+00
4.054211020469665527e+00
4.036185383796691895e+00
4.012200593948364258e+00
3.989936232566833496e+00
3.975533783435821533e+00
3.959023356437683105e+00
3.948096930980682373e+00
3.939423620700836182e+00
3.893062770366668701e+00
