4.998770356178283691e-01
4.998770356178283691e-01
4.998770356178283691e-01
4.998770356178283691e-01
4.998770356178283691e-01
4.998770356178283691e-01
5.008748173713684082e-01
5.008748173713684082e-01
5.008748173713684082e-01
5.008748173713684082e-01
5.008748173713684082e-01
5.008748173713684082e-01
5.008748173713684082e-01
5.008748173713684082e-01
5.008748173713684082e-01
5.111878514289855957e-01
5.111878514289855957e-01
5.111878514289855957e-01
5.111878514289855957e-01
5.111878514289855957e-01
5.111878514289855957e-01
5.121859908103942871e-01
5.121859908103942871e-01
5.121859908103942871e-01
5.121859908103942871e-01
5.121859908103942871e-01
5.121859908103942871e-01
5.121859908103942871e-01
5.121859908103942871e-01
5.121859908103942871e-01
5.224986076354980469e-01
5.224986076354980469e-01
5.224986076354980469e-01
5.224986076354980469e-01
5.224986076354980469e-01
5.224986076354980469e-01
5.234968066215515137e-01
5.234968066215515137e-01
5.234968066215515137e-01
5.234968066215515137e-01
5.234968066215515137e-01
5.234968066215515137e-01
5.234968066215515137e-01
5.234968066215515137e-01
5.234968066215515137e-01
5.335632562637329102e-01
5.335632562637329102e-01
5.335632562637329102e-01
5.335632562637329102e-01
5.335632562637329102e-01
5.335632562637329102e-01
5.338222384452819824e-01
5.338222384452819824e-01
5.338222384452819824e-01
5.338222384452819824e-01
5.338222384452819824e-01
5.338222384452819824e-01
5.338222384452819824e-01
5.338222384452819824e-01
5.338222384452819824e-01
5.364975929260253906e-01
5.364975929260253906e-01
5.364975929260253906e-01
5.364975929260253906e-01
5.364975929260253906e-01
5.364975929260253906e-01
5.367563962936401367e-01
5.367563962936401367e-01
5.367563962936401367e-01
5.367563962936401367e-01
5.367563962936401367e-01
5.367563962936401367e-01
5.367563962936401367e-01
5.367563962936401367e-01
5.367563962936401367e-01
5.408989191055297852e-01
5.408989191055297852e-01
5.408989191055297852e-01
5.408989191055297852e-01
5.408989191055297852e-01
5.408989191055297852e-01
5.411577820777893066e-01
5.411577820777893066e-01
5.411577820777893066e-01
5.411577820777893066e-01
5.411577820777893066e-01
5.411577820777893066e-01
5.411577820777893066e-01
5.411577820777893066e-01
5.411577820777893066e-01
5.466961264610290527e-01
5.466961264610290527e-01
5.466961264610290527e-01
5.466961264610290527e-01
5.466961264610290527e-01
5.466961264610290527e-01
5.468987822532653809e-01
5.468987822532653809e-01
5.468987822532653809e-01
5.468987822532653809e-01
5.468987822532653809e-01
5.468987822532653809e-01
5.468987822532653809e-01
5.468987822532653809e-01
5.468987822532653809e-01
5.527616739273071289e-01
5.527616739273071289e-01
5.527616739273071289e-01
5.527616739273071289e-01
5.527616739273071289e-01
5.527616739273071289e-01
5.529243350028991699e-01
5.529243350028991699e-01
5.529243350028991699e-01
5.529243350028991699e-01
5.529243350028991699e-01
5.529243350028991699e-01
5.529243350028991699e-01
5.529243350028991699e-01
5.529243350028991699e-01
5.609946250915527344e-01
5.609946250915527344e-01
5.609946250915527344e-01
5.609946250915527344e-01
5.609946250915527344e-01
5.609946250915527344e-01
5.611686110496520996e-01
5.611686110496520996e-01
5.611686110496520996e-01
5.611686110496520996e-01
5.611686110496520996e-01
5.611686110496520996e-01
5.611686110496520996e-01
5.611686110496520996e-01
5.611686110496520996e-01
5.762757658958435059e-01
5.762757658958435059e-01
5.762757658958435059e-01
5.762757658958435059e-01
5.762757658958435059e-01
5.762757658958435059e-01
5.765030384063720703e-01
5.765030384063720703e-01
5.765030384063720703e-01
5.765030384063720703e-01
5.765030384063720703e-01
5.765030384063720703e-01
5.765030384063720703e-01
5.765030384063720703e-01
5.765030384063720703e-01
6.027145385742187500e-01
6.027145385742187500e-01
6.027145385742187500e-01
6.027145385742187500e-01
6.027145385742187500e-01
6.027145385742187500e-01
6.029657721519470215e-01
6.029657721519470215e-01
6.029657721519470215e-01
6.029657721519470215e-01
6.029657721519470215e-01
6.029657721519470215e-01
6.029657721519470215e-01
6.029657721519470215e-01
6.029657721519470215e-01
6.564685106277465820e-01
6.564685106277465820e-01
6.564685106277465820e-01
6.564685106277465820e-01
6.564685106277465820e-01
6.564685106277465820e-01
6.568327546119689941e-01
6.568327546119689941e-01
6.568327546119689941e-01
6.568327546119689941e-01
6.568327546119689941e-01
6.568327546119689941e-01
6.568327546119689941e-01
6.568327546119689941e-01
6.568327546119689941e-01
7.216482758522033691e-01
7.216482758522033691e-01
7.216482758522033691e-01
7.216482758522033691e-01
7.216482758522033691e-01
7.216482758522033691e-01
7.216992378234863281e-01
7.216992378234863281e-01
7.216992378234863281e-01
7.216992378234863281e-01
7.216992378234863281e-01
7.216992378234863281e-01
7.216992378234863281e-01
7.216992378234863281e-01
7.216992378234863281e-01
7.319208979606628418e-01
7.319208979606628418e-01
7.319208979606628418e-01
7.319208979606628418e-01
7.319208979606628418e-01
7.319208979606628418e-01
7.318597435951232910e-01
7.318597435951232910e-01
7.318597435951232910e-01
7.318597435951232910e-01
7.318597435951232910e-01
7.318597435951232910e-01
7.318597435951232910e-01
7.318597435951232910e-01
7.318597435951232910e-01
7.233460545539855957e-01
7.233460545539855957e-01
7.233460545539855957e-01
7.233460545539855957e-01
7.233460545539855957e-01
7.233460545539855957e-01
7.234882116317749023e-01
7.234882116317749023e-01
7.234882116317749023e-01
7.234882116317749023e-01
7.234882116317749023e-01
7.234882116317749023e-01
7.234882116317749023e-01
7.234882116317749023e-01
