1.002468824386596680e+00
9.768276810646057129e-01
9.556956291198730469e-01
9.323999285697937012e-01
9.176468253135681152e-01
9.104843139648437500e-01
9.059071540832519531e-01
9.034927487373352051e-01
9.021370410919189453e-01
9.007812738418579102e-01
8.994423151016235352e-01
8.981434702873229980e-01
8.961952328681945801e-01
8.927479386329650879e-01
8.879979252815246582e-01
8.780290484428405762e-01
8.623722791671752930e-01
8.371983170509338379e-01
8.138536214828491211e-01
1.002468824386596680e+00
9.768276810646057129e-01
9.556956291198730469e-01
9.323999285697937012e-01
9.176468253135681152e-01
9.104843139648437500e-01
9.059071540832519531e-01
9.034927487373352051e-01
9.021370410919189453e-01
9.007812738418579102e-01
8.994423151016235352e-01
8.981434702873229980e-01
8.961952328681945801e-01
8.927479386329650879e-01
8.879979252815246582e-01
8.780290484428405762e-01
8.623722791671752930e-01
8.371983170509338379e-01
8.138536214828491211e-01
1.002468824386596680e+00
9.768276810646057129e-01
9.556956291198730469e-01
9.323999285697937012e-01
9.176468253135681152e-01
9.104843139648437500e-01
9.059071540832519531e-01
9.034927487373352051e-01
9.021370410919189453e-01
9.007812738418579102e-01
8.994423151016235352e-01
8.981434702873229980e-01
8.961952328681945801e-01
8.927479386329650879e-01
8.879979252815246582e-01
8.780290484428405762e-01
8.623722791671752930e-01
8.371983170509338379e-01
8.138536214828491211e-01
1.002468824386596680e+00
9.768276810646057129e-01
9.556956291198730469e-01
9.323999285697937012e-01
9.176468253135681152e-01
9.104843139648437500e-01
9.059071540832519531e-01
9.034927487373352051e-01
9.021370410919189453e-01
9.007812738418579102e-01
8.994423151016235352e-01
8.981434702873229980e-01
8.961952328681945801e-01
8.927479386329650879e-01
8.879979252815246582e-01
8.780290484428405762e-01
8.623722791671752930e-01
8.371983170509338379e-01
8.138536214828491211e-01
1.002468824386596680e+00
9.768276810646057129e-01
9.556956291198730469e-01
9.323999285697937012e-01
9.176468253135681152e-01
9.104843139648437500e-01
9.059071540832519531e-01
9.034927487373352051e-01
9.021370410919189453e-01
9.007812738418579102e-01
8.994423151016235352e-01
8.981434702873229980e-01
8.961952328681945801e-01
8.927479386329650879e-01
8.879979252815246582e-01
8.780290484428405762e-01
8.623722791671752930e-01
8.371983170509338379e-01
8.138536214828491211e-01
1.002468824386596680e+00
9.768276810646057129e-01
9.556956291198730469e-01
9.323999285697937012e-01
9.176468253135681152e-01
9.104843139648437500e-01
9.059071540832519531e-01
9.034927487373352051e-01
9.007812738418579102e-01
8.981434702873229980e-01
8.961952328681945801e-01
8.927479386329650879e-01
8.879979252815246582e-01
8.780290484428405762e-01
8.623722791671752930e-01
8.371983170509338379e-01
8.138536214828491211e-01
1.002468824386596680e+00
9.768276810646057129e-01
9.556956291198730469e-01
9.323999285697937012e-01
9.176468253135681152e-01
9.104843139648437500e-01
9.059071540832519531e-01
9.034927487373352051e-01
9.007812738418579102e-01
8.981434702873229980e-01
8.961952328681945801e-01
8.927479386329650879e-01
8.879979252815246582e-01
8.780290484428405762e-01
8.623722791671752930e-01
8.371983170509338379e-01
8.138536214828491211e-01
1.002468824386596680e+00
9.768276810646057129e-01
9.556956291198730469e-01
9.323999285697937012e-01
9.176468253135681152e-01
9.104843139648437500e-01
9.059071540832519531e-01
9.034927487373352051e-01
9.007812738418579102e-01
8.981434702873229980e-01
8.961952328681945801e-01
8.927479386329650879e-01
8.879979252815246582e-01
8.780290484428405762e-01
8.623722791671752930e-01
8.371983170509338379e-01
8.138536214828491211e-01
1.002468824386596680e+00
9.768276810646057129e-01
9.556956291198730469e-01
9.323999285697937012e-01
9.176468253135681152e-01
9.104843139648437500e-01
9.059071540832519531e-01
9.034927487373352051e-01
9.007812738418579102e-01
8.981434702873229980e-01
8.961952328681945801e-01
8.927479386329650879e-01
8.879979252815246582e-01
8.780290484428405762e-01
8.623722791671752930e-01
8.371983170509338379e-01
8.138536214828491211e-01
1.002468824386596680e+00
9.768276810646057129e-01
9.556956291198730469e-01
9.323999285697937012e-01
9.176468253135681152e-01
9.104843139648437500e-01
9.059071540832519531e-01
9.034927487373352051e-01
9.007812738418579102e-01
8.981434702873229980e-01
8.961952328681945801e-01
8.927479386329650879e-01
8.879979252815246582e-01
8.780290484428405762e-01
8.623722791671752930e-01
8.371983170509338379e-01
8.138536214828491211e-01
9.768276810646057129e-01
9.556956291198730469e-01
9.323999285697937012e-01
9.176468253135681152e-01
9.104843139648437500e-01
9.059071540832519531e-01
9.034927487373352051e-01
9.007812738418579102e-01
8.981434702873229980e-01
8.961952328681945801e-01
8.927479386329650879e-01
8.879979252815246582e-01
8.780290484428405762e-01
8.623722791671752930e-01
8.371983170509338379e-01
9.768276810646057129e-01
9.556956291198730469e-01
9.323999285697937012e-01
9.176468253135681152e-01
9.104843139648437500e-01
9.059071540832519531e-01
9.034927487373352051e-01
9.007812738418579102e-01
8.981434702873229980e-01
8.961952328681945801e-01
8.927479386329650879e-01
8.879979252815246582e-01
8.780290484428405762e-01
8.623722791671752930e-01
8.371983170509338379e-01
9.556956291198730469e-01
9.323999285697937012e-01
9.176468253135681152e-01
9.104843139648437500e-01
9.059071540832519531e-01
9.034927487373352051e-01
9.007812738418579102e-01
8.981434702873229980e-01
8.961952328681945801e-01
8.927479386329650879e-01
8.879979252815246582e-01
8.780290484428405762e-01
8.623722791671752930e-01
