-6.009907371060978498e-01
-6.023488472263984761e-01
-6.037069573466989914e-01
-6.050650674669996176e-01
-6.064231775873002439e-01
-6.084603427677511833e-01
-6.064638010472962470e-01
-5.924873481018343435e-01
-5.717483668114393680e-01
-5.603637963580876402e-01
-5.853161618485899220e-01
-5.874887679357954084e-01
-5.887906132421970584e-01
-5.863507382739331364e-01
-5.804659322137946109e-01
-6.103708350116635595e-01
-6.137903433959267518e-01
-6.172098077200381949e-01
-6.206293161043014983e-01
-6.240487804284128304e-01
-6.291780430048077299e-01
-6.286954962218616050e-01
-6.125906735816409876e-01
-5.884861135328343096e-01
-5.735699016087877355e-01
-6.024163033188647542e-01
-6.051884799523020719e-01
-6.065306843577886742e-01
-6.048290812937473504e-01
-5.963750396595440817e-01
-6.096286417539272806e-01
-6.134662369189954889e-01
-6.173037880239118369e-01
-6.211414272491319055e-01
-6.249789783540482535e-01
-6.307353490715746913e-01
-6.291095294686973594e-01
-6.142991059692174405e-01
-5.918123465756532919e-01
-5.752782458760605788e-01
-6.012988938080632284e-01
-6.048259089628148510e-01
-6.061222026900846549e-01
-6.047367312154917629e-01
-5.976600980480948344e-01
-6.073613063402668599e-01
-6.113630255709371353e-01
-6.153647007414556613e-01
-6.193664199721260477e-01
-6.233680951426444627e-01
-6.293706299284981265e-01
-6.285034820801450595e-01
-6.151407870498073471e-01
-5.945071976426123950e-01
-5.765489847152633907e-01
-5.994899602141409156e-01
-6.037545863708375649e-01
-6.050119749840330297e-01
-6.039213540455500295e-01
-5.983052708514805529e-01
-6.057220483910783493e-01
-6.097790631123073402e-01
-6.138359897132324994e-01
-6.178930044344613792e-01
-6.219499310353866495e-01
-6.280353870270022343e-01
-6.277970216055506203e-01
-6.158476440657684181e-01
-5.971079362252422751e-01
-5.785170635776299974e-01
-5.987990529731458400e-01
-6.036183523813498653e-01
-6.049194486651701119e-01
-6.041098433751194152e-01
-5.992121168966411116e-01
-6.032070508639281181e-01
-6.072796188187563615e-01
-6.113520545931291350e-01
-6.154246225479573784e-01
-6.194970583223301519e-01
-6.256058661944206012e-01
-6.261351167383166771e-01
-6.162210538526080583e-01
-6.002824701652779149e-01
-5.814372823212481389e-01
-5.981254613718235413e-01
-6.034412746311068609e-01
-6.048263055041814829e-01
-6.043577698495202766e-01
-5.999008211300441706e-01
-5.995054253274365585e-01
-6.034254129764446972e-01
-6.073453565653008646e-01
-6.112653442143090032e-01
-6.151852437430134213e-01
-6.210652031864495326e-01
-6.224995373694325318e-01
-6.153486628461860564e-01
-6.033806038020238516e-01
-5.856791734395955240e-01
-5.979556094864822979e-01
-6.034119305699817692e-01
-6.049364118236283394e-01
-6.047759888107807624e-01
-5.997474918016427736e-01
-5.957526900148112370e-01
-5.993277747952197032e-01
-6.029027273951726995e-01
-6.064777681154294164e-01
-6.100527647755342731e-01
-6.154152817957674326e-01
-6.175386286332164021e-01
-6.130639236725490271e-01
-6.051064399495769131e-01
-5.899626573412793951e-01
-5.982376825785588048e-01
-6.035766714777096587e-01
-6.052006405542097456e-01
-6.051155163408559190e-01
-5.991562926842604053e-01
-5.921482611732776791e-01
-5.950003629221518597e-01
-5.978524206108742911e-01
-6.007045223597484718e-01
-6.035565800484709031e-01
-6.078346886116303693e-01
-6.102850058358801899e-01
-6.085641044253331522e-01
-6.050342253607120524e-01
-5.951386236786241346e-01
-5.992979460724243701e-01
-6.039707895359139878e-01
-6.055700408672320956e-01
-6.050150591946618084e-01
-5.984811589776238838e-01
-5.914793840082022136e-01
-5.934092627189240243e-01
-5.953390973694938637e-01
-5.972689760802156744e-01
-5.991988107307855138e-01
-6.020935627066403839e-01
-6.041464133011461568e-01
-6.038431032158830813e-01
-6.029820797286357115e-01
-5.991494633607252762e-01
-6.006322196505798905e-01
-6.042174382659114551e-01
-6.055196360535277655e-01
-6.040806314944497935e-01
-5.982165777658277062e-01
-5.938043501004687252e-01
-5.951040364594302190e-01
-5.964036787582397414e-01
-5.977033651172012352e-01
-5.990030074160108686e-01
-6.009524928943011934e-01
-6.022798490286177531e-01
-6.018736144286576106e-01
-6.012658927543355070e-01
-6.008302700330984125e-01
-6.013452891479502682e-01
-6.037506209571720239e-01
-6.046697597846957262e-01
-6.029101295006817907e-01
-5.985828498080694171e-01
-5.969054798275398310e-01
-5.979726167050923857e-01
-5.990397535826449404e-01
-6.001068904601974952e-01
-6.011740273377501609e-01
-6.027747767142308533e-01
-6.035923568917644921e-01
-6.025387464808266147e-01
-6.011278963587741719e-01
-6.014577306554446112e-01
-6.014838583254854543e-01
-6.027799758121479279e-01
-6.034986850089537613e-01
-6.022816554948432488e-01
-5.993228841183655398e-01
-5.993327976525294476e-01
-6.007951981522341445e-01
-6.022575545917869810e-01
-6.037199110313398176e-01
-6.051822674708927652e-01
-6.073758461903738803e-01
-6.082896537395249270e-01
-6.063223679598914728e-01
-6.036061036591384710e-01
-6.034987290691056216e-01
-6.027106251331525444e-01
-6.029359046895078622e-01
-6.033222681609884397e-01
-6.024913377574473428e-01
-5.996347859332373798e-01
-5.995126071321864591e-01
-6.024519920418547336e-01
-6.053913328913711478e-01
-6.083307178010394223e-01
-6.112700586505558364e-01
-6.156791139849823180e-01
-6.176049832218866165e-01
-6.139207614453716655e-01
-6.088071402228798501e-01
-6.083573741929022560e-01
-6.063389345769831795e-01
-6.052941361964131461e-01
-6.043889203768707530e-01
-6.023573067755516597e-01
-5.975396816531175492e-01
-5.920901458330013467e-01
-5.982878670915039443e-01
-6.044854561695510720e-01
-6.106831333679019203e-01
-6.168807224459490479e-01
-6.261772382434752648e-01
-6.303161167268218623e-01
-6.228448808395504743e-01
-6.124996453079406544e-01
-6.118264061878331272e-01
-6.079622868113575551e-01
-6.051542011541709565e-01
-6.020051339818984770e-01
-5.971031336686917212e-01
