-4.669090829588471991e-01
-4.717259561358400632e-01
-4.744364926093972978e-01
-4.762610327804180921e-01
-4.773482345297705431e-01
-4.779814502023326805e-01
-4.785002358682193258e-01
-4.788482322209474118e-01
-4.790788814186313083e-01
-4.793072746882434121e-01
-4.795350067375586112e-01
-4.797610273931641744e-01
-4.800980552680260693e-01
-4.805895753204934007e-01
-4.811740162723311953e-01
-4.821390089526915723e-01
-4.836927988597869987e-01
-4.858827993784364252e-01
-4.891804994756422387e-01
-5.508035862656764925e-01
-5.572707097224892658e-01
-5.610048930062732087e-01
-5.635557253304729342e-01
-5.650904565348929820e-01
-5.659899495105485956e-01
-5.667294271743539280e-01
-5.672269371048049846e-01
-5.675570416142051711e-01
-5.678845790330409038e-01
-5.682113385456449839e-01
-5.685361143973584053e-01
-5.690209444562335239e-01
-5.697289947082803119e-01
-5.705718950055834737e-01
-5.719641137883654247e-01
-5.741910648530181849e-01
-5.772901265939723858e-01
-5.819681435086159205e-01
-6.346980895725058414e-01
-6.428154633091384129e-01
-6.475733322984607021e-01
-6.508504178805278872e-01
-6.528326785400154764e-01
-6.539984488187644551e-01
-6.549586962711118066e-01
-6.556056808839740846e-01
-6.560352407050905610e-01
-6.564619222731500336e-01
-6.568876703537314121e-01
-6.573112402968641632e-01
-6.579438336444410895e-01
-6.588683752007556960e-01
-6.599698126341473348e-01
-6.617892575193508042e-01
-6.646892919509377329e-01
-6.686975316001315672e-01
-6.747558653322128785e-01
-7.185925928793351902e-01
-7.283602168957876710e-01
-7.341416938000250303e-01
-7.381451104305827293e-01
-7.405749005451378597e-01
-7.420069481269803147e-01
-7.431878875772464088e-01
-7.439843857678316574e-01
-7.445133620053528967e-01
-7.450392266179475254e-01
-7.455640021618178404e-01
-7.460863661963700322e-01
-7.468666839373370170e-01
-7.480077945885427182e-01
-7.493677302627111958e-01
-7.516143234597131295e-01
-7.551875579441689190e-01
-7.601048588156675834e-01
-7.675435093651865603e-01
-8.024870572908529009e-01
-8.139049315871252910e-01
-8.207101330922126348e-01
-8.254398029806375714e-01
-8.283172003408835193e-01
-8.300154474351961742e-01
-8.314171566740041763e-01
-8.323630906516892303e-01
-8.329915610962382866e-01
-8.336165309627450171e-01
-8.342403339699041576e-01
-8.348614143052526249e-01
-8.357896120208561097e-01
-8.371472139763296294e-01
-8.387655701006518916e-01
-8.414394671906985090e-01
-8.456858239374001052e-01
-8.515121860312035995e-01
-8.603311533981603532e-01
-9.283287928034411607e-01
-9.422220425194433036e-01
-9.505627531351822368e-01
-9.563818029104083074e-01
-9.599305333485672609e-01
-9.620281575022083809e-01
-9.637609436332061907e-01
-9.649310701868523132e-01
-9.664824485846296165e-01
-9.680241031545113728e-01
-9.691738485648883072e-01
-9.708562263720753593e-01
-9.728624465434977386e-01
-9.761770272059302478e-01
-9.814331840319352462e-01
-9.886232157498192619e-01
-9.995125805523092932e-01
-1.019988550591147236e+00
-1.035748230728744446e+00
-1.045255333948217791e+00
-1.051904720835105778e+00
-1.055966558223660146e+00
-1.058370132898208915e+00
-1.060356905413839979e+00
-1.061699182616550052e+00
-1.063479498818301616e+00
-1.065249235495302704e+00
-1.066569653532903450e+00
-1.068502050402942549e+00
-1.070807064357941263e+00
-1.074616471174325572e+00
-1.080651156556964754e+00
-1.088882960300272762e+00
-1.101351396962386930e+00
-1.008558229795168515e+00
-1.024251398949959757e+00
-1.033739210094888117e+00
-1.040381673616314506e+00
-1.044442888679883552e+00
-1.046847708004402966e+00
-1.048836425285613272e+00
-1.050180491672656036e+00
-1.051963452755595219e+00
-1.053736378848146193e+00
-1.055059519557557612e+00
-1.056996350493117021e+00
-1.059307120954229964e+00
-1.063128351945335393e+00
-1.069179139986969673e+00
-1.077408143267843732e+00
-1.089866000405207425e+00
-9.900939252713745198e-01
-1.005628557136155843e+00
-1.015057325198101879e+00
-1.021669761538986698e+00
-1.025717985568487256e+00
-1.028117515130631432e+00
-1.030103120786915127e+00
-1.031445631361494586e+00
-1.033227192213216794e+00
-1.034999340399536116e+00
-1.036322325527701205e+00
-1.038259389835129998e+00
-1.040571093783720924e+00
-1.044396369887230946e+00
-1.050450113972545507e+00
-1.058646756354183260e+00
-1.071040202855566337e+00
-9.649033767250057014e-01
-9.798096159358609114e-01
-9.889304887113204989e-01
-9.953460369849749245e-01
-9.992775750797282530e-01
-1.001609115637226211e+00
-1.003538789835454192e+00
-1.004843649748422107e+00
-1.006575113438826108e+00
-1.008297320045073553e+00
-1.009582654511626876e+00
-1.011464020732869562e+00
-1.013707891258060823e+00
-1.017415236776852749e+00
-1.023280649763485206e+00
-1.031200902061017999e+00
-1.043115391695574878e+00
-9.440634243603792664e-01
-9.525635279629831587e-01
-9.585553507122583916e-01
-9.622266013819019692e-01
-9.644021717399543503e-01
-9.662017800162507886e-01
-9.674179586188105251e-01
-9.690309471901344951e-01
-9.706340563523163656e-01
-9.718297760209838598e-01
-9.735788981828462640e-01
-9.756629867680567392e-01
-9.790993875463654961e-01
-9.845084807375126257e-01
-9.917858713252107883e-01
-8.849618428296115447e-01
-8.923208357810096247e-01
-8.975252618426099449e-01
-9.007164665767030121e-01
-9.026073232539718605e-01
-9.041705258264702838e-01
-9.052262223734409696e-01
-9.066253645216845181e-01
-9.080145494701630238e-01
-9.090496315019950258e-01
-9.105619590069435887e-01
-9.123608671676315396e-01
-9.153181554978677692e-01
-9.199484867605112193e-01
-9.261259179366578831e-01
-7.740116441001004821e-01
-7.778993860740118782e-01
-7.802730891492651866e-01
-7.816744094349574734e-01
-7.828301447233181332e-01
-7.836089844424449780e-01
-7.846393212462638989e-01
-7.856597786409408313e-01
-7.864183150074216533e-01
-7.875241087157104358e-01
-7.888349585066619651e-01
-7.909787124998398644e-01
-7.943025502464290399e-01
