-1.561837338626593241e-01
-1.462806712174756218e-01
-1.399997839007398048e-01
-1.368664748909134976e-01
-1.352841371951092053e-01
-1.343067354691827864e-01
-1.334798382266866035e-01
-1.329186527439302212e-01
-1.325459262698744922e-01
-1.321769601516910031e-01
-1.318094580653937642e-01
-1.314455258102712465e-01
-1.309053882927836976e-01
-1.301258915895089630e-01
-1.292189238359733872e-01
-1.277724703599681100e-01
-1.256510079358578724e-01
-1.235089487891834620e-01
-1.223071891904961295e-01
-2.106781994785032475e-01
-2.014582280396458869e-01
-1.956147352903525594e-01
-1.927794470179202690e-01
-1.913812163456204973e-01
-1.905179389135124302e-01
-1.897873067813453940e-01
-1.892919225125452853e-01
-1.889631571055398751e-01
-1.886383225238728867e-01
-1.883150321950174677e-01
-1.879954520839559606e-01
-1.875219480725243970e-01
-1.868405515332444700e-01
-1.860514383465524946e-01
-1.848027194237327198e-01
-1.829976082184416875e-01
-1.812692483834068558e-01
-1.806665886822836631e-01
-2.651726751219628531e-01
-2.566357848618161519e-01
-2.512296766523496316e-01
-2.486924291725426950e-01
-2.474782854685161348e-01
-2.467291624130733829e-01
-2.460947753360042123e-01
-2.456651922811603217e-01
-2.453804079964365670e-01
-2.450997149789017615e-01
-2.448206263798724802e-01
-2.445453883852563570e-01
-2.441385078522650964e-01
-2.435552215045956315e-01
-2.428839528571316020e-01
-2.418329785151129840e-01
-2.403441984734098480e-01
-2.390295379500145811e-01
-2.390260082293025057e-01
-3.196671307101910942e-01
-3.118133216287550802e-01
-3.068446180143467039e-01
-3.046053912719338119e-01
-3.035753746466430814e-01
-3.029403859126343357e-01
-3.024022438906630028e-01
-3.020384620497753581e-01
-3.017976388321019221e-01
-3.015610873786993551e-01
-3.013262005094961560e-01
-3.010953046313253889e-01
-3.007550676320057681e-01
-3.002698914759467930e-01
-2.997164673677107372e-01
-2.988632376064932483e-01
-2.976907887283780085e-01
-2.967898475718536155e-01
-2.973854277763213760e-01
-3.741616264088820087e-01
-3.669908784509253730e-01
-3.624595994868064497e-01
-3.605183734265562379e-01
-3.596724437695387189e-01
-3.591516094121953162e-01
-3.587097124453218489e-01
-3.584117719288530957e-01
-3.582148696677672772e-01
-3.580224597784968932e-01
-3.578317746391198595e-01
-3.576452609878570943e-01
-3.573716274117464953e-01
-3.569845614472979545e-01
-3.565490019335211258e-01
-3.558935167531048216e-01
-3.550373990385775058e-01
-3.545501371384613964e-01
-3.557448673785715276e-01
-4.559032997636087714e-01
-4.497572136841807566e-01
-4.458819814469550669e-01
-4.443878266032585400e-01
-4.438180574814978296e-01
-4.434684145786897957e-01
-4.431709152773100624e-01
-4.429716464989286728e-01
-4.427144983229618913e-01
-4.424701052741137342e-01
-4.422964670813575028e-01
-4.420565664043247245e-01
-4.417977335889271551e-01
-4.414388652797126000e-01
-4.410572543381827137e-01
-4.411905815159886113e-01
-4.432839465610215468e-01
-5.134402743294841365e-01
-5.082071023796776998e-01
-5.049926097934738234e-01
-5.038151671627602024e-01
-5.034077651937547415e-01
-5.031675837434834708e-01
-5.029667506570592028e-01
-5.028351883396093847e-01
-5.026699332335443637e-01
-5.025192382254165535e-01
-5.024169966561544687e-01
-5.022829073795584964e-01
-5.021511445097953663e-01
-5.020079902686434004e-01
-5.019796321715589427e-01
-5.025481979794406140e-01
-5.051660073234541803e-01
-5.010117265976619105e-01
-4.961021257499493298e-01
-4.932850877380169363e-01
-4.920447519018882887e-01
-4.915154141264658216e-01
-4.912216049876487189e-01
-4.909864373452070829e-01
-4.908353813429155998e-01
-4.906471429417594288e-01
-4.904767135860141902e-01
-4.903619174419466265e-01
-4.902110619919683443e-01
-4.900590032281108566e-01
-4.898880524363513622e-01
-4.898356681721472428e-01
-4.903060836779557508e-01
-4.925169322680528761e-01
-4.827669612311394909e-01
-4.782583045679478784e-01
-4.759689196920072196e-01
-4.746158734558682535e-01
-4.739041132963719982e-01
-4.735300431218179007e-01
-4.732432132034996575e-01
-4.730626760111698581e-01
-4.728394612865940982e-01
-4.726387886420204132e-01
-4.725045389235738580e-01
-4.723279325565825082e-01
-4.721451491783449916e-01
-4.719314406334142453e-01
-4.718370607148290596e-01
-4.721642016480976367e-01
-4.738099339300999580e-01
-4.724067095052018606e-01
-4.675169633364947286e-01
-4.650507715412494636e-01
-4.634737083712819894e-01
-4.626372447834468660e-01
-4.622060974205601247e-01
-4.618803603534837876e-01
-4.616761178777354369e-01
-4.614230609689576323e-01
-4.611944714423885094e-01
-4.610410088123387817e-01
-4.608393334061992030e-01
-4.606315210992761311e-01
-4.603768998824555037e-01
-4.601987693178838934e-01
-4.604460904305045510e-01
-4.620331009952060586e-01
-4.571489702912681086e-01
-4.545979849780079629e-01
-4.530345994757997152e-01
-4.521781207671086711e-01
-4.517215433709099726e-01
-4.513743070958601278e-01
-4.511565473942030779e-01
-4.508854006667759040e-01
-4.506363949147244585e-01
-4.504655243438902001e-01
-4.502380980207375538e-01
-4.500054172269794539e-01
-4.497130520648172647e-01
-4.494506494182450296e-01
-4.495596696556928284e-01
-4.568088736785677062e-01
-4.543032934090128205e-01
-4.527806200263813086e-01
-4.519584357632449589e-01
-4.515165789068341096e-01
-4.511748377651655928e-01
-4.509586423715513659e-01
-4.506894610567934167e-01
-4.504425009383364875e-01
-4.502724325767549773e-01
-4.500439232711111459e-01
-4.498061083381354464e-01
-4.495054001997447202e-01
-4.492593225114658306e-01
-4.493890798580970070e-01
-4.623081384375090086e-01
-4.608984161176636896e-01
-4.601397668273446429e-01
-4.597358544685885562e-01
-4.594255599296275250e-01
-4.592302219765845850e-01
-4.589882756659572904e-01
-4.587680692260793780e-01
-4.586177753225779696e-01
-4.584179449977196508e-01
-4.582130607545690792e-01
-4.579582790958979244e-01
-4.577702813575175722e-01
