-5.369777692654793544e-01
-5.366554692547734762e-01
-5.374906294328910539e-01
-5.384868294659821419e-01
-5.392654604692896925e-01
-5.397914505619495484e-01
-5.402589728331184116e-01
-5.405935215660356841e-01
-5.408215769119569805e-01
-5.410585764687015908e-01
-5.412985721157713703e-01
-5.415456614472872188e-01
-5.419257243170547689e-01
-5.425051153137441240e-01
-5.432332533830436239e-01
-5.445259782380144076e-01
-5.467819901926520565e-01
-5.502206206828136326e-01
-5.561414679471569089e-01
-5.517406959212762807e-01
-5.514166775646486274e-01
-5.521189963849701954e-01
-5.529734549095934870e-01
-5.536466940297010142e-01
-5.541032012629100167e-01
-5.545096561636293497e-01
-5.548008937672884722e-01
-5.549995609919327055e-01
-5.552062471642117414e-01
-5.554155328854494256e-01
-5.556311632685518864e-01
-5.559629802720551517e-01
-5.564690551760835824e-01
-5.571055481295569267e-01
-5.582363959866694092e-01
-5.602117007139376659e-01
-5.632231239718634708e-01
-5.683991343693600706e-01
-5.665034022763139054e-01
-5.661775774534608674e-01
-5.667470989761381750e-01
-5.674598600524457526e-01
-5.680277072893531454e-01
-5.684146876029594342e-01
-5.687601191933810973e-01
-5.690080456677819587e-01
-5.691773247711492401e-01
-5.693536534988109521e-01
-5.695322292942164299e-01
-5.697164447890573635e-01
-5.699999718661444836e-01
-5.704328187978157105e-01
-5.709775785151591787e-01
-5.719465934345652203e-01
-5.736412349946159450e-01
-5.762254069601541184e-01
-5.806565804908040418e-01
-5.812663729922626921e-01
-5.809387857633360186e-01
-5.813754659282173165e-01
-5.819464854960570976e-01
-5.824089408497644671e-01
-5.827263942437680422e-01
-5.830108025238920355e-01
-5.832154619291864961e-01
-5.833553529112768254e-01
-5.835012801341692423e-01
-5.836492341240463455e-01
-5.838019466103220312e-01
-5.840372278211448664e-01
-5.843967586601551689e-01
-5.848498292015207323e-01
-5.856570111832202219e-01
-5.870709895760533037e-01
-5.892279102492040677e-01
-5.929142909731590638e-01
-5.960290352871485675e-01
-5.956997297123001189e-01
-5.960035244592334358e-01
-5.964328906389093632e-01
-5.967899541094165983e-01
-5.970378805838174596e-01
-5.972612655536436721e-01
-5.974226138296799826e-01
-5.975331166904933600e-01
-5.976486864687684530e-01
-5.977659305328133499e-01
-5.978871840706756480e-01
-5.980742634753860587e-01
-5.983604782217354368e-01
-5.987218595871229843e-01
-5.993672086311161440e-01
-6.005004797965797225e-01
-6.022301932374947153e-01
-6.051717370946030350e-01
-6.181733591806161110e-01
-6.178414099966573758e-01
-6.179459647369724973e-01
-6.181627406840227712e-01
-6.183617163297300268e-01
-6.185053524247267065e-01
-6.186371803990304841e-01
-6.187336280714071934e-01
-6.188700383015022233e-01
-6.190153486822689288e-01
-6.191300372575071487e-01
-6.193063219250168894e-01
-6.195301474963615940e-01
-6.199327251037189956e-01
-6.206450015183563318e-01
-6.217338600507658075e-01
-6.235581265775282933e-01
-6.282720781626840445e-01
-6.280025181537299828e-01
-6.280025181537299828e-01
-6.281078659767782568e-01
-6.282246253791529123e-01
-6.283144199686018228e-01
-6.283991917007409889e-01
-6.284624180186306752e-01
-6.285530497509644876e-01
-6.286509073482000609e-01
-6.287288938169559582e-01
-6.288495745728442943e-01
-6.290040935253453647e-01
-6.292850651136259188e-01
-6.297878795664182405e-01
-6.305606505695311448e-01
-6.318396727172798100e-01
-6.111844057153797971e-01
-6.110757974410955251e-01
-6.111954207533396577e-01
-6.114284108362669778e-01
-6.116419703922330031e-01
-6.117965774650377941e-01
-6.119387155148720003e-01
-6.120429177739724613e-01
-6.121905192826346820e-01
-6.123479902653090612e-01
-6.124725483145593286e-01
-6.126643862156685438e-01
-6.129086556974666644e-01
-6.133496096970763034e-01
-6.141337922795157001e-01
-6.153413929211325462e-01
-6.173932301321459759e-01
-5.870353449132151846e-01
-5.872014957458019380e-01
-5.875441074865058733e-01
-5.879951072007348900e-01
-5.883671951830194979e-01
-5.886256960938618388e-01
-5.888589064775482385e-01
-5.890275687387898085e-01
-5.892640395737124281e-01
-5.895139046947941441e-01
-5.897101926712391418e-01
-5.900110794481510101e-01
-5.903919354006516018e-01
-5.910740306112788334e-01
-5.922770489971044272e-01
-5.941230812388756943e-01
-5.972911823967427258e-01
-5.815462871368990427e-01
-5.821639223453850542e-01
-5.830008008694244070e-01
-5.838091284150718208e-01
-5.843952606149925844e-01
-5.847780992743260020e-01
-5.851126920673951348e-01
-5.853490747820140339e-01
-5.856743268228932209e-01
-5.860112988641617005e-01
-5.862718706021404769e-01
-5.866659005400410853e-01
-5.871562900300145715e-01
-5.880147139683035151e-01
-5.894833269494176298e-01
-5.916630707812210455e-01
-5.952719937582423571e-01
-5.769473325480443116e-01
-5.777062686634796274e-01
-5.784578467335577123e-01
-5.790107135188397036e-01
-5.793745181925784582e-01
-5.796938221129592783e-01
-5.799200709926550790e-01
-5.802321931082861095e-01
-5.805564317656729534e-01
-5.808077068116135333e-01
-5.811885627641141250e-01
-5.816637955618549904e-01
-5.824991760407317587e-01
-5.839362860132806254e-01
-5.860885803704881658e-01
-5.721069283271091876e-01
-5.728947679021512140e-01
-5.736709755971075575e-01
-5.742396599768999632e-01
-5.746131138238914637e-01
-5.749405248122108070e-01
-5.751723252710383427e-01
-5.754919376124820740e-01
-5.758237986761371996e-01
-5.760808896621206765e-01
-5.764704254645336423e-01
-5.769563208190195969e-01
-5.778100303210615962e-01
-5.792784230014165203e-01
-5.814784345030661328e-01
-5.684877833948611681e-01
-5.691835372525586578e-01
-5.697056059917048332e-01
-5.700519628453151189e-01
-5.703572115772591600e-01
-5.705742959453723451e-01
-5.708747421207658324e-01
-5.711880538604965363e-01
-5.714315743197133646e-01
-5.718016795951651465e-01
-5.722653245729721894e-01
-5.730845790362757430e-01
-5.745052105120366237e-01
