-2.691595748871703497e-01
-2.615721995538016209e-01
-2.575413988872377602e-01
-2.550752070919924952e-01
-2.538098824376409657e-01
-2.531670721634179944e-01
-2.527109359823083157e-01
-2.524507394111811243e-01
-2.522918418134440510e-01
-2.521561481183425268e-01
-2.520272130361954077e-01
-2.519144825809537247e-01
-2.517650309971676825e-01
-2.515883243540197323e-01
-2.514488001097364145e-01
-2.514156287571354675e-01
-2.518847607281395895e-01
-2.536017492470167833e-01
-2.588421210248665894e-01
-2.638261067255397441e-01
-2.565194444649370742e-01
-2.526328609667851111e-01
-2.502564564421531079e-01
-2.490357346222540624e-01
-2.484154263175705479e-01
-2.479743315599497733e-01
-2.477217760319549711e-01
-2.475672304194140305e-01
-2.474348057270174817e-01
-2.473088789295681267e-01
-2.471984949363907058e-01
-2.470518510849892824e-01
-2.468778117876066769e-01
-2.467390696973447706e-01
-2.466998216096543128e-01
-2.471382690767410240e-01
-2.487650090546846271e-01
-2.537275958235408191e-01
-2.584927187848343744e-01
-2.514667695969978189e-01
-2.477244233224890069e-01
-2.454377860132390121e-01
-2.442616670277924507e-01
-2.436638406374170562e-01
-2.432378073585165501e-01
-2.429928928736541094e-01
-2.428426992463093015e-01
-2.427135636118489814e-01
-2.425906250438661094e-01
-2.424825875127529506e-01
-2.423387513937361182e-01
-2.421673794421189130e-01
-2.420294195058784181e-01
-2.419840746278671129e-01
-2.423918576462677221e-01
-2.439283290280464256e-01
-2.486131508431403681e-01
-2.531592305679724042e-01
-2.464140345633646090e-01
-2.428158854020363577e-01
-2.406190554186309338e-01
-2.394875392676368842e-01
-2.389121947915696098e-01
-2.385012029361580355e-01
-2.382639094391966472e-01
-2.381180878522792810e-01
-2.379922212205239085e-01
-2.378722909372388283e-01
-2.377665798129586228e-01
-2.376255714815577180e-01
-2.374568668757058576e-01
-2.373196890934868020e-01
-2.372682474251546492e-01
-2.376453659948691566e-01
-2.390915888357142693e-01
-2.434986256418146255e-01
-2.478258426272670623e-01
-2.413613596954253537e-01
-2.379074277025089723e-01
-2.358003849897168103e-01
-2.347134716731752724e-01
-2.341606091114161181e-01
-2.337646787347247845e-01
-2.335350262808957855e-01
-2.333935566791745519e-01
-2.332709590501240993e-01
-2.331540169963055020e-01
-2.330506723893208676e-01
-2.329124717903045816e-01
-2.327464345302180937e-01
-2.326100389020204495e-01
-2.325525004433674492e-01
-2.328989746196271637e-01
-2.342549088090760678e-01
-2.383842007166454557e-01
-2.398256704676680895e-01
-2.337822872278225161e-01
-2.305446709599082711e-01
-2.285723191806516563e-01
-2.275522900605575771e-01
-2.270331804531075803e-01
-2.266598122116496583e-01
-2.264416313501348699e-01
-2.261889956012147762e-01
-2.259767109777076621e-01
-2.258427420324995716e-01
-2.256806957634454880e-01
-2.255454633386643482e-01
-2.254787997497613994e-01
-2.257792672253762789e-01
-2.269998286034247970e-01
-2.307124530251194738e-01
-2.309204658843557467e-01
-2.253950491037750303e-01
-2.224302441474873826e-01
-2.206300264186380755e-01
-2.196971172233919134e-01
-2.192222093457680543e-01
-2.188785228466616217e-01
-2.186757644580308302e-01
-2.184390726180089892e-01
-2.182386807466737966e-01
-2.181115506353453470e-01
-2.179570651884983612e-01
-2.178264655221517909e-01
-2.177535045906148214e-01
-2.180057392349085410e-01
-2.190789147179968144e-01
-2.223451297457713360e-01
-2.239518746580903275e-01
-2.189163069024658015e-01
-2.162199412173773094e-01
-2.145926196377254402e-01
-2.137495979892491405e-01
-2.133207569779640433e-01
-2.130080959217074410e-01
-2.128219833750710499e-01
-2.126032810775420057e-01
-2.124172487518308783e-01
-2.122991836050584502e-01
-2.121559491429811650e-01
-2.120346952144290531e-01
-2.119633988670915348e-01
-2.121830036500299277e-01
-2.131466174044248374e-01
-2.160933726525257614e-01
-2.127967338388409846e-01
-2.085214197920410295e-01
-2.062416413719019570e-01
-2.048806532641607725e-01
-2.041760528222452686e-01
-2.038177460595076151e-01
-2.035529768956397811e-01
-2.033928559287922766e-01
-2.032024916731163533e-01
-2.030391819244891927e-01
-2.029353559919529204e-01
-2.028095695811228116e-01
-2.027024947011129563e-01
-2.026332640426012077e-01
-2.028014672676701213e-01
-2.035934684076719792e-01
-2.060418912679689296e-01
-1.985486953008722411e-01
-1.950483956131472962e-01
-1.931919430156807393e-01
-1.920862580026250210e-01
-1.915135207066291367e-01
-1.912194307945735694e-01
-1.910011496569021805e-01
-1.908685645226550764e-01
-1.907102485266262415e-01
-1.905733715728769595e-01
-1.904854293835450130e-01
-1.903771511896560353e-01
-1.902815880124230086e-01
-1.902099908366156888e-01
-1.903190912949887514e-01
-1.909226133710586470e-01
-1.928403948658974076e-01
-1.787423092924976531e-01
-1.772829101646762606e-01
-1.764134557213220544e-01
-1.759602275487535672e-01
-1.757259824469525888e-01
-1.755498774607441859e-01
-1.754414187697733440e-01
-1.753102976674124902e-01
-1.751950603082559621e-01
-1.751196726937294390e-01
-1.750248916705178515e-01
-1.749378920770578716e-01
-1.748586739133494716e-01
-1.749002484078728825e-01
-1.752979235896889310e-01
-1.574394821440562586e-01
-1.563640805302916326e-01
-1.557160157854631799e-01
-1.553722891758941016e-01
-1.551909096638489083e-01
-1.550527391476795858e-01
-1.549665016530097084e-01
-1.548605498659536839e-01
-1.547652072962651670e-01
-1.547010506112770356e-01
-1.546173601309846213e-01
-1.545344217218666549e-01
-1.544399114442778775e-01
-1.543984171706797304e-01
-1.545690571063538521e-01
-1.302804973677438583e-01
-1.298119369708323201e-01
-1.295537358952213447e-01
-1.294130685027528316e-01
-1.293032059455896943e-01
-1.292328722493554516e-01
-1.291441579336177203e-01
-1.290613799663503092e-01
-1.290033200716830253e-01
-1.289238211347361884e-01
-1.288382053522371951e-01
-1.287198293493793111e-01
-1.285915661174813485e-01
