-3.685604008539170584e-01
-3.662077216679349712e-01
-3.638550825924155574e-01
-3.615024034064334701e-01
-3.591497643309140009e-01
-3.556207656071722067e-01
-3.481696856258444939e-01
-3.461873864518538735e-01
-3.434108600071850148e-01
-3.428763880925449481e-01
-3.401144217458134111e-01
-3.373408233649170529e-01
-3.364485661235536162e-01
-3.447841620269557761e-01
-3.825179193110049281e-01
-3.497566961905460015e-01
-3.434802511075472631e-01
-3.372038862454738162e-01
-3.309274411624750778e-01
-3.246511164108642489e-01
-3.152364888968288148e-01
-3.013523926415982435e-01
-2.945434611118600277e-01
-2.844551382673709550e-01
-2.779564210556684234e-01
-2.701328753182921649e-01
-2.617573293941033996e-01
-2.539086745071162388e-01
-2.527559198661558648e-01
-2.783313134947065781e-01
-3.451440732081989538e-01
-3.373348067955214691e-01
-3.295256607142319494e-01
-3.217163742463231557e-01
-3.139072482202649450e-01
-3.021934087669426727e-01
-2.889991924138398116e-01
-2.806607486675904428e-01
-2.682091374197517752e-01
-2.594001778915372980e-01
-2.496340222829498134e-01
-2.392841190563725906e-01
-2.291989047727379103e-01
-2.247408875686257301e-01
-2.439278677577260968e-01
-3.427415367171588456e-01
-3.337804181489303357e-01
-3.248194199120897352e-01
-3.158582812886299163e-01
-3.068972830517893158e-01
-2.934556453099091411e-01
-2.788717819235108641e-01
-2.692132627414102197e-01
-2.547133104428488393e-01
-2.438309007143007745e-01
-2.323157283824203445e-01
-2.202137199269270929e-01
-2.081819248362801744e-01
-2.008348913950332437e-01
-2.141655033763337490e-01
-3.418345188255449973e-01
-3.322570027227400580e-01
-3.226796470617856460e-01
-3.131021109037493977e-01
-3.035247552427949858e-01
-2.891585512818972137e-01
-2.735118408565396786e-01
-2.629632905637520057e-01
-2.470644858807199695e-01
-2.346203151237004902e-01
-2.217286921007322886e-01
-2.082859713763609288e-01
-1.948494076080043991e-01
-1.855955628834499438e-01
-1.950638782517252479e-01
-3.409412588226156116e-01
-3.306185304344750886e-01
-3.202960025986477111e-01
-3.099732942657384416e-01
-2.996507463746797550e-01
-2.841667640962411423e-01
-2.674310546102849906e-01
-2.557674535114157766e-01
-2.381000983097865120e-01
-2.235549415198331002e-01
-2.088100145707153243e-01
-1.935416260289514190e-01
-1.782333676873261719e-01
-1.665513258032595423e-01
-1.714101568328891267e-01
-3.410589028095303843e-01
-3.301214414710128553e-01
-3.191841806848084717e-01
-3.082467193462909427e-01
-2.973094385048553057e-01
-2.809033568008512116e-01
-2.631620178508877195e-01
-2.503779109230184208e-01
-2.308967606009371953e-01
-2.139082348689790580e-01
-1.969615042390888415e-01
-1.794896073218904264e-01
-1.620174797695318192e-01
-1.477840514675786698e-01
-1.482316040096839926e-01
-3.423901690644574058e-01
-3.310924957162269533e-01
-3.197950229203096462e-01
-3.084973495720791936e-01
-2.971998968313932510e-01
-2.802534870852040894e-01
-2.618642638874940642e-01
-2.482109832895089685e-01
-2.272867387426683317e-01
-2.080716010087966805e-01
-1.890192916980005522e-01
-1.693796849932712734e-01
-1.498381483696898109e-01
-1.334045909987792988e-01
-1.304469056496097568e-01
-3.458281571484755346e-01
-3.343647072581657498e-01
-3.229014579201691104e-01
-3.114379879746279611e-01
-2.999747386366313218e-01
-2.827796440220918806e-01
-2.639368918233435668e-01
-2.495283312139009169e-01
-2.272820458185397796e-01
-2.055070784143964990e-01
-1.838402287622916409e-01
-1.613525485751644561e-01
-1.390901387738232020e-01
-1.200043372267250441e-01
-1.134602751370112350e-01
-3.521074099638588639e-01
-3.406452034978907917e-01
-3.291831574737733024e-01
-3.177209309525739211e-01
-3.062589049836877408e-01
-2.890656554504295594e-01
-2.700276856300262152e-01
-2.550975085092187511e-01
-2.318636634132683338e-01
-2.076285809489693546e-01
-1.831014742614405777e-01
-1.571609350362725699e-01
-1.314221313829381232e-01
-1.090459482543265635e-01
-9.872693008397993852e-02
-3.601803224474503518e-01
-3.487708612398501273e-01
-3.373615604741004304e-01
-3.259520992665002614e-01
-3.145428386112132380e-01
-2.974287270207381928e-01
-2.783454724880174980e-01
-2.631817923089678768e-01
-2.394438389185937210e-01
-2.135237359741393448e-01
-1.866485427486004323e-01
-1.574562282622072873e-01
-1.280786435488931174e-01
-1.021385856492767613e-01
-8.826372482806842112e-02
-3.690977206114043341e-01
-3.577945922402552270e-01
-3.464916644214193209e-01
-3.351885761607328318e-01
-3.238856483418968701e-01
-3.069310761165611190e-01
-2.879480375747393017e-01
-2.727926402062242905e-01
-2.489632349610374218e-01
-2.220738827421876171e-01
-1.934277524255245406e-01
-1.613262260840588325e-01
-1.281636677020682180e-01
-9.825794852721071726e-02
-8.140633484565668043e-02
-3.732811616435339208e-01
-3.623275157333423202e-01
-3.513740703754638650e-01
-3.404204244652722089e-01
-3.294669590521624447e-01
-3.130365704078003075e-01
-2.946107865233964507e-01
-2.799382188488760970e-01
-2.567924162184141990e-01
-2.300395799591499479e-01
-2.007977491066312292e-01
-1.670110919812378969e-01
-1.309093090905064927e-01
-9.749890815988092319e-02
-7.979792534913823787e-02
-3.644661654906925508e-01
-3.543154107111087803e-01
-3.441647762629129192e-01
-3.340140014280977843e-01
-3.238633870351332322e-01
-3.086372949762202222e-01
-2.915913110065344038e-01
-2.781452410585328328e-01
-2.568780520561445568e-01
-2.318210861571790016e-01
-2.037948630405731210e-01
-1.704784710067533682e-01
-1.334906179135203208e-01
-9.791076239023918659e-02
-8.004041315101113885e-02
-3.300893932113657669e-01
-3.217004303374249030e-01
-3.133116078501032575e-01
-3.049226449761623381e-01
-2.965338425440720016e-01
-2.839504684264703149e-01
-2.699489487918694808e-01
-2.591260629898750056e-01
-2.419413369299272254e-01
-2.211354784135601548e-01
-1.971816104028102090e-01
-1.677554418916268053e-01
-1.336799092143207135e-01
-9.954714893444703561e-02
