-4.736794947056039429e-01
-4.769750104263348889e-01
-4.789494078391859921e-01
-4.803446903924819544e-01
-4.811905398285741819e-01
-4.816947283439231842e-01
-4.821125991436769898e-01
-4.823955383471194569e-01
-4.825834959750371356e-01
-4.827694881902856450e-01
-4.829547985276692601e-01
-4.831384643360847608e-01
-4.834121380226580333e-01
-4.838127613234779467e-01
-4.842920813519918655e-01
-4.851130623012490650e-01
-4.865795409257259729e-01
-4.884626870360775364e-01
-4.907766195151521682e-01
-4.843106524961928727e-01
-4.884612831698852409e-01
-4.909089038209294986e-01
-4.925941047981667320e-01
-4.935961844862306602e-01
-4.941820780139715152e-01
-4.946614381529481075e-01
-4.949822416331200459e-01
-4.951941853176947683e-01
-4.954020377350804583e-01
-4.956084461758112347e-01
-4.958114452272178729e-01
-4.961116720400569613e-01
-4.965456271353282935e-01
-4.970553910049838597e-01
-4.979003981213607211e-01
-4.993197469522389076e-01
-5.010075952200102600e-01
-5.027982867139831891e-01
-4.949416097344686016e-01
-4.999473152506597740e-01
-5.028681591398971307e-01
-5.048433186515383087e-01
-5.060015483706487016e-01
-5.066691870212440829e-01
-5.072100364994434063e-01
-5.075687042563448159e-01
-5.078046741080392001e-01
-5.080343466170995637e-01
-5.082618531611774459e-01
-5.084841854555751661e-01
-5.088109653946800703e-01
-5.092782522844028215e-01
-5.098184599952000351e-01
-5.106874932786964472e-01
-5.120597123159760233e-01
-5.135522627411670538e-01
-5.148197132500383910e-01
-5.055727675250575315e-01
-5.114335879942101259e-01
-5.148276551216405261e-01
-5.170927330572231417e-01
-5.184071529178425619e-01
-5.191565366912924695e-01
-5.197589156191771975e-01
-5.201553674318827314e-01
-5.204153634506968329e-01
-5.206668560514317035e-01
-5.209154606988567471e-01
-5.211571262362456602e-01
-5.215104593016163248e-01
-5.220111582067158418e-01
-5.225817295377293004e-01
-5.234748290988081587e-01
-5.247999183424890690e-01
-5.260971709250997774e-01
-5.268413403384067939e-01
-5.162037648737959339e-01
-5.229196200749847145e-01
-5.267869104406082137e-01
-5.293419469105947739e-01
-5.308125569127232213e-01
-5.316436456985650372e-01
-5.323075139656724408e-01
-5.327418300551075570e-01
-5.330258121305785357e-01
-5.332991649334507533e-01
-5.335688676842229583e-01
-5.338298664646029534e-01
-5.342097526562393783e-01
-5.347437833557904252e-01
-5.353447985279454757e-01
-5.362619242561439403e-01
-5.375399238166888027e-01
-5.386418785567193002e-01
-5.388627668744619958e-01
-5.321504012835227559e-01
-5.401489088589223053e-01
-5.447260340818355084e-01
-5.477159882981966765e-01
-5.494208835125887758e-01
-5.503745097617870341e-01
-5.511306722034226002e-01
-5.516217847079518677e-01
-5.522478288087925291e-01
-5.528391773594519831e-01
-5.532588932404871596e-01
-5.538429817974093172e-01
-5.544896025655828842e-01
-5.554428277101547407e-01
-5.566501125250703508e-01
-5.574591004459990007e-01
-5.568951473413207287e-01
-5.357871768203705809e-01
-5.440775281219180082e-01
-5.488169001661985513e-01
-5.519016354057711959e-01
-5.536561071519828792e-01
-5.546340804520019097e-01
-5.554075706134966595e-01
-5.559085502918347244e-01
-5.565458654326763677e-01
-5.571463591688171624e-01
-5.575712894099951189e-01
-5.581599906701206759e-01
-5.588066916592193678e-01
-5.597397412410848316e-01
-5.608316282549933307e-01
-5.614192465326276471e-01
-5.604702329866325661e-01
-5.143930582589670841e-01
-5.209607855216367156e-01
-5.247489780549398075e-01
-5.272390355754541513e-01
-5.286697356672587222e-01
-5.294740306640588479e-01
-5.301145145314488660e-01
-5.305317034533378884e-01
-5.310657341528889352e-01
-5.315730512843236388e-01
-5.319348476573106943e-01
-5.324395576086740078e-01
-5.329991787833875394e-01
-5.338128997389073316e-01
-5.347514043436913944e-01
-5.353455606267355504e-01
-5.349344684951673479e-01
-4.836626679722896838e-01
-4.877361261158681960e-01
-4.901463638157346203e-01
-4.917755304766677771e-01
-4.927377403648703913e-01
-4.932911043074125201e-01
-4.937394991692332091e-01
-4.940359555985843754e-01
-4.944213369236021283e-01
-4.947949658830672059e-01
-4.950665538255833442e-01
-4.954520153715263886e-01
-4.958897809607482610e-01
-4.965428996238689385e-01
-4.973042363151847223e-01
-4.979825443488415937e-01
-4.984503927850413296e-01
-4.723700084318888659e-01
-4.753565131484632222e-01
-4.771612031938965437e-01
-4.784154573605602367e-01
-4.791762325053990912e-01
-4.796236246056538866e-01
-4.799918787631255457e-01
-4.802397614222231326e-01
-4.805672633496554935e-01
-4.808910751145252238e-01
-4.811318983321986598e-01
-4.814837473104517374e-01
-4.819006153486396493e-01
-4.825788832718339028e-01
-4.836229987247415707e-01
-4.849358943877807859e-01
-4.865831107569006386e-01
-4.651273424144238278e-01
-4.664093129107698132e-01
-4.673324953188264796e-01
-4.679075991321179351e-01
-4.682510249132171842e-01
-4.685362504130299866e-01
-4.687299839475674301e-01
-4.689874931176979400e-01
-4.692434379797855715e-01
-4.694347648865648259e-01
-4.697149765785479381e-01
-4.700479736393615715e-01
-4.705966847682377940e-01
-4.714622284414848874e-01
-4.726114333065019046e-01
-4.568225513463269882e-01
-4.574471915809753542e-01
-4.579559526890649712e-01
-4.583002207898796421e-01
-4.585176596078356370e-01
-4.587048952474258590e-01
-4.588358559079361298e-01
-4.590143073562088505e-01
-4.591972912867595125e-01
-4.593379586792279978e-01
-4.595496617010269014e-01
-4.598114626906595892e-01
-4.602684813019472521e-01
-4.610532425034430948e-01
-4.622274361866830494e-01
-4.552129987016234058e-01
-4.552579224197770280e-01
-4.553412318506743772e-01
-4.554136713461970909e-01
-4.554861108417197491e-01
-4.555424259312623181e-01
-4.556256952516970493e-01
-4.557185910831647035e-01
-4.557952020668016302e-01
-4.559179400824713291e-01
-4.560813099967924167e-01
-4.563944924890633303e-01
-4.569994384865568304e-01
