-3.291062467214678211e-01
-3.299294445683610411e-01
-3.317196525977516020e-01
-3.336665605571592641e-01
-3.351550666968288739e-01
-3.361348322932837251e-01
-3.369904363818548854e-01
-3.375944570034225545e-01
-3.380039740846947360e-01
-3.384258280084819770e-01
-3.388519557669976701e-01
-3.392883495408919869e-01
-3.399569843751322207e-01
-3.409716015516921495e-01
-3.422393002404180984e-01
-3.444632143744407182e-01
-3.483288317960788749e-01
-3.542876148511558965e-01
-3.646398779769841614e-01
-3.176936540115461449e-01
-3.184138612535145629e-01
-3.200713601055645285e-01
-3.218744336992921951e-01
-3.232584732189503485e-01
-3.241718842267349299e-01
-3.249706947795850120e-01
-3.255352815652562959e-01
-3.259182303749692533e-01
-3.263130974557548192e-01
-3.267120401005855768e-01
-3.271208742495042565e-01
-3.277476078793451486e-01
-3.286993071590782467e-01
-3.298894599805666794e-01
-3.319795854635286814e-01
-3.356193725769134883e-01
-3.412412496809498208e-01
-3.510307104572563119e-01
-3.062812375422318545e-01
-3.068984541792754150e-01
-3.084232658840607710e-01
-3.100825271421843721e-01
-3.113620780117551390e-01
-3.122091344308694505e-01
-3.129511514479983991e-01
-3.134762823676974230e-01
-3.138327069660030166e-01
-3.142005651737109773e-01
-3.145723447349326185e-01
-3.149535972287997865e-01
-3.155384296542413369e-01
-3.164272550972994646e-01
-3.175398179913985763e-01
-3.194961548232999049e-01
-3.229101556885832225e-01
-3.281951048115029912e-01
-3.374217852683635832e-01
-2.948686448323102338e-01
-2.953828708644289924e-01
-2.967749954219496833e-01
-2.982904002843173030e-01
-2.994655065639525438e-01
-3.002461863643206552e-01
-3.009314098457284703e-01
-3.014171069295311645e-01
-3.017469852863534641e-01
-3.020878125909078893e-01
-3.024324290685204697e-01
-3.027861219374120560e-01
-3.033290531584542093e-01
-3.041549607046855619e-01
-3.051899777315471574e-01
-3.070125259123879236e-01
-3.102006964694178914e-01
-3.151487396412969155e-01
-3.238126177486357338e-01
-2.834562283629959434e-01
-2.838674637901898445e-01
-2.851269012004459258e-01
-2.864984937272094245e-01
-2.875691113567573343e-01
-2.882834365684551203e-01
-2.889118665141418574e-01
-2.893581297620481663e-01
-2.896614618773871719e-01
-2.899752803088639919e-01
-2.902927337028675669e-01
-2.906188669467835162e-01
-2.911198749333503977e-01
-2.918829086429067798e-01
-2.928403577724549844e-01
-2.945291173022350772e-01
-2.974914795810876256e-01
-3.021026168019259606e-01
-3.102036925597429495e-01
-2.663374274184170942e-01
-2.665941879532617853e-01
-2.676545615975070014e-01
-2.688103915607124583e-01
-2.697243312903191415e-01
-2.703391246190115504e-01
-2.708823422310406848e-01
-2.712694547251024990e-01
-2.718062836151148853e-01
-2.723677421300055856e-01
-2.728058983099734824e-01
-2.734745992344415066e-01
-2.743157075330574513e-01
-2.758037730712086799e-01
-2.784274009027191688e-01
-2.825331681819585050e-01
-2.897900734606067008e-01
-2.463751605147246337e-01
-2.464588968332955821e-01
-2.473011506958593952e-01
-2.482373187720690599e-01
-2.489889849624508655e-01
-2.494998844531057247e-01
-2.499539463478876455e-01
-2.502789560579317119e-01
-2.507312996067918576e-01
-2.512061138330902166e-01
-2.515777171537045276e-01
-2.521462473229654222e-01
-2.528635025347605869e-01
-2.541379424267179998e-01
-2.563969284416048322e-01
-2.599485511911588387e-01
-2.662663143333481863e-01
-2.291964597937200254e-01
-2.291430148295387215e-01
-2.298204837242228127e-01
-2.306198890891227038e-01
-2.312655024940268311e-01
-2.317069631853826417e-01
-2.321009931232832502e-01
-2.323839253883205891e-01
-2.327785721683469367e-01
-2.331937289490545739e-01
-2.335191131703892586e-01
-2.340175436380735607e-01
-2.346476038093783523e-01
-2.357716223429557056e-01
-2.377665338377925597e-01
-2.408990123628974023e-01
-2.464827554055166736e-01
-2.018905111423314747e-01
-2.016173602310025181e-01
-2.020362400945406034e-01
-2.026191779334530485e-01
-2.030989709569092361e-01
-2.034320657048158121e-01
-2.037323136095260667e-01
-2.039494640678670145e-01
-2.042539197170779308e-01
-2.045758011563413581e-01
-2.048289487587351687e-01
-2.052179338092501582e-01
-2.057117599910672223e-01
-2.066003431032902571e-01
-2.081828075167575787e-01
-2.106642091781302240e-01
-2.151084906039523736e-01
-1.686039145855154908e-01
-1.680503758829179350e-01
-1.681807058120591836e-01
-1.685073567627592417e-01
-1.688074174118241733e-01
-1.690244467047475607e-01
-1.692236756963277911e-01
-1.693696359643340754e-01
-1.695763441666890692e-01
-1.697971075574808697e-01
-1.699722246309669504e-01
-1.702432386249316809e-01
-1.705903885612750637e-01
-1.712218366273627890e-01
-1.723613863644636035e-01
-1.741719942441558311e-01
-1.774481308943333391e-01
-1.293326936945685957e-01
-1.291462311319838407e-01
-1.291934966598696777e-01
-1.292970049715786163e-01
-1.293876697490263239e-01
-1.294775414437409344e-01
-1.295468150174705901e-01
-1.296485719381439139e-01
-1.297612447614354403e-01
-1.298531542381726467e-01
-1.299987950700780825e-01
-1.301904347005039819e-01
-1.305507145620955212e-01
-1.312254076672137171e-01
-1.323363293206568092e-01
-8.032846409685957811e-02
-7.977910560116781291e-02
-7.951011837418768546e-02
-7.939504427262088215e-02
-7.934635780483824397e-02
-7.931593426999307417e-02
-7.930108599882315645e-02
-7.928806622395459525e-02
-7.928285060348058688e-02
-7.928415037795985554e-02
-7.929343605496003144e-02
-7.931650705196698070e-02
-7.938363820081344169e-02
-7.956024230442410028e-02
-7.993002263625603732e-02
-1.860757419891892819e-02
-1.800050241183639640e-02
-1.765611449626144913e-02
-1.746298783571098232e-02
-1.730873049036141947e-02
-1.720766614019983085e-02
-1.707729903530548835e-02
-1.695199884787268810e-02
-1.686143733640584064e-02
-1.673309699849611504e-02
-1.658694121356603726e-02
-1.636206921361521224e-02
-1.604672382250121529e-02
