-3.156942896621379169e-01
-3.226334197535963288e-01
-3.253580432596127059e-01
-3.273293321116094723e-01
-3.287211451098872583e-01
-3.296455508870543838e-01
-3.304616183046385491e-01
-3.310395499055459045e-01
-3.314310881865784597e-01
-3.318320925367933549e-01
-3.322355035147665503e-01
-3.326446101784341636e-01
-3.332633541750748551e-01
-3.341806202898925382e-01
-3.352829159688553995e-01
-3.370910555140755327e-01
-3.398173235490600241e-01
-3.430685573190395687e-01
-3.471576585430465323e-01
-4.060879903600113083e-01
-4.148935204436702828e-01
-4.187375066305016325e-01
-4.214944591694035902e-01
-4.233702650650925658e-01
-4.245828845715389210e-01
-4.256385919481487368e-01
-4.263792717512063790e-01
-4.268792887784411128e-01
-4.273886916539328951e-01
-4.279004209362576860e-01
-4.284178459042769505e-01
-4.291988768327475445e-01
-4.303544993717864919e-01
-4.317422010476439920e-01
-4.340236440519825156e-01
-4.374984134302388750e-01
-4.417539329637273915e-01
-4.473344214095089644e-01
-4.964816910578846443e-01
-5.071536010785129278e-01
-5.121169900566219235e-01
-5.156596263376603817e-01
-5.180194050755292379e-01
-5.195202182560234583e-01
-5.208155856468902334e-01
-5.217190337073294160e-01
-5.223275094255350748e-01
-5.229452907710724352e-01
-5.235653985234427488e-01
-5.241910415196571194e-01
-5.251343994904201784e-01
-5.265283985089117547e-01
-5.282014861264325845e-01
-5.309562325898895541e-01
-5.351794632009551078e-01
-5.404393487188778877e-01
-5.475111441655087230e-01
-5.868753917557580913e-01
-5.994136817133556283e-01
-6.054964734827421591e-01
-6.098247533954544997e-01
-6.126685049755031809e-01
-6.144575118300453775e-01
-6.159925793456317855e-01
-6.170587956634525639e-01
-6.177757300726289813e-01
-6.185018898882119753e-01
-6.192303360001653045e-01
-6.199642772454998507e-01
-6.210698820376302498e-01
-6.227022976460370174e-01
-6.246607712052212324e-01
-6.278888211277965370e-01
-6.328605129716713407e-01
-6.391247243635657105e-01
-6.476879070319710996e-01
-6.772690924536314272e-01
-6.916738024586608358e-01
-6.988759569088623946e-01
-7.039899606741738536e-01
-7.073176850964024709e-01
-7.093948455145300258e-01
-7.111695730443733376e-01
-7.123985576195757119e-01
-7.132239507197229988e-01
-7.140584890053515155e-01
-7.148952734768877493e-01
-7.157375129713426931e-01
-7.170054046953029392e-01
-7.188761566726996621e-01
-7.211200161735471514e-01
-7.248214096657035199e-01
-7.305416429633128095e-01
-7.378101401187162622e-01
-7.478646297879708582e-01
-8.128596234452102332e-01
-8.300638833004622130e-01
-8.389451419375801855e-01
-8.452376713160963950e-01
-8.492913148911321874e-01
-8.518008660964880852e-01
-8.539349833715603744e-01
-8.554081604432977048e-01
-8.573933074601355342e-01
-8.593973063944129187e-01
-8.609086686265806643e-01
-8.631369652679250493e-01
-8.658089638469614879e-01
-8.702203125277953033e-01
-8.770631574536932318e-01
-8.858381233648227049e-01
-8.981297339772018606e-01
-9.134900356440988078e-01
-9.328592978306536887e-01
-9.431547711594322481e-01
-9.504178132919169908e-01
-9.550472826685716399e-01
-9.578887078417874790e-01
-9.602934905187352488e-01
-9.619477262188166344e-01
-9.641717711511212929e-01
-9.664121811521820815e-01
-9.680997085362522681e-01
-9.705858352314281623e-01
-9.735658821635179150e-01
-9.784900029987050329e-01
-9.861540695366360909e-01
-9.960617549126387082e-01
-1.010076912104536095e+00
-9.058488320698709906e-01
-9.252784203922321815e-01
-9.358995104566991685e-01
-9.433359100087016502e-01
-9.480169614403076705e-01
-9.508615152296091555e-01
-9.532554680816448522e-01
-9.548959057825791019e-01
-9.570953228908246624e-01
-9.593056500449074209e-01
-9.609680682793667605e-01
-9.634149669420836171e-01
-9.663470417608592822e-01
-9.711957549262886236e-01
-9.787664443072002785e-01
-9.886259971280383363e-01
-1.002673082248195069e+00
-8.891519695669788392e-01
-9.085327033458480139e-01
-9.196029503709258757e-01
-9.272756807687864145e-01
-9.320160956850954692e-01
-9.348531889283464569e-01
-9.372194655611625347e-01
-9.388304621825210861e-01
-9.409805434217228814e-01
-9.431323093003555202e-01
-9.447462740959491345e-01
-9.471179255307585754e-01
-9.499567836343656424e-01
-9.546550023439803745e-01
-9.620246580861546715e-01
-9.717352406487582694e-01
-9.857284975280559136e-01
-8.309109360504335351e-01
-8.490107020945226735e-01
-8.600227889487765953e-01
-8.676355943154573369e-01
-8.722504634837120463e-01
-8.749691506412581310e-01
-8.772114057236001239e-01
-8.787240514905724220e-01
-8.807280504248496955e-01
-8.827183315809051800e-01
-8.842021780357038896e-01
-8.863723145062243347e-01
-8.889575140441139389e-01
-8.932186891528343109e-01
-8.999078307859067483e-01
-9.088294405484376171e-01
-9.218707959284303532e-01
-7.401351831959412930e-01
-7.497321729283565883e-01
-7.564419313392244382e-01
-7.604883550309855522e-01
-7.628565569660081813e-01
-7.647995879970770350e-01
-7.661034989164855480e-01
-7.678221520195621652e-01
-7.695185839263378735e-01
-7.707762073718631424e-01
-7.726058060145940543e-01
-7.747710490086727741e-01
-7.783108775573266414e-01
-7.838268683791875802e-01
-7.911622697862698006e-01
-5.598262595089931182e-01
-5.665232627927424547e-01
-5.712570995931789408e-01
-5.741304526946539033e-01
-5.758142498056988412e-01
-5.771951327029080092e-01
-5.781208821805734477e-01
-5.793393578145649148e-01
-5.805390216415794447e-01
-5.814258639704867893e-01
-5.827116850712459328e-01
-5.842250528265456877e-01
-5.866765240820031035e-01
-5.904342326637018745e-01
-5.953109429320520007e-01
-3.238753198977677994e-01
-3.259653156639391591e-01
-3.272397253380780469e-01
-3.279895102161543008e-01
-3.286055868670296198e-01
-3.290190054054307756e-01
-3.295633043834169107e-01
-3.300989194462420895e-01
-3.304942882764564938e-01
-3.310662233631996298e-01
-3.317361081997026728e-01
-3.328096045664920566e-01
-3.344152464410885539e-01
