-2.218353644980563533e-01
-2.168013387964987104e-01
-2.117673908855642606e-01
-2.067333457363508542e-01
-2.016993978254163766e-01
-1.941483981683915228e-01
-1.850792950526481684e-01
-1.765843645264847939e-01
-1.638970056031289202e-01
-1.550165641962161778e-01
-1.474543432417997901e-01
-1.400627754669513669e-01
-1.367101649136190644e-01
-1.418135604033839703e-01
-1.770627768589488338e-01
-2.224946400293787430e-01
-2.175373353299174806e-01
-2.125801084210794112e-01
-2.076228037216181488e-01
-2.026655768127800517e-01
-1.952296489350718589e-01
-1.868253833802071828e-01
-1.797723798450281130e-01
-1.691282499820653262e-01
-1.607757638107447651e-01
-1.538561322989819014e-01
-1.469768255015021508e-01
-1.445195947446255569e-01
-1.513262451000693121e-01
-1.903667626044769912e-01
-2.237152138021473724e-01
-2.186174775802177117e-01
-2.135198191489112163e-01
-2.084220829269815556e-01
-2.033244244956750602e-01
-1.956778590580921240e-01
-1.869907467973999371e-01
-1.798576578156726169e-01
-1.690745355567699615e-01
-1.604763477021831086e-01
-1.535842929663322198e-01
-1.466023706130700766e-01
-1.441441966448876177e-01
-1.511048432627141447e-01
-1.912748903393038380e-01
-2.250933913774480488e-01
-2.198126721621787849e-01
-2.145320307375326863e-01
-2.092512920746076310e-01
-2.039706506499615324e-01
-1.960496009985413235e-01
-1.871219212357117245e-01
-1.798423719582207259e-01
-1.688230190244220941e-01
-1.599277293323127791e-01
-1.530389418026347759e-01
-1.459267784985388561e-01
-1.434246917235798002e-01
-1.504634790223754737e-01
-1.916128711492994796e-01
-2.288502506278846105e-01
-2.230748608399098221e-01
-2.172995877378698093e-01
-2.115241979498950486e-01
-2.057489054001992168e-01
-1.970858887850323315e-01
-1.875437797851348953e-01
-1.801467277713533488e-01
-1.689169317542379145e-01
-1.596067457734786643e-01
-1.527518166125332033e-01
-1.455149938348155314e-01
-1.429569075350056451e-01
-1.500409981479669808e-01
-1.919643291847584199e-01
-2.334428339906372829e-01
-2.270917935912423746e-01
-2.207408504301264229e-01
-2.143898100307314869e-01
-2.080388863172713265e-01
-1.985123937849742060e-01
-1.882524912574785603e-01
-1.806916510866233561e-01
-1.691633724484242762e-01
-1.592298307565890025e-01
-1.524067957511411331e-01
-1.450024994855773630e-01
-1.423820931727845240e-01
-1.495756546401946219e-01
-1.926970585120042767e-01
-2.377329674105249091e-01
-2.309153194057312064e-01
-2.240978075345280707e-01
-2.172801789773901593e-01
-2.104626671061870236e-01
-2.002362728896196487e-01
-1.893621550492698702e-01
-1.816133338375366946e-01
-1.697180779345572599e-01
-1.588577290345076776e-01
-1.520292973045777318e-01
-1.444135952967355030e-01
-1.417494706537240079e-01
-1.491786501948726418e-01
-1.941702962288124612e-01
-2.421374141511533351e-01
-2.348572425486770143e-01
-2.275772070797912605e-01
-2.202970354773149397e-01
-2.130170000084291859e-01
-2.020968106715100021e-01
-1.906368127527938716e-01
-1.827626319518305120e-01
-1.705627674161931673e-01
-1.585634082117633181e-01
-1.516544923583414417e-01
-1.438370500931489548e-01
-1.411642323479987693e-01
-1.489160193272400790e-01
-1.963058044159348703e-01
-2.506427491731649804e-01
-2.423388918651503687e-01
-2.340351901383820876e-01
-2.257313328303674760e-01
-2.174276311035992226e-01
-2.049719132083725748e-01
-1.923126561476349861e-01
-1.844219448392490912e-01
-1.720537024997713660e-01
-1.587524685975376937e-01
-1.512126902379043736e-01
-1.433510823464100303e-01
-1.406859755967810599e-01
-1.491169038877355191e-01
-2.010070029362815425e-01
-2.579020534409773302e-01
-2.485255023348305337e-01
-2.391491262575858590e-01
-2.297725751514390624e-01
-2.203961796265385964e-01
-2.063314404817694625e-01
-1.924313646385846233e-01
-1.846155851479622800e-01
-1.724526906059840603e-01
-1.599182388762866447e-01
-1.508953920098426993e-01
-1.433511212417216130e-01
-1.408901273634494133e-01
-1.508818369937562076e-01
-2.111181503446301344e-01
-2.425982846980936913e-01
-2.351054335318845945e-01
-2.276126990516102455e-01
-2.201198284377453296e-01
-2.126270939574709806e-01
-2.013878658272968136e-01
-1.896121935597775976e-01
-1.817522095475418153e-01
-1.699099874019050493e-01
-1.606365866620748928e-01
-1.513947397437659936e-01
-1.443203632348723786e-01
-1.428221936233398659e-01
-1.558476694902819204e-01
-2.292473523114855471e-01
-2.100793343628862553e-01
-2.059718727738455712e-01
-2.018644889754280525e-01
-1.977570273863873962e-01
-1.936496435879698774e-01
-1.874884900997204340e-01
-1.805645412083719259e-01
-1.751916595523080877e-01
-1.671000539595988432e-01
-1.607157775164567426e-01
-1.531142917449978824e-01
-1.480812773215413880e-01
-1.489468146901854750e-01
-1.679644828118628530e-01
-2.628855346851335373e-01
-1.940758389646344839e-01
-1.911256490287620291e-01
-1.881754979882011292e-01
-1.852253080523286466e-01
-1.822751764594235380e-01
-1.778499012794427236e-01
-1.735146298504637030e-01
-1.711060960236883144e-01
-1.673057712625583837e-01
-1.629625360185328331e-01
-1.592522247322325779e-01
-1.573262455886047795e-01
-1.627774235068840947e-01
-1.913220509045975570e-01
-3.138576265897107809e-01
-2.065745750744713283e-01
-2.031696794985443089e-01
-1.997648617132404547e-01
-1.963599855849692266e-01
-1.929551677996653725e-01
-1.878478633310864121e-01
-1.828273926456152887e-01
-1.800057322668669746e-01
-1.757650153403448601e-01
-1.725928109659597975e-01
-1.705978120919289520e-01
-1.719898947411203638e-01
-1.831943699103956158e-01
-2.224903809927604725e-01
-3.676967113586856462e-01
-2.051197931830090193e-01
-2.024607346543311204e-01
-1.998017344686205954e-01
-1.971426759399426965e-01
-1.944836563065764079e-01
-1.904950976850432465e-01
-1.867407277345479732e-01
-1.849823484885289304e-01
-1.824137215592802064e-01
-1.811605340677497067e-01
-1.817818866702792246e-01
-1.868379465658482896e-01
-2.037630274767344707e-01
-2.524332170512395557e-01
