-4.183222029003565989e-01
-4.199685769497610854e-01
-4.216149509991655719e-01
-4.232613651590327319e-01
-4.249077392084372184e-01
-4.273773403930066217e-01
-4.342515517006867998e-01
-4.419363152373385617e-01
-4.547472761199434221e-01
-4.750267249246605816e-01
-4.969172906821241464e-01
-5.194739708926028321e-01
-5.347212412757883504e-01
-5.382511224297081842e-01
-5.291407528300067220e-01
-4.283144812420610070e-01
-4.317179743282111848e-01
-4.351213871934360711e-01
-4.385248802795861933e-01
-4.419283332552737531e-01
-4.470335127188050373e-01
-4.570537079425048832e-01
-4.675628095952889529e-01
-4.847637402821421415e-01
-5.095611914878452886e-01
-5.355880684838397743e-01
-5.612311284628593855e-01
-5.767108790874897473e-01
-5.756947607375028086e-01
-5.495805231538846147e-01
-4.311218125220351860e-01
-4.350396420705815448e-01
-4.389573913982026121e-01
-4.428752209467489709e-01
-4.467929702743700382e-01
-4.526696744867269584e-01
-4.619040656369023390e-01
-4.729013116199805578e-01
-4.908573618764407454e-01
-5.163720683750214757e-01
-5.423595568967062297e-01
-5.669277366979754706e-01
-5.799969287390382977e-01
-5.748978861762905623e-01
-5.476201644029564664e-01
-4.328473245142227532e-01
-4.370908510193827756e-01
-4.413342973036175620e-01
-4.455778238087775844e-01
-4.498212299825496419e-01
-4.561864796298270575e-01
-4.660226480509476743e-01
-4.774368021826764230e-01
-4.960379891201924796e-01
-5.221617328834556870e-01
-5.480083534603588102e-01
-5.714169798972505987e-01
-5.820198197012177443e-01
-5.728636038427221688e-01
-5.448251871454745654e-01
-4.350432119017562660e-01
-4.396433605302231817e-01
-4.442433888273021880e-01
-4.488435374557691038e-01
-4.534435657528481101e-01
-4.603437285298545567e-01
-4.708653045365188139e-01
-4.829709229336494047e-01
-5.026497977813004781e-01
-5.298861656676555620e-01
-5.562759220191283438e-01
-5.793304532918593930e-01
-5.879635083861787237e-01
-5.747830098112977071e-01
-5.435226399817957299e-01
-4.375990505809955189e-01
-4.426076841609591916e-01
-4.476162375199975729e-01
-4.526248710999612457e-01
-4.576333843485370090e-01
-4.651462745527885634e-01
-4.762423126053420552e-01
-4.891160864724367618e-01
-5.099648230733629939e-01
-5.381853412709831641e-01
-5.648776107316654249e-01
-5.871655909529378548e-01
-5.932377133392628954e-01
-5.756967662606345959e-01
-5.418219563659805171e-01
-4.394237557472847611e-01
-4.446756592831427324e-01
-4.499274424876128498e-01
-4.551793059130082031e-01
-4.604310891174782649e-01
-4.683088642003399582e-01
-4.797048081820314835e-01
-4.929628402811900845e-01
-5.142971541428016380e-01
-5.420903755819482805e-01
-5.676714648961934673e-01
-5.879741376587774848e-01
-5.912815260764491265e-01
-5.714061500723386366e-01
-5.393459375073891282e-01
-4.399767988061257795e-01
-4.451264206622590480e-01
-4.502759221870044071e-01
-4.554255440431376756e-01
-4.605750455678829791e-01
-4.682993981311576182e-01
-4.791964481785682128e-01
-4.919111439508439543e-01
-5.122155414633213777e-01
-5.374359976079959855e-01
-5.600428961176964204e-01
-5.770936131219733811e-01
-5.784292514173279276e-01
-5.599762325287934717e-01
-5.359735300297827632e-01
-4.391590266938795728e-01
-4.435329122026103188e-01
-4.479067576008784468e-01
-4.522806832200718663e-01
-4.566545286183399388e-01
-4.632153568814361133e-01
-4.723183862664748767e-01
-4.829027752576288690e-01
-4.996415933044394131e-01
-5.191443832211133369e-01
-5.362863916383525664e-01
-5.486704167566476276e-01
-5.495071210072586254e-01
-5.384079944490820502e-01
-5.317330118093205327e-01
-4.385030601879116308e-01
-4.412511082041080668e-01
-4.439991161098419403e-01
-4.467471641260384319e-01
-4.494951720317722499e-01
-4.536172039456043414e-01
-4.594775430892052981e-01
-4.665448862744833725e-01
-4.776578910527323751e-01
-4.901298784155907473e-01
-5.016260584434124592e-01
-5.109655791161598071e-01
-5.152819462214689450e-01
-5.170694689888936102e-01
-5.292773690657489594e-01
-4.442062064284375555e-01
-4.447514279470643483e-01
-4.452966494656911411e-01
-4.458419110947805519e-01
-4.463871326134073447e-01
-4.472049849465788429e-01
-4.492009617883287453e-01
-4.527432771856660931e-01
-4.584370375779349693e-01
-4.658752421007561484e-01
-4.742729691107832046e-01
-4.838598510066139391e-01
-4.942867663214545182e-01
-5.078674469820663173e-01
-5.293520547471792792e-01
-4.484725557868380896e-01
-4.475287566009859552e-01
-4.465849975255964388e-01
-4.456411983397442489e-01
-4.446973991538921145e-01
-4.432817003751138296e-01
-4.428192267409075122e-01
-4.444547709653999812e-01
-4.473437270368407770e-01
-4.532247631791624931e-01
-4.614949790284660347e-01
-4.733397590870672689e-01
-4.891186134315828604e-01
-5.081303710646528637e-01
-5.289247579887057515e-01
-4.315817190866327313e-01
-4.325122818198146590e-01
-4.334428445529965868e-01
-4.343734473966410770e-01
-4.353040101298230047e-01
-4.366998542295958408e-01
-4.390166746619802995e-01
-4.421184969586364755e-01
-4.472320996193215881e-01
-4.549396860092138617e-01
-4.644082019298023112e-01
-4.770311650740269305e-01
-4.923771473057623749e-01
-5.088100829645020307e-01
-5.243604280033737908e-01
-4.443528101693763332e-01
-4.468123436278237937e-01
-4.492718369758085806e-01
-4.517313704342560410e-01
-4.541908637822408834e-01
-4.578801439146807373e-01
-4.600894683071976576e-01
-4.583069593476026826e-01
-4.562750836417925338e-01
-4.601575758727555199e-01
-4.652019077644662937e-01
-4.740591402344645489e-01
-4.864560809217288173e-01
-5.006167989825364151e-01
-5.137372521948496695e-01
-4.770168055284028097e-01
-4.827470263312088061e-01
-4.884771669130895666e-01
-4.942074278263582365e-01
-4.999375684082389415e-01
-5.085329196676793284e-01
-5.104246895274978657e-01
-4.985184201296739004e-01
-4.818698907342596205e-01
-4.794886127884172566e-01
-4.750182215065814617e-01
-4.742524325539130281e-01
-4.780512543598149366e-01
-4.866428352357674014e-01
