-5.937555795223712352e-01
-6.245271632541768980e-01
-6.552987469859825609e-01
-6.860703708282509528e-01
-7.168419946705192336e-01
-7.629993502129964744e-01
-7.811877603795136515e-01
-7.535040806138290082e-01
-7.128164284193294620e-01
-6.905921035022621890e-01
-6.859574197654646488e-01
-6.739763443548224542e-01
-6.181474738403500702e-01
-5.459269814436544799e-01
-5.312945242317712591e-01
-4.641735557233749865e-01
-5.041478433398727255e-01
-5.441220908459079020e-01
-5.840963784624056965e-01
-6.240706660789034910e-01
-6.840320373379561447e-01
-7.163679692230734419e-01
-6.976688726462599854e-01
-6.697496241335073597e-01
-6.507601679176636678e-01
-6.444951543165164942e-01
-6.356994512962036437e-01
-5.980403395831221935e-01
-5.478905891420561280e-01
-5.583440575831625230e-01
-4.215056900989420097e-01
-4.661189532717394668e-01
-5.107321763340743059e-01
-5.553453993964091451e-01
-5.999586625692066022e-01
-6.668784771074774964e-01
-7.094258910126111095e-01
-6.885655624879828407e-01
-6.577813439604464074e-01
-6.396441147442541997e-01
-6.315375094720475646e-01
-6.233694549710807609e-01
-5.920927200728227646e-01
-5.479390024704592355e-01
-5.557088402983643149e-01
-3.923448623257190238e-01
-4.408650048907628571e-01
-4.893851875662693640e-01
-5.379053301313132529e-01
-5.864254726963571418e-01
-6.592056664886916106e-01
-7.052554457703760216e-01
-6.818727306923477727e-01
-6.477095666817951347e-01
-6.302872262411849391e-01
-6.203845546730119009e-01
-6.127003526828370683e-01
-5.869923137543453517e-01
-5.478875808573583361e-01
-5.520453913038627647e-01
-3.713854208479142605e-01
-4.226281412853800101e-01
-4.738709018333084333e-01
-5.251136222707741830e-01
-5.763563828187026061e-01
-6.532205035853638764e-01
-7.018437300393852718e-01
-6.770869107323335134e-01
-6.411002448693706723e-01
-6.241874677461028975e-01
-6.129032715133184706e-01
-6.055095494935618383e-01
-5.833466336947921160e-01
-5.477506437379151549e-01
-5.509430354592059764e-01
-3.431088282235272846e-01
-3.979486148398300727e-01
-4.527884014561329162e-01
-5.076281479619730863e-01
-5.624679345782759299e-01
-6.447275944474988307e-01
-6.968770921138026653e-01
-6.706445687758675334e-01
-6.327198054687401818e-01
-6.165141356913026449e-01
-6.034827678165066711e-01
-5.963875879701583393e-01
-5.785843585763458252e-01
-5.475427512100667915e-01
-5.491761294695768347e-01
-3.110017064725236757e-01
-3.697266927760174959e-01
-4.284516991347426806e-01
-4.871766653830051919e-01
-5.459016717417304321e-01
-6.339891411693554524e-01
-6.902668076502749273e-01
-6.631577102618674280e-01
-6.241402176211162667e-01
-6.088057470921576231e-01
-5.939234819189702641e-01
-5.869485532396082617e-01
-5.732944303219077442e-01
-5.471840433427027639e-01
-5.455211838931544044e-01
-2.822595517083072436e-01
-3.442456790660520238e-01
-4.062318665894907310e-01
-4.682180140024668202e-01
-5.302041614154429094e-01
-6.231833825349070155e-01
-6.832113772724001111e-01
-6.560587600320313406e-01
-6.170977429226732758e-01
-6.026720551456845598e-01
-5.862576505206832378e-01
-5.791505578669318144e-01
-5.685550582776273121e-01
-5.466893208965361017e-01
-5.395110321716036772e-01
-2.511068383605233878e-01
-3.162661846384184350e-01
-3.814255509715447912e-01
-4.465848771942085293e-01
-5.117442435273348300e-01
-6.094832529165618018e-01
-6.735228554642468390e-01
-6.472182536249526663e-01
-6.095587408072449254e-01
-5.961936538833078059e-01
-5.783502338059327563e-01
-5.708613697688008637e-01
-5.629653845359018360e-01
-5.458991046721216600e-01
-5.305857723569727957e-01
-2.231103972624255416e-01
-2.905961503732753526e-01
-3.580819435945877816e-01
-4.255676766502062836e-01
-4.930534899267500215e-01
-5.942821095654090557e-01
-6.615996594511899254e-01
-6.367013304319543154e-01
-6.010980002604148220e-01
-5.887104053109450952e-01
-5.700742821604720678e-01
-5.622359757728452312e-01
-5.565964447260618453e-01
-5.445651911266604639e-01
-5.239884435728768830e-01
-2.039426299849283752e-01
-2.723169702298102735e-01
-3.406913305299235639e-01
-4.090656707748054899e-01
-4.774400511301500338e-01
-5.800015815527042040e-01
-6.489123992353580395e-01
-6.253950333342569445e-01
-5.917752457610497840e-01
-5.800924718610399600e-01
-5.615757976683003472e-01
-5.539341528789836211e-01
-5.501031223715839857e-01
-5.423463605544985855e-01
-5.229404775155559459e-01
-1.884126008953823372e-01
-2.566991593927828719e-01
-3.249857379454146877e-01
-3.932722964428151946e-01
-4.615588749954470660e-01
-5.639887227691634530e-01
-6.333975920663827974e-01
-6.113081987456269184e-01
-5.796955387227827883e-01
-5.683979455954775162e-01
-5.506176593862933677e-01
-5.438052984119996491e-01
-5.419436916200842669e-01
-5.380266642807906008e-01
-5.236350703970434894e-01
-1.758021522155005512e-01
-2.430759014760816850e-01
-3.103496507366628188e-01
-3.776233999972439803e-01
-4.448971492578250864e-01
-5.458077330382341552e-01
-6.145836993455019437e-01
-5.937767578466436325e-01
-5.639307631506528251e-01
-5.526830273284055739e-01
-5.358453771016571388e-01
-5.303557789642113773e-01
-5.308164877380616709e-01
-5.299473341231772938e-01
-5.206904410034624009e-01
-1.617975741581236526e-01
-2.273348712978329189e-01
-2.928721784651578397e-01
-3.584094856324827605e-01
-4.239467727445763723e-01
-5.222527034127167900e-01
-5.896177841967227273e-01
-5.702590309513787536e-01
-5.424175566256795866e-01
-5.313162641025205302e-01
-5.157179469503347935e-01
-5.118180467785872212e-01
-5.149211526100477831e-01
-5.169906920402742578e-01
-5.108047361609848735e-01
-1.416821169798985203e-01
-2.044920831573633913e-01
-2.673020593624438890e-01
-3.301120155122931332e-01
-3.929219716621423220e-01
-4.871369159145317873e-01
-5.523901407302290734e-01
-5.355664088340157392e-01
-5.112320329194584012e-01
-5.003519094872806994e-01
-4.864649453339716101e-01
-4.843794419396155737e-01
-4.905308226001117156e-01
-4.962752826171538678e-01
