-1.166838344005021177e+00
-1.222619354995372554e+00
-1.278400443776347206e+00
-1.334181532557321859e+00
-1.389962543547673235e+00
-1.473634137823823576e+00
-1.510483556017029549e+00
-1.432787837412405674e+00
-1.309935284385551402e+00
-1.164554955843262185e+00
-9.803486271637703586e-01
-7.226020771784996688e-01
-4.430895941457594356e-01
-2.503381988834744720e-01
-1.612687327135685356e-01
-1.075153537636655887e+00
-1.151452992346093218e+00
-1.227752447055530771e+00
-1.304051823974344826e+00
-1.380351356474405433e+00
-1.494800499643249792e+00
-1.551213326074946552e+00
-1.463583122567181372e+00
-1.326527246400389881e+00
-1.176465944899776739e+00
-9.868706708005375861e-01
-7.281698632409031591e-01
-4.557985983100109051e-01
-2.659398279224564621e-01
-1.732836500426313542e-01
-1.072930437207849863e+00
-1.157944619849202939e+00
-1.242958880281179290e+00
-1.327973062922532366e+00
-1.412987323354508495e+00
-1.540508714002472912e+00
-1.603601887989077213e+00
-1.504883564636635862e+00
-1.351199320443364771e+00
-1.189216294780240490e+00
-9.950047695211505783e-01
-7.348652243860817057e-01
-4.614045406730767906e-01
-2.688874118724529083e-01
-1.736805766973301690e-01
-1.084093236050764464e+00
-1.175969096189622753e+00
-1.267844956328480821e+00
-1.359720816467338889e+00
-1.451596676606196956e+00
-1.589410389023861114e+00
-1.654358869372947849e+00
-1.545187353242101880e+00
-1.375769022026254618e+00
-1.202045057608854162e+00
-1.003471967690155564e+00
-7.417776991605133929e-01
-4.666952754310785267e-01
-2.712258563477566997e-01
-1.735546531260820369e-01
-1.086619564328667353e+00
-1.183621748743468149e+00
-1.280623855367645891e+00
-1.377626039782446909e+00
-1.474628146406624429e+00
-1.620131306342891042e+00
-1.688841896809478049e+00
-1.574378595747217613e+00
-1.396773268187005312e+00
-1.215171836314812737e+00
-1.013879886325878221e+00
-7.499282894932373100e-01
-4.720797867853055441e-01
-2.733747445220635064e-01
-1.735278542564017146e-01
-1.082042908596007713e+00
-1.185948155119837200e+00
-1.289853323853043632e+00
-1.393758570376873340e+00
-1.497663816900702827e+00
-1.653521531105200948e+00
-1.726933320092134627e+00
-1.608764073742299017e+00
-1.425089832925255040e+00
-1.235016302074798178e+00
-1.030589934506680905e+00
-7.629170676337013735e-01
-4.804728893857460603e-01
-2.768030356279073678e-01
-1.736815296324639435e-01
-1.052145482813801047e+00
-1.163872498706236769e+00
-1.275599592389295545e+00
-1.387326686072354320e+00
-1.499053779755413096e+00
-1.666644342489378205e+00
-1.749521538921768649e+00
-1.635764576717845475e+00
-1.457726110967850985e+00
-1.263743134559619508e+00
-1.057503389774905767e+00
-7.841710216948112322e-01
-4.939147201155223987e-01
-2.824005960513271685e-01
-1.742534657416279775e-01
-9.940049266416123297e-01
-1.112483312927905255e+00
-1.230961699214198068e+00
-1.349440163291113937e+00
-1.467918549577406750e+00
-1.645636051216222917e+00
-1.740397321149512955e+00
-1.641025556562486498e+00
-1.483398572424726281e+00
-1.294627412187295823e+00
-1.090364871671563929e+00
-8.122693837350836166e-01
-5.117913164813056026e-01
-2.898449253163372097e-01
-1.752292324232967158e-01
-8.704888973897846327e-01
-9.941122777015798384e-01
-1.117735658013375044e+00
-1.241359038325170250e+00
-1.364982418636965456e+00
-1.550417527999969680e+00
-1.664579001444350448e+00
-1.601233941419938134e+00
-1.496139898592902862e+00
-1.332504055559394329e+00
-1.134802687363881235e+00
-8.607935408622523488e-01
-5.447707289626817495e-01
-3.040156541851684602e-01
-1.778069025124883462e-01
-7.549710666399009895e-01
-8.792323300616482484e-01
-1.003493593483395507e+00
-1.127754856905142766e+00
-1.252016198117513079e+00
-1.438408054354822330e+00
-1.570933715790983953e+00
-1.546890189983181285e+00
-1.501543390859181981e+00
-1.386099616782551447e+00
-1.189213494317806541e+00
-9.293457496200756562e-01
-6.004809893812648180e-01
-3.304917122269928620e-01
-1.841128049027918323e-01
-7.071764299767725470e-01
-8.295721964644026114e-01
-9.519679629520327868e-01
-1.074363729439662851e+00
-1.196759495927292916e+00
-1.380353067868115069e+00
-1.511770679667915784e+00
-1.491092220636979881e+00
-1.453902546258050599e+00
-1.371535811894867951e+00
-1.222055684139919718e+00
-9.927903038515157874e-01
-6.717853525960385541e-01
-3.715408905836247722e-01
-1.964828947695697325e-01
-6.386876983674517616e-01
-7.555446946951188680e-01
-8.724017688134092507e-01
-9.892587651410763572e-01
-1.106115839259366629e+00
-1.281401372646179038e+00
-1.407670178679942374e+00
-1.389511202352070596e+00
-1.359318327783083813e+00
-1.310565544014433259e+00
-1.220892714323604800e+00
-1.040728619795629806e+00
-7.519101611996091838e-01
-4.347041150263890597e-01
-2.211812425955186068e-01
-5.708984600416296962e-01
-6.816108528361256580e-01
-7.923231678399985656e-01
-9.030355606344946384e-01
-1.013747953428990600e+00
-1.179816464830111489e+00
-1.300889012817706858e+00
-1.286951266865254517e+00
-1.264433448549584726e+00
-1.232881494003284173e+00
-1.170659574996126606e+00
-1.048233392374839035e+00
-8.135869235196272475e-01
-5.095952482940493411e-01
-2.617580179453259381e-01
-5.101889463300437466e-01
-6.153879676030401535e-01
-7.205869888760365605e-01
-8.257860490443444945e-01
-9.309851092126524286e-01
-1.088783621674491275e+00
-1.205696082716474882e+00
-1.196690262272676275e+00
-1.181651078886832185e+00
-1.156641938073683873e+00
-1.109484328823652444e+00
-1.019908270668041128e+00
-8.372523868988485107e-01
-5.668521029870849937e-01
-3.085586265779977633e-01
-4.973262667897299649e-01
-5.978684301975837334e-01
-6.984105936054374464e-01
-7.989527959086026865e-01
-8.994949982117680376e-01
-1.050308223875892732e+00
-1.161434929529365112e+00
-1.151019854156311251e+00
-1.133646096378665868e+00
-1.105341355815137039e+00
-1.060952548215413627e+00
-9.842352800689575520e-01
-8.323579564705603229e-01
-5.976372364655376801e-01
