-1.833119504373093567e-01
-1.846505909283864821e-01
-1.855709317910502476e-01
-1.862661854855864052e-01
-1.867094559040357038e-01
-1.869787670414325420e-01
-1.872067519102730282e-01
-1.873637333878197531e-01
-1.874688868626828986e-01
-1.875747599008102950e-01
-1.876808663108072150e-01
-1.877875755981336381e-01
-1.879486021880849567e-01
-1.881875749824474808e-01
-1.884777534545082900e-01
-1.889703042327325333e-01
-1.897774986340029779e-01
-1.909139807431303737e-01
-1.927763466046650831e-01
-1.816428164837161907e-01
-1.829831294731913693e-01
-1.838975388008388112e-01
-1.845849550900910963e-01
-1.850217883344735248e-01
-1.852865876157267777e-01
-1.855104690291953240e-01
-1.856644944630617966e-01
-1.857676059340668540e-01
-1.858713397300572334e-01
-1.859752874502613174e-01
-1.860797408095159478e-01
-1.862372862690806485e-01
-1.864708331674774233e-01
-1.867541660646997170e-01
-1.872342703432176014e-01
-1.880193527598534031e-01
-1.891225793775778152e-01
-1.909190954766034620e-01
-1.799737408730904265e-01
-1.813156874656520756e-01
-1.822241652582831661e-01
-1.829037635899073977e-01
-1.833341596602229284e-01
-1.835944470853326238e-01
-1.838142444910850215e-01
-1.839652749859596315e-01
-1.840663639007623920e-01
-1.841679584546157544e-01
-1.842697474850270023e-01
-1.843719449162098678e-01
-1.845259897977321317e-01
-1.847541302478189484e-01
-1.850305981225469354e-01
-1.854982559013584331e-01
-1.862612263333596196e-01
-1.873312169073368394e-01
-1.890618832438533958e-01
-1.783046069194972882e-01
-1.796482260104569628e-01
-1.805507722680717575e-01
-1.812225331944121165e-01
-1.816465115383165407e-01
-1.819022676596268873e-01
-1.821179616100073173e-01
-1.822660360612016750e-01
-1.823650829721463751e-01
-1.824645382838626650e-01
-1.825641686244811046e-01
-1.826641295752479688e-01
-1.828146544310720323e-01
-1.830373884328488909e-01
-1.833069912850825989e-01
-1.837622025641877099e-01
-1.845030999068658639e-01
-1.855398349894400722e-01
-1.872046515634475661e-01
-1.766355118612157049e-01
-1.779808034505734327e-01
-1.788773987255161124e-01
-1.795413222465726266e-01
-1.799588828640659444e-01
-1.802101271292327334e-01
-1.804217176242411957e-01
-1.805668165840995099e-01
-1.806638409388419131e-01
-1.807611570084211861e-01
-1.808586092115909982e-01
-1.809563142342860975e-01
-1.811033579597235155e-01
-1.813206855131904160e-01
-1.815834233429298172e-01
-1.820261881223285416e-01
-1.827449734803720804e-01
-1.837484725191990964e-01
-1.853474393306975276e-01
-1.741318401023096707e-01
-1.754796209916086869e-01
-1.763673092401989717e-01
-1.770194863771575866e-01
-1.774274204050342307e-01
-1.776718774383299060e-01
-1.778773224741083681e-01
-1.780179679207904708e-01
-1.782060656476031624e-01
-1.783945912228432629e-01
-1.785363840812170533e-01
-1.787455825145632116e-01
-1.789980325343890621e-01
-1.794221275642282343e-01
-1.801077741168035096e-01
-1.810613899185260500e-01
-1.825616015339166509e-01
-1.721007463791303371e-01
-1.734693946030933243e-01
-1.743566550032562001e-01
-1.750018309841299691e-01
-1.754028027512333499e-01
-1.756420283651211889e-01
-1.758422808768033696e-01
-1.759789395540482804e-01
-1.761612418794352153e-01
-1.763434080712315832e-01
-1.764799889578533287e-01
-1.766810388234229534e-01
-1.769231037950562968e-01
-1.773281401222200626e-01
-1.779797338295049380e-01
-1.788801602926384793e-01
-1.802697147465770200e-01
-1.718093816000662577e-01
-1.732254626565040145e-01
-1.741286506867599226e-01
-1.747788247151720320e-01
-1.751808077603765612e-01
-1.754198777930180697e-01
-1.756189245500412166e-01
-1.757541246531017787e-01
-1.759338987832358148e-01
-1.761128366641708520e-01
-1.762464615071123453e-01
-1.764426300110783774e-01
-1.766784133898911535e-01
-1.770715088563991069e-01
-1.777013017415420004e-01
-1.785640775430637484e-01
-1.798658841740723158e-01
-1.715566787607151200e-01
-1.730515422707631368e-01
-1.739820737050614963e-01
-1.746413103410723033e-01
-1.750453937331022947e-01
-1.752844443180879841e-01
-1.754817991290573143e-01
-1.756149183329482055e-01
-1.757910168561377107e-01
-1.759651317184365293e-01
-1.760943808388249765e-01
-1.762832953671809033e-01
-1.765094910516885884e-01
-1.768840723498833201e-01
-1.774797540467684120e-01
-1.782830200215690108e-01
-1.794456008847682416e-01
-1.730035065609588085e-01
-1.746225044579221841e-01
-1.756025301762091928e-01
-1.762822257461123809e-01
-1.766929991317345572e-01
-1.769337416627740911e-01
-1.771312131596781414e-01
-1.772635933526489904e-01
-1.774378249008825570e-01
-1.776090420624684696e-01
-1.777354712727671759e-01
-1.779194655442079276e-01
-1.781376293468738548e-01
-1.784930547041142235e-01
-1.790513969018801832e-01
-1.797845929728650038e-01
-1.807797295197018095e-01
-1.785889899901323130e-01
-1.796392800887930130e-01
-1.803515310344906974e-01
-1.807747703674750517e-01
-1.810196941445096908e-01
-1.812191493023044553e-01
-1.813521518202605987e-01
-1.815263055778710000e-01
-1.816965503566673468e-01
-1.818216960216838540e-01
-1.820024036392958733e-01
-1.822129634085474237e-01
-1.825475408787796128e-01
-1.830624953564753410e-01
-1.837123582223947893e-01
-1.879423011476085981e-01
-1.891058738412531581e-01
-1.898740367973505982e-01
-1.903210217180560382e-01
-1.905759610378231494e-01
-1.907815227595363594e-01
-1.909173451875822436e-01
-1.910937354256086185e-01
-1.912644663957997482e-01
-1.913886785733382723e-01
-1.915661773277447522e-01
-1.917704943994873179e-01
-1.920864993584388836e-01
-1.925528735919681544e-01
-1.930998000157846672e-01
-2.116464459141986498e-01
-2.125111664812995294e-01
-2.130037756024911466e-01
-2.132803796108097005e-01
-2.135010716087284710e-01
-2.136454510053225064e-01
-2.138312344610960314e-01
-2.140089665873720071e-01
-2.141367571335761333e-01
-2.143168813215144131e-01
-2.145205177253042828e-01
-2.148274211813455403e-01
-2.152444956074440752e-01
