-7.695631065398651494e-01
-8.145742655020230538e-01
-8.595853442432558333e-01
-9.045965032054138488e-01
-9.496075819466465173e-01
-1.017124240168958194e+00
-1.042353320063099886e+00
-9.735543303502783852e-01
-8.702901047327838979e-01
-7.917899183056159584e-01
-6.881645380825365255e-01
-5.805799744239319438e-01
-4.916998420336714526e-01
-4.240446823838736612e-01
-3.684344138907738042e-01
-6.761512138599340416e-01
-7.371224863472649602e-01
-7.980938390555211148e-01
-8.590651917637772694e-01
-9.200365444720334240e-01
-1.011493533423954982e+00
-1.049906441061376539e+00
-9.682976135589039801e-01
-8.465431064330851685e-01
-7.598069584917056529e-01
-6.355551338516352011e-01
-5.012182152593178674e-01
-3.881418072773598626e-01
-3.133954788274775360e-01
-2.676636752383491635e-01
-6.765962795533558838e-01
-7.448401404632791767e-01
-8.130840815941277056e-01
-8.813280227249762344e-01
-9.495719638558247633e-01
-1.051937875552097612e+00
-1.097168278303030320e+00
-1.002565746650178058e+00
-8.614386882798680256e-01
-7.613733522786116925e-01
-6.245141273538198368e-01
-4.774193541314292744e-01
-3.538289911307080371e-01
-2.762666073752279017e-01
-2.351432151698697182e-01
-6.914803898078245581e-01
-7.656336449571540248e-01
-8.397869001064833805e-01
-9.139402354767380832e-01
-9.880934906260675499e-01
-1.099323413460524312e+00
-1.145849063270935941e+00
-1.038523252206803527e+00
-8.783611320246313969e-01
-7.646985096312314267e-01
-6.159499419238485540e-01
-4.571356135072099369e-01
-3.240994972734468349e-01
-2.440512274855666519e-01
-2.071192181839401902e-01
-7.103684066636588579e-01
-7.891773634322076791e-01
-8.679863202007565004e-01
-9.467953571902306686e-01
-1.025604313958779379e+00
-1.143817789222065340e+00
-1.191429469918840356e+00
-1.073472059849030158e+00
-8.971122117610226265e-01
-7.696044203163813213e-01
-6.115774201708474855e-01
-4.439880857326167218e-01
-3.047834416155801307e-01
-2.232464519516907664e-01
-1.892017742477682674e-01
-7.353368487715842283e-01
-8.206076010709780766e-01
-9.058783533703719248e-01
-9.911491056697657731e-01
-1.076419857969159510e+00
-1.204325946307787776e+00
-1.253226857494645907e+00
-1.122141694108322652e+00
-9.254718330430684592e-01
-7.781712129264241051e-01
-6.080058642462475849e-01
-4.284614459771635131e-01
-2.810421390015757637e-01
-1.975753948697504536e-01
-1.669361154989534024e-01
-7.590145361918461120e-01
-8.522971929611602437e-01
-9.455798497304743755e-01
-1.038862506499788507e+00
-1.132145163269102861e+00
-1.272069148423073948e+00
-1.324658697974969934e+00
-1.182149192399408077e+00
-9.668161737318634597e-01
-7.936254532968172182e-01
-6.099534678700571089e-01
-4.154843074478529186e-01
-2.580667055611651772e-01
-1.724547536113484325e-01
-1.450693753562962984e-01
-7.623877458787051697e-01
-8.636685091187925600e-01
-9.649492723588798393e-01
-1.066230115819892577e+00
-1.167510879059979745e+00
-1.319432064030573448e+00
-1.378495522473030865e+00
-1.233730204478755477e+00
-1.012549641905191145e+00
-8.151708685232881280e-01
-6.199967667202359589e-01
-4.096585836335078223e-01
-2.411982906095740120e-01
-1.531738347187518723e-01
-1.282962929467779678e-01
-7.153965740389268690e-01
-8.265190810544413846e-01
-9.376415880699559002e-01
-1.048764095085470416e+00
-1.159886682321910056e+00
-1.326570362624256649e+00
-1.402780803181320257e+00
-1.275254962028492312e+00
-1.075590935148300176e+00
-8.583408770294755907e-01
-6.503524049544944230e-01
-4.155351675144768331e-01
-2.281704524554900304e-01
-1.348964294632585270e-01
-1.123525745732080194e-01
-5.850706214893994783e-01
-7.055053339526055067e-01
-8.259399661948861882e-01
-9.463746786580922166e-01
-1.066809391121298134e+00
-1.247461379595181885e+00
-1.352468966360737435e+00
-1.273591902026630862e+00
-1.141949764756127861e+00
-9.324549843672711447e-01
-7.083758793216957672e-01
-4.438821941112546243e-01
-2.242364784457322457e-01
-1.199233943131232660e-01
-9.863020370333044906e-02
-4.188368602464538903e-01
-5.392644731577731498e-01
-6.596921261795549718e-01
-7.801196989804115578e-01
-9.005473520021934908e-01
-1.081188751313940877e+00
-1.211631585751593132e+00
-1.194388579189433530e+00
-1.155735570322666161e+00
-1.015152088942014919e+00
-7.761176374603272476e-01
-4.901310416190072239e-01
-2.338596201997869273e-01
-1.109455998200533505e-01
-8.898200293774319314e-02
-3.187144871673274760e-01
-4.350971203635405904e-01
-5.514797535597536493e-01
-6.678623466455041457e-01
-7.842449798417172602e-01
-9.588188694703430048e-01
-1.091356673371533414e+00
-1.090654258949831590e+00
-1.082121800895806452e+00
-1.009032275215614227e+00
-8.378749145734957215e-01
-5.476867878813967971e-01
-2.597075844771883912e-01
-1.091685358557613617e-01
-8.246494020319201923e-02
-3.329680408939088010e-01
-4.470702940130433234e-01
-5.611725270769464258e-01
-6.752748002513122572e-01
-7.893770333152154706e-01
-9.605303829110701797e-01
-1.090173494944662869e+00
-1.086212506538318801e+00
-1.072999077273612878e+00
-9.987791585353803514e-01
-8.435608935360129346e-01
-5.924580060560593608e-01
-2.971101697264739161e-01
-1.182117805962394491e-01
-8.013739022205211560e-02
-3.538573091173298768e-01
-4.664491827106311272e-01
-5.790410964143950512e-01
-6.916329700076963016e-01
-8.042248837114601701e-01
-9.731126339357181187e-01
-1.099670449183260956e+00
-1.093474505798774921e+00
-1.076919313449917315e+00
-1.000752352634352471e+00
-8.527396915849733139e-01
-6.129041940539591282e-01
-3.211893027120396593e-01
-1.268289820302013760e-01
-7.952597139865053011e-02
-3.626945264664722113e-01
-4.712853011907924272e-01
-5.798761160255752056e-01
-6.884668907498954216e-01
-7.970577055846782555e-01
-9.599438075054644859e-01
-1.081351439350397348e+00
-1.073597124271532754e+00
-1.055323920587000641e+00
-9.834312108909757377e-01
-8.479456890905809896e-01
-6.254591298535511212e-01
-3.403343875229155602e-01
-1.380368981906655579e-01
