-4.774785436800580429e-01
-4.753929123325836836e-01
-4.733073250452611291e-01
-4.712216936977867698e-01
-4.691360623503124105e-01
-4.660076593892527042e-01
-4.576884418196783821e-01
-4.610753016314285690e-01
-4.677785690721375511e-01
-4.863499230724849243e-01
-5.059858584615781751e-01
-5.279563209958871850e-01
-5.487820126651022923e-01
-5.652201503539886485e-01
-5.863858542149491537e-01
-4.435100171381842205e-01
-4.341165690066111083e-01
-4.247232530554935770e-01
-4.153298049239204648e-01
-4.059365330329547383e-01
-3.918464489558987629e-01
-3.710120774367712260e-01
-3.640743879582001852e-01
-3.547635746414020685e-01
-3.571684217889535828e-01
-3.622812719587882313e-01
-3.685440480314818856e-01
-3.730429860756609428e-01
-3.723642394365734853e-01
-3.665633899957650987e-01
-4.358611307186959771e-01
-4.232076278923667667e-01
-4.105543453667967468e-01
-3.979008425404675364e-01
-3.852475159547456562e-01
-3.662673718656314636e-01
-3.456025438107823144e-01
-3.349029545080032810e-01
-3.197532458092833818e-01
-3.161894183976698414e-01
-3.154423344630793991e-01
-3.159153201930763877e-01
-3.145604925540878005e-01
-3.079663841395611223e-01
-2.942514061651907431e-01
-4.322670560128446526e-01
-4.170059852803503775e-01
-4.017451348486153484e-01
-3.864840200559692684e-01
-3.712231696242342394e-01
-3.483316516457966028e-01
-3.241647905422888054e-01
-3.101434182720265165e-01
-2.898325474469799490e-01
-2.809443591066262957e-01
-2.749093519888669013e-01
-2.702152274720388547e-01
-2.636694310140041964e-01
-2.518756959605950030e-01
-2.314348697176978331e-01
-4.299863263130249691e-01
-4.132729889157491510e-01
-3.965600039996879933e-01
-3.798467106625639800e-01
-3.631336816863510175e-01
-3.380638958911964531e-01
-3.113149777094387227e-01
-2.950017725810932245e-01
-2.710916940425060484e-01
-2.581827304558114156e-01
-2.481518200474245317e-01
-2.395290060016001255e-01
-2.291390494158731805e-01
-2.136378067957018512e-01
-1.887903044665775187e-01
-4.268321922232909960e-01
-4.083644236399183169e-01
-3.898969634776084381e-01
-3.714291948942357591e-01
-3.529617567620018104e-01
-3.252602580974741642e-01
-2.957392293725067955e-01
-2.765429482085439705e-01
-2.480688547815107503e-01
-2.297747933467652603e-01
-2.144181120847793165e-01
-2.005104590664147923e-01
-1.849886403553344105e-01
-1.646126045657172188e-01
-1.341409560347368302e-01
-4.237547227977577768e-01
-4.038315152186710000e-01
-3.839086160606470788e-01
-3.639853864514843718e-01
-3.440624872934605061e-01
-3.141778081052858385e-01
-2.821119751604488357e-01
-2.599509084092822553e-01
-2.267106080570116255e-01
-2.022177679201193068e-01
-1.806976882579137134e-01
-1.605713193186950050e-01
-1.391114588690160470e-01
-1.132746959807154480e-01
-7.692261435966657457e-02
-4.224464887693394899e-01
-4.016143643179557188e-01
-3.807825923477867192e-01
-3.599504899264789337e-01
-3.391187399863858087e-01
-3.078707295499175656e-01
-2.740555103063693210e-01
-2.494586882111358150e-01
-2.122428623884634047e-01
-1.821103668762675265e-01
-1.548622581892062644e-01
-1.287931000300282514e-01
-1.017183129652655948e-01
-7.088256786204054360e-02
-2.955094006054740513e-02
-4.244757231224592919e-01
-4.030447771474249818e-01
-3.816142277137571925e-01
-3.601833037687988126e-01
-3.387527543351310788e-01
-3.066065336432628463e-01
-2.712602902135198835e-01
-2.442802324752121335e-01
-2.030750903546122144e-01
-1.665064090271203834e-01
-1.323923077435688878e-01
-9.887268805871178567e-02
-6.474524205667189780e-02
-2.781658928865137978e-02
1.911686962467088954e-02
-4.322251548084452555e-01
-4.104566640101685593e-01
-3.886885256931066346e-01
-3.669199908346780781e-01
-3.451518525176160979e-01
-3.124992485006565790e-01
-2.760279951839198498e-01
-2.470235937693464889e-01
-2.023353204052270871e-01
-1.594098055959022320e-01
-1.178729676372166357e-01
-7.568379159295242353e-02
-3.306399090092539128e-02
1.117093929963896073e-02
6.450084039441821016e-02
-4.438115648173737160e-01
-4.219998510101424793e-01
-4.001885778044296793e-01
-3.783768639971984427e-01
-3.565655687614096570e-01
-3.238482403813979227e-01
-2.868582668970547922e-01
-2.566780762704926611e-01
-2.098637683996620873e-01
-1.622737374955453560e-01
-1.145918081297294111e-01
-6.441297894413128278e-02
-1.324603338642495708e-02
3.867865866261700758e-02
9.882501497442144900e-02
-4.580945882993348595e-01
-4.364662087839077387e-01
-4.148382258098471942e-01
-3.932098462944201289e-01
-3.715818633203595844e-01
-3.391395143479781216e-01
-3.021655346987527357e-01
-2.715527174412786238e-01
-2.237995317949002250e-01
-1.730174860855055174e-01
-1.203993436985794363e-01
-6.284525265145426975e-02
-2.616913305324137726e-03
5.830376902315520526e-02
1.270023412487397141e-01
-4.702532956205064951e-01
-4.491404639417533318e-01
-4.280279847442149399e-01
-4.069151090053099162e-01
-3.858026298077714689e-01
-3.541335585302491373e-01
-3.178629992051412723e-01
-2.876279977496907780e-01
-2.402568576799126721e-01
-1.881512780543733998e-01
-1.326685869256784556e-01
-6.975816930965356155e-02
-1.511694515674813456e-03
6.880736775551418716e-02
1.475202286972041588e-01
-4.697782831235249312e-01
-4.497823762939029413e-01
-4.297868660056475831e-01
-4.097909591760256487e-01
-3.897954048276184302e-01
-3.598017208237928588e-01
-3.253501408072267398e-01
-2.965665688736729422e-01
-2.513121666185678671e-01
-2.002244866509005350e-01
-1.446280983003837561e-01
-7.969367296675103352e-02
-6.676469918672257170e-03
7.104107425828312672e-02
1.591720129564244690e-01
-4.426194292890525128e-01
-4.247592501995464120e-01
-4.068993795311032224e-01
-3.890392004415971772e-01
-3.711793297731539321e-01
-3.443892153494262920e-01
-3.135681257542068390e-01
-2.878266209141832621e-01
-2.472284073851723774e-01
-2.003378974817353886e-01
-1.482026984191220365e-01
-8.562118432906000443e-02
-1.270778080275622966e-02
6.803717427128389006e-02
