-2.908354370842579084e-01 8.075363794604329959e-01 3.029678134111727927e-01 2.118545844579920456e-01 5.291163213744843885e-01
-2.923102463360659486e-01 8.073123391351885170e-01 3.047727348857408591e-01 2.129121793483942093e-01 5.291257849708622674e-01
-2.947344618112021641e-01 8.069834329337018941e-01 3.058858077177929458e-01 2.136329452852936961e-01 5.291379572464123271e-01
-2.962843561876561393e-01 8.068369250841336271e-01 3.066771512128239618e-01 2.139485436421269260e-01 5.291420947337112102e-01
-2.969840137592063556e-01 8.068499755909648297e-01 3.071641544279068992e-01 2.140639129590757583e-01 5.291400589453052472e-01
-2.971132932378406366e-01 8.067681900931144012e-01 3.074552603690058894e-01 2.140643802342346302e-01 5.291430816828466277e-01
-2.971932737751373788e-01 8.067329241711985732e-01 3.076971224918277903e-01 2.140464501868646618e-01 5.291441345111319583e-01
-2.972284077376468603e-01 8.067653881923324555e-01 3.078608726641072768e-01 2.140171107572217679e-01 5.291423439149257613e-01
-2.972261087606732355e-01 8.068445789185366701e-01 3.079697734092714523e-01 2.139831067106657547e-01 5.291386153502986023e-01
-2.972261087606732355e-01 8.067562827554088933e-01 3.080781661480348488e-01 2.139831067106657547e-01 5.291423754757239584e-01
-2.971946921492616966e-01 8.068365247511166682e-01 3.081863717150489790e-01 2.139496075744518888e-01 5.291386572606411320e-01
-2.971946921492616966e-01 8.067487858387605293e-01 3.082941674711850433e-01 2.139496075744518888e-01 5.291423949258952097e-01
-2.971431710067767296e-01 8.067854781057386404e-01 3.084553388256225381e-01 2.139203388010401385e-01 5.291405974030665149e-01
-2.970790002864189816e-01 8.067608301899233947e-01 3.086909812337488845e-01 2.138978222481124902e-01 5.291414740165835129e-01
-2.969353615656595835e-01 8.068620142437471499e-01 3.089714250125112360e-01 2.138748768337320194e-01 5.291369209933927120e-01
-2.968042379512362827e-01 8.068088414159115818e-01 3.094332971920983333e-01 2.138790508253067824e-01 5.291391221117119903e-01
-2.966673143933226120e-01 8.068358705385553220e-01 3.101590215206022072e-01 2.139540220904770640e-01 5.291381325074604458e-01
-2.968757953406051531e-01 8.067476597165317287e-01 3.111282897509681789e-01 2.141594738343703119e-01 5.291421882300386681e-01
-2.975952957515895503e-01 8.065967943332167378e-01 3.125691464471468950e-01 2.145235472255125064e-01 5.291491460189075013e-01
-2.908354370842579084e-01 8.033924793245097451e-01 2.907655650227158328e-01 2.118545844579920456e-01 5.292649861071849759e-01
-2.923102463360659486e-01 8.031562105964775711e-01 2.925369739723973628e-01 2.129121793483942093e-01 5.292745348286971296e-01
-2.947344618112021641e-01 8.028053005837141320e-01 2.936389936931071420e-01 2.136329452852936961e-01 5.292870358450882939e-01
-2.962843561876561393e-01 8.026464691977295285e-01 2.944212566714606294e-01 2.139485436421269260e-01 5.292914402965978038e-01
-2.969840137592063556e-01 8.026554036557600469e-01 2.949012866892954943e-01 2.140639129590757583e-01 5.292896011568023473e-01
-2.971132932378406366e-01 8.025707237709910347e-01 2.951875628983941513e-01 2.140643802342346302e-01 5.292926244930898916e-01
-2.971932737751373788e-01 8.025340471414587062e-01 2.954250796109816890e-01 2.140464501868646618e-01 5.292936927279588977e-01
-2.972284077376468603e-01 8.025667336744615188e-01 2.955857035532756805e-01 2.140171107572217679e-01 5.292919548039008992e-01
-2.972261087606732355e-01 8.026470797808724633e-01 2.956924808241831459e-01 2.139831067106657547e-01 5.292883094808398248e-01
-2.972261087606732355e-01 8.025573029555442828e-01 2.957986484261707072e-01 2.139831067106657547e-01 5.292919991170228489e-01
-2.971946921492616966e-01 8.026388401063312417e-01 2.959046253149646422e-01 2.139496075744518888e-01 5.292883595853585810e-01
-2.971946921492616966e-01 8.025496792548215685e-01 2.960101664419678702e-01 2.139496075744518888e-01 5.292920233953866127e-01
-2.971431710067767296e-01 8.025870530124039615e-01 2.961679286273238842e-01 2.139203388010401385e-01 5.292902636128723470e-01
-2.970790002864189816e-01 8.025622226725998010e-01 2.963984745107522967e-01 2.138978222481124902e-01 5.292911199309675574e-01
-2.969353615656595835e-01 8.026654848243683915e-01 2.966727247056055727e-01 2.138748768337320194e-01 5.292866500952927433e-01
-2.968042379512362827e-01 8.026121705211298751e-01 2.971242916219637431e-01 2.138790508253067824e-01 5.292887883220450673e-01
-2.966673143933226120e-01 8.026400425788435822e-01 2.978343786381963954e-01 2.139540220904770640e-01 5.292878078242948536e-01
-2.968757953406051531e-01 8.025486101665612049e-01 2.987845899442713171e-01 2.141594738343703119e-01 5.292918437006270960e-01
-2.975952957515895503e-01 8.023894317156511358e-01 3.001998496503041070e-01 2.145235472255125064e-01 5.292988599305410435e-01
-2.908354370842579084e-01 7.989962030521826630e-01 2.781284791441664406e-01 2.118545844579920456e-01 5.294251659462103632e-01
-2.923102463360659486e-01 7.987478844532287514e-01 2.798628068879444042e-01 2.129121793483942093e-01 5.294347772016765319e-01
-2.947344618112021641e-01 7.983753524846415317e-01 2.809522570132607089e-01 2.136329452852936961e-01 5.294475781355637567e-01
-2.962843561876561393e-01 7.982044944715535051e-01 2.817242690772847613e-01 2.139485436421269260e-01 5.294522374108289187e-01
-2.969840137592063556e-01 7.982095130729865984e-01 2.821965032999823042e-01 2.140639129590757583e-01 5.294505951277211908e-01
-2.971132932378406366e-01 7.981219413736763135e-01 2.824773942330689458e-01 2.140643802342346302e-01 5.294536126338577064e-01
-2.971932737751373788e-01 7.980839217879580616e-01 2.827101216816124141e-01 2.140464501868646618e-01 5.294546934069038757e-01
-2.972284077376468603e-01 7.981168751269103190e-01 2.828672849159905578e-01 2.140171107572217679e-01 5.294530101593760696e-01
-2.972261087606732355e-01 7.981984661252168323e-01 2.829716829850579818e-01 2.139831067106657547e-01 5.294494547911101634e-01
-2.972261087606732355e-01 7.981071331429652194e-01 2.830754223930896374e-01 2.139831067106657547e-01 5.294530660915566234e-01
-2.971946921492616966e-01 7.981900327624069647e-01 2.831789373791560038e-01 2.139496075744518888e-01 5.294495115402945151e-01
-2.971946921492616966e-01 7.980994046717744261e-01 2.832819739714696472e-01 2.139496075744518888e-01 5.294530957509524516e-01
-2.971431710067767296e-01 7.981375032790039015e-01 2.834359727162947262e-01 2.139203388010401385e-01 5.294513759065478942e-01
-2.970790002864189816e-01 7.981125086600485696e-01 2.836608954843438113e-01 2.138978222481124902e-01 5.294522102961698451e-01
-2.969353615656595835e-01 7.982178835380683291e-01 2.839283302559878486e-01 2.138748768337320194e-01 5.294478294840451182e-01
-2.968042379512362827e-01 7.981644032558485868e-01 2.843685338393245887e-01 2.138790508253067824e-01 5.294499006599711066e-01
-2.966673143933226120e-01 7.981931884265058841e-01 2.850613426641465109e-01 2.139540220904770640e-01 5.294489297049191912e-01
-2.968757953406051531e-01 7.980985777640763335e-01 2.859904374097380630e-01 2.141594738343703119e-01 5.294529364129323401e-01
-2.975952957515895503e-01 7.979312514148384494e-01 2.873772475500693813e-01 2.145235472255125064e-01 5.294599941918919361e-01
-2.908354370842579084e-01 7.943237879888862540e-01 2.650328904024969456e-01 2.118545844579920456e-01 5.295982419649772899e-01
-2.923102463360659486e-01 7.940636553139562848e-01 2.667262260916408168e-01 2.129121793483942093e-01 5.296078872812726157e-01
-2.947344618112021641e-01 7.936701159098848990e-01 2.678014601984742282e-01 2.136329452852936961e-01 5.296209486058515159e-01
-2.962843561876561393e-01 7.934876600161682170e-01 2.685619550451089355e-01 2.139485436421269260e-01 5.296258440962383629e-01
-2.969840137592063556e-01 7.934890453549890976e-01 2.690254624879586665e-01 2.140639129590757583e-01 5.296243988377197232e-01
-2.971132932378406366e-01 7.933986288781817997e-01 2.693004072447300890e-01 2.140643802342346302e-01 5.296274015809770974e-01
-2.971932737751373788e-01 7.933592902304710259e-01 2.695277988632815425e-01 2.140464501868646618e-01 5.296284917643865331e-01
-2.972284077376468603e-01 7.933925987093728427e-01 2.696811360336237584e-01 2.140171107572217679e-01 5.296268660517249316e-01
-2.972261087606732355e-01 7.934754897448192956e-01 2.697829215697926108e-01 2.139831067106657547e-01 5.296234067079849117e-01
-2.972261087606732355e-01 7.933825609990013961e-01 2.698839650779757959e-01 2.139831067106657547e-01 5.296269325513861537e-01
-2.971946921492616966e-01 7.934668889445752882e-01 2.699847789953558896e-01 2.139496075744518888e-01 5.296234687220127135e-01
-2.971946921492616966e-01 7.933747396287588183e-01 2.700850533843319190e-01 2.139496075744518888e-01 5.296269655391279141e-01
-2.971431710067767296e-01 7.934136062319422367e-01 2.702349018458154450e-01 2.139203388010401385e-01 5.296252884776556646e-01
-2.970790002864189816e-01 7.933884145045400071e-01 2.704536265275671036e-01 2.138978222481124902e-01 5.296260986410025184e-01
-2.969353615656595835e-01 7.934960217285857986e-01 2.707135362664955802e-01 2.138748768337320194e-01 5.296218159914265478e-01
-2.968042379512362827e-01 7.934423247069735119e-01 2.711412367062609463e-01 2.138790508253067824e-01 5.296238142490120593e-01
-2.966673143933226120e-01 7.934720567675613845e-01 2.718149901750877007e-01 2.139540220904770640e-01 5.296228528001170055e-01
-2.968757953406051531e-01 7.933743381209457102e-01 2.727207320438866378e-01 2.141594738343703119e-01 5.296268184683415869e-01
-2.975952957515895503e-01 7.931991010963346245e-01 2.740759715105191563e-01 2.145235472255125064e-01 5.296338954520097841e-01
-2.908354370842579084e-01 7.893483857254820490e-01 2.514533844262807905e-01 2.118545844579920456e-01 5.297858240653919859e-01
-2.923102463360659486e-01 7.890768018334431977e-01 2.531014872579718800e-01 2.129121793483942093e-01 5.297954656174717059e-01
-2.947344618112021641e-01 7.886631072690595268e-01 2.541606670526322387e-01 2.136329452852936961e-01 5.298087356155204430e-01
-2.962843561876561393e-01 7.884696277798340924e-01 2.549082244467250069e-01 2.139485436421269260e-01 5.298138419478684025e-01
-2.969840137592063556e-01 7.884676977352235161e-01 2.553620497192820582e-01 2.140639129590757583e-01 5.298125893629521688e-01
-2.971132932378406366e-01 7.883745371332580021e-01 2.556303706494642558e-01 2.140643802342346302e-01 5.298155686513390528e-01
-2.971932737751373788e-01 7.883339300134368788e-01 2.558518924732982591e-01 2.140464501868646618e-01 5.298166626753759711e-01
-2.972284077376468603e-01 7.883676572055203779e-01 2.560009879453623571e-01 2.140171107572217679e-01 5.298150971024951916e-01
-2.972261087606732355e-01 7.884519687610945793e-01 2.560998900434346970e-01 2.139831067106657547e-01 5.298117409797977739e-01
-2.972261087606732355e-01 7.883573753800046102e-01 2.561979607788452684e-01 2.139831067106657547e-01 5.298151727414450729e-01
-2.971946921492616966e-01 7.884432258604981980e-01 2.562957802988166667e-01 2.139496075744518888e-01 5.298118078305785739e-01
-2.971946921492616966e-01 7.883494926670824299e-01 2.563930269314676491e-01 2.139496075744518888e-01 5.298152087355757489e-01
-2.971431710067767296e-01 7.883891744163453730e-01 2.565382861703731088e-01 2.139203388010401385e-01 5.298135780814843265e-01
-2.970790002864189816e-01 7.883637943496345502e-01 2.567502003937853772e-01 2.138978222481124902e-01 5.298143608999957843e-01
-2.969353615656595835e-01 7.884737265208826562e-01 2.570018252339786868e-01 2.138748768337320194e-01 5.298101850448079242e-01
-2.968042379512362827e-01 7.884197650052306994e-01 2.574157608972690303e-01 2.138790508253067824e-01 5.298121047609312129e-01
-2.966673143933226120e-01 7.884504944042290964e-01 2.580685157577922717e-01 2.139540220904770640e-01 5.298111526883459987e-01
-2.968757953406051531e-01 7.883497565259943718e-01 2.589484576328150434e-01 2.141594738343703119e-01 5.298150627761607501e-01
-2.975952957515895503e-01 7.881669773459143435e-01 2.602687080238553219e-01 2.145235472255125064e-01 5.298221314294317974e-01
-2.908354370842579084e-01 7.812493708658742042e-01 2.301164499268973929e-01 2.118545844579920456e-01 5.300986123230830849e-01
-2.923102463360659486e-01 7.809616838569294339e-01 2.316878219788974791e-01 2.129121793483942093e-01 5.301081568239650599e-01
-2.947344618112021641e-01 7.805200721764579130e-01 2.327191142214913855e-01 2.136329452852936961e-01 5.301216038603306924e-01
-2.962843561876561393e-01 7.803116168131399855e-01 2.334443274122662837e-01 2.139485436421269260e-01 5.301269583179292200e-01
-2.969840137592063556e-01 7.803055108003015272e-01 2.338815547313211063e-01 2.140639129590757583e-01 5.301259812030348906e-01
-2.971132932378406366e-01 7.802084322618554335e-01 2.341386057386367625e-01 2.140643802342346302e-01 5.301288999524078616e-01
-2.971932737751373788e-01 7.801661281609444387e-01 2.343501211614327506e-01 2.140464501868646618e-01 5.301299891202411185e-01
-2.972284077376468603e-01 7.802006212634259308e-01 2.344920443646639485e-01 2.140171107572217679e-01 5.301285176263196286e-01
-2.972261087606732355e-01 7.801900700093933327e-01 2.346791081181272554e-01 2.139831067106657547e-01 5.301286030857034204e-01
-2.971946921492616966e-01 7.801821490075033783e-01 2.348639677208572696e-01 2.139496075744518888e-01 5.301286404371227112e-01
-2.971431710067767296e-01 7.802231517748852152e-01 2.350014765412161977e-01 2.139203388010401385e-01 5.301270856512515506e-01
-2.970790002864189816e-01 7.801974661282602419e-01 2.352018422215098881e-01 2.138978222481124902e-01 5.301278220580956102e-01
-2.969353615656595835e-01 7.803110445632960301e-01 2.354394647429829124e-01 2.138748768337320194e-01 5.301238260976681715e-01
-2.968042379512362827e-01 7.802565788821319570e-01 2.358300984090760666e-01 2.138790508253067824e-01 5.301256168080628051e-01
-2.966673143933226120e-01 7.802889146360773021e-01 2.364473123293274193e-01 2.139540220904770640e-01 5.301246782224633414e-01
-2.968757953406051531e-01 7.801839741887871549e-01 2.372834562785765822e-01 2.141594738343703119e-01 5.301284700989554732e-01
-2.975952957515895503e-01 7.799907590579772121e-01 2.385440823557590795e-01 2.145235472255125064e-01 5.301354563559280697e-01
-5.427323738208771342e-01 4.765034988407270689e-01 2.115670765832424194e-01 -5.395273181128855677e-01 5.352656699499992454e-01
-5.590156023824842668e-01 4.753840261402921263e-01 2.130803784651075505e-01 -5.377121856015453227e-01 5.352716319498204145e-01
-5.866086301772298617e-01 4.753196035957371612e-01 2.141066893801797377e-01 -5.437412728336111778e-01 5.352747898550461736e-01
-6.032037686472120352e-01 4.755898551080648962e-01 2.148239516293312390e-01 -5.509370105067729062e-01 5.352761999065981380e-01
-6.095137115587255794e-01 4.758397196733385459e-01 2.152515946498619048e-01 -5.557067767922947432e-01 5.352767085848350037e-01
-6.102713844924591013e-01 4.757697981037766199e-01 2.155005200932330611e-01 -5.570616299672020988e-01 5.352770592770378366e-01
-6.104338099400947737e-01 4.757688134851746908e-01 2.157041584458787575e-01 -5.583532719947928991e-01 5.352771670970725149e-01
-6.100814478000569085e-01 4.758620840301761024e-01 2.158401211013813714e-01 -5.595532149102725450e-01 5.352769937590037275e-01
-6.093028791608051664e-01 4.758681623005918682e-01 2.160186839163597827e-01 -5.606211773857255887e-01 5.352770133656556961e-01
-6.081915513644740034e-01 4.758566801369458199e-01 2.161945549615343631e-01 -5.615376989000356867e-01 5.352770569514674337e-01
-6.068435800484631715e-01 4.758971262085350817e-01 2.163250927340663599e-01 -5.622933983122251345e-01 5.352769621082059670e-01
-6.053458601661957372e-01 4.758253937049434223e-01 2.165149580958289632e-01 -5.628857243414348011e-01 5.352771483890095272e-01
-6.022071683070080450e-01 4.758939046922198712e-01 2.167397111899384277e-01 -5.636604192705195748e-01 5.352769568303336056e-01
-5.992749632095376588e-01 4.757039339457617699e-01 2.171086915497517922e-01 -5.640648962834113878e-01 5.352774009052505555e-01
-5.950706091852252522e-01 4.755483923566832249e-01 2.176939025079031309e-01 -5.644194882133892754e-01 5.352777625684355112e-01
-5.953753476228604846e-01 4.753497238371714451e-01 2.184929344625498870e-01 -5.651923827994258520e-01 5.352783998323509262e-01
-6.015146322720051897e-01 4.753154182816776152e-01 2.197072103656498021e-01 -5.687155479340810782e-01 5.352788565758844763e-01
-5.427323738208771342e-01 4.827892160394637866e-01 2.080607930781595005e-01 -5.395273181128855677e-01 5.352498924750684894e-01
-5.590156023824842668e-01 4.815993739126059325e-01 2.095958446615965309e-01 -5.377121856015453227e-01 5.352561751277060687e-01
-5.866086301772298617e-01 4.814234337923853912e-01 2.106722773946786142e-01 -5.437412728336111778e-01 5.352596917817964428e-01
-6.032037686472120352e-01 4.816260878406327106e-01 2.114194205696535989e-01 -5.509370105067729062e-01 5.352613072195726573e-01
-6.095137115587255794e-01 4.818456725399897778e-01 2.118595652875918944e-01 -5.557067767922947432e-01 5.352619057532330693e-01
-6.102713844924591013e-01 4.817636598448374330e-01 2.121128330426271247e-01 -5.570616299672020988e-01 5.352622948023121330e-01
-6.104338099400947737e-01 4.817556075968457141e-01 2.123185948414671731e-01 -5.583532719947928991e-01 5.352624232423670581e-01
-6.100814478000569085e-01 4.818454847290311038e-01 2.124553005225969515e-01 -5.595532149102725450e-01 5.352622548845155093e-01
-6.093028791608051664e-01 4.818482542832944193e-01 2.126341630684345230e-01 -5.606211773857255887e-01 5.352622835304816640e-01
-6.081915513644740034e-01 4.818346564522199560e-01 2.128096981504490892e-01 -5.615376989000356867e-01 5.352623335923346604e-01
-6.068435800484631715e-01 4.818741951850519234e-01 2.129396169276955575e-01 -5.622933983122251345e-01 5.352622391185875017e-01
-6.053458601661957372e-01 4.818017008497911813e-01 2.131282248378384425e-01 -5.628857243414348011e-01 5.352624315379165276e-01
-6.022071683070080450e-01 4.818701650645645929e-01 2.133511248325991316e-01 -5.636604192705195748e-01 5.352622363756571744e-01
-5.992749632095376588e-01 4.816808228159893956e-01 2.137163946176135199e-01 -5.640648962834113878e-01 5.352626887678637591e-01
-5.950706091852252522e-01 4.815206489534021861e-01 2.142986910916314658e-01 -5.644194882133892754e-01 5.352630690185664619e-01
-5.953753476228604846e-01 4.813035491973281510e-01 2.151002593899396520e-01 -5.651923827994258520e-01 5.352637656091112639e-01
-6.015146322720051897e-01 4.812225265514122330e-01 2.163290249968751744e-01 -5.687155479340810782e-01 5.352643480915011409e-01
-4.126836753394808044e-02 4.025563144628607759e-01 2.041136133440077105e-01 -2.462262077249699477e-01 5.361411960575848124e-01
-4.031742723093156844e-02 4.042813996958069533e-01 2.056875866472792636e-01 -2.430193429960504081e-01 5.361406885253957588e-01
-3.866202102716100042e-02 4.105414995099326836e-01 2.068305870684085945e-01 -2.421033939712355643e-01 5.361355056533235741e-01
-3.775462119383911352e-02 4.146511772503703730e-01 2.076184223663171124e-01 -2.426802800177647323e-01 5.361321382853296846e-01
-3.745850909996695233e-02 4.163481805078876330e-01 2.080767093591196770e-01 -2.435501037491585308e-01 5.361311796063219504e-01
-3.748338259985151827e-02 4.164345269878638733e-01 2.083371015560775141e-01 -2.438446040861553532e-01 5.361308330212970485e-01
-3.754764181936648404e-02 4.164608655313064567e-01 2.085470276085523433e-01 -2.441403883233023431e-01 5.361306577858309108e-01
-3.764032787962116877e-02 4.164679599341825078e-01 2.086857379740825191e-01 -2.444320217981359733e-01 5.361307169180598020e-01
-3.775207121530397419e-02 4.162877869138127962e-01 2.088664988220661767e-01 -2.447063652710782244e-01 5.361308095195902457e-01
-3.787473475465642087e-02 4.160113587077539643e-01 2.090431714266304808e-01 -2.449578330597079467e-01 5.361310120621841646e-01
-3.800306705239686611e-02 4.157271514680802027e-01 2.091734990597965971e-01 -2.451787389403492501e-01 5.361313854342653062e-01
-3.813598586264814461e-02 4.152905655278734676e-01 2.093622786940673441e-01 -2.453595127699786660e-01 5.361317207752324121e-01
-3.840842315169056692e-02 4.145741769693940260e-01 2.095850260509444229e-01 -2.455972477357221129e-01 5.361327772770283495e-01
-3.865980038439156136e-02 4.136212526179002258e-01 2.099491685499774718e-01 -2.456497479453133570e-01 5.361335597744415482e-01
-3.909384819961145285e-02 4.123089279882285463e-01 2.105332287287349502e-01 -2.452666402538769830e-01 5.361352495735340895e-01
-3.933705612896951087e-02 4.119835715450196334e-01 2.113442684839912655e-01 -2.444167103235238003e-01 5.361356149010562122e-01
-3.942955826871591407e-02 4.131970223527350328e-01 2.125999705287216213e-01 -2.432580736627897033e-01 5.361345839292824822e-01
-4.153751046384227680e-02 4.625488944526660040e-01 2.124337651248795755e-01 -7.950403853217904993e-02 5.362154605025865051e-01
-4.219228592837904329e-02 4.636091833643381510e-01 2.140833027549482459e-01 -7.723827735831927110e-02 5.362167162294056988e-01
-4.177096980169018453e-02 4.680015771550405934e-01 2.151920140292883366e-01 -7.447512344001744333e-02 5.362117354741325892e-01
-4.140922260673713523e-02 4.710711653045628888e-01 2.159680218511051131e-01 -7.295505972915213022e-02 5.362082976356074004e-01
-4.124854885812946625e-02 4.725112609470236147e-01 2.164310355504569239e-01 -7.245182330634297729e-02 5.362072719479137328e-01
-4.122256355897653546e-02 4.726007342005092426e-01 2.167004458493489716e-01 -7.239567479435798925e-02 5.362068934207434578e-01
-4.121000942892508179e-02 4.726681020231007224e-01 2.169205951697995294e-01 -7.238277239963725185e-02 5.362067411302363640e-01
-4.121118597472540196e-02 4.727552083243961034e-01 2.170678754261417820e-01 -7.240727306246121098e-02 5.362068770522718797e-01
-4.122634455084157185e-02 4.726801496247354240e-01 2.172615358053467394e-01 -7.246223886328387320e-02 5.362070191267841457e-01
-4.125491567927586783e-02 4.725313467363558839e-01 2.174524448415351974e-01 -7.254040984461161690e-02 5.362072793303912510e-01
-4.129623465005891753e-02 4.723958210977918792e-01 2.175939665178995563e-01 -7.263390641712054452e-02 5.362077520861360247e-01
-4.134862607472441359e-02 4.721069827442937461e-01 2.177998495243432253e-01 -7.273527898732792818e-02 5.362081459807500616e-01
-4.148388212098876038e-02 4.717034710936733322e-01 2.180441359590324368e-01 -7.293330097922022526e-02 5.362094659469973656e-01
-4.164184053477601455e-02 4.710065994016754964e-01 2.184444938758864918e-01 -7.307448740353587879e-02 5.362104634428546124e-01
-4.191324359950912570e-02 4.700618269327239140e-01 2.190802672597352008e-01 -7.309038304155345001e-02 5.362127075351249550e-01
-4.220735595736479356e-02 4.696609758228172948e-01 2.199433296555254880e-01 -7.255761814526399955e-02 5.362138112233301168e-01
-4.244514556772525232e-02 4.702970682531830704e-01 2.212569004582054244e-01 -7.119875357369230551e-02 5.362137732670158030e-01
-3.742848659098459846e-02 4.472955844968966588e-01 2.200740204202058237e-01 7.472728938214941163e-02 5.360366066127201234e-01
-3.674387046305509219e-02 4.509491395719165685e-01 2.211701246155295952e-01 7.554504100469922045e-02 5.360370599010862991e-01
-3.601754220509902071e-02 4.537807058339690114e-01 2.219379024795631317e-01 7.603359011206305140e-02 5.360371449536299737e-01
-3.558404403790186438e-02 4.553127584368694691e-01 2.224022354738318108e-01 7.622727872039816721e-02 5.360373390454560294e-01
-3.547757843996675320e-02 4.554686869322401854e-01 2.226751530416458402e-01 7.625542929663597924e-02 5.360373161928794206e-01
-3.539258659774426746e-02 4.556138305072868211e-01 2.228997783205859118e-01 7.626951303311313435e-02 5.360373795185481294e-01
-3.532987474507213316e-02 4.557895192602666179e-01 2.230509145879128463e-01 7.627125677386861757e-02 5.360375578348463010e-01
-3.528966010252763963e-02 4.558116166777946288e-01 2.232507402762555493e-01 7.626317281460515130e-02 5.360377111551888341e-01
-3.527152250629832231e-02 4.557646909177771599e-01 2.234490240632688307e-01 7.624725450892792800e-02 5.360378972433949007e-01
-3.527458473411611978e-02 4.557334628450621095e-01 2.235966660976861364e-01 7.622566148458735646e-02 5.360381706415003888e-01
-3.529705056495844456e-02 4.555448298108213945e-01 2.238121850993690654e-01 7.620109830670408757e-02 5.360383965742868684e-01
-3.539116804802942828e-02 4.553232030116033391e-01 2.240688872544224775e-01 7.614704992263970906e-02 5.360391217120372698e-01
-3.552987993948757833e-02 4.547639050469650113e-01 2.244915978325208172e-01 7.610421266514470762e-02 5.360397100541840487e-01
-3.586391283371976463e-02 4.539839627677490497e-01 2.251573289251628529e-01 7.608053172731686631e-02 5.360411177813783068e-01
-3.621319179783606679e-02 4.534588133113849340e-01 2.260532185453481835e-01 7.621765792455034716e-02 5.360426700682174861e-01
-1.151715206945662789e-01 3.458380520035234107e-01 2.223894416102736860e-01 8.936150475643242497e-02 5.361103544776500973e-01
-1.132406639712681823e-01 3.490356943620231411e-01 2.234941262906522397e-01 8.987489930069489374e-02 5.361112511193967256e-01
-1.109940800653737708e-01 3.518871165135274981e-01 2.242564905171431366e-01 9.015841260626619724e-02 5.361114614088505759e-01
-1.095385731713907768e-01 3.536628941536746340e-01 2.247133553733366429e-01 9.027727627671326693e-02 5.361116715141940325e-01
-1.091527644750687476e-01 3.539497514749870843e-01 2.249800732468735798e-01 9.030227217789359162e-02 5.361115804036662436e-01
-1.088273022887010083e-01 3.542287554558662399e-01 2.251990531374704896e-01 9.032177754011748438e-02 5.361115755013984296e-01
-1.085655958591940501e-01 3.545343122685722936e-01 2.253462401133966286e-01 9.033532642228879472e-02 5.361116968276644634e-01
-1.083703862337768997e-01 3.546989400660554015e-01 2.255407150279383766e-01 9.034458647596198266e-02 5.361117689214675019e-01
-1.082427645318976700e-01 3.547955553027394848e-01 2.257334348209414088e-01 9.035119887634021629e-02 5.361118681657686125e-01
-1.081811877641641190e-01 3.548965217342977541e-01 2.258768609174964526e-01 9.035622265330571501e-02 5.361120654879280023e-01
-1.081813120539590056e-01 3.548452645485546952e-01 2.260861480977948423e-01 9.036011346976910441e-02 5.361121869602096801e-01
-1.083417216903404257e-01 3.548385386102569372e-01 2.263351644450801448e-01 9.036604520266712515e-02 5.361127417868449818e-01
-1.086414860360098850e-01 3.544637594663513358e-01 2.267448472718939789e-01 9.036620956809716942e-02 5.361130620769769539e-01
-1.096161024658940664e-01 3.538096544167593782e-01 2.273917246529002789e-01 9.044103151781535122e-02 5.361141984552323381e-01
-1.110186582204762268e-01 3.530514898469170881e-01 2.282648126612825679e-01 9.067721701519874944e-02 5.361156201579826419e-01
-3.146867333907588105e-01 2.625913232161664612e-01 2.165505442600420827e-01 1.317889802409837330e-01 5.362958600056287883e-01
-3.228781377076848091e-01 2.609222423296819748e-01 2.172559545622686772e-01 1.321224766330175715e-01 5.362965295492405637e-01
-3.281469816754186697e-01 2.598558574622854556e-01 2.176747901656344297e-01 1.322182601165082516e-01 5.362968173331997823e-01
-3.296127903629612055e-01 2.594264603455807561e-01 2.179185138582660497e-01 1.322304594332009420e-01 5.362965623538855642e-01
-3.309140539686175608e-01 2.590879146170428915e-01 2.181182835338271730e-01 1.322360724437948443e-01 5.362964089682722424e-01
-3.320435948511168966e-01 2.588701878944252854e-01 2.182524323019443546e-01 1.322369185596693753e-01 5.362964276867594471e-01
-3.330012112849803363e-01 2.586440482058519619e-01 2.184295782990067214e-01 1.322353201254692356e-01 5.362963268665188465e-01
-3.337901681467817516e-01 2.584659129534066513e-01 2.186049736389368281e-01 1.322330392895247619e-01 5.362962368228637589e-01
-3.344162239553631344e-01 2.583877635432605402e-01 2.187354914597165190e-01 1.322320729170873566e-01 5.362962820611483217e-01
-3.348914276179638105e-01 2.582807827427865410e-01 2.189261261571946726e-01 1.322348948290764936e-01 5.362961788378419747e-01
-3.354405561657105572e-01 2.583766026887515110e-01 2.191530827814866800e-01 1.322562965455533479e-01 5.362964629857948085e-01
-3.355805038065406420e-01 2.584333480478022693e-01 2.195279838992052757e-01 1.323044342204139079e-01 5.362964498617537323e-01
-3.351425508545459730e-01 2.590142029603385021e-01 2.201211086475004242e-01 1.324853258928002930e-01 5.362971684555396523e-01
