3.651627015594512832e-03 6.126181796261013224e-01 1.927356824279084502e-01 9.572420757892610155e-01 5.362688573508250789e-01
2.334734634890964656e-03 5.972334051885832551e-01 1.937850851329806778e-01 9.809406450806362754e-01 5.362420958212154032e-01
1.574400933294571071e-03 5.895285348902052913e-01 1.944234152056525389e-01 9.935276550968357157e-01 5.362289160988780168e-01
9.166430325787782970e-04 5.843765967072775958e-01 1.948676670400164013e-01 1.001886976212099656e+00 5.362186499406588203e-01
5.098706804356645684e-04 5.811013057049964070e-01 1.951387963553030958e-01 1.005632487345753168e+00 5.362119950120419754e-01
3.933416958673422782e-04 5.799935855321090017e-01 1.952993490652769615e-01 1.006355828083407955e+00 5.362097346344250060e-01
2.829063156298059064e-04 5.789749942388979775e-01 1.954308631252485717e-01 1.007261263044856303e+00 5.362077132841626126e-01
1.803595289447456956e-04 5.780655019022366004e-01 1.955190521037082907e-01 1.008237451702707954e+00 5.362059277547263081e-01
8.467488215282233024e-05 5.772451719255113911e-01 1.955775044396916573e-01 1.009079350639176198e+00 5.362043752069588498e-01
8.467488215282233024e-05 5.771535095677359228e-01 1.956355057717018286e-01 1.009079350639176198e+00 5.362042012255282541e-01
-4.462853047015301344e-06 5.763746329189518569e-01 1.956933669474467397e-01 1.009718085114530650e+00 5.362027960578468200e-01
-4.462853047015301344e-06 5.762825474225846678e-01 1.957508903648237930e-01 1.009718085114530650e+00 5.362026232663982261e-01
-8.564099768717826086e-05 5.754958470782933766e-01 1.958368448163458619e-01 1.010179705968348385e+00 5.362012200331572886e-01
-1.562716449907800053e-04 5.746794618543772382e-01 1.959625482276567965e-01 1.010525231839308535e+00 5.361997188723434116e-01
-2.487583377736728748e-04 5.733034282919241553e-01 1.961117417836689414e-01 1.010875352024232399e+00 5.361969979931795471e-01
-3.301239230780615079e-04 5.718954021656714737e-01 1.963546671003986999e-01 1.010848168168967831e+00 5.361942962901456999e-01
-4.712853268114405381e-04 5.696188791847827115e-01 1.967157563958044919e-01 1.013302748435863432e+00 5.361886364327432819e-01
-3.150827457717153275e-04 5.673069615126625775e-01 1.971720878589384163e-01 1.013075112620152707e+00 5.361842051941696496e-01
1.598532772003233532e-04 5.650179495975419242e-01 1.978460725194384484e-01 1.004903472791722985e+00 5.361790730646485148e-01
3.651627015594512832e-03 6.025556251992008061e-01 1.897068289366077298e-01 9.572420757892610155e-01 5.362351098424783524e-01
2.334734634890964656e-03 5.870297855315429469e-01 1.907301609127649011e-01 9.809406450806362754e-01 5.362112897467344874e-01
1.574400933294571071e-03 5.792616901223579529e-01 1.913540956457873421e-01 9.935276550968357157e-01 5.361995081395564133e-01
9.166430325787782970e-04 5.740707585829332160e-01 1.917891628455304087e-01 1.001886976212099656e+00 5.361902493835815076e-01
5.098706804356645684e-04 5.707725260515962296e-01 1.920548079142416209e-01 1.005632487345753168e+00 5.361842349398945329e-01
3.933416958673422782e-04 5.696571825905659692e-01 1.922121019225909166e-01 1.006355828083407955e+00 5.361821924159044794e-01
2.829063156298059064e-04 5.686315676357369675e-01 1.923411052811251076e-01 1.007261263044856303e+00 5.361803661835408130e-01
1.803595289447456956e-04 5.677159903034041388e-01 1.924277046694675974e-01 1.008237451702707954e+00 5.361787521202202589e-01
8.467488215282233024e-05 5.668903630860830933e-01 1.924851362822265766e-01 1.009079350639176198e+00 5.361773495487855978e-01
8.467488215282233024e-05 5.667978912517260826e-01 1.925421897077243538e-01 1.009079350639176198e+00 5.361771932850147859e-01
-4.462853047015301344e-06 5.660140502019911368e-01 1.925991212357501814e-01 1.009718085114530650e+00 5.361759255951167313e-01
-4.462853047015301344e-06 5.659211970547426418e-01 1.926557791560877253e-01 1.009718085114530650e+00 5.361757702260074865e-01
-8.564099768717826086e-05 5.651295046081001860e-01 1.927404524137253383e-01 1.010179705968348385e+00 5.361745046669684767e-01
-1.562716449907800053e-04 5.643079385676669224e-01 1.928643385008518563e-01 1.010525231839308535e+00 5.361731494555611599e-01
-2.487583377736728748e-04 5.629235333207812664e-01 1.930115282322526216e-01 1.010875352024232399e+00 5.361706849547280829e-01
-3.301239230780615079e-04 5.615070050840978988e-01 1.932516235056337406e-01 1.010848168168967831e+00 5.361682394626263726e-01
-4.712853268114405381e-04 5.592172271064829170e-01 1.936089295666458265e-01 1.013302748435863432e+00 5.361630742255809601e-01
-3.150827457717153275e-04 5.568947412095041072e-01 1.940620764012494781e-01 1.013075112620152707e+00 5.361590560824792684e-01
1.598532772003233532e-04 5.545962583218424502e-01 1.947326189195965895e-01 1.004903472791722985e+00 5.361543762284459724e-01
3.651627015594512832e-03 5.936752040165637068e-01 1.866552094796219696e-01 9.572420757892610155e-01 5.362055365009094077e-01
2.334734634890964656e-03 5.780337608931694904e-01 1.876520450984704991e-01 9.809406450806362754e-01 5.361842445241838950e-01
1.574400933294571071e-03 5.702143753554631544e-01 1.882613553934477935e-01 9.935276550968357157e-01 5.361736685231394128e-01
9.166430325787782970e-04 5.649921999736114975e-01 1.886870742441673354e-01 1.001886976212099656e+00 5.361652850610189036e-01
5.098706804356645684e-04 5.616757545554698083e-01 1.889471425781589220e-01 1.005632487345753168e+00 5.361598282229999013e-01
3.933416958673422782e-04 5.605542645264409707e-01 1.891011419815847583e-01 1.006355828083407955e+00 5.361579751533782634e-01
2.829063156298059064e-04 5.595230344974864156e-01 1.892275728098657683e-01 1.007261263044856303e+00 5.361563186164404193e-01
1.803595289447456956e-04 5.586026503150153255e-01 1.893125649720258374e-01 1.008237451702707954e+00 5.361548539390681434e-01
8.467488215282233024e-05 5.577728803165742377e-01 1.893689678924370123e-01 1.009079350639176198e+00 5.361535820527160157e-01
8.467488215282233024e-05 5.576797169038947288e-01 1.894250474498195835e-01 1.009079350639176198e+00 5.361534410346068258e-01
-4.462853047015301344e-06 5.568920308830953569e-01 1.894810332108191608e-01 1.009718085114530650e+00 5.361522929714196417e-01
-4.462853047015301344e-06 5.567985566409103804e-01 1.895368009530718212e-01 1.009718085114530650e+00 5.361521526380722547e-01
-8.564099768717826086e-05 5.560030018392800866e-01 1.896201801542736765e-01 1.010179705968348385e+00 5.361510068333259493e-01
-1.562716449907800053e-04 5.551773901393840527e-01 1.897422074242244294e-01 1.010525231839308535e+00 5.361497786737724480e-01
-2.487583377736728748e-04 5.537865765288785269e-01 1.898873673176157129e-01 1.010875352024232399e+00 5.361475381600832035e-01
-3.301239230780615079e-04 5.523636007474540532e-01 1.901245717414361824e-01 1.010848168168967831e+00 5.361453164330363119e-01
-4.712853268114405381e-04 5.500639578975411448e-01 1.904780343729530201e-01 1.013302748435863432e+00 5.361405869043511796e-01
-3.150827457717153275e-04 5.477340981673179954e-01 1.909279236140311031e-01 1.013075112620152707e+00 5.361369308691179558e-01
1.598532772003233532e-04 5.454296761058392562e-01 1.915949592948267277e-01 1.004903472791722985e+00 5.361326503772839702e-01
3.651627015594512832e-03 5.857799281499089794e-01 1.835804694194412556e-01 9.572420757892610155e-01 5.361794593883395521e-01
2.334734634890964656e-03 5.700426659348125646e-01 1.845503661544020679e-01 9.809406450806362754e-01 5.361603543786072068e-01
1.574400933294571071e-03 5.621812334956878265e-01 1.851448094055948845e-01 9.935276550968357157e-01 5.361508247286088658e-01
9.166430325787782970e-04 5.569337544796819639e-01 1.855610326504348873e-01 1.001886976212099656e+00 5.361432067062265050e-01
5.098706804356645684e-04 5.536026950075295661e-01 1.858154301691999355e-01 1.005632487345753168e+00 5.361382384749869834e-01
3.933416958673422782e-04 5.524761608538663049e-01 1.859660696311947192e-01 1.006355828083407955e+00 5.361365512174169901e-01
2.829063156298059064e-04 5.514403790486399615e-01 1.860898938472609621e-01 1.007261263044856303e+00 5.361350432857835413e-01
1.803595289447456956e-04 5.505162122792310875e-01 1.861732416243122301e-01 1.008237451702707954e+00 5.361337095496002680e-01
8.467488215282233024e-05 5.496831744843103662e-01 1.862285885326366297e-01 1.009079350639176198e+00 5.361325521898170354e-01
8.467488215282233024e-05 5.495894551735343025e-01 1.862836870304224179e-01 1.009079350639176198e+00 5.361324243703943226e-01
-4.462853047015301344e-06 5.487987705824309836e-01 1.863387106294185636e-01 1.009718085114530650e+00 5.361313810578856032e-01
-4.462853047015301344e-06 5.487047361637523712e-01 1.863935726640355561e-01 1.009718085114530650e+00 5.361312538338423028e-01
-8.564099768717826086e-05 5.479061690341680002e-01 1.864756447839802378e-01 1.010179705968348385e+00 5.361302129095194546e-01
-1.562716449907800053e-04 5.470774092560983792e-01 1.865957805999330921e-01 1.010525231839308535e+00 5.361290960171470887e-01
-2.487583377736728748e-04 5.456816653028159214e-01 1.867388746261930410e-01 1.010875352024232399e+00 5.361270523953763911e-01
-3.301239230780615079e-04 5.442538043258755565e-01 1.869731262919666348e-01 1.010848168168967831e+00 5.361250272825734964e-01
-4.712853268114405381e-04 5.419467421042510891e-01 1.873226843268734620e-01 1.013302748435863432e+00 5.361206838982272016e-01
-3.150827457717153275e-04 5.396119388106160875e-01 1.877692513073838942e-01 1.013075112620152707e+00 5.361173471271896140e-01
1.598532772003233532e-04 5.373040460469894475e-01 1.884326952409214329e-01 1.004903472791722985e+00 5.361134212497671303e-01
3.651627015594512832e-03 5.787146718351390273e-01 1.804824525032464599e-01 9.572420757892610155e-01 5.361563358011863789e-01
2.334734634890964656e-03 5.628972572401360619e-01 1.814249694860040063e-01 9.809406450806362754e-01 5.361391336057791390e-01
1.574400933294571071e-03 5.550010422991339398e-01 1.820042888685414473e-01 9.935276550968357157e-01 5.361305173184831574e-01
9.166430325787782970e-04 5.497328621849520980e-01 1.824108568307405975e-01 1.001886976212099656e+00 5.361235726057556050e-01
5.098706804356645684e-04 5.463899571883743533e-01 1.826594877039342812e-01 1.005632487345753168e+00 5.361190350296197726e-01
3.933416958673422782e-04 5.452592969718700333e-01 1.828067103431696983e-01 1.006355828083407955e+00 5.361174937011479180e-01
2.829063156298059064e-04 5.442198047679462913e-01 1.829278835543159676e-01 1.007261263044856303e+00 5.361161166515241439e-01
1.803595289447456956e-04 5.432925977748724877e-01 1.830095684706741221e-01 1.008237451702707954e+00 5.361148983880883456e-01
8.467488215282233024e-05 5.424569952343427648e-01 1.830638509092645250e-01 1.009079350639176198e+00 5.361138420046517306e-01
8.467488215282233024e-05 5.423627706810308924e-01 1.831179416367696988e-01 1.009079350639176198e+00 5.361137257440337089e-01
-4.462853047015301344e-06 5.415697355172000016e-01 1.831719863652561398e-01 1.009718085114530650e+00 5.361127746781437775e-01
-4.462853047015301344e-06 5.414752422656117226e-01 1.832259268643333383e-01 1.009718085114530650e+00 5.361126589055384972e-01
-8.564099768717826086e-05 5.406743182726299057e-01 1.833066592554385699e-01 1.010179705968348385e+00 5.361117102742896101e-01
-1.562716449907800053e-04 5.398430419750122056e-01 1.834248703564130001e-01 1.010525231839308535e+00 5.361106914531081902e-01
-2.487583377736728748e-04 5.384435128641726909e-01 1.835658617924898761e-01 1.010875352024232399e+00 5.361088218593451638e-01
-3.301239230780615079e-04 5.370119312750459839e-01 1.837971072409379791e-01 1.010848168168967831e+00 5.361069705334795543e-01
-4.712853268114405381e-04 5.346993604918003351e-01 1.841426886484780201e-01 1.013302748435863432e+00 5.361029711564356814e-01
-3.150827457717153275e-04 5.323613294400039164e-01 1.845858673716524734e-01 1.013075112620152707e+00 5.360999174273554102e-01
1.598532772003233532e-04 5.300518512596931187e-01 1.852456521303344761e-01 1.004903472791722985e+00 5.360963079985613389e-01
3.651627015594512832e-03 5.694074768040257029e-01 1.757910211152484969e-01 9.572420757892610155e-01 5.361262447394664621e-01
2.334734634890964656e-03 5.534924358046076076e-01 1.766916350723861107e-01 9.809406450806362754e-01 5.361114619010529658e-01
1.574400933294571071e-03 5.455544324830126079e-01 1.772478153685198565e-01 9.935276550968357157e-01 5.361040117322665166e-01
9.166430325787782970e-04 5.402618410944917127e-01 1.776395801025515697e-01 1.001886976212099656e+00 5.360979346747637431e-01
5.098706804356645684e-04 5.369051827231723362e-01 1.778793776322479814e-01 1.005632487345753168e+00 5.360939533756499120e-01
3.933416958673422782e-04 5.357695121887882106e-01 1.780213661886184962e-01 1.006355828083407955e+00 5.360926004057345873e-01
2.829063156298059064e-04 5.347256590450022440e-01 1.781384779397276741e-01 1.007261263044856303e+00 5.360913923102097467e-01
1.803595289447456956e-04 5.337949731497730887e-01 1.782176149061535098e-01 1.008237451702707954e+00 5.360903232881645275e-01
8.467488215282233024e-05 5.328616161871245760e-01 1.783228025895609858e-01 1.009079350639176198e+00 5.360892958148260057e-01
-4.462853047015301344e-06 5.319709165425365871e-01 1.784278847703934245e-01 1.009718085114530650e+00 5.360883627207362334e-01
-8.564099768717826086e-05 5.311673375363888949e-01 1.785065633799649831e-01 1.010179705968348385e+00 5.360875331611740791e-01
-1.562716449907800053e-04 5.303332616690539236e-01 1.786218286610519734e-01 1.010525231839308535e+00 5.360866409193477677e-01
-2.487583377736728748e-04 5.289296329366490745e-01 1.787595861121468177e-01 1.010875352024232399e+00 5.360849969151593175e-01
-3.301239230780615079e-04 5.274940406533158432e-01 1.789862346323513875e-01 1.010848168168967831e+00 5.360833708390606578e-01
-4.712853268114405381e-04 5.251758372002439668e-01 1.793257083211320380e-01 1.013302748435863432e+00 5.360798216259093918e-01
-3.150827457717153275e-04 5.228353140385808562e-01 1.797636783230862900e-01 1.013075112620152707e+00 5.360771359605699393e-01
1.598532772003233532e-04 5.205258369787526540e-01 1.804178172515360223e-01 1.004903472791722985e+00 5.360739412835598960e-01
-2.791298887311036061e-03 5.396868207345469903e-01 1.722743304836053257e-01 -8.006445908477451967e-01 5.360603895752320547e-01
-3.345068122201047978e-03 5.217521352747060970e-01 1.731431561639060479e-01 -8.520818280202926420e-01 5.360564269584608965e-01
-3.658301324445070724e-03 5.127778511128077144e-01 1.736817938342267442e-01 -8.701780132228924547e-01 5.360542585206922173e-01
-3.854475827020850676e-03 5.067937418048139575e-01 1.740623886669207809e-01 -8.773532084507370543e-01 5.360527576847103903e-01
-4.013034253376258735e-03 5.030049546079040645e-01 1.742954765035531206e-01 -8.798723307114644232e-01 5.360516361286250531e-01
-4.057026517690181557e-03 5.017351492887103248e-01 1.744334490931382653e-01 -8.799596639347689875e-01 5.360511807446585175e-01
-4.095553132648524150e-03 5.005609705801907783e-01 1.745474804825663806e-01 -8.791346678732028241e-01 5.360508002571912067e-01
-4.126616389815987267e-03 4.995023428634248197e-01 1.746246834342792265e-01 -8.775834067227046287e-01 5.360504715966417644e-01
-4.149636637804444625e-03 4.984418054233143991e-01 1.747274627922954515e-01 -8.759363088469142022e-01 5.360500977586289961e-01
-4.167994378095472852e-03 4.974271792142664350e-01 1.748303651835132200e-01 -8.749042387089076556e-01 5.360497375330580683e-01
-4.186404806938896252e-03 4.965049705217513543e-01 1.749075251380838025e-01 -8.743335105362625148e-01 5.360494148318252217e-01
-4.211306612363008121e-03 4.955574254457094097e-01 1.750206035875332689e-01 -8.732818360567994320e-01 5.360489796409619867e-01
-4.248379396823901040e-03 4.939439281318659947e-01 1.751559974236293893e-01 -8.699660496245478214e-01 5.360480681424066862e-01
-4.265871322852434096e-03 4.923123507998922732e-01 1.753792362955237938e-01 -8.650850398474551062e-01 5.360471345454196346e-01
-4.388423117681654155e-03 4.896538350039733034e-01 1.757142636174199579e-01 -8.357900663200452662e-01 5.360451020146588252e-01
-4.243272404564708312e-03 4.869120746779027620e-01 1.761483424595079728e-01 -7.835885750605526834e-01 5.360422365487325091e-01
-4.153360676506776851e-03 4.841562055440133405e-01 1.767986337661231477e-01 -7.044819003351874276e-01 5.360382213807149965e-01
-2.791298887311036061e-03 5.391853766682347393e-01 1.725423356493796245e-01 -8.006445908477451967e-01 5.360599208410737893e-01
-3.345068122201047978e-03 5.212458584304326958e-01 1.734135619735635292e-01 -8.520818280202926420e-01 5.360559806323965670e-01
-3.658301324445070724e-03 5.122695385206214036e-01 1.739535951187564100e-01 -8.701780132228924547e-01 5.360538229094358176e-01
-3.854475827020850676e-03 5.062841505353677940e-01 1.743351499583082886e-01 -8.773532084507370543e-01 5.360523290727643442e-01
-4.013034253376258735e-03 5.024948936408657474e-01 1.745687184349845600e-01 -8.798723307114644232e-01 5.360512124011771462e-01
-4.057026517690181557e-03 5.012250119163544904e-01 1.747068772519131397e-01 -8.799596639347689875e-01 5.360507588678800062e-01
-4.095553132648524150e-03 5.000506118227908692e-01 1.748211700201794394e-01 -8.791346678732028241e-01 5.360503798800778652e-01
-4.126616389815987267e-03 4.989918520863366735e-01 1.748985298310456460e-01 -8.775834067227046287e-01 5.360500525686009432e-01
-4.149636637804444625e-03 4.979312013259552527e-01 1.750015084213442096e-01 -8.759363088469142022e-01 5.360496801626564167e-01
-4.167994378095472852e-03 4.969163421994791108e-01 1.751046593476529856e-01 -8.749042387089076556e-01 5.360493212220830417e-01
-4.186404806938896252e-03 4.959939032394241609e-01 1.751820353165694233e-01 -8.743335105362625148e-01 5.360489996944075575e-01
-4.211306612363008121e-03 4.950460589707639247e-01 1.752954146385432843e-01 -8.732818360567994320e-01 5.360485658310786272e-01
-4.248379396823901040e-03 4.934321071918887913e-01 1.754312031028337215e-01 -8.699660496245478214e-01 5.360476570560493981e-01
-4.265871322852434096e-03 4.918002152454647447e-01 1.756549259302307708e-01 -8.650850398474551062e-01 5.360467262459907012e-01
-4.388423117681654155e-03 4.891408970592523442e-01 1.759908260708268057e-01 -8.357900663200452662e-01 5.360446992257490439e-01
-4.243272404564708312e-03 4.863992787089639891e-01 1.764253836326686031e-01 -7.835885750605526834e-01 5.360418418132801843e-01
-4.153360676506776851e-03 4.836423147986344540e-01 1.770771102070189673e-01 -7.044819003351874276e-01 5.360378362067513835e-01
-1.295400164159846461e-03 5.124370833986318097e-01 1.730043140172387583e-01 -8.062207061164644584e-01 5.360489270051110866e-01
-1.818355427213767198e-03 4.922215173799212029e-01 1.738794048768530220e-01 -7.756579640679279741e-01 5.360454199572711742e-01
-2.156533501630155791e-03 4.820394747271825597e-01 1.744216960896186885e-01 -7.643501409586268558e-01 5.360435408552604031e-01
-2.366361586341070734e-03 4.752379242787839186e-01 1.748048500823644047e-01 -7.593177422308559077e-01 5.360420729721970812e-01
-2.497445797347852721e-03 4.709004603214027029e-01 1.750392918283907306e-01 -7.571574750985949898e-01 5.360410867690473813e-01
-2.535576961474437716e-03 4.694607091919130726e-01 1.751778673841428435e-01 -7.566775030009387226e-01 5.360406838292770537e-01
-2.573142952930161046e-03 4.681224447127265709e-01 1.752926037942091064e-01 -7.566107377353971097e-01 5.360403233906593234e-01
-2.611329529441017410e-03 4.669063505814157744e-01 1.753702314799427120e-01 -7.570387447341538900e-01 5.360399935680403294e-01
-2.647334376745611156e-03 4.656938708654852488e-01 1.754735276613160477e-01 -7.581660311054871926e-01 5.360395958431217744e-01
-2.677251195635379707e-03 4.645310272543338725e-01 1.755769858878667156e-01 -7.604447599608458175e-01 5.360391922464147196e-01
-2.697947549850283379e-03 4.634628815737446561e-01 1.756546193810882284e-01 -7.638106858785178588e-01 5.360388243923592810e-01
-2.718574245580438441e-03 4.623724920319369769e-01 1.757684520983175958e-01 -7.674373599499462184e-01 5.360383740115374218e-01
-2.777788863867820812e-03 4.604911503018779828e-01 1.759049644073728269e-01 -7.753384813192125691e-01 5.360375670981032403e-01
-2.807524760851968278e-03 4.586068628200727360e-01 1.761296451694319420e-01 -7.841017733380318822e-01 5.360366875964632793e-01
-2.788896775378327860e-03 4.554553934072299581e-01 1.764671522110524693e-01 -7.913995408435704482e-01 5.360348804769808906e-01
-2.742293355220550705e-03 4.521745654340331710e-01 1.769025583038452698e-01 -7.975384785320266401e-01 5.360317977005102374e-01
-2.676831948628942501e-03 4.487554292030332403e-01 1.775568276339155871e-01 -8.442382833542967369e-01 5.360281914232175593e-01
-3.452897664227143251e-03 4.841905719596396040e-01 1.738730289190457412e-01 -5.856201461391453700e-01 5.360289330988879941e-01
-4.178876076802431373e-03 4.611070183012370705e-01 1.747532502580399771e-01 -5.708938593176322573e-01 5.360265958253042085e-01
-4.701427806208811726e-03 4.493208428813877942e-01 1.752987104280942510e-01 -5.648048443570579114e-01 5.360254392580124927e-01
-5.021767231214886544e-03 4.413606917198454327e-01 1.756842250427579355e-01 -5.617987576421686891e-01 5.360243775704446323e-01
-5.217445849068223090e-03 4.362262266058937743e-01 1.759205589819805848e-01 -5.605834882350907433e-01 5.360236094793199291e-01
-5.276327168509031308e-03 4.345356366120339819e-01 1.760605180779534484e-01 -5.603830292985713113e-01 5.360232808210076971e-01
-5.332599608950033994e-03 4.329533226583004990e-01 1.761762040942426444e-01 -5.602933623633036264e-01 5.360229892989202272e-01
-5.388861164831832209e-03 4.315004087969888102e-01 1.762543073648620284e-01 -5.603386759428878872e-01 5.360227374706024728e-01
-5.445463757414792556e-03 4.300595925524020591e-01 1.763578955285276251e-01 -5.606111246734754028e-01 5.360224235717641061e-01
-5.504136144735352794e-03 4.286771886434304624e-01 1.764612010396436337e-01 -5.612558062102104284e-01 5.360220917166830246e-01
-5.556860087081575729e-03 4.273956728779335079e-01 1.765386088971773182e-01 -5.623257027672339259e-01 5.360217738680421729e-01
-5.593737381670018174e-03 4.260972564665448381e-01 1.766526119443321552e-01 -5.638002338422452020e-01 5.360213749479750822e-01
-5.658251220934639933e-03 4.238108488965297571e-01 1.767907841299097005e-01 -5.692802423565876957e-01 5.360206956470948692e-01
-5.715658891108013964e-03 4.215485158608943128e-01 1.770182346905911086e-01 -5.753865614049330501e-01 5.360198905882920251e-01
-5.798361319011057294e-03 4.177056912521345811e-01 1.773595738012950507e-01 -5.784824611560996921e-01 5.360180976517757712e-01
-5.801157804311257715e-03 4.136642465440715788e-01 1.777968209800755706e-01 -5.746975169081643964e-01 5.360151108107956697e-01
-5.674729128792519069e-03 4.093302977430023359e-01 1.784563290578163874e-01 -5.933722362059840050e-01 5.360117888545605780e-01
-5.901894423712899379e-03 4.264649103315313883e-01 1.761674932149074335e-01 -4.948917112951516928e-01 5.360182910264738032e-01
-6.935703851320765279e-03 4.126155026090568279e-01 1.767169054078413792e-01 -4.904241588953617281e-01 5.360176291424471051e-01
-7.627381624162481166e-03 4.031016646303149376e-01 1.771054411701093734e-01 -4.881787127676216476e-01 5.360167176954131474e-01
-8.092117151190481375e-03 3.968720394611258695e-01 1.773436594108199482e-01 -4.871699476551604180e-01 5.360159671656702374e-01
-8.227707448966828027e-03 3.948327987307238551e-01 1.774847796643770348e-01 -4.869902294247439034e-01 5.360156388948192907e-01
-8.358319360644347190e-03 3.929083180871407177e-01 1.776014833598000831e-01 -4.868874402730061224e-01 5.360153496485922098e-01
-8.486159945349557379e-03 3.911191894256996204e-01 1.776803104834209501e-01 -4.868550253661941829e-01 5.360150954193270145e-01
-8.607943066226999423e-03 3.893508155924612080e-01 1.777848192286006490e-01 -4.869024854411384551e-01 5.360147823752758889e-01
-8.731529721028826949e-03 3.876495714470090115e-01 1.778887506446137079e-01 -4.870467058326258813e-01 5.360144622105685874e-01
-8.854872770786012884e-03 3.860568178023991437e-01 1.779665197160962831e-01 -4.873734620523147987e-01 5.360141700918820140e-01
-8.966363505365297984e-03 3.844575082992331971e-01 1.780812877695239493e-01 -4.881577099305016154e-01 5.360138013664025314e-01
-9.165972591737099953e-03 3.815837589915449524e-01 1.782210740979895680e-01 -4.927749278115548526e-01 5.360131332143628358e-01
-9.335436551112810677e-03 3.787642305861552150e-01 1.784520566472538594e-01 -4.980970194609418145e-01 5.360123401126554166e-01
-9.592088732659695416e-03 3.738858914088570295e-01 1.787984882846479218e-01 -4.997610359874945507e-01 5.360105638600288769e-01
-9.734088917462486307e-03 3.687089958079865504e-01 1.792408147553986308e-01 -4.945030411301524764e-01 5.360076185734881093e-01
-1.182432272411125529e-02 3.544862781847674671e-01 1.784613969630720332e-01 -3.854285012683231759e-01 5.360091304717011784e-01
-1.458445545554548639e-02 3.343290497718013898e-01 1.790161605454751170e-01 -3.827829976849516647e-01 5.360096645079954758e-01
-1.692141908050928331e-02 3.196257488234710564e-01 1.794091635016284159e-01 -3.813816221534984119e-01 5.360093053464884960e-01
-1.867816864670956631e-02 3.094777022490224905e-01 1.796504568974387761e-01 -3.806581012807487285e-01 5.360088938543713377e-01
-1.927158074993005552e-02 3.061518162577322455e-01 1.797935280092316790e-01 -3.804813133056578200e-01 5.360086536929571377e-01
-1.986663869497854243e-02 3.029417048134384616e-01 1.799119165648151719e-01 -3.803508158005289852e-01 5.360084601875316768e-01
-2.046847563688343127e-02 2.998662060120033113e-01 1.799918767925774710e-01 -3.802565062675476448e-01 5.360082708068598656e-01
-2.108077803428866359e-02 2.968277502955131708e-01 1.800979607555037443e-01 -3.802095105675763476e-01 5.360080259314707884e-01
-2.169448091407173707e-02 2.938667421560925419e-01 1.802035087219724663e-01 -3.802432041076757030e-01 5.360077899852886407e-01
-2.230567944934442118e-02 2.910197633390828043e-01 1.802824147493432283e-01 -3.803828836689034376e-01 5.360075796511816204e-01
-2.291565291752969274e-02 2.881892983231764127e-01 1.803984237103235799e-01 -3.806989719160028263e-01 5.360073088004596586e-01
-2.412795776487127938e-02 2.828816890033866716e-01 1.805392503897400580e-01 -3.831325730976962163e-01 5.360067635219234461e-01
-2.531110536135049854e-02 2.777148913562073052e-01 1.807756314626367822e-01 -3.872814189103444549e-01 5.360060818514199577e-01
-2.754901736844459631e-02 2.683714550358545781e-01 1.811321868836789917e-01 -3.883298143409870118e-01 5.360044774376362398e-01
-2.989363702380389010e-02 2.582436231648295166e-01 1.815840997150921787e-01 -3.820124386412210860e-01 5.360016845437215460e-01
-2.707896944456919183e-02 2.675627643535989364e-01 1.827600523300209612e-01 -2.975194081618702802e-01 5.360058939700413916e-01
-3.476326153083417192e-02 2.464710849266736337e-01 1.831602381195689966e-01 -2.968619302962342554e-01 5.360059462086796955e-01
-4.192704511780934867e-02 2.304700416719054901e-01 1.834066668534597710e-01 -2.964952320019795251e-01 5.360056016204769458e-01
-4.472083411509707174e-02 2.250072389322494426e-01 1.835530966652691998e-01 -2.963904972634800461e-01 5.360053892858768210e-01
-4.776549090027843586e-02 2.195505798138272791e-01 1.836744268374402300e-01 -2.963023625687578599e-01 5.360052200984432025e-01
-5.107992663412079526e-02 2.141125401786423132e-01 1.837564473250603292e-01 -2.962281899644457761e-01 5.360050462100520718e-01
-5.472414218940786779e-02 2.086179185212124199e-01 1.838653106297998829e-01 -2.961701044357909485e-01 5.360048166525596125e-01
-5.873258424654092397e-02 2.030994909185189212e-01 1.839736991554010714e-01 -2.961458932392682097e-01 5.360046018057268435e-01
-6.314695935738667831e-02 1.975831243458991415e-01 1.840546713248226163e-01 -2.961680491234821022e-01 5.360044138548469839e-01
-6.802916373557713059e-02 1.919944255942488687e-01 1.841733246060476004e-01 -2.962412840682672743e-01 5.360041659110925671e-01
-7.949015184046263893e-02 1.808477075009583823e-01 1.843158488940657702e-01 -2.968588129436556811e-01 5.360036676228647767e-01
-9.380861182175544155e-02 1.695016898125029092e-01 1.845582426793001829e-01 -2.993216728396367321e-01 5.360030496603445105e-01
-1.354527013031432414e-01 1.467983931831187139e-01 1.849355569804359001e-01 -3.017584229948777064e-01 5.360015911090751928e-01
