2.395411191415080469e-03 8.673485533499806222e-01 1.990152084244847797e-01 -2.204975202547174273e+00 5.415153550036924113e-01
2.395411191415080469e-03 8.633788308074550333e-01 1.939424531431593324e-01 -2.204975202547174273e+00 5.410695567975567499e-01
2.395411191415080469e-03 8.596275865271322258e-01 1.888051215051518295e-01 -2.204975202547174273e+00 5.406586774428944198e-01
2.395411191415080469e-03 8.560771471006266564e-01 1.836018076428007073e-01 -2.204975202547174273e+00 5.402795167439446988e-01
2.395411191415080469e-03 8.527119159686157301e-01 1.783313893534263783e-01 -2.204975202547174273e+00 5.399292396548674988e-01
2.395411191415080469e-03 8.479806868862674873e-01 1.702968433533916526e-01 -2.204975202547174273e+00 5.394524567647254187e-01
3.211208358569648917e-03 8.448358493846548356e-01 1.662281571393826596e-01 -2.872825017945539017e+00 5.390728026641213866e-01
3.211208358569648917e-03 8.445725743432243027e-01 1.664511279182677439e-01 -2.872825017945539017e+00 5.390642133194486485e-01
5.534460679271628256e-03 8.429614452938480884e-01 1.668293096941934339e-01 -3.795432876827447011e+00 5.390490123093509833e-01
6.189592837960688522e-03 8.412928888424614504e-01 1.674876729113733143e-01 -4.092501841463910495e+00 5.390300655757404025e-01
7.243607385228826266e-03 8.395196962158835152e-01 1.684446626987597118e-01 -4.374396592436711195e+00 5.389975792894746709e-01
8.333169169021910697e-03 8.365376701975736351e-01 1.700837333543532004e-01 -4.815319079693341386e+00 5.389550746308225948e-01
9.200340699300341152e-03 8.319742539293334405e-01 1.730122658868024355e-01 -5.483307435019475484e+00 5.388967161231327241e-01
1.004009712378580929e-02 8.242078696958430317e-01 1.784132395159207241e-01 -5.634379875686409633e+00 5.388720783576925744e-01
8.934939478250207914e-03 8.082205989524325895e-01 1.898643603119851142e-01 -5.198587775286776846e+00 5.388880217639099302e-01
2.395411191415080469e-03 8.873393750661345836e-01 2.178293542831339358e-01 -2.204975202547174273e+00 5.426001704208416321e-01
2.395411191415080469e-03 8.830250376319488392e-01 2.133658926972382963e-01 -2.204975202547174273e+00 5.420092308648430945e-01
2.395411191415080469e-03 8.790389235902655862e-01 2.088512700691678436e-01 -2.204975202547174273e+00 5.414784927464574293e-01
2.395411191415080469e-03 8.753448019829129789e-01 2.042844727117819892e-01 -2.204975202547174273e+00 5.410003813272512563e-01
2.395411191415080469e-03 8.719118636414353585e-01 1.996647027600152724e-01 -2.204975202547174273e+00 5.405684750250169257e-01
2.395411191415080469e-03 8.671944738419954390e-01 1.926335172317397704e-01 -2.204975202547174273e+00 5.399954073705345303e-01
3.211208358569648917e-03 8.641878556503801434e-01 1.892418159309348646e-01 -2.872825017945539017e+00 5.395439958782709544e-01
3.211208358569648917e-03 8.640008388391900995e-01 1.894650203137601685e-01 -2.872825017945539017e+00 5.395352579695359418e-01
5.534460679271628256e-03 8.626376959529344912e-01 1.898456691423985043e-01 -3.795432876827447011e+00 5.395170121545043163e-01
6.189592837960688522e-03 8.612514622590659030e-01 1.905272098044955564e-01 -4.092501841463910495e+00 5.394951100106072372e-01
7.243607385228826266e-03 8.596285777876001566e-01 1.915867331053504874e-01 -4.374396592436711195e+00 5.394545012968532394e-01
8.333169169021910697e-03 8.568325298455680139e-01 1.934282949369854065e-01 -4.815319079693341386e+00 5.393982865144724137e-01
9.200340699300341152e-03 8.524662853679945140e-01 1.967430799297585908e-01 -5.483307435019475484e+00 5.393185694822710818e-01
1.004009712378580929e-02 8.454291306910981518e-01 2.027180820601417188e-01 -5.634379875686409633e+00 5.392756918951358003e-01
8.934939478250207914e-03 8.336707746126185148e-01 2.145078740256051719e-01 -5.198587775286776846e+00 5.393158412428388226e-01
3.389855876962494588e-03 8.889254469745109244e-01 2.162266303090209785e-01 -8.322677174655032095e-01 5.419922363097773310e-01
3.389855876962494588e-03 8.845563123973704256e-01 2.122024516169048469e-01 -8.322677174655032095e-01 5.414113062484687822e-01
3.389855876962494588e-03 8.805557101858286773e-01 2.081367912039842061e-01 -8.322677174655032095e-01 5.408968518141187287e-01
3.389855876962494588e-03 8.768787737948193772e-01 2.040288937146776116e-01 -8.322677174655032095e-01 5.404394805640122534e-01
3.389855876962494588e-03 8.734878521310691646e-01 1.998782279534687956e-01 -8.322677174655032095e-01 5.400313958580350571e-01
3.389855876962494588e-03 8.688686587447963516e-01 1.935703391399633266e-01 -8.322677174655032095e-01 5.394976241292026575e-01
-3.228658918312034298e-04 8.641080112613753750e-01 1.886120869121329369e-01 -5.876683744433203183e-01 5.389382163324917263e-01
-3.228658918312034298e-04 8.639378015780562192e-01 1.888160951095277651e-01 -5.876683744433203183e-01 5.389311297171212045e-01
1.048598911697737899e-03 8.623173365792249356e-01 1.891670937566442556e-01 -7.741459179724976547e-01 5.388828286402599366e-01
8.657043998938422332e-04 8.608207294567118417e-01 1.898201572170256923e-01 -9.146217158083725929e-01 5.388408856240209932e-01
1.493572185053089474e-03 8.590576210615241681e-01 1.908648970099090514e-01 -1.029491484660281175e+00 5.387942213027441252e-01
1.830157705181036402e-03 8.560119042666449740e-01 1.927012382329539031e-01 -1.205074324039246969e+00 5.387241404066438477e-01
1.952910130564470452e-03 8.512216156000131928e-01 1.960431245160195457e-01 -1.428816003051043282e+00 5.386272652445759368e-01
1.793813687639643365e-03 8.432465941161311207e-01 2.021218779644271546e-01 -1.774494900386460072e+00 5.385228700187042472e-01
1.287251396128284145e-03 8.293012724866666296e-01 2.142046607938007940e-01 -1.782156777177810403e+00 5.384159276809674655e-01
6.331683948286419283e-03 8.880249812622373895e-01 2.115843537891418102e-01 -6.563223407420678557e-01 5.415658521434885131e-01
6.331683948286419283e-03 8.837053604709831367e-01 2.079811107924380287e-01 -6.563223407420678557e-01 5.409946230806060852e-01
6.331683948286419283e-03 8.797786488312481223e-01 2.043448365384193111e-01 -6.563223407420678557e-01 5.404943445439475136e-01
6.331683948286419283e-03 8.761934511134126247e-01 2.006749631659006106e-01 -6.563223407420678557e-01 5.400541210133141812e-01
6.331683948286419283e-03 8.729071743186878063e-01 1.969711542060525733e-01 -6.563223407420678557e-01 5.396650614636737675e-01
6.331683948286419283e-03 8.684611354827908025e-01 1.913505463051892730e-01 -6.563223407420678557e-01 5.391616645598042989e-01
2.012560204658572251e-03 8.635272531219289061e-01 1.869482219362202935e-01 -2.639674896829434236e-01 5.386073468596389580e-01
2.012560204658572251e-03 8.633722848002524097e-01 1.871327415050383081e-01 -2.639674896829434236e-01 5.386013731475101096e-01
3.414717501356548130e-03 8.614766482901630162e-01 1.874535325825600618e-01 -2.866769477755342632e-01 5.385372449616927515e-01
3.067416296434461939e-03 8.598197152446110936e-01 1.880763886238636662e-01 -3.678476754996059528e-01 5.384826515760471333e-01
3.826043851080417404e-03 8.579055845979178807e-01 1.891018692031289083e-01 -4.366819442802500895e-01 5.384308671836057769e-01
4.288643161355146227e-03 8.545766494127321478e-01 1.909246467774538547e-01 -5.533471311888855659e-01 5.383505197914991713e-01
4.737750935060907817e-03 8.493323755022730293e-01 1.942781004690729840e-01 -6.934105077679657558e-01 5.382414324046611576e-01
5.073285357554332790e-03 8.403809047183600223e-01 2.004378991657206899e-01 -9.338660634232335278e-01 5.381099338506332153e-01
3.520918210748209733e-03 8.242889376029213233e-01 2.128048467784392217e-01 -9.598716666074820214e-01 5.379606383175468132e-01
6.331683948286419283e-03 8.886292417661331156e-01 2.085824662605987867e-01 -6.563223407420678557e-01 5.416790525836778780e-01
6.331683948286419283e-03 8.843819358232000161e-01 2.052058471130142614e-01 -6.563223407420678557e-01 5.410893482597485260e-01
6.331683948286419283e-03 8.805344599108404502e-01 2.018003471344128885e-01 -6.563223407420678557e-01 5.405750478551673011e-01
6.331683948286419283e-03 8.770327629612724163e-01 1.983654632818372399e-01 -6.563223407420678557e-01 5.401241780369636647e-01
6.331683948286419283e-03 8.738323450578898699e-01 1.949009645252863521e-01 -6.563223407420678557e-01 5.397270429024149108e-01
6.331683948286419283e-03 8.695165933625943477e-01 1.896476349554966079e-01 -6.563223407420678557e-01 5.392150676676914500e-01
2.012560204658572251e-03 8.647047973457288039e-01 1.855271415128463275e-01 -2.639674896829434236e-01 5.386536785704144625e-01
2.012560204658572251e-03 8.645615741302821178e-01 1.856978523461581820e-01 -2.639674896829434236e-01 5.386480173791355908e-01
3.414717501356548130e-03 8.626964387203598372e-01 1.859969255644928487e-01 -2.866769477755342632e-01 5.385832992250432216e-01
3.067416296434461939e-03 8.610692732634563917e-01 1.865956169250623242e-01 -3.678476754996059528e-01 5.385282968996549791e-01
3.826043851080417404e-03 8.591758396598527803e-01 1.876076962879043852e-01 -4.366819442802500895e-01 5.384756477725832768e-01
4.288643161355146227e-03 8.558696714668073691e-01 1.894227719086804540e-01 -5.533471311888855659e-01 5.383934696627168393e-01
4.737750935060907817e-03 8.506389966892791143e-01 1.927863001976547197e-01 -6.934105077679657558e-01 5.382811523867884196e-01
5.073285357554332790e-03 8.416718126486475438e-01 1.990012225993864903e-01 -9.338660634232335278e-01 5.381442796715399934e-01
3.520918210748209733e-03 8.254319292196334867e-01 2.115763937045750664e-01 -9.598716666074820214e-01 5.379855292461889205e-01
5.429250964287682737e-03 8.885150349635327904e-01 2.049160702124367961e-01 -5.759881308427615698e-01 5.413897821676127986e-01
5.429250964287682737e-03 8.843241314742839032e-01 2.017909087830999371e-01 -5.759881308427615698e-01 5.408077030782427741e-01
5.429250964287682737e-03 8.805427797260224621e-01 1.986411576117881606e-01 -5.759881308427615698e-01 5.403035437704221122e-01
5.429250964287682737e-03 8.771136159013235289e-01 1.954663840490949711e-01 -5.759881308427615698e-01 5.398643819215755979e-01
5.429250964287682737e-03 8.739897401918033104e-01 1.922664216502260603e-01 -5.759881308427615698e-01 5.394798545923812361e-01
5.429250964287682737e-03 8.697926038363269496e-01 1.874183959360779250e-01 -5.759881308427615698e-01 5.389874940938081949e-01
-1.882812434633162547e-05 8.648844596740559165e-01 1.836352482144285314e-01 -1.081043330999348351e-01 5.384254148974811915e-01
-1.882812434633162547e-05 8.647555237629596103e-01 1.837882465553611899e-01 -1.081043330999348351e-01 5.384205590307141742e-01
1.054472692137972244e-03 8.627299034626824126e-01 1.840598157168894800e-01 -2.911364940682546407e-02 5.383456314926232666e-01
2.120502368156273608e-04 8.609852945967199078e-01 1.846307111790318756e-01 -5.590694729680801417e-02 5.382823240633686224e-01
7.262763311392861137e-04 8.589819052994195347e-01 1.856269631508626339e-01 -7.444845876290320796e-02 5.382261223693967089e-01
7.642490213676662566e-04 8.554698479115717680e-01 1.874357676740456002e-01 -1.314954669233106832e-01 5.381363721321833493e-01
7.476249355611988339e-04 8.498980147956527453e-01 1.908167725975365159e-01 -1.991824140633379758e-01 5.380145984309707696e-01
4.989926795505798384e-04 8.401609016755141601e-01 1.971042143415723813e-01 -3.110565265613222663e-01 5.378558742932901815e-01
-6.109103659902816912e-04 8.218899619988172534e-01 2.099455716580581888e-01 -3.249108056951555135e-01 5.376593671741146663e-01
6.420243853485921651e-03 8.889318289568621800e-01 2.015753235496661189e-01 -5.314406903056247966e-01 5.412527427539448599e-01
6.420243853485921651e-03 8.847955871102778369e-01 1.986069538522515776e-01 -5.314406903056247966e-01 5.406712490483023270e-01
6.420243853485921651e-03 8.810715408015629135e-01 1.956165056072260433e-01 -5.314406903056247966e-01 5.401696441164354212e-01
6.420243853485921651e-03 8.777008767009785162e-01 1.926035892761918944e-01 -5.314406903056247966e-01 5.397343609010559762e-01
6.420243853485921651e-03 8.746356903995879950e-01 1.895680749429508594e-01 -5.314406903056247966e-01 5.393545786328785008e-01
6.420243853485921651e-03 8.705254934633418484e-01 1.849717109833670103e-01 -5.314406903056247966e-01 5.388702756609470290e-01
7.355367278594764253e-04 8.655040649115675055e-01 1.813932978887890235e-01 -2.616538385448783852e-02 5.383038555754935395e-01
7.355367278594764253e-04 8.653909914587272212e-01 1.815269494179461152e-01 -2.616538385448783852e-02 5.382996792380588813e-01
1.799775857120839784e-03 8.632292388834660324e-01 1.817688989394740384e-01 1.101797604357006855e-01 5.382156019039100459e-01
9.207108752916713223e-04 8.613717724672582676e-01 1.823133780954809269e-01 1.254162908422837008e-01 5.381448510041897393e-01
1.460153543945950840e-03 8.592547392756789693e-01 1.832960602171873621e-01 1.504564131742065491e-01 5.380846392695979308e-01
1.553579495550570224e-03 8.555299912287915864e-01 1.851048827787538376e-01 1.490893341264727390e-01 5.379867825361943634e-01
1.666913086027175086e-03 8.496090705089546224e-01 1.885147302261266922e-01 1.471936561078898698e-01 5.378548984273586742e-01
1.699483182902324909e-03 8.391124465351277317e-01 1.948863158576171761e-01 1.517565976626159829e-01 5.376780522584528876e-01
4.125945219253439951e-04 8.189066310125163728e-01 2.080419738058705004e-01 1.698784973847806690e-01 5.374600353587952739e-01
6.350543917023647282e-03 8.888820358406551714e-01 1.989817275236481497e-01 -4.972927759959031579e-01 5.409924067639686474e-01
6.350543917023647282e-03 8.847621254954203263e-01 1.960843376625230616e-01 -4.972927759959031579e-01 5.404247448842700585e-01
6.350543917023647282e-03 8.810555990552227934e-01 1.931659491107129978e-01 -4.972927759959031579e-01 5.399364866923914708e-01
6.350543917023647282e-03 8.777031153259793328e-01 1.902262468786558025e-01 -4.972927759959031579e-01 5.395139766021388450e-01
6.350543917023647282e-03 8.746563531745521480e-01 1.872650927444736713e-01 -4.972927759959031579e-01 5.391463496755395379e-01
6.350543917023647282e-03 8.705736694113942464e-01 1.827824927684806866e-01 -4.972927759959031579e-01 5.386790988806668956e-01
3.312442506090960991e-04 8.653106057768620296e-01 1.793138491739209861e-01 2.814299753710077304e-02 5.381162908237011600e-01
3.312442506090960991e-04 8.652090709131806667e-01 1.794329053392623163e-01 2.814299753710077304e-02 5.381127140260988373e-01
1.177845978254488763e-03 8.628123388575822394e-01 1.796525330190968106e-01 1.994974021974869893e-01 5.380171211230260209e-01
3.719189970982587760e-05 8.607430525511380326e-01 1.801775130520248402e-01 2.552459924114606205e-01 5.379371461789705933e-01
4.872595384223280218e-04 8.584180612289925572e-01 1.811551461236898808e-01 3.277251271253265319e-01 5.378716605229227898e-01
3.737463922159133889e-04 8.543059193471889134e-01 1.829759406257920329e-01 3.983387793199300031e-01 5.377641043580595470e-01
2.848291216932992702e-04 8.477748244268789035e-01 1.864320824523035547e-01 4.858879889652858441e-01 5.376209370571400914e-01
6.992003708530805856e-05 8.359618383022635602e-01 1.929098688851220988e-01 6.568963651684677219e-01 5.374225820626123973e-01
-1.323591525097242210e-03 8.122131088907780239e-01 2.064126669892808186e-01 7.908956988703342850e-01 5.371721227390198194e-01
6.336610945172536057e-03 8.893992623057247471e-01 1.962987809603238265e-01 -4.914659743096045919e-01 5.408989339761864912e-01
6.336610945172536057e-03 8.853024419205077766e-01 1.934392195496510702e-01 -4.914659743096045919e-01 5.403334468158648152e-01
6.336610945172536057e-03 8.816170693622856769e-01 1.905592750322733231e-01 -4.914659743096045919e-01 5.398477071716607512e-01
6.336610945172536057e-03 8.782840041581699841e-01 1.876586422665522669e-01 -4.914659743096045919e-01 5.394279384270547206e-01
6.336610945172536057e-03 8.752551493298361684e-01 1.847372039190595672e-01 -4.914659743096045919e-01 5.390631861310021256e-01
6.336610945172536057e-03 8.711968516395575124e-01 1.803153651806130298e-01 -4.914659743096045919e-01 5.386003623290227527e-01
3.046978881157598484e-04 8.657896335189217973e-01 1.769052300213811157e-01 3.339088350386101856e-02 5.380391117257331546e-01
3.046978881157598484e-04 8.656977930328620952e-01 1.770122619128020880e-01 3.339088350386101856e-02 5.380359151192370959e-01
1.079572531508002755e-03 8.631370055597876734e-01 1.772139578091991574e-01 2.022553094889706915e-01 5.379332989224174799e-01
-2.250953087962064589e-04 8.609023819089202112e-01 1.777273141731252337e-01 2.693079471014216963e-01 5.378467436079974462e-01
2.232795346889685851e-04 8.583936075278518762e-01 1.787124451656723068e-01 3.564859754371951239e-01 5.377765288007073652e-01
-1.631779226366155588e-05 8.539318528608674796e-01 1.805705093222394197e-01 4.598857608292969967e-01 5.376600711051647830e-01
-2.191446086915445704e-04 8.468238142156800929e-01 1.841229188562922559e-01 5.948696931670489629e-01 5.375058080621775147e-01
-5.296715752024469840e-04 8.337428021138308942e-01 1.908046143466655131e-01 8.629794224276127190e-01 5.372896826596836872e-01
-1.957938340186153332e-03 8.063659447461818397e-01 2.048577067350399461e-01 1.123929824897936580e+00 5.370123737210986681e-01
6.361451749345212354e-03 8.892928568356456287e-01 1.941478913491896663e-01 -5.025794666484830753e-01 5.407342133454969835e-01
6.361451749345212354e-03 8.851774984238700572e-01 1.912559015906707405e-01 -5.025794666484830753e-01 5.401810190469026329e-01
6.361451749345212354e-03 8.814715852331418411e-01 1.883431278345396309e-01 -5.025794666484830753e-01 5.397058197206066055e-01
6.361451749345212354e-03 8.781167916481366076e-01 1.854092486595843026e-01 -5.025794666484830753e-01 5.392952119313234594e-01
6.361451749345212354e-03 8.750655887033067515e-01 1.824541311062782556e-01 -5.025794666484830753e-01 5.389385197374418901e-01
6.361451749345212354e-03 8.709734487557507787e-01 1.779809842418518528e-01 -5.025794666484830753e-01 5.384861728749816834e-01
3.245514673346122691e-04 8.653240431318631742e-01 1.745467269216947892e-01 1.360416246655210201e-02 5.379316410095669188e-01
3.245514673346122691e-04 8.652360825728241389e-01 1.746479693796277322e-01 1.360416246655210201e-02 5.379286804227992880e-01
1.130548328836887507e-03 8.624121157795701098e-01 1.748414625215248541e-01 1.597591460644551542e-01 5.378187066362246638e-01
-3.236234449169725011e-04 8.598938749893135780e-01 1.753537155433157191e-01 2.206645199730981055e-01 5.377241320050866191e-01
1.427273304856178666e-04 8.570674110104726795e-01 1.763622292347780951e-01 3.016108939324492755e-01 5.376482597830457566e-01
-1.733925748198053573e-04 8.519774821230740036e-01 1.782867244306602372e-01 4.128394927988646157e-01 5.375209221748318278e-01
-4.447237202073896071e-04 8.438297525551884393e-01 1.819962752936666039e-01 5.730279289122006681e-01 5.373539704774329406e-01
-8.020251851709811345e-04 8.284519783659485270e-01 1.890031560892475315e-01 9.112984678631912416e-01 5.371204069490715938e-01
-2.299990804000107397e-03 7.942010653074664805e-01 2.038148294834839780e-01 1.379608503952958865e+00 5.368164661750292055e-01
6.415872878680240095e-03 8.888210041694324381e-01 1.931832748977750647e-01 -5.194155158615804124e-01 5.405957837234788288e-01
6.415872878680240095e-03 8.846552392158864020e-01 1.901818828592243549e-01 -5.194155158615804124e-01 5.400579652837376177e-01
6.415872878680240095e-03 8.808954695633185450e-01 1.871581345190397039e-01 -5.194155158615804124e-01 5.395950131534668071e-01
6.415872878680240095e-03 8.774849987672413976e-01 1.841116532301561859e-01 -5.194155158615804124e-01 5.391942869345059952e-01
6.415872878680240095e-03 8.743774118967421183e-01 1.810423183013512294e-01 -5.194155158615804124e-01 5.388456736417484016e-01
6.415872878680240095e-03 8.702010392286894103e-01 1.763947059007178464e-01 -5.194155158615804124e-01 5.384029453821926881e-01
3.876648067810958896e-04 8.643074311980226687e-01 1.728334263256194325e-01 -5.208999089516597875e-03 5.378540420288528967e-01
3.876648067810958896e-04 8.642197744561970207e-01 1.729329792073179273e-01 -5.208999089516597875e-03 5.378511914510686331e-01
1.232343025774145515e-03 8.611613754598420600e-01 1.731247898437694999e-01 1.221737069325752184e-01 5.377371910706331137e-01
-2.941894611476701649e-04 8.583735158092804518e-01 1.736436971717552069e-01 1.712086874325780828e-01 5.376366941005010780e-01
2.009151720208052303e-04 8.552317844593267937e-01 1.746784205361929243e-01 2.373281814175963456e-01 5.375562771756906555e-01
-1.554191736291087413e-04 8.494868397647263869e-01 1.766709994402487494e-01 3.327916195256782617e-01 5.374196414675768141e-01
-4.770780406928927151e-04 8.402118180684117199e-01 1.805428757273595253e-01 4.824372020696771068e-01 5.372417890443771382e-01
-8.727171376875357024e-04 8.222901186641129456e-01 1.878980459877631348e-01 8.215092000047727883e-01 5.369964705949256123e-01
-2.544022235017304179e-03 7.800105848257262720e-01 2.035165412656777806e-01 1.440539106057923791e+00 5.366826059853443409e-01
6.584781177918832065e-03 8.875584115865196022e-01 1.929494229689921736e-01 -5.412817447663375026e-01 5.403951423513557728e-01
6.584781177918832065e-03 8.833019898107694612e-01 1.897785476497967916e-01 -5.412817447663375026e-01 5.398824171907037339e-01
6.584781177918832065e-03 8.794479400360439847e-01 1.865827056586024102e-01 -5.412817447663375026e-01 5.394395435441911024e-01
6.584781177918832065e-03 8.759416338245916700e-01 1.833615039126448298e-01 -5.412817447663375026e-01 5.390550536328586606e-01
6.584781177918832065e-03 8.727381510086644756e-01 1.801147371769337702e-01 -5.412817447663375026e-01 5.387197045795000250e-01
6.584781177918832065e-03 8.684200017570146146e-01 1.751958456229932015e-01 -5.412817447663375026e-01 5.382926933158026506e-01
4.357943459500770523e-04 8.622065981160523807e-01 1.714262859036405906e-01 -2.181484770675367127e-02 5.377536441351330465e-01
4.357943459500770523e-04 8.621203883021153480e-01 1.715224022889244582e-01 -2.181484770675367127e-02 5.377509943045062357e-01
1.383279328032648850e-03 8.587821205590748797e-01 1.717089175112729016e-01 9.152930682865197121e-02 5.376352487507082278e-01
-2.197692621028345832e-04 8.556840076428733344e-01 1.722233111021677920e-01 1.289552784970224020e-01 5.375300292783280476e-01
3.252109404185552963e-04 8.521710583175661213e-01 1.732643573956035021e-01 1.807801614186243522e-01 5.374460588575790121e-01
-5.217182447583978565e-05 8.456158624513275823e-01 1.752844878685321517e-01 2.539380749623792455e-01 5.373010983256796269e-01
-4.004368692870560742e-04 8.348924574864585724e-01 1.792423243890963747e-01 3.776212195665525351e-01 5.371132655728684258e-01
-8.000662329068973207e-04 8.136258245458872773e-01 1.868079441151669629e-01 6.886652433463601453e-01 5.368583110905499334e-01
-2.665586210197597779e-03 7.606524507893155373e-01 2.029407240247934063e-01 1.377702082063698041e+00 5.365456187572286151e-01
6.593943785879367338e-03 8.861355157923440640e-01 1.928139391064499775e-01 -5.636140778993028455e-01 5.401897682076154394e-01
6.593943785879367338e-03 8.817813831260147284e-01 1.894634142091723705e-01 -5.636140778993028455e-01 5.397031068199831250e-01
6.593943785879367338e-03 8.778251064377098345e-01 1.860850256629326405e-01 -5.636140778993028455e-01 5.392811629180804811e-01
6.593943785879367338e-03 8.742144381903683703e-01 1.826782980671606549e-01 -5.636140778993028455e-01 5.389136363059826573e-01
6.593943785879367338e-03 8.709060764173041091e-01 1.792429909788318398e-01 -5.636140778993028455e-01 5.385921666469790647e-01
6.593943785879367338e-03 8.664320928615067974e-01 1.740354759024021480e-01 -5.636140778993028455e-01 5.381816115994811911e-01
4.262468277198315568e-04 8.599581163072238521e-01 1.700426478968055100e-01 -3.248790567731924678e-02 5.376591636005002561e-01
4.262468277198315568e-04 8.598702842463945561e-01 1.701387247690469284e-01 -3.248790567731924678e-02 5.376566153744021248e-01
1.473516271161180984e-03 8.563197289499276943e-01 1.703246013192312724e-01 7.167930680022167877e-02 5.375425653457408526e-01
-1.609384836018052582e-04 8.529679629151619702e-01 1.708335018960093765e-01 1.006155929461072934e-01 5.374346578968903776e-01
4.171612253211721879e-04 8.491380537451825861e-01 1.718673565001385406e-01 1.424448133396766236e-01 5.373490074929586635e-01
4.089914303419882693e-05 8.418343849414032798e-01 1.738707049473339206e-01 1.963257255130427259e-01 5.371975433629956331e-01
-3.037717793236956805e-04 8.296656128236548078e-01 1.777895609460522497e-01 2.905245808193109291e-01 5.369995782807652773e-01
-6.477884004569103068e-04 8.047988814788796796e-01 1.852364557826987335e-01 5.564957172520041961e-01 5.367304455989181378e-01
-2.476057187835385091e-03 7.402647569750514522e-01 2.008604241873429008e-01 1.155070591162586924e+00 5.364142936070390721e-01
6.150226446446552427e-03 8.853344107529805829e-01 1.927183563789520437e-01 -5.797156780832740663e-01 5.400564519410834263e-01
6.150226446446552427e-03 8.808979784722569262e-01 1.891919580344022522e-01 -5.797156780832740663e-01 5.395881714964937403e-01
6.150226446446552427e-03 8.768531240107597657e-01 1.856346837818938778e-01 -5.797156780832740663e-01 5.391806029847955317e-01
6.150226446446552427e-03 8.731500538111811593e-01 1.820459900292187572e-01 -5.797156780832740663e-01 5.388243973685185040e-01
6.150226446446552427e-03 8.697473353139371088e-01 1.784255961768518584e-01 -5.797156780832740663e-01 5.385119048575144340e-01
6.150226446446552427e-03 8.651308927585622532e-01 1.729344524100153158e-01 -5.797156780832740663e-01 5.381115687354831589e-01
2.704595753250067314e-04 8.586617720996467806e-01 1.687330924690774170e-01 -2.821333935023557365e-02 5.376154894709072041e-01
2.704595753250067314e-04 8.585439921580642064e-01 1.688601336081906046e-01 -2.821333935023557365e-02 5.376121778033206011e-01
1.366348046859522207e-03 8.550308557546794086e-01 1.690959053157907455e-01 7.315660545556956773e-02 5.375068247725881543e-01
-2.166637569595757453e-04 8.516485453094393421e-01 1.696713010903067587e-01 9.948558374599400511e-02 5.374022690638809996e-01
3.569512198867143510e-04 8.477321639777074536e-01 1.707846561207074232e-01 1.387986301672828604e-01 5.373193283956655408e-01
-1.644116641971987347e-05 8.402070437608957221e-01 1.729043801178270778e-01 1.877462049884513762e-01 5.371706411572872986e-01
-3.892641950224934940e-04 8.275011345035448995e-01 1.770109707563723989e-01 2.752640073509465823e-01 5.369747715591550730e-01
-8.341091158830717806e-04 8.012111266041538338e-01 1.847923691617700814e-01 5.338912186834957607e-01 5.367127911269679030e-01
-3.282006827150752912e-03 7.323198981053210543e-01 2.010833431048218989e-01 1.013658057480966379e+00 5.364189184954132328e-01
5.140508871493293559e-03 8.827981984658218595e-01 1.918613592641587595e-01 -6.046540776467772549e-01 5.397540814570532808e-01
5.140508871493293559e-03 8.782120608251257066e-01 1.881448666526683300e-01 -6.046540776467772549e-01 5.393214666716434902e-01
5.140508871493293559e-03 8.740147124855219829e-01 1.843941008347709520e-01 -6.046540776467772549e-01 5.389434165307577240e-01
5.140508871493293559e-03 8.701585693581139758e-01 1.806084585063872927e-01 -6.046540776467772549e-01 5.386118421614674023e-01
5.140508871493293559e-03 8.666038118666855583e-01 1.767875692859394443e-01 -6.046540776467772549e-01 5.383200682467170761e-01
5.140508871493293559e-03 8.617635674434609427e-01 1.709888856309790817e-01 -6.046540776467772549e-01 5.379450948124495646e-01
4.056734725081822157e-05 8.553438061756165611e-01 1.665641808191696271e-01 -1.406928588331579112e-02 5.375075734839036556e-01
4.056734725081822157e-05 8.551788747011160874e-01 1.667367489887209009e-01 -1.406928588331579112e-02 5.375032916360896751e-01
1.175198958456291024e-03 8.517696946766329935e-01 1.670443364401859032e-01 8.305513926841559535e-02 5.374143421416303079e-01
-2.423558165609543847e-04 8.483830586677383323e-01 1.677024305741539323e-01 1.055610989581286657e-01 5.373182768175538415e-01
3.025744514789911895e-04 8.444005843772643960e-01 1.688932749443497749e-01 1.420447447488315806e-01 5.372414320440246360e-01
-2.959396532506272301e-05 8.366713499114977193e-01 1.710954519580262789e-01 1.858816360202392159e-01 5.371003847578074142e-01
-3.878379286423094601e-04 8.233842701496087990e-01 1.752778762402787405e-01 2.663289182537656452e-01 5.369105807958788334e-01
-8.531082754638176545e-04 7.952794074507599786e-01 1.831154460462840472e-01 5.216894992544480747e-01 5.366558898921323095e-01
