5.142318200443261877e-02 7.342570007456814540e-01 2.491545365006359869e-01 1.184664921567455537e-01 5.329913641326335938e-01
5.237969006449526288e-02 7.367637757749022631e-01 2.545160412152083773e-01 1.142962624656763126e-01 5.330113698391509836e-01
5.283763992650373359e-02 7.379689268172411332e-01 2.573660545463882787e-01 1.115751558082677675e-01 5.330243050793604942e-01
5.306893820331029521e-02 7.390418518281337557e-01 2.591237451020064753e-01 1.099707044529543570e-01 5.330307786981034468e-01
5.317016512156508279e-02 7.399541217416860661e-01 2.600776460171001503e-01 1.088815826499737183e-01 5.330330265988795224e-01
5.319565401809123184e-02 7.399847893141042743e-01 2.605941813203737079e-01 1.086212335161576142e-01 5.330374536295984234e-01
5.322219392149488831e-02 7.401016745732961200e-01 2.609917592845776291e-01 1.084231488153651474e-01 5.330402937583467171e-01
5.324785189357870985e-02 7.403331034543161326e-01 2.612455719034161294e-01 1.082769048807017825e-01 5.330413810775546102e-01
5.327967060116985815e-02 7.406208587454997661e-01 2.614094706987191707e-01 1.081706970927913264e-01 5.330415514626826168e-01
5.327967060116985815e-02 7.404567289828866139e-01 2.615629655561807487e-01 1.081706970927913264e-01 5.330438992006666377e-01
5.332149075961908208e-02 7.407171379740274952e-01 2.617129225243595148e-01 1.080989296747462830e-01 5.330443102538405808e-01
5.332149075961908208e-02 7.405659851750031608e-01 2.618544459459487550e-01 1.080989296747462830e-01 5.330464678066997308e-01
5.337805860241180006e-02 7.407303464665216941e-01 2.620555274280021996e-01 1.080618739073259948e-01 5.330482201665156516e-01
5.343950949678721168e-02 7.407822613887120600e-01 2.623299748007887899e-01 1.080804491797702216e-01 5.330516947380248283e-01
5.357833881963074141e-02 7.410752604686757783e-01 2.626260880018607136e-01 1.083423339942179431e-01 5.330567132141640352e-01
5.372355801224624333e-02 7.411426487729552148e-01 2.630361850104424581e-01 1.090573746179581971e-01 5.330655405562761961e-01
5.463789686701624876e-02 7.413408935332670424e-01 2.634585361840061646e-01 1.129857720625067896e-01 5.330948078636235099e-01
5.604918394006250248e-02 7.411749659990314321e-01 2.635375971748898927e-01 1.178222698947825331e-01 5.331377664710367226e-01
5.764099125995047340e-02 7.403457160640070089e-01 2.625986475699370604e-01 1.258895861382373360e-01 5.332034219727725954e-01
5.142318200443261877e-02 7.289076227287288878e-01 2.387330674066070191e-01 1.184664921567455537e-01 5.330603982746420222e-01
5.237969006449526288e-02 7.314354526378218369e-01 2.439550524381357000e-01 1.142962624656763126e-01 5.330796792363248215e-01
5.283763992650373359e-02 7.326502262980251201e-01 2.467320045228568182e-01 1.115751558082677675e-01 5.330921770827203865e-01
5.306893820331029521e-02 7.337331346916046160e-01 2.484451797730683753e-01 1.099707044529543570e-01 5.330983925585875971e-01
5.317016512156508279e-02 7.346549800385716589e-01 2.493749438579083988e-01 1.088815826499737183e-01 5.331005015448240236e-01
5.319565401809123184e-02 7.346846915148224078e-01 2.498784079443971684e-01 1.086212335161576142e-01 5.331048111472290740e-01
5.322219392149488831e-02 7.348019590680102686e-01 2.502658817884628184e-01 1.084231488153651474e-01 5.331075673327357878e-01
5.324785189357870985e-02 7.350358916535424392e-01 2.505132836040113720e-01 1.082769048807017825e-01 5.331086044746641273e-01
5.327967060116985815e-02 7.353271226892353907e-01 2.506730398272347671e-01 1.081706970927913264e-01 5.331087430878639344e-01
5.327967060116985815e-02 7.351605360794589705e-01 2.508226493933877199e-01 1.081706970927913264e-01 5.331110449044648147e-01
5.332149075961908208e-02 7.354240413250996422e-01 2.509688192171011245e-01 1.080989296747462830e-01 5.331114201385445117e-01
5.332149075961908208e-02 7.352705815377649223e-01 2.511067871142721453e-01 1.080989296747462830e-01 5.331135359255645412e-01
5.337805860241180006e-02 7.354365857362609171e-01 2.513028357670474278e-01 1.080618739073259948e-01 5.331152270911839741e-01
5.343950949678721168e-02 7.354885769812311569e-01 2.515705029972925000e-01 1.080804491797702216e-01 5.331186066397846091e-01
5.357833881963074141e-02 7.357848551105482526e-01 2.518594006502371530e-01 1.083423339942179431e-01 5.331234651367884325e-01
5.372355801224624333e-02 7.358527156615157772e-01 2.522587280943441868e-01 1.090573746179581971e-01 5.331320432424663247e-01
5.463789686701624876e-02 7.360497088162724078e-01 2.526711697200627604e-01 1.129857720625067896e-01 5.331605218344019903e-01
5.604918394006250248e-02 7.358761784014514751e-01 2.527500932381429033e-01 1.178222698947825331e-01 5.332023767812374970e-01
5.764099125995047340e-02 7.350326480240928495e-01 2.518347696137562264e-01 1.258895861382373360e-01 5.332663492008229422e-01
5.142318200443261877e-02 7.233116856949556306e-01 2.280184247094677041e-01 1.184664921567455537e-01 5.331342058191003153e-01
5.237969006449526288e-02 7.258617032124143886e-01 2.330907249477804366e-01 1.142962624656763126e-01 5.331527192071778831e-01
5.283763992650373359e-02 7.270865998357388671e-01 2.357891544271619177e-01 1.115751558082677675e-01 5.331647534113365117e-01
5.306893820331029521e-02 7.281799543551422671e-01 2.374544863299525022e-01 1.099707044529543570e-01 5.331706968814950987e-01
5.317016512156508279e-02 7.291116927869280007e-01 2.383582787813079418e-01 1.088815826499737183e-01 5.331726614380227769e-01
5.319565401809123184e-02 7.291405208107146763e-01 2.388476577884391105e-01 1.086212335161576142e-01 5.331768462998446312e-01
5.322219392149488831e-02 7.292581767086169231e-01 2.392242559466939700e-01 1.084231488153651474e-01 5.331795130624844559e-01
5.324785189357870985e-02 7.294947095420792893e-01 2.394647560030498112e-01 1.082769048807017825e-01 5.331804978410791263e-01
5.327967060116985815e-02 7.297894916681113564e-01 2.396200689742399859e-01 1.081706970927913264e-01 5.331806039165436495e-01
5.327967060116985815e-02 7.296204242687454045e-01 2.397654953338657913e-01 1.081706970927913264e-01 5.331828557493211163e-01
5.332149075961908208e-02 7.298871113877283268e-01 2.399075704569467726e-01 1.080989296747462830e-01 5.331831947284806361e-01
5.332149075961908208e-02 7.297312877036807865e-01 2.400417093694448001e-01 1.080989296747462830e-01 5.331852647503163567e-01
5.337805860241180006e-02 7.298990160715084219e-01 2.402323374749720797e-01 1.080618739073259948e-01 5.331868917804376551e-01
5.343950949678721168e-02 7.299511439355129694e-01 2.404927168973749474e-01 1.080804491797702216e-01 5.331901699071897038e-01
5.357833881963074141e-02 7.302508113833192649e-01 2.407738215800733772e-01 1.083423339942179431e-01 5.331948598258279270e-01
5.372355801224624333e-02 7.303191314726061867e-01 2.411615720949162323e-01 1.090573746179581971e-01 5.332031733916285932e-01
5.463789686701624876e-02 7.305149721967973964e-01 2.415633245284262987e-01 1.129857720625067896e-01 5.332308144640874881e-01
5.604918394006250248e-02 7.303339369886399091e-01 2.416420673594214530e-01 1.178222698947825331e-01 5.332714943150260734e-01
5.764099125995047340e-02 7.294757948565294692e-01 2.407521964968444006e-01 1.258895861382373360e-01 5.333336776741738339e-01
5.142318200443261877e-02 7.174515436839278282e-01 2.169976681608282998e-01 1.184664921567455537e-01 5.332132952187382813e-01
5.237969006449526288e-02 7.200249514291496844e-01 2.219094116828822794e-01 1.142962624656763126e-01 5.332309939028283541e-01
5.283763992650373359e-02 7.212605620330091449e-01 2.245235052729045722e-01 1.115751558082677675e-01 5.332425354759262603e-01
5.306893820331029521e-02 7.223648433416197667e-01 2.261373585303995959e-01 1.099707044529543570e-01 5.332481927970067481e-01
5.317016512156508279e-02 7.233067888192372674e-01 2.270132126734160372e-01 1.088815826499737183e-01 5.332500071690958743e-01
5.319565401809123184e-02 7.233347763200108638e-01 2.274874540799420586e-01 1.086212335161576142e-01 5.332540581510053501e-01
5.322219392149488831e-02 7.234528864344539345e-01 2.278523492355687963e-01 1.084231488153651474e-01 5.332566297478350537e-01
5.324785189357870985e-02 7.236920853429854583e-01 2.280854037018208436e-01 1.082769048807017825e-01 5.332575600782615277e-01
5.327967060116985815e-02 7.239905521522507215e-01 2.282359339369680051e-01 1.081706970927913264e-01 5.332576333918034317e-01
5.327967060116985815e-02 7.238189265830916597e-01 2.283768575959829461e-01 1.081706970927913264e-01 5.332598304069396944e-01
5.332149075961908208e-02 7.240888981392173962e-01 2.285145425085922943e-01 1.080989296747462830e-01 5.332601320382422960e-01
5.332149075961908208e-02 7.239306535575606993e-01 2.286445418083077885e-01 1.080989296747462830e-01 5.332621520453167951e-01
5.337805860241180006e-02 7.241001721691799897e-01 2.288293507943948424e-01 1.080618739073259948e-01 5.332637112578053618e-01
5.343950949678721168e-02 7.241524915723788203e-01 2.290818635077211674e-01 1.080804491797702216e-01 5.332668816164944925e-01
5.357833881963074141e-02 7.244556787194312841e-01 2.293545727074406126e-01 1.083423339942179431e-01 5.332713931367268900e-01
5.372355801224624333e-02 7.245244506481625102e-01 2.297298632502148275e-01 1.090573746179581971e-01 5.332794261989592943e-01
5.463789686701624876e-02 7.247192929266563777e-01 2.301200897529929734e-01 1.129857720625067896e-01 5.333061761882345042e-01
5.604918394006250248e-02 7.245308978577619241e-01 2.301986050152968477e-01 1.178222698947825331e-01 5.333456027451756176e-01
5.764099125995047340e-02 7.236577745956513930e-01 2.293361468820308280e-01 1.258895861382373360e-01 5.334058806880017656e-01
5.142318200443261877e-02 7.113082366723794125e-01 2.056578749396326955e-01 1.184664921567455537e-01 5.332982431080960373e-01
5.237969006449526288e-02 7.139063407871749645e-01 2.103974516917142268e-01 1.142962624656763126e-01 5.333150751444367677e-01
5.283763992650373359e-02 7.151533010608280838e-01 2.129209206422637279e-01 1.115751558082677675e-01 5.333260929114719273e-01
5.306893820331029521e-02 7.162690297538147899e-01 2.144794470631941063e-01 1.099707044529543570e-01 5.333314473935035771e-01
5.317016512156508279e-02 7.172215566723042501e-01 2.153252513218720521e-01 1.088815826499737183e-01 5.333331064008537403e-01
5.319565401809123184e-02 7.172487081885823290e-01 2.157832072431641324e-01 1.086212335161576142e-01 5.333370130541785770e-01
5.322219392149488831e-02 7.173673490625396276e-01 2.161355108642400435e-01 1.084231488153651474e-01 5.333394834175140264e-01
5.324785189357870985e-02 7.176092814922433449e-01 2.163605710407469906e-01 1.082769048807017825e-01 5.333403566216090574e-01
5.327967060116985815e-02 7.179115077954558721e-01 2.165059359893197477e-01 1.081706970927913264e-01 5.333403967800814938e-01
5.327967060116985815e-02 7.177373091682751616e-01 2.166420315945480624e-01 1.081706970927913264e-01 5.333425338232884449e-01
5.332149075961908208e-02 7.180106289526951846e-01 2.167749912850008287e-01 1.080989296747462830e-01 5.333427970212233360e-01
5.332149075961908208e-02 7.178500150883870834e-01 2.169005526358653013e-01 1.080989296747462830e-01 5.333447627871494845e-01
5.337805860241180006e-02 7.180213299671486249e-01 2.170790610371937102e-01 1.080618739073259948e-01 5.333462503895937123e-01
5.343950949678721168e-02 7.180738940128607029e-01 2.173231203402231082e-01 1.080804491797702216e-01 5.333493049474042902e-01
5.357833881963074141e-02 7.183807638396854101e-01 2.175867865324359884e-01 1.083423339942179431e-01 5.333536279122184087e-01
5.372355801224624333e-02 7.184499552384226995e-01 2.179486860674125503e-01 1.090573746179581971e-01 5.333613625054107743e-01
5.463789686701624876e-02 7.186439821505485881e-01 2.183264692498836368e-01 1.129857720625067896e-01 5.333871630026425503e-01
5.604918394006250248e-02 7.184483882675215538e-01 2.184047058861800783e-01 1.178222698947825331e-01 5.334252491773054938e-01
5.764099125995047340e-02 7.175599727434670561e-01 2.175717669307417612e-01 1.258895861382373360e-01 5.334834939946102583e-01
5.142318200443261877e-02 7.015154103001897123e-01 1.880184720780134489e-01 1.184664921567455537e-01 5.334381383900200779e-01
5.237969006449526288e-02 7.041532560210859160e-01 1.924760741696827371e-01 1.142962624656763126e-01 5.334535616619249243e-01
5.283763992650373359e-02 7.054186043258373617e-01 1.948509229295483369e-01 1.115751558082677675e-01 5.334637265411767970e-01
5.306893820331029521e-02 7.065524850652359357e-01 1.963185760320763085e-01 1.099707044529543570e-01 5.334685928999051141e-01
5.317016512156508279e-02 7.075215616966935572e-01 1.971150020827425464e-01 1.088815826499737183e-01 5.334700074097216138e-01
5.319565401809123184e-02 7.075476346902095370e-01 1.975461804437431967e-01 1.086212335161576142e-01 5.334736771638928232e-01
5.322219392149488831e-02 7.076671455857710402e-01 1.978777758853649815e-01 1.084231488153651474e-01 5.334759820367960259e-01
5.324785189357870985e-02 7.079134029110865090e-01 1.980896914834980871e-01 1.082769048807017825e-01 5.334767647538438684e-01
5.327967060116985815e-02 7.080433434115208646e-01 1.983547091176733612e-01 1.081706970927913264e-01 5.334787907393503392e-01
5.332149075961908208e-02 7.081575358571303713e-01 1.985981314253079943e-01 1.080989296747462830e-01 5.334808685167500286e-01
5.337805860241180006e-02 7.083317480141190225e-01 1.987663222141023978e-01 1.080618739073259948e-01 5.334822411401276554e-01
5.343950949678721168e-02 7.083848071964283788e-01 1.989964422854891835e-01 1.080804491797702216e-01 5.334851064602754711e-01
5.357833881963074141e-02 7.086974335500698663e-01 1.992452228980081119e-01 1.083423339942179431e-01 5.334891245539753468e-01
5.372355801224624333e-02 7.087672619931918438e-01 1.995850745647790303e-01 1.090573746179581971e-01 5.334963747034409121e-01
5.463789686701624876e-02 7.089603988433633708e-01 1.999423918370496489e-01 1.129857720625067896e-01 5.335206260321070371e-01
5.604918394006250248e-02 7.087545311993712627e-01 2.000201050354741550e-01 1.178222698947825331e-01 5.335565189728757041e-01
5.764099125995047340e-02 7.078424539975290974e-01 1.992357426852912616e-01 1.258895861382373360e-01 5.336114441523488461e-01
4.044086990257483166e-02 6.660334741171995976e-01 1.713738230421409936e-01 5.631158609888553546e-01 5.356329147772013188e-01
3.980185926036218513e-02 6.700208096656317114e-01 1.755551173054295533e-01 5.632792409329457906e-01 5.356421624547674787e-01
3.945650434053997457e-02 6.719347808774651654e-01 1.777850651696472883e-01 5.631578998756552323e-01 5.356476151765273697e-01
3.917356342874109276e-02 6.735447431211817326e-01 1.791647082966568438e-01 5.631977719693147533e-01 5.356510816313979628e-01
3.896544793975948578e-02 6.748290560377725456e-01 1.799139130692020139e-01 5.633162644064316771e-01 5.356531797525674321e-01
3.890298474400756545e-02 6.749368721256101544e-01 1.803196671185605393e-01 5.633808034120288966e-01 5.356538931468838305e-01
3.884047576764289300e-02 6.751448466332977683e-01 1.806320137627070166e-01 5.634491974596301800e-01 5.356545806822978761e-01
3.878092651699713983e-02 6.754845700030522870e-01 1.808314317627031098e-01 5.634912062844982250e-01 5.356553281305497238e-01
3.872827619378527153e-02 6.756972990769691823e-01 1.810808288526741805e-01 5.635038398936706994e-01 5.356561982042086223e-01
3.868098099896077197e-02 6.758907123575691456e-01 1.813102165586284176e-01 5.635033716787047897e-01 5.356571566178129906e-01
3.863905235492828827e-02 6.761447271112007718e-01 1.814688844189746852e-01 5.635053548592708905e-01 5.356582374096278132e-01
3.859467434936156294e-02 6.762645981145868346e-01 1.816858158799202760e-01 5.635318350930386133e-01 5.356594774539642501e-01
3.849867508549664058e-02 6.767100289518147571e-01 1.819201920648265414e-01 5.636981539344589898e-01 5.356620597034529307e-01
3.833278750849018757e-02 6.768733742782204743e-01 1.822390471035929826e-01 5.638434548352214692e-01 5.356645200100831339e-01
3.740896650408703783e-02 6.774802935219877975e-01 1.825799302218784337e-01 5.631271160562855149e-01 5.356729990527125951e-01
3.611398940813777964e-02 6.778962460361688258e-01 1.826647080310711824e-01 5.605522674438218056e-01 5.356878105495558318e-01
3.427115632623083802e-02 6.776452285272328568e-01 1.819389975175599306e-01 5.565557791170304691e-01 5.357069897919316537e-01
4.044086990257483166e-02 6.762888476237421953e-01 1.647555955449809817e-01 5.631158609888553546e-01 5.356280967056615827e-01
3.980185926036218513e-02 6.801743302962610649e-01 1.688347103915714964e-01 5.632792409329457906e-01 5.356381459970002146e-01
3.945650434053997457e-02 6.820351070097445678e-01 1.710132572075258039e-01 5.631578998756552323e-01 5.356440395437118696e-01
3.917356342874109276e-02 6.836025814578803317e-01 1.723632130172153554e-01 5.631977719693147533e-01 5.356478229062100471e-01
3.896544793975948578e-02 6.848551966983916772e-01 1.730978557416816277e-01 5.633162644064316771e-01 5.356501428797434405e-01
3.890298474400756545e-02 6.849546845589267186e-01 1.734962357446620529e-01 5.633808034120288966e-01 5.356509009343235483e-01
3.884047576764289300e-02 6.851533818203445758e-01 1.738038802019519491e-01 5.634491974596301800e-01 5.356516419086542191e-01
3.878092651699713983e-02 6.854845403823724981e-01 1.739996854628393375e-01 5.634912062844982250e-01 5.356524584090081031e-01
3.872827619378527153e-02 6.856900387837996380e-01 1.742445472238028648e-01 5.635038398936706994e-01 5.356533919897571439e-01
3.868098099896077197e-02 6.858763521058459656e-01 1.744704812634691737e-01 5.635033716787047897e-01 5.356544172573811657e-01
3.863905235492828827e-02 6.861233444131663584e-01 1.746270229926319972e-01 5.635053548592708905e-01 5.356555775725568846e-01
3.859467434936156294e-02 6.862380922355516555e-01 1.748402239941336811e-01 5.635318350930386133e-01 5.356568925620944777e-01
3.849867508549664058e-02 6.866733242799845094e-01 1.750698527549514327e-01 5.636981539344589898e-01 5.356596503524816422e-01
3.833278750849018757e-02 6.868307138095159914e-01 1.753824522534281893e-01 5.638434548352214692e-01 5.356622532422982141e-01
3.740896650408703783e-02 6.874086106628998216e-01 1.757255250467641694e-01 5.631271160562855149e-01 5.356712350487743413e-01
3.611398940813777964e-02 6.877872463904693978e-01 1.758296119624566944e-01 5.605522674438218056e-01 5.356868664687555182e-01
3.427115632623083802e-02 6.875089872954625037e-01 1.751492649252806011e-01 5.565557791170304691e-01 5.357070356845857750e-01
2.179236241400411486e-02 6.671775093151697256e-01 1.542556622223459628e-01 9.554200747142431727e-01 5.357948498076784416e-01
2.113763099972069265e-02 6.716062105359760226e-01 1.581504979604868300e-01 9.428348586792955066e-01 5.358030795739442409e-01
2.078071901877706629e-02 6.737440144570329137e-01 1.602364925272752039e-01 9.361256294900942576e-01 5.358079639574189201e-01
2.053328389371410559e-02 6.755311084843070857e-01 1.615324643648227698e-01 9.323977096694294753e-01 5.358113632262635484e-01
2.036841430052471064e-02 6.769494901690341626e-01 1.622403419678961900e-01 9.308795793966460064e-01 5.358137747406602758e-01
2.032338409465615087e-02 6.770932125035060700e-01 1.626250676007865159e-01 9.307442646618153681e-01 5.358143481720728518e-01
2.027930420163179953e-02 6.773432327481533344e-01 1.629236454481524654e-01 9.308228440590013975e-01 5.358150262260596985e-01
2.023584699505320481e-02 6.777355093883224990e-01 1.631129716584421852e-01 9.310809276628011499e-01 5.358158060619733210e-01
2.019625614392488513e-02 6.780009317420264692e-01 1.633498349767350810e-01 9.314950991991828300e-01 5.358165725618366793e-01
2.016020853304196017e-02 6.782496155608802590e-01 1.635695118423592942e-01 9.321027252152318532e-01 5.358174331285304737e-01
2.012617392062434826e-02 6.785657266711339064e-01 1.637221748945837663e-01 9.330451915642710148e-01 5.358184686858703527e-01
2.009020446070124491e-02 6.787470734144831486e-01 1.639290330368713688e-01 9.345071463047838201e-01 5.358195653643005318e-01
2.001656210750177994e-02 6.793241889145261725e-01 1.641507950502682778e-01 9.390130949956778661e-01 5.358220076888857708e-01
1.993620875242161500e-02 6.796160704353341186e-01 1.644530913977288178e-01 9.456594250603589380e-01 5.358238434351761947e-01
1.986796208913019224e-02 6.803836248368887452e-01 1.647964955448174562e-01 9.666717249204573870e-01 5.358231670040165540e-01
1.971614232379238080e-02 6.812169093983960755e-01 1.649296135971761723e-01 9.999342163811730799e-01 5.358244152723927733e-01
1.953237460135921408e-02 6.816661736031652818e-01 1.643247298220946451e-01 1.058636987999146184e+00 5.358247074056666781e-01
1.370740026764696688e-02 6.847973626461822949e-01 1.432911876160062326e-01 4.559773994152830912e-01 5.360762555074510827e-01
1.340408327761674102e-02 6.890481536628759729e-01 1.468346703200971437e-01 4.468510164523583628e-01 5.360823487261813236e-01
1.321305275796086538e-02 6.911022831596080884e-01 1.487457374006395938e-01 4.416535448779075335e-01 5.360858669376925567e-01
1.307700314064576957e-02 6.928092192068593391e-01 1.499360138853307323e-01 4.387700368389748640e-01 5.360888856662321400e-01
1.298252168669310896e-02 6.941680441997051254e-01 1.505894182975952567e-01 4.371653938691120178e-01 5.360915727088968463e-01
1.295341521255212631e-02 6.943080275571685833e-01 1.509455901462289362e-01 4.367173193111938967e-01 5.360918318110237113e-01
1.292283047793716874e-02 6.945510049375146489e-01 1.512227393991001922e-01 4.362353540271345365e-01 5.360923560925751064e-01
1.289033811113370585e-02 6.949319520136935102e-01 1.513998845955514816e-01 4.356629134474122034e-01 5.360932280014046869e-01
1.285652299234326355e-02 6.951936364601288831e-01 1.516231052518126898e-01 4.349820924035239234e-01 5.360939764770016325e-01
1.282110324088589666e-02 6.954418165174326427e-01 1.518305792888592354e-01 4.341274208436923798e-01 5.360948086780663591e-01
1.278276361535550694e-02 6.957587033922602027e-01 1.519754702857078754e-01 4.330702525553977167e-01 5.360958869921875758e-01
1.273779625744366970e-02 6.959465748556979969e-01 1.521732953229744112e-01 4.318146331364634549e-01 5.360969285883586677e-01
1.263111785775295100e-02 6.965369491367772170e-01 1.523856546375701171e-01 4.286140636336834286e-01 5.360999172867301210e-01
1.251159158400751321e-02 6.968568814525704092e-01 1.526757916768826384e-01 4.248878325906324527e-01 5.361023610249885385e-01
1.230494439058373718e-02 6.976570662233773090e-01 1.529934592699442319e-01 4.175730682840780861e-01 5.361059864392990759e-01
1.196056292837746615e-02 6.985954458241345755e-01 1.531382350476371279e-01 4.063948177245205184e-01 5.361123824700781970e-01
1.141528002037956943e-02 6.993046928190199685e-01 1.526290462291855776e-01 3.887383153776494682e-01 5.361207944538762815e-01
4.015629072459567586e-03 7.041797386766752709e-01 1.386066746180547871e-01 1.564346964576385224e-01 5.362448477466146279e-01
3.991702056367990754e-03 7.062358591906179317e-01 1.403005205117054399e-01 1.534545477925018386e-01 5.362496271036959472e-01
3.963019768558929956e-03 7.079167370495467182e-01 1.413566712498580957e-01 1.517732752706837107e-01 5.362536143368797914e-01
3.928002968442649741e-03 7.092366727233727630e-01 1.419398499935635161e-01 1.506033937895303043e-01 5.362569852952242533e-01
3.914552473865142400e-03 7.093898874425770273e-01 1.422587865322910150e-01 1.502004267119527448e-01 5.362572186308042221e-01
3.899831106707586648e-03 7.096365911263443627e-01 1.425068722585536851e-01 1.497559516984247052e-01 5.362577502142134023e-01
3.884180138778479691e-03 7.100075343531777605e-01 1.426665819514993105e-01 1.492926865602121622e-01 5.362586839424148266e-01
3.866754857994488849e-03 7.102680141260693247e-01 1.428694897073276848e-01 1.487851809714045015e-01 5.362593668371247180e-01
3.847417573795933621e-03 7.105158666119947286e-01 1.430581104146272375e-01 1.481894316983278781e-01 5.362600473452234784e-01
3.825826491833160623e-03 7.108254378487675051e-01 1.431906734672601655e-01 1.475117145397209506e-01 5.362609042306279994e-01
3.800537434290873762e-03 7.110101492409446333e-01 1.433745505343663462e-01 1.467727774641417182e-01 5.362615061476688760e-01
3.741975833828046355e-03 7.115748528528885730e-01 1.435741028135594788e-01 1.450993866130728394e-01 5.362634547194180534e-01
3.681867186231185113e-03 7.118717038050388357e-01 1.438487674327967036e-01 1.434397050719046496e-01 5.362644292210838604e-01
3.584959579981231419e-03 7.125798832915564152e-01 1.441413556218287262e-01 1.421071277645385156e-01 5.362652424788697525e-01
3.439468699887177940e-03 7.133697541293931854e-01 1.442736796739499949e-01 1.409505579533970321e-01 5.362656337223029590e-01
-2.151130837645610818e-04 7.208291037380231137e-01 1.322020004500072954e-01 -2.546379185625314290e-01 5.363258927339734639e-01
-2.041134769580454488e-04 7.227087387900947846e-01 1.336654463462544629e-01 -2.434368189976869601e-01 5.363321435524914804e-01
-1.997212608900697549e-04 7.242349756419186324e-01 1.345833833623171494e-01 -2.366771105365613470e-01 5.363371425482769128e-01
-1.996350703380805566e-04 7.254349405053954758e-01 1.350918636554106766e-01 -2.327598252069630613e-01 5.363410904257746026e-01
-2.003519034225894843e-04 7.255841905201214637e-01 1.353710485591614610e-01 -2.316958330757793172e-01 5.363414069443160903e-01
-2.002400924047567188e-04 7.258151604979706795e-01 1.355892324466492493e-01 -2.307134699138862766e-01 5.363420088256538598e-01
-2.004132543107860329e-04 7.261573701660575253e-01 1.357306162984723563e-01 -2.297326895340736086e-01 5.363430772248918288e-01
-2.017054162331928448e-04 7.264035367606654914e-01 1.359103532342917087e-01 -2.288406403109031761e-01 5.363437873774493658e-01
-2.026066104165542760e-04 7.266406071270079536e-01 1.360782965919672405e-01 -2.281016932237826811e-01 5.363444444174410020e-01
-2.030799280378975586e-04 7.269351687077044710e-01 1.361966867455025321e-01 -2.274679356528035989e-01 5.363453227914006805e-01
-2.046825619031324790e-04 7.271185664368611246e-01 1.363613929289655136e-01 -2.268778360149718287e-01 5.363457974510237314e-01
-2.102433005648671703e-04 7.276646424141883784e-01 1.365418983171216849e-01 -2.260002914953860298e-01 5.363475329614668663e-01
-2.165145171415617045e-04 7.279621345946666322e-01 1.367963159326194555e-01 -2.252325537246241127e-01 5.363483141525661191e-01
-2.360077191178932903e-04 7.286269465463099948e-01 1.370809465946153383e-01 -2.229100683380028092e-01 5.363497087481711167e-01
-2.213423092185031480e-04 7.293072695179000364e-01 1.372165242702156340e-01 -2.197346083442950071e-01 5.363491917200938763e-01
-7.600741287310551269e-04 7.424486802342575853e-01 1.281499095452652559e-01 -6.672064235108261521e-01 5.363837216688169818e-01
-7.609147073902228003e-04 7.437171047174248040e-01 1.289476014142663385e-01 -7.371962365020869878e-01 5.363895753206862071e-01
-7.587897922739409535e-04 7.447330161774615709e-01 1.293919408136002258e-01 -7.903622256654225797e-01 5.363941414164883348e-01
-7.584145700025878879e-04 7.448569463390534162e-01 1.296373055567678900e-01 -8.081789957968557037e-01 5.363946231508842644e-01
-7.578210530238832380e-04 7.450526924367452120e-01 1.298302517154223679e-01 -8.259788316585350287e-01 5.363953982053774050e-01
-7.570364801809786317e-04 7.453477415532169248e-01 1.299556258078330417e-01 -8.435696981830324015e-01 5.363966619918921763e-01
-7.562052928550457975e-04 7.455607025478951932e-01 1.301154198829567177e-01 -8.609136806060142533e-01 5.363975322902357901e-01
-7.555811959893660818e-04 7.457681869485691672e-01 1.302658099077194376e-01 -8.781799264207723610e-01 5.363983365973982176e-01
-7.546446207658022128e-04 7.460303614457324262e-01 1.303723065512365775e-01 -8.952698506684195756e-01 5.363993992118114562e-01
-7.533307064850753828e-04 7.461960956559878788e-01 1.305206385688423842e-01 -9.119528052625951453e-01 5.363999997355204385e-01
-7.519396148056447333e-04 7.466938544171274339e-01 1.306845250433796291e-01 -9.446455103975613943e-01 5.364020085949536831e-01
-7.505694474544808868e-04 7.469712956465172082e-01 1.309207537812738242e-01 -9.693356905759641373e-01 5.364028881607424415e-01
-7.499311610025910469e-04 7.475836818631850234e-01 1.312053395706767600e-01 -9.281830645037678629e-01 5.364048404060439701e-01
