4.327292676926316160e-03 8.613472611246112409e-01 2.024520729579387945e-01 2.025247133324465931e+00 5.383217417536488858e-01
4.327292676926316160e-03 8.569607398595786574e-01 1.965047861924383854e-01 2.025247133324465931e+00 5.380716591657261905e-01
4.327292676926316160e-03 8.527522674713468032e-01 1.904682309936805151e-01 2.025247133324465931e+00 5.378419477855830300e-01
4.327292676926316160e-03 8.487110633011203387e-01 1.843401886667528078e-01 2.025247133324465931e+00 5.376311722386143410e-01
4.327292676926316160e-03 8.448274922561147537e-01 1.781187601241494001e-01 2.025247133324465931e+00 5.374380189357200743e-01
4.327292676926316160e-03 8.392779025922798564e-01 1.686065053541158654e-01 2.025247133324465931e+00 5.371786746530188283e-01
1.770387542944148627e-03 8.363942672251041266e-01 1.632108836782878991e-01 2.869193410216955842e-01 5.369270494750295608e-01
1.770387542944148627e-03 8.359998124149741194e-01 1.636341444431793912e-01 2.869193410216955842e-01 5.369194957392480205e-01
2.402543594633340870e-03 8.343705764007206538e-01 1.643450235940209225e-01 -3.680357614055531634e-01 5.368688650582817967e-01
1.786494884469302068e-03 8.326077064514345594e-01 1.655275627688068962e-01 -7.542159085979514010e-01 5.368088622746222116e-01
2.034192212443534757e-03 8.301480563381360422e-01 1.671922215469122952e-01 -1.112090458701204820e+00 5.367602891892826467e-01
2.028111036800415556e-03 8.258412291121564053e-01 1.701494876813835766e-01 -3.129698938099559680e+00 5.366772477141508180e-01
2.265110122893319086e-03 8.185983207812709272e-01 1.752302456300016686e-01 -4.698541122064862741e+00 5.365774527690970741e-01
2.483396254923191625e-03 8.050454523391110673e-01 1.841809178609569164e-01 -2.861117714543483626e+00 5.364905886692953318e-01
-1.557297391540698051e-04 7.725400664125426919e-01 2.021408129009933108e-01 -1.579717837201835673e+00 5.365313012382718627e-01
4.327292676926316160e-03 8.857778643169282873e-01 2.192480969951366154e-01 2.025247133324465931e+00 5.391087337333799745e-01
4.327292676926316160e-03 8.812783969685418217e-01 2.138324696554329274e-01 2.025247133324465931e+00 5.387558370472815827e-01
4.327292676926316160e-03 8.770401576191548809e-01 2.083412785508021170e-01 2.025247133324465931e+00 5.384385191461549258e-01
4.327292676926316160e-03 8.730408965213434236e-01 2.027727460954912853e-01 2.025247133324465931e+00 5.381530907713951706e-01
4.327292676926316160e-03 8.692610974172708671e-01 1.971254143231966349e-01 2.025247133324465931e+00 5.378963096398057253e-01
4.327292676926316160e-03 8.639647432347665745e-01 1.885026847724452781e-01 2.025247133324465931e+00 5.375586292893889118e-01
1.770387542944148627e-03 8.614854733245714824e-01 1.837512700207143135e-01 2.869193410216955842e-01 5.372443102613942978e-01
1.770387542944148627e-03 8.610630196349176035e-01 1.842480693988133300e-01 2.869193410216955842e-01 5.372333015610539775e-01
2.402543594633340870e-03 8.595051109516816945e-01 1.850767617267897736e-01 -3.680357614055531634e-01 5.371696650211175150e-01
1.786494884469302068e-03 8.577080750227518147e-01 1.864097553103052918e-01 -7.542159085979514010e-01 5.370942600344685847e-01
2.034192212443534757e-03 8.554584233447999342e-01 1.882398093664409133e-01 -1.112090458701204820e+00 5.370322427559374168e-01
2.028111036800415556e-03 8.514540105503871636e-01 1.914994491054601011e-01 -3.129698938099559680e+00 5.369262440187442254e-01
2.265110122893319086e-03 8.448039927209467503e-01 1.970737632055465371e-01 -4.698541122064862741e+00 5.367963410680040015e-01
2.483396254923191625e-03 8.322816325562748530e-01 2.068998833621709665e-01 -2.861117714543483626e+00 5.366717094468068661e-01
-1.557297391540698051e-04 8.020815133026842902e-01 2.265715032469880208e-01 -1.579717837201835673e+00 5.366747983382031961e-01
3.406464029608013196e-03 8.895937502493614923e-01 2.133846398827387580e-01 1.944942541157298921e+00 5.396433147963758392e-01
3.406464029608013196e-03 8.851121591268351629e-01 2.087465109665042617e-01 1.944942541157298921e+00 5.392249736264468352e-01
3.406464029608013196e-03 8.809516120853163601e-01 2.040534356847880926e-01 1.944942541157298921e+00 5.388543973856819713e-01
3.406464029608013196e-03 8.770786944770080362e-01 1.993042638947351841e-01 1.944942541157298921e+00 5.385255072433362544e-01
3.406464029608013196e-03 8.734646663344004525e-01 1.944981726016656032e-01 1.944942541157298921e+00 5.382331333071447288e-01
3.406464029608013196e-03 8.684748553008735383e-01 1.871797860744937314e-01 1.944942541157298921e+00 5.378534729004678105e-01
9.517901032516521212e-04 8.642739468811251324e-01 1.814001141199063916e-01 4.645978361143973112e-01 5.375264979780183250e-01
9.517901032516521212e-04 8.638342256554984999e-01 1.819181176662410804e-01 4.645978361143973112e-01 5.375135425443932080e-01
1.803106148977509432e-03 8.622596949541460054e-01 1.827649700889339979e-01 2.818851720507372094e-01 5.374671020230910035e-01
9.396521959853787725e-04 8.605531711716319920e-01 1.840047935164610404e-01 5.096560181647613597e-01 5.374018543637698597e-01
1.410217028680151854e-03 8.583022082040540068e-01 1.858303528979466379e-01 4.153943401982813644e-01 5.373493445353400011e-01
1.278593175813183417e-03 8.544072497105483777e-01 1.889529625239076693e-01 2.998461652249802878e+00 5.372574082419787622e-01
1.244730681811022886e-03 8.478637558211520320e-01 1.943483039021982051e-01 2.072540556378489551e+00 5.371381728930050281e-01
1.015103742006442239e-03 8.352555577799123387e-01 2.038945775300171903e-01 -2.472157263470807845e-02 5.370113233085682669e-01
-2.270765073420083491e-03 8.035308986248205221e-01 2.231964074202156534e-01 -3.882389736636384647e-01 5.368954242874763860e-01
2.969131532161399436e-03 8.904486273504932381e-01 2.040290227898541309e-01 1.747610730470811058e+00 5.399612998144254217e-01
2.969131532161399436e-03 8.860557694775467175e-01 2.002349485167931875e-01 1.747610730470811058e+00 5.394836074276643245e-01
2.969131532161399436e-03 8.820419383694252380e-01 1.964046065293115761e-01 1.747610730470811058e+00 5.390683172565106096e-01
2.969131532161399436e-03 8.783599679744181765e-01 1.925373319884981227e-01 1.747610730470811058e+00 5.387059281033420577e-01
2.969131532161399436e-03 8.749704648992286948e-01 1.886327222639510581e-01 1.747610730470811058e+00 5.383886371505182122e-01
2.969131532161399436e-03 8.703624715049146365e-01 1.827044172752193274e-01 1.747610730470811058e+00 5.379833759819884209e-01
7.072918443169304726e-04 8.663145376121875740e-01 1.781284225617652539e-01 3.487376628021661706e-01 5.376419844134300297e-01
7.072918443169304726e-04 8.658591489679652309e-01 1.786614310535897254e-01 3.487376628021661706e-01 5.376277242553451075e-01
1.369968740176819195e-03 8.642816952059352298e-01 1.795170146613078721e-01 1.095830125076757422e-01 5.375803416411356617e-01
5.756412722319345860e-04 8.626457849754400886e-01 1.806554992812802740e-01 1.585909357881354065e-01 5.375196019457687546e-01
1.038404278987071659e-03 8.603923545467483391e-01 1.824710932946816688e-01 3.386232392786311940e-02 5.374671189810403815e-01
8.914729001442034569e-04 8.565809025946633515e-01 1.854461427215874092e-01 -4.686733273535038241e-02 5.373785463658901085e-01
6.845522499793789406e-04 8.500866276933470855e-01 1.906491833271448111e-01 -2.800454173154875992e-01 5.372595901410842645e-01
1.955301866357237145e-04 8.372526669345621286e-01 1.998909721221847902e-01 -3.371397745590573036e-01 5.371256573454489258e-01
-3.556048320129670624e-03 8.036691323801393727e-01 2.187719774803601747e-01 -4.575652342689234264e-01 5.369630892202428285e-01
2.969131532161399436e-03 8.912802948895929278e-01 1.982100703076349613e-01 1.747610730470811058e+00 5.401400845911579207e-01
2.969131532161399436e-03 8.869978148146828723e-01 1.949271195135424684e-01 1.747610730470811058e+00 5.396267410117409069e-01
2.969131532161399436e-03 8.831194593031037599e-01 1.916172309814648256e-01 1.747610730470811058e+00 5.391852091211399856e-01
2.969131532161399436e-03 8.795904851732204710e-01 1.882799663278427738e-01 1.747610730470811058e+00 5.388035806526478844e-01
2.969131532161399436e-03 8.763658224981977218e-01 1.849150811786348381e-01 1.747610730470811058e+00 5.384722690093851627e-01
2.969131532161399436e-03 8.720184039579441659e-01 1.798150646427038313e-01 1.747610730470811058e+00 5.380529390689122726e-01
7.072918443169304726e-04 8.682029406209168521e-01 1.758802075491983363e-01 3.487376628021661706e-01 5.377033099340793321e-01
7.072918443169304726e-04 8.677631867666308896e-01 1.763963148604359432e-01 3.487376628021661706e-01 5.376888881938550746e-01
1.369968740176819195e-03 8.662239205709618695e-01 1.772204103666729647e-01 1.095830125076757422e-01 5.376404748831770108e-01
5.756412722319345860e-04 8.646527875315261902e-01 1.782896426348054564e-01 1.585909357881354065e-01 5.375792715982906644e-01
1.038404278987071659e-03 8.624057515369794036e-01 1.801115775885212822e-01 3.386232392786311940e-02 5.375241064151996540e-01
8.914729001442034569e-04 8.586710173504565891e-01 1.830253809543922194e-01 -4.686733273535038241e-02 5.374329750074399170e-01
6.845522499793789406e-04 8.522570355379464058e-01 1.881864331958908454e-01 -2.800454173154875992e-01 5.373090716730812844e-01
1.955301866357237145e-04 8.395634671217884204e-01 1.973682712065743527e-01 -3.371397745590573036e-01 5.371679847798543905e-01
-3.556048320129670624e-03 8.062394855870518295e-01 2.162044245788388996e-01 -4.575652342689234264e-01 5.369937087777095774e-01
2.703406013928360413e-03 8.919246978093123834e-01 1.917913395717462666e-01 1.592547413457997552e+00 5.404192773052808318e-01
2.703406013928360413e-03 8.877629843681403843e-01 1.890356292792772508e-01 1.592547413457997552e+00 5.398614245787570765e-01
2.703406013928360413e-03 8.840296733348678160e-01 1.862611108462655651e-01 1.592547413457997552e+00 5.393866743581001710e-01
2.703406013928360413e-03 8.806617475802069883e-01 1.834675037428404598e-01 1.592547413457997552e+00 5.389801122576151071e-01
2.703406013928360413e-03 8.776081785538966118e-01 1.806546884476288861e-01 1.592547413457997552e+00 5.386299734919032245e-01
2.703406013928360413e-03 8.735271161755876479e-01 1.763989010279141123e-01 1.592547413457997552e+00 5.381904934042665012e-01
4.582334235005977108e-04 8.698148839682532385e-01 1.731904611022949680e-01 2.833337561659604042e-01 5.378244197218075007e-01
4.582334235005977108e-04 8.693990066926609028e-01 1.736789819158323089e-01 2.833337561659604042e-01 5.378099624669337997e-01
9.474060092265413268e-04 8.678846319586533964e-01 1.744566863253255162e-01 2.510636684208177039e-02 5.377604794843504621e-01
2.876401261518473002e-04 8.663379004959369523e-01 1.754531969816227055e-01 -2.362560105288560863e-02 5.377025120725673624e-01
6.103470074233417969e-04 8.640793283948993153e-01 1.772636546664525803e-01 -1.384901135034136144e-01 5.376442920779623824e-01
4.665673119976408646e-04 8.602932532073032101e-01 1.801472902797809639e-01 -5.231366912163715188e-01 5.375513252141693732e-01
1.729761368121144043e-04 8.536838643539063076e-01 1.853217362145233305e-01 -6.072537910113213755e-01 5.374189995975003908e-01
-4.422998255783730276e-04 8.403202589638607556e-01 1.945415551781441155e-01 -4.612098534720286969e-01 5.372493173526962096e-01
-4.293887076345597950e-03 8.043468043837015413e-01 2.134649491223978013e-01 -4.957538155471258867e-01 5.370056079753324774e-01
2.520046131455315995e-03 8.927560555218344573e-01 1.879337937142633586e-01 1.477359036258221403e+00 5.406278170440986797e-01
2.520046131455315995e-03 8.886890381526920679e-01 1.853910659283277418e-01 1.477359036258221403e+00 5.400441160431365129e-01
2.520046131455315995e-03 8.850520874614014044e-01 1.828324132212461872e-01 1.477359036258221403e+00 5.395488981564997566e-01
2.520046131455315995e-03 8.817803220832319822e-01 1.802575877338976895e-01 1.477359036258221403e+00 5.391259068555458445e-01
2.520046131455315995e-03 8.788214508919793833e-01 1.776665242080024409e-01 1.477359036258221403e+00 5.387624042101081256e-01
2.520046131455315995e-03 8.748780992937905676e-01 1.737490357080050674e-01 1.477359036258221403e+00 5.383071103418990422e-01
2.046838426733667326e-04 8.711928740816422545e-01 1.708467578987135360e-01 2.415671277113338178e-01 5.379270857407942863e-01
2.046838426733667326e-04 8.707939010012567538e-01 1.713159073589178572e-01 2.415671277113338178e-01 5.379125238241028173e-01
6.341002715978363066e-04 8.692666955214800595e-01 1.720670731186325908e-01 -2.413725003259259080e-02 5.378622495890253985e-01
2.788344449730312819e-05 8.676835149625157229e-01 1.730627900258986107e-01 -1.343295382269749094e-01 5.378046854764385598e-01
2.394085353461753850e-04 8.654031248163924772e-01 1.748589897625514034e-01 -2.361913161730921085e-01 5.377441582188982050e-01
7.288996349324422639e-05 8.614753831993080535e-01 1.777843765343459503e-01 -6.938776264175297026e-01 5.376481939714694569e-01
-2.653415686288494572e-04 8.545502111285334657e-01 1.830418629716939471e-01 -7.346949571323131423e-01 5.375064523914423464e-01
-9.986966866300779708e-04 8.402878723407751771e-01 1.924277900827560672e-01 -5.240733000904141958e-01 5.373054050432545248e-01
-4.877617312629765715e-03 8.012134733683102805e-01 2.117115666904701987e-01 -5.172115186578392088e-01 5.370011612727020323e-01
2.265633755350094942e-03 8.928473197736905842e-01 1.861764510447016241e-01 1.316963342611962240e+00 5.407365477114632890e-01
2.265633755350094942e-03 8.887945307570581654e-01 1.836700824626468775e-01 1.316963342611962240e+00 5.401443570908790459e-01
2.265633755350094942e-03 8.851713734033381797e-01 1.811482867831078203e-01 1.316963342611962240e+00 5.396417504252054576e-01
2.265633755350094942e-03 8.819128903791203511e-01 1.786108033194087896e-01 1.316963342611962240e+00 5.392122601625155554e-01
2.265633755350094942e-03 8.789667492550091721e-01 1.760575938983963140e-01 1.316963342611962240e+00 5.388429914066539261e-01
2.265633755350094942e-03 8.750413904386183939e-01 1.721978439258974036e-01 1.316963342611962240e+00 5.383801581522895674e-01
-1.467486826369075975e-04 8.712183594974098888e-01 1.693885620419381399e-01 1.995400658154864171e-01 5.379910934414633417e-01
-1.467486826369075975e-04 8.708108005165163812e-01 1.698641159755542862e-01 1.995400658154864171e-01 5.379759829304414653e-01
2.775240343546991201e-04 8.691540906368420139e-01 1.706319484472726966e-01 -6.986500503641776549e-02 5.379240669858867951e-01
-3.533421890878240992e-04 8.674008341637743369e-01 1.716952996897505024e-01 -2.508701428895906971e-01 5.378640744185982925e-01
-2.007963607402173947e-04 8.649826834083036431e-01 1.735015439571042095e-01 -3.404131127551828229e-01 5.378012380415941873e-01
-4.452453395068886230e-04 8.606929935279936661e-01 1.764980712579472533e-01 -8.179414414668404465e-01 5.376982680904576206e-01
-8.181562672278555170e-04 8.530539148689166851e-01 1.818407828139105842e-01 -8.546984842263645188e-01 5.375390729988474003e-01
-1.695428831427890637e-03 8.368523313301865496e-01 1.914071797862340052e-01 -5.970962100036997233e-01 5.372940453197979638e-01
-5.658161344959927903e-03 7.912166088636439776e-01 2.112103457088607139e-01 -5.415398884577554695e-01 5.369269264626396199e-01
2.110937910469744098e-03 8.923854101500322544e-01 1.859017757081437017e-01 1.189863566767967340e+00 5.407380705032917012e-01
2.110937910469744098e-03 8.883184996901504205e-01 1.833357081395563248e-01 1.189863566767967340e+00 5.401516940553506840e-01
2.110937910469744098e-03 8.846775989830762965e-01 1.807534420416011811e-01 1.189863566767967340e+00 5.396529579867593851e-01
2.110937910469744098e-03 8.813990040740895537e-01 1.781547645743839781e-01 1.189863566767967340e+00 5.392259505176614232e-01
2.110937910469744098e-03 8.784312966483848184e-01 1.755395781367850294e-01 1.189863566767967340e+00 5.388581655358265499e-01
2.110937910469744098e-03 8.744722091715512180e-01 1.715854122470281129e-01 1.189863566767967340e+00 5.383962818667340500e-01
-3.464088572882698678e-04 8.704702825228669560e-01 1.687287887178751111e-01 1.843277703888099028e-01 5.380030832532314289e-01
-3.464088572882698678e-04 8.700554996763012472e-01 1.692074485165623865e-01 1.843277703888099028e-01 5.379878535861815081e-01
6.550428576353501558e-05 8.682390821221372956e-01 1.699971674956924916e-01 -8.117261513045322119e-02 5.379326123494042600e-01
-5.822542725584838519e-04 8.662067068965639827e-01 1.712123664016013125e-01 -2.753929115559973217e-01 5.378643455401422857e-01
-4.407046397637243520e-04 8.636045442027351360e-01 1.730361504328192801e-01 -3.959978486830829092e-01 5.377966570332489704e-01
-7.236146951205125024e-04 8.587867421650842159e-01 1.761960448539703628e-01 -8.711522574319567891e-01 5.376780772153465504e-01
-1.118021752581980100e-03 8.501873289765373709e-01 1.817626636674405660e-01 -9.183793876480320639e-01 5.374951998824060162e-01
-2.085949213874141624e-03 8.316079795949955500e-01 1.917679652916123578e-01 -6.388532257220155275e-01 5.372269274539982487e-01
-6.121194027063528442e-03 7.787221904768385494e-01 2.123173850046186639e-01 -5.480661959679367090e-01 5.368252329044044258e-01
1.965925162511694083e-03 8.888571401564672181e-01 1.868756067858014236e-01 9.789846668053231449e-01 5.404667554625001147e-01
1.965925162511694083e-03 8.847072685097030487e-01 1.843252015799980159e-01 9.789846668053231449e-01 5.399162364240424061e-01
1.965925162511694083e-03 8.809938057813389012e-01 1.817587860597202620e-01 9.789846668053231449e-01 5.394480095022449184e-01
1.965925162511694083e-03 8.776512703275808347e-01 1.791761305576466679e-01 9.789846668053231449e-01 5.390470931861702786e-01
1.965925162511694083e-03 8.746268095649692986e-01 1.765771593708379827e-01 9.789846668053231449e-01 5.387017276579219027e-01
1.965925162511694083e-03 8.705936898806942992e-01 1.726476563149675070e-01 9.789846668053231449e-01 5.382678700669375482e-01
-5.169942566428712381e-04 8.662109598441409819e-01 1.698220660344769983e-01 1.374522573280962667e-01 5.378805499301237969e-01
-5.169942566428712381e-04 8.658068651541851457e-01 1.702771181412930934e-01 1.374522573280962667e-01 5.378670479876279664e-01
-1.082450057111063158e-04 8.636578268304124784e-01 1.710459170733949208e-01 -1.127393092498248511e-01 5.378041772252962760e-01
-7.897363011556181051e-04 8.611591902544633026e-01 1.723703897778026684e-01 -2.503747734968579941e-01 5.377243909157706225e-01
-6.220888135700625805e-04 8.579789105247003222e-01 1.743755536367681547e-01 -4.750000807346088649e-01 5.376474562075114205e-01
-9.237298918712033872e-04 8.521222864226307703e-01 1.776869722081731995e-01 -8.853204131535494792e-01 5.375171348646332614e-01
-1.379403645642541566e-03 8.414871756549957560e-01 1.836150076852606783e-01 -9.639820154707023914e-01 5.373247679980086566e-01
-2.507700615679981683e-03 8.180327075794862068e-01 1.941425520756051293e-01 -6.710845850244683275e-01 5.370415211524459664e-01
-6.713805136324247670e-03 7.510079723018064923e-01 2.151846464829177408e-01 -5.304110245771683774e-01 5.366372462763815410e-01
2.026514389004461982e-03 8.819543072496017766e-01 1.880363746124974200e-01 8.413934275183581057e-01 5.399624945842095292e-01
2.026514389004461982e-03 8.776645529610843655e-01 1.857019146391707121e-01 8.413934275183581057e-01 5.394684339148969610e-01
2.026514389004461982e-03 8.738440000285588871e-01 1.833540409690042339e-01 8.413934275183581057e-01 5.390503768753418523e-01
2.026514389004461982e-03 8.704195558610910988e-01 1.809925400483576863e-01 8.413934275183581057e-01 5.386939887238110236e-01
2.026514389004461982e-03 8.673327398253365406e-01 1.786173910702646694e-01 8.413934275183581057e-01 5.383881345520347139e-01
2.026514389004461982e-03 8.632337743043277944e-01 1.750286751891811654e-01 8.413934275183581057e-01 5.380053868580096932e-01
-5.633740646844558747e-04 8.583690149137944703e-01 1.724851213033341824e-01 5.631064171500078236e-02 5.376499181443015196e-01
-5.633740646844558747e-04 8.579128803444677764e-01 1.729791835117860666e-01 5.631064171500078236e-02 5.376371394978111118e-01
-1.522771870363531267e-04 8.552333790685130444e-01 1.738046748522074636e-01 -2.061132481844644426e-01 5.375737967349918378e-01
-8.553321458923700054e-04 8.521925590056158573e-01 1.751539875863649676e-01 -2.517089520200104791e-01 5.374933521972209416e-01
-7.152394139157538860e-04 8.483702202222829225e-01 1.772123027857831212e-01 -5.414130818772133757e-01 5.374194904740381418e-01
-1.044065242372424268e-03 8.410310395384670290e-01 1.807443100425286386e-01 -9.295484768067210357e-01 5.372867011295184847e-01
-1.535039436821955755e-03 8.277287603128324900e-01 1.869105594966917749e-01 -9.231417310934394438e-01 5.370943974317540226e-01
-2.735020811407236872e-03 7.979709501347576062e-01 1.976663290486253832e-01 -6.617451621983106991e-01 5.368179095046636817e-01
-7.222660212748558892e-03 7.140867880291189573e-01 2.184465027241461188e-01 -4.851517940375655868e-01 5.364580016428126541e-01
2.321918649424286989e-03 8.682018789766050570e-01 1.882084135973411121e-01 6.742979042365522258e-01 5.392027190381016855e-01
2.321918649424286989e-03 8.637318144072329007e-01 1.864312444842068928e-01 6.742979042365522258e-01 5.387944597865836904e-01
2.321918649424286989e-03 8.597928781628536576e-01 1.846463158606046762e-01 6.742979042365522258e-01 5.384529156435409192e-01
2.321918649424286989e-03 8.562956046313100478e-01 1.828535087799363634e-01 6.742979042365522258e-01 5.381645527935754458e-01
2.321918649424286989e-03 8.531697537928287778e-01 1.810528197637143455e-01 6.742979042365522258e-01 5.379190896642925823e-01
2.321918649424286989e-03 8.490573909495364724e-01 1.783368419535616700e-01 6.742979042365522258e-01 5.376144405327831777e-01
-6.469497111932563747e-04 8.434661068323580091e-01 1.764506012277901326e-01 -6.321308452548936307e-02 5.373082594612306195e-01
-6.469497111932563747e-04 8.430180261583989365e-01 1.769055060650087663e-01 -6.321308452548936307e-02 5.372990117217999462e-01
-1.592617153331566738e-04 8.394849325825862740e-01 1.776863818085660240e-01 -3.315031132595618879e-01 5.372362500780841765e-01
-9.071666517660815837e-04 8.353783603944825442e-01 1.791169764737683689e-01 -3.323467428184000982e-01 5.371571278757107937e-01
-7.787383687989344900e-04 8.304623292456013717e-01 1.812065436135587571e-01 -6.504026589067751773e-01 5.370904060205703434e-01
-1.141360445812451309e-03 8.207684249794335862e-01 1.847631433449333782e-01 -9.089707819077639250e-01 5.369655824223559248e-01
-1.677798829251150696e-03 8.031020037383554966e-01 1.909076429986507062e-01 -8.635108606612970084e-01 5.367914109930496114e-01
-2.962531626571126165e-03 7.631118217259547087e-01 2.013853681502104365e-01 -5.975496962878380502e-01 5.365524958108234266e-01
-7.736754537570775421e-03 6.568847396723881404e-01 2.206208491548362072e-01 -3.921909567318051515e-01 5.362752746337198229e-01
3.052725241332637091e-03 8.448422740689375265e-01 1.909459076398589139e-01 5.251438094112081956e-01 5.382556223397149120e-01
3.052725241332637091e-03 8.397777226945686291e-01 1.893163713163547590e-01 5.251438094112081956e-01 5.379659008919959184e-01
3.052725241332637091e-03 8.353359559394993861e-01 1.876802863712104807e-01 5.251438094112081956e-01 5.377242812873315181e-01
3.052725241332637091e-03 8.314086195178326255e-01 1.860375457622119033e-01 5.251438094112081956e-01 5.375207827978086828e-01
3.052725241332637091e-03 8.279113726989695277e-01 1.843881862367673097e-01 5.251438094112081956e-01 5.373478835603934245e-01
3.052725241332637091e-03 8.233289230538471948e-01 1.819015415775873390e-01 5.251438094112081956e-01 5.371336433630236051e-01
-8.620990531482794657e-04 8.160033702743594297e-01 1.801663044780046630e-01 -3.143759903549459001e-01 5.368806124000946589e-01
-8.620990531482794657e-04 8.155419576400031456e-01 1.805867681054577900e-01 -3.143759903549459001e-01 5.368748240988803211e-01
1.195468842032663708e-05 8.101513535227893303e-01 1.813033403085590467e-01 -4.474004415395771983e-01 5.368148939136384579e-01
-8.477871361252228757e-04 8.043100022145338590e-01 1.825860655366458030e-01 -6.252989160983065675e-01 5.367524665652003701e-01
-9.757602579675870658e-04 7.977243373433331453e-01 1.845733566658118996e-01 -7.094352708293428789e-01 5.367019872129572544e-01
-1.106709822931990122e-03 7.835380194311581947e-01 1.878921916977527584e-01 -1.271099500504768942e+00 5.365918982626701750e-01
-1.891271090847945410e-03 7.583601508348305487e-01 1.935329186078367514e-01 -6.958133699334488886e-01 5.364567392272515667e-01
-3.226901352897556998e-03 7.013364560252772772e-01 2.028773175768433523e-01 -4.395840874231515261e-01 5.362881337879281674e-01
-7.562095098529487101e-03 5.819295374129491716e-01 2.189638371458381416e-01 -2.609795951340536657e-01 5.361119938858078804e-01
4.590367217185826326e-03 8.068194023884512900e-01 1.936149288255244183e-01 7.317781759999605340e-01 5.373673729696406554e-01
4.590367217185826326e-03 8.007164162645100669e-01 1.917100798497183289e-01 7.317781759999605340e-01 5.371933320099492315e-01
4.590367217185826326e-03 7.953538132099546853e-01 1.897962389247086212e-01 7.317781759999605340e-01 5.370471574493482780e-01
4.590367217185826326e-03 7.906044070385257472e-01 1.878732846437114468e-01 7.317781759999605340e-01 5.369232516658252186e-01
4.590367217185826326e-03 7.863688253037264264e-01 1.859412192618918602e-01 7.317781759999605340e-01 5.368173565004901171e-01
4.590367217185826326e-03 7.808100334558332190e-01 1.830257791724319294e-01 7.317781759999605340e-01 5.366852729975569725e-01
-8.460527072088021771e-04 7.700053395303161352e-01 1.809189840438729935e-01 -1.237565919166947886e-01 5.364818415187001532e-01
-8.460527072088021771e-04 7.695563257163005044e-01 1.812667625689664830e-01 -1.237565919166947886e-01 5.364790487980803935e-01
2.944848437249076700e-04 7.611674315977444705e-01 1.818649296102912982e-01 -4.292575223650403338e-01 5.364361081564884559e-01
-1.102447848050038719e-03 7.525189961415399420e-01 1.829738035808072538e-01 -6.135433692348200019e-01 5.363889355025578398e-01
-1.252130305729416346e-03 7.425978873151808379e-01 1.846671534190834907e-01 -1.104255893673648625e+00 5.363491988094172269e-01
-1.205923319119753647e-03 7.206714933144721114e-01 1.875084557284416031e-01 -6.852714526242658089e-01 5.362790886669620560e-01
-2.045078504199932326e-03 6.822557739322744341e-01 1.922921215167802123e-01 -4.235504656615931007e-01 5.361907585002103627e-01
-3.890563452501518988e-03 6.041611539424467381e-01 2.000457142991586279e-01 -2.708030881131278100e-01 5.360989078716947853e-01
-4.288933954704515945e-03 5.433033327902827558e-01 2.132361866835564834e-01 -1.371661290656646104e-01 5.360243300927156618e-01
1.060812510644364333e-02 7.183822536426842653e-01 1.979543742072483181e-01 8.189940068000232110e-01 5.366000412308642442e-01
1.060812510644364333e-02 7.099401891021556166e-01 1.951654543307868583e-01 8.189940068000232110e-01 5.365281176669010055e-01
1.060812510644364333e-02 7.024660411351321132e-01 1.923571186455965421e-01 8.189940068000232110e-01 5.364660908887208812e-01
1.060812510644364333e-02 6.958021801189234745e-01 1.895290681060191884e-01 8.189940068000232110e-01 5.364122221157187065e-01
1.060812510644364333e-02 6.898237853087845206e-01 1.866811906401469601e-01 8.189940068000232110e-01 5.363651415852546123e-01
1.060812510644364333e-02 6.819264008536958244e-01 1.823715957364792362e-01 8.189940068000232110e-01 5.363049099447692036e-01
-7.135898475579017250e-04 6.619148827689196324e-01 1.791587470247611724e-01 -1.302586153172985983e-01 5.361341857287362789e-01
-7.135898475579017250e-04 6.614433967624926414e-01 1.794464168983866958e-01 -1.302586153172985983e-01 5.361333072817705547e-01
4.776210698624815359e-04 6.445183369644856830e-01 1.799440649754789623e-01 -5.884665143828382572e-01 5.361045201325016496e-01
-1.522202358502234686e-03 6.268569559097911803e-01 1.808931411276170353e-01 -1.026525565047991195e+00 5.360695409336034833e-01
-1.726592198485936555e-03 6.069233375395457486e-01 1.824422357572667852e-01 -6.588125825052814077e-01 5.360534729820422006e-01
-2.651672037738048680e-03 5.648713720173607067e-01 1.850244862021349634e-01 -4.095291059372686004e-01 5.360256924070968543e-01
-4.333500636530603946e-03 4.978942592312044502e-01 1.893709090536471462e-01 -2.873968819322857415e-01 5.359957262772881981e-01
-4.330462850438766484e-03 4.624573585343729754e-01 1.962467790041493021e-01 -1.814277771245569326e-01 5.359888157755685612e-01
