1.721633155277356442e-02 8.366532396223398393e-01 3.083030793116980917e-01 -1.023425130351384160e+00 5.316199986719477577e-01
1.721633155277356442e-02 8.322994404325823048e-01 2.970646166549742451e-01 -1.023425130351384160e+00 5.317232418839444863e-01
1.721633155277356442e-02 8.278268606869773061e-01 2.854549098845421407e-01 -1.023425130351384160e+00 5.318337000274054871e-01
1.721633155277356442e-02 8.232305597493891902e-01 2.734552702767727439e-01 -1.023425130351384160e+00 5.319519797497277436e-01
1.721633155277356442e-02 8.185053055355274720e-01 2.610457332933967534e-01 -1.023425130351384160e+00 5.320787495028829195e-01
1.721633155277356442e-02 8.111635900446100278e-01 2.416156709151396631e-01 -1.023425130351384160e+00 5.322864614556384044e-01
2.811202045762174057e-02 7.931284897935537703e-01 2.267772133861363781e-01 -1.965986685884305141e+00 5.349421756246360848e-01
2.811202045762174057e-02 7.963907935691358908e-01 2.219113498984587318e-01 -1.965986685884305141e+00 5.349334082534316082e-01
4.483565921528893938e-02 7.743680944634578900e-01 2.141170610197906388e-01 -2.761501782620805923e+00 5.356033448042494260e-01
3.455798448302054016e-02 7.668711699883185018e-01 2.053098180752962743e-01 -1.587520700852824262e+00 5.366243572615582158e-01
1.621817688198125620e-02 7.681753343418341595e-01 2.030577285695233103e-01 -1.446842908931518012e+00 5.374198953040018045e-01
-1.570607289588076948e-03 7.776069015053874711e-01 2.049221967766529928e-01 -1.922730618418625914e+00 5.381967244221653734e-01
-5.796082618296646231e-04 7.885434855330457626e-01 2.038680888567964422e-01 -3.214454924876183561e+00 5.386072398636724268e-01
5.672976110272006517e-03 7.988679432275440639e-01 1.979212726454443738e-01 -4.718621790636140290e+00 5.388233774312569668e-01
9.993130207780455410e-03 8.135776084144490383e-01 1.860680395815325350e-01 -5.373165284181948387e+00 5.388404785176991174e-01
1.721633155277356442e-02 8.566322622396257414e-01 3.383037297519441711e-01 -1.023425130351384160e+00 5.313767619265743480e-01
1.721633155277356442e-02 8.525736623426471983e-01 3.269940207520155018e-01 -1.023425130351384160e+00 5.314773659758561530e-01
1.721633155277356442e-02 8.484108763479595305e-01 3.152909915694842580e-01 -1.023425130351384160e+00 5.315851773876119069e-01
1.721633155277356442e-02 8.441398394832658747e-01 3.031737329789267466e-01 -1.023425130351384160e+00 5.317007792352677065e-01
1.721633155277356442e-02 8.397562737002763900e-01 2.906198855348215981e-01 -1.023425130351384160e+00 5.318248088831695197e-01
1.721633155277356442e-02 8.329600096925772190e-01 2.709174322191508222e-01 -1.023425130351384160e+00 5.320282084039079651e-01
2.811202045762174057e-02 8.170726452273032736e-01 2.551737724937404028e-01 -1.965986685884305141e+00 5.349164322377292224e-01
2.811202045762174057e-02 8.217314556640780143e-01 2.491531582399849343e-01 -1.965986685884305141e+00 5.349096059141601467e-01
4.483565921528893938e-02 8.054579821107344939e-01 2.395427906922571182e-01 -2.761501782620805923e+00 5.356403528790395496e-01
3.455798448302054016e-02 8.026121148942672034e-01 2.293053603054205358e-01 -1.587520700852824262e+00 5.368012611141423918e-01
1.621817688198125620e-02 8.021365355040398493e-01 2.278733099463444711e-01 -1.446842908931518012e+00 5.376851406749949547e-01
-1.570607289588076948e-03 8.068610608006674401e-01 2.311068847888502198e-01 -1.922730618418625914e+00 5.385190417954021092e-01
-5.796082618296646231e-04 8.144502842207089754e-01 2.305414730594244066e-01 -3.214454924876183561e+00 5.389525713424464515e-01
5.672976110272006517e-03 8.245575449504065624e-01 2.236396286117779131e-01 -4.718621790636140290e+00 5.392168135710537769e-01
9.993130207780455410e-03 8.375948000022084283e-01 2.106048720225299764e-01 -5.373165284181948387e+00 5.392557832221461789e-01
4.563738041298626320e-03 8.598952521806808580e-01 3.415280222075715022e-01 -4.787256968663281542e-01 5.308983009434532496e-01
4.563738041298626320e-03 8.559826666267091877e-01 3.300917640613217907e-01 -4.787256968663281542e-01 5.310103856840042713e-01
4.563738041298626320e-03 8.519578393280610173e-01 3.182512376608891413e-01 -4.787256968663281542e-01 5.311302972209707152e-01
4.563738041298626320e-03 8.478158471744009494e-01 3.059846351865614378e-01 -4.787256968663281542e-01 5.312586923516924298e-01
4.563738041298626320e-03 8.435515104662605346e-01 2.932685079564192887e-01 -4.787256968663281542e-01 5.313962969644377976e-01
4.563738041298626320e-03 8.369134958891945031e-01 2.732959060831244846e-01 -4.787256968663281542e-01 5.316217439919376231e-01
2.696057418343970197e-02 8.093458170204815838e-01 2.545638171743626055e-01 -1.281121685218647333e+00 5.350163111416940120e-01
2.696057418343970197e-02 8.145545820648021351e-01 2.481779698989806382e-01 -1.281121685218647333e+00 5.350098687701542177e-01
4.256423890416855677e-02 7.913484671517009295e-01 2.381523170924678967e-01 -1.399078892095442228e+00 5.358027437351347011e-01
1.921559972802772825e-02 7.917276377669001386e-01 2.289715111943370351e-01 -5.019945088772930220e-01 5.369811266101808256e-01
-2.021549777093548182e-04 7.933892458074015552e-01 2.291535522275330861e-01 -2.638421712948091358e-01 5.375670342231954058e-01
-1.058970769419558672e-02 7.982332973505994467e-01 2.325443932545691317e-01 -2.586102661174659034e-01 5.379481535500849620e-01
-7.103962786871444862e-03 8.053080450105521981e-01 2.314326471923453810e-01 -7.062705861682355701e-01 5.381402212279218222e-01
-7.268977091227349276e-04 8.180200019953477453e-01 2.238175329668881108e-01 -1.496586376070673685e+00 5.382963134569572761e-01
1.517679108118172478e-03 8.342908249864594561e-01 2.101895592297809701e-01 -1.799125937212416648e+00 5.384254069544542887e-01
1.624439254203441374e-02 8.562177772757444405e-01 3.408970994906505014e-01 -3.859588108679504193e-01 5.307482918690213936e-01
1.624439254203441374e-02 8.523350166746171963e-01 3.293210553414646635e-01 -3.859588108679504193e-01 5.308649210035967236e-01
1.624439254203441374e-02 8.483273321986031235e-01 3.173310867981626315e-01 -3.859588108679504193e-01 5.309895526696422063e-01
1.624439254203441374e-02 8.441885725547881858e-01 3.049046168076457453e-01 -3.859588108679504193e-01 5.311228918122300469e-01
1.624439254203441374e-02 8.399122126476868955e-01 2.920173814053130257e-01 -3.859588108679504193e-01 5.312657220891467968e-01
1.624439254203441374e-02 8.332242842314216968e-01 2.717648931411857371e-01 -3.859588108679504193e-01 5.314996973180113882e-01
5.166480822195382294e-02 7.940786452817574226e-01 2.527086182123220448e-01 -1.079986597966283268e+00 5.353082565371514168e-01
5.166480822195382294e-02 7.999434962607077093e-01 2.460217008164974350e-01 -1.079986597966283268e+00 5.353084623575093959e-01
5.681620704339204742e-02 7.734532893257168862e-01 2.356933973875380561e-01 -9.995944947079907772e-01 5.361487259105379710e-01
1.514367547311865937e-02 7.803617497655110924e-01 2.277525099681498577e-01 -3.310284903287512570e-01 5.372435765058269919e-01
-4.597900297329026234e-03 7.829693884604727039e-01 2.294950017826661304e-01 -1.225977158500808628e-01 5.375714989086000095e-01
-1.117313398392859140e-02 7.867250274523472919e-01 2.329017535069093370e-01 -1.039630916039958365e-02 5.376772269027294548e-01
-5.896145571572479656e-03 7.947988560011474135e-01 2.311736386076417293e-01 -1.905024710577170599e-01 5.377334207858492920e-01
6.647941590501698630e-04 8.109252494596427274e-01 2.228637823170155352e-01 -7.029993050713173597e-01 5.378382098766810726e-01
4.619834249146666585e-03 8.302503404579529844e-01 2.086790860902938971e-01 -1.004537279711208431e+00 5.379899103595109366e-01
1.624439254203441374e-02 8.566597252659927664e-01 3.405026236467203482e-01 -3.859588108679504193e-01 5.307376234968784745e-01
1.624439254203441374e-02 8.528872164390334243e-01 3.287966309983855195e-01 -3.859588108679504193e-01 5.308511635301573772e-01
1.624439254203441374e-02 8.489805512858437098e-01 3.166675828243352142e-01 -3.859588108679504193e-01 5.309728010296154155e-01
1.624439254203441374e-02 8.449324182256267024e-01 3.040921090956564266e-01 -3.859588108679504193e-01 5.311032957806461896e-01
1.624439254203441374e-02 8.407350175086564237e-01 2.910451008087574509e-01 -3.859588108679504193e-01 5.312434969525878792e-01
1.624439254203441374e-02 8.341404336365501049e-01 2.705307748649457555e-01 -3.859588108679504193e-01 5.314741115540912997e-01
5.166480822195382294e-02 7.952415498885314626e-01 2.512397765457519139e-01 -1.079986597966283268e+00 5.353081380277090462e-01
5.166480822195382294e-02 8.012407000649096611e-01 2.445167606755274670e-01 -1.079986597966283268e+00 5.353087926988910894e-01
5.681620704339204742e-02 7.750609051246085679e-01 2.343238630128279543e-01 -9.995944947079907772e-01 5.361554067768080634e-01
1.514367547311865937e-02 7.800031598933353516e-01 2.280891668062868249e-01 -3.310284903287512570e-01 5.372394904236151847e-01
-4.597900297329026234e-03 7.817440093094391029e-01 2.306603858083294822e-01 -1.225977158500808628e-01 5.375548974114132683e-01
-1.117313398392859140e-02 7.862027388583494592e-01 2.334125683660014106e-01 -1.039630916039958365e-02 5.376695916569484979e-01
-5.896145571572479656e-03 7.950794374660656860e-01 2.308890284394119752e-01 -1.905024710577170599e-01 5.377378917298875072e-01
6.647941590501698630e-04 8.117704076677126901e-01 2.219788642541980495e-01 -7.029993050713173597e-01 5.378539651128538823e-01
4.619834249146666585e-03 8.314595185153280665e-01 2.073615798744650185e-01 -1.004537279711208431e+00 5.380179746271183117e-01
2.421276062721001293e-02 8.526463580509379137e-01 3.399233766401750789e-01 -3.174212315962414155e-01 5.306813273128131447e-01
2.421276062721001293e-02 8.489463198813981260e-01 3.280156963761332034e-01 -3.174212315962414155e-01 5.307945516708624245e-01
2.421276062721001293e-02 8.450962695301826866e-01 3.156704979286577561e-01 -3.174212315962414155e-01 5.309159932861019504e-01
2.421276062721001293e-02 8.410868822032396830e-01 3.028632167346878012e-01 -3.174212315962414155e-01 5.310464758573600896e-01
2.421276062721001293e-02 8.369080849868808514e-01 2.895673995592761285e-01 -3.174212315962414155e-01 5.311869294430530131e-01
2.421276062721001293e-02 8.302979614874926861e-01 2.686447812371031696e-01 -3.174212315962414155e-01 5.314186457257966678e-01
6.885420285609626656e-02 7.805829812143399993e-01 2.490239894811669408e-01 -9.313766524946512915e-01 5.354955127178101515e-01
6.885420285609626656e-02 7.870998305389378391e-01 2.423512373278032539e-01 -9.313766524946512915e-01 5.355001409967682369e-01
5.733551689254386130e-02 7.588160306557829582e-01 2.325319309563006198e-01 -7.214783157390548540e-01 5.363090218736361603e-01
6.768055829132997754e-03 7.659056575273041068e-01 2.289964941675875498e-01 -2.455985505522581269e-01 5.372712568702674441e-01
-1.000239839317270708e-02 7.673956164073071351e-01 2.324493129979992856e-01 -5.422459397997236863e-02 5.374190313508929728e-01
-1.451495944101219467e-02 7.728413225513971474e-01 2.342044075084551980e-01 1.137044847234365830e-01 5.374175363175444087e-01
-9.663571342483868662e-03 7.852407861643273534e-01 2.305872024793712283e-01 1.065268603355140620e-01 5.374382844901103295e-01
-3.111554908965374639e-03 8.060999295714511570e-01 2.208183750464873529e-01 -1.374331146992790187e-01 5.375280014029167885e-01
8.602742634844299499e-05 8.289012100695911656e-01 2.056148092176423026e-01 -3.749783310712121454e-01 5.377085908616099363e-01
2.648874687627359586e-02 8.487165549161911349e-01 3.390694795852361998e-01 -2.526724601694100847e-01 5.305414179514599260e-01
2.648874687627359586e-02 8.451792219573374121e-01 3.268457937860368978e-01 -2.526724601694100847e-01 5.306532601778761737e-01
2.648874687627359586e-02 8.414705268518944958e-01 3.141614149059369643e-01 -2.526724601694100847e-01 5.307736368875181077e-01
2.648874687627359586e-02 8.375777238671584524e-01 3.009898411085665249e-01 -2.526724601694100847e-01 5.309034896521678260e-01
2.648874687627359586e-02 8.334867257930285156e-01 2.873024241811399926e-01 -2.526724601694100847e-01 5.310438984348457847e-01
2.648874687627359586e-02 8.269442235759311144e-01 2.657358515923995412e-01 -2.526724601694100847e-01 5.312770727841783502e-01
8.752954868844463332e-02 7.649601441833858706e-01 2.456927412122220933e-01 -8.171531322838746503e-01 5.355670536478795984e-01
8.752954868844463332e-02 7.719446369359664883e-01 2.393512943561079132e-01 -8.171531322838746503e-01 5.355712572606722288e-01
5.784592704273371078e-02 7.412184288005518873e-01 2.304766603020283189e-01 -5.362609099718169681e-01 5.364057124562503498e-01
2.923010446383391596e-04 7.480659125346240668e-01 2.310419263257482148e-01 -1.884388196577412855e-01 5.372594939702791672e-01
-1.392205090751993772e-02 7.496727847426641889e-01 2.349396786428732398e-01 -1.114681912083295701e-02 5.372841631700017162e-01
-1.629749167792531733e-02 7.579414705102202054e-01 2.353810385776523018e-01 1.735152164167257649e-01 5.372344745623912621e-01
-9.974604982336625000e-03 7.752800055373915145e-01 2.304141291669153935e-01 2.757284640601830317e-01 5.372461274198341297e-01
-2.275863135676379784e-03 8.008827389889296988e-01 2.195069931371159688e-01 2.563379375999615406e-01 5.373251769972169356e-01
1.274315330641681175e-03 8.268591743015294426e-01 2.035710774095604858e-01 1.509424020732567651e-01 5.375182049584581456e-01
1.668994143431340796e-02 8.401004859403732317e-01 3.380007693509999300e-01 -1.221793697442191545e-01 5.303368848108008793e-01
1.668994143431340796e-02 8.366719853290377484e-01 3.254076613629413584e-01 -1.221793697442191545e-01 5.304490294634206515e-01
1.668994143431340796e-02 8.330467909248679970e-01 3.123261353197568924e-01 -1.221793697442191545e-01 5.305701580844084386e-01
1.668994143431340796e-02 8.292074769287200997e-01 2.987272289999070018e-01 -1.221793697442191545e-01 5.307013534151870937e-01
1.668994143431340796e-02 8.251344637875505095e-01 2.845796292423246054e-01 -1.221793697442191545e-01 5.308438752605030286e-01
1.668994143431340796e-02 8.185378741945074088e-01 2.622545193533378782e-01 -1.221793697442191545e-01 5.310821860654544313e-01
1.204724451115073841e-01 7.275339048906565020e-01 2.418707707466492551e-01 -6.432375012418781735e-01 5.356232820537630834e-01
1.204724451115073841e-01 7.350376485461129761e-01 2.362270054021671506e-01 -6.432375012418781735e-01 5.356239173700516609e-01
5.569843702218608278e-02 6.962704746175663040e-01 2.288615426454926050e-01 -3.148750113948858842e-01 5.365083570896977960e-01
-1.133302677393652896e-02 7.043547063379647089e-01 2.337761947561829978e-01 -1.022084510717296280e-01 5.371893369078756253e-01
-2.036339337657624288e-02 7.071695660617063339e-01 2.372961033474994819e-01 4.973900691200668772e-02 5.370442372024663014e-01
-2.250925264327304290e-02 7.249693214783616835e-01 2.368193558490918338e-01 2.054212464508196612e-01 5.369792716802389565e-01
-1.191854254225259944e-02 7.543613930814361268e-01 2.305442817675093237e-01 3.961845863829674963e-01 5.369746194280655693e-01
-4.076740191424019569e-03 7.900252190347401005e-01 2.184904459181830627e-01 6.778118709037304068e-01 5.370378963755417789e-01
-4.569992768201420379e-04 8.219455458032403072e-01 2.017922253445180447e-01 8.750186285040395529e-01 5.372454962635049291e-01
-3.293768775982357233e-03 8.320640226412947538e-01 3.361409711199437877e-01 -9.353966484850343918e-03 5.302476202102186509e-01
-3.293768775982357233e-03 8.287024533088559464e-01 3.232140165465829940e-01 -9.353966484850343918e-03 5.303563152565309302e-01
-3.293768775982357233e-03 8.251207709175572003e-01 3.097736254377136400e-01 -9.353966484850343918e-03 5.304742579756129839e-01
-3.293768775982357233e-03 8.212965759491430706e-01 2.957885887768299527e-01 -9.353966484850343918e-03 5.306026551770567368e-01
-3.293768775982357233e-03 8.172043745341588394e-01 2.812251158700544984e-01 -9.353966484850343918e-03 5.307429311449981535e-01
-3.293768775982357233e-03 8.104986015790995868e-01 2.582143382902405970e-01 -9.353966484850343918e-03 5.309794026756077256e-01
1.523756810365954617e-01 6.834527583265920248e-01 2.378769421495899039e-01 -5.211384881583565054e-01 5.356556352411451227e-01
1.523756810365954617e-01 6.901547458577592664e-01 2.336867347710086806e-01 -5.211384881583565054e-01 5.356539861794219481e-01
4.308150061639771933e-02 6.374477321743324820e-01 2.287709486084661681e-01 -1.910957354518416917e-01 5.365854171864083977e-01
-2.624544526688471838e-02 6.430975362254149896e-01 2.368213222031393395e-01 -3.806249327030575974e-02 5.370932497522455940e-01
-2.699976135057367485e-02 6.482623683500161604e-01 2.389224138410091514e-01 8.844466556316006589e-02 5.367774729642862397e-01
-2.841552673369343932e-02 6.841029668480764769e-01 2.389299493265193697e-01 1.990824579901130931e-01 5.367955021932826476e-01
-1.376665828080867598e-02 7.313815389174117554e-01 2.312193961269867482e-01 3.875565746564293979e-01 5.367907575323240810e-01
-4.574352713434911254e-03 7.794897717248225888e-01 2.176988541087589435e-01 8.410469953101371576e-01 5.368684377118058126e-01
-1.100038425961454491e-03 8.179433398847389958e-01 2.000220793352224802e-01 1.217890302612710363e+00 5.370979417549810453e-01
-6.435626585371947983e-02 8.144966466013715545e-01 3.325237151630723864e-01 1.457227606555517585e-01 5.303398372623752133e-01
-6.435626585371947983e-02 8.105687372151609837e-01 3.197771006268180227e-01 1.457227606555517585e-01 5.304566130808293645e-01
-6.435626585371947983e-02 8.064031986778171790e-01 3.065341707729418719e-01 1.457227606555517585e-01 5.305826224213662234e-01
-6.435626585371947983e-02 8.019778493093345784e-01 2.927653770417200096e-01 1.457227606555517585e-01 5.307189903717903778e-01
-6.435626585371947983e-02 7.972675731885116024e-01 2.784387323250959723e-01 1.457227606555517585e-01 5.308670290348143084e-01
-6.435626585371947983e-02 7.896047026175331274e-01 2.558263631683372896e-01 1.457227606555517585e-01 5.311144155994249605e-01
2.124807836374108527e-01 5.670162961403402146e-01 2.362605518556613049e-01 -3.781272881674315189e-01 5.355838198703802844e-01
2.124807836374108527e-01 5.726376682206384405e-01 2.330376744150497170e-01 -3.781272881674315189e-01 5.355780904884998028e-01
1.516865964336413727e-02 4.760700070171667297e-01 2.290861530992789330e-01 -1.124460412461723569e-01 5.365147951130476711e-01
-3.589642942865017144e-02 4.479663007750601111e-01 2.338825625755873161e-01 9.891243351287591981e-03 5.368314715631874456e-01
-6.419675898074261866e-02 4.675263367842793505e-01 2.388920175154463366e-01 1.324398529868311691e-01 5.362949773599867687e-01
-4.758118123270380084e-02 5.786582804989824913e-01 2.406506646079042411e-01 1.652727531716338960e-01 5.365096315530782922e-01
-1.824925355258178936e-02 6.788679409041777912e-01 2.322630444726461463e-01 3.176189195055347803e-01 5.365665283647257366e-01
-5.044250249863942159e-03 7.577514295021441360e-01 2.174424283989935813e-01 8.573669639815036936e-01 5.366584320706588862e-01
-1.408320722104764887e-03 8.093819708898730703e-01 1.987059124708318580e-01 1.376940062080292071e+00 5.369157966143803806e-01
-1.640184953311891181e-01 8.132487647635938677e-01 3.302885113832296216e-01 2.219034931238644259e-01 5.298255487507841366e-01
-1.640184953311891181e-01 8.090617230456528253e-01 3.177544379968554877e-01 2.219034931238644259e-01 5.299619283369763068e-01
-1.640184953311891181e-01 8.046423915322298281e-01 3.047422502017568258e-01 2.219034931238644259e-01 5.301083753885381666e-01
-1.640184953311891181e-01 7.999709131075912749e-01 2.912240594553998640e-01 2.219034931238644259e-01 5.302660329949470119e-01
-1.640184953311891181e-01 7.950250771851380405e-01 2.771697652113698229e-01 2.219034931238644259e-01 5.304362200147153539e-01
-1.640184953311891181e-01 7.870365539413241018e-01 2.550112293636888072e-01 2.219034931238644259e-01 5.307184132453414138e-01
1.215695508093305871e-01 5.248550480998953605e-01 2.359403822856439292e-01 -2.348151592588770264e-01 5.353616318225025150e-01
1.215695508093305871e-01 5.298826781136816155e-01 2.330003685969354588e-01 -2.348151592588770264e-01 5.353514753099015699e-01
3.251525435058270630e-01 2.627394161103652759e-01 2.297061020647677698e-01 -1.000035647802397926e-01 5.363079215000885469e-01
9.677754496184402810e-02 2.212117281393257140e-01 2.367285704555522619e-01 -2.614906035491955036e-02 5.364858332922599615e-01
-4.268537827192634970e-01 2.751757121423567543e-01 2.412235419131288916e-01 1.161471379877854759e-01 5.360007295395045057e-01
-1.327423635939822821e-01 4.030477707212753447e-01 2.424412580655567195e-01 1.396213384802283963e-01 5.362700086886932338e-01
-2.620319463965321838e-02 6.024524233618807623e-01 2.330174382995568449e-01 2.467980985281287010e-01 5.364146781871038661e-01
-5.733534180971836675e-03 7.311308166071517345e-01 2.178568449458730683e-01 7.653098093375978461e-01 5.365185420278795192e-01
-1.549720504505525554e-03 7.995035982995666313e-01 1.981233031366412545e-01 1.310870947665329522e+00 5.367873026202184539e-01
-2.597908173199709458e-01 8.035581258107341585e-01 3.276035142698730529e-01 2.187859313172142162e-01 5.297392026687761657e-01
-2.597908173199709458e-01 7.991079024224242433e-01 3.151027938485989055e-01 2.187859313172142162e-01 5.298808955925214947e-01
-2.597908173199709458e-01 7.944146828926854642e-01 3.021284733756474106e-01 2.187859313172142162e-01 5.300328631365011089e-01
-2.597908173199709458e-01 7.894580100532372358e-01 2.886530896318568185e-01 2.187859313172142162e-01 5.301962534168308538e-01
-2.597908173199709458e-01 7.842150869959371162e-01 2.746470754074895604e-01 2.187859313172142162e-01 5.303723908557091971e-01
-2.597908173199709458e-01 7.757572228304080442e-01 2.525724268397663286e-01 2.187859313172142162e-01 5.306639231050911398e-01
-6.341475472242272815e-01 5.059786345499746041e-01 2.335672684253527198e-01 -7.038049041831835329e-01 5.352552849015034253e-01
-6.341475472242272815e-01 5.109328053749646603e-01 2.305971953741841329e-01 -7.038049041831835329e-01 5.352427987608290305e-01
-3.292651725973510385e-02 4.910116879348435659e-01 2.276070347605922417e-01 -1.510740389475387357e-01 5.360090091019706904e-01
-6.188858737000707544e-02 5.067656217330767099e-01 2.377456905129315401e-01 2.620839024190509819e-02 5.360996865253125909e-01
-7.456884341099027924e-02 4.407381832510654518e-01 2.449743200283679423e-01 1.017246774865725178e-01 5.360905429999328620e-01
-4.283507499364521132e-01 2.819206151831484264e-01 2.435286844480782920e-01 1.150100012168843999e-01 5.360974620954751524e-01
-5.878107368690441842e-02 4.793765063614142674e-01 2.329673227807947111e-01 1.864477226227106155e-01 5.363527630355695575e-01
-7.149472852196388575e-03 6.941566922153304953e-01 2.177084187142261651e-01 6.319149347308261611e-01 5.364031987431204795e-01
-1.528776468532766107e-03 7.860178804793873653e-01 1.973652338242772031e-01 1.197813036227834527e+00 5.366506864421792811e-01
-2.574983722153497689e-01 8.082670389946834399e-01 3.259142770279103707e-01 2.115338600945632641e-01 5.292677804438813416e-01
-2.574983722153497689e-01 8.041574582818361572e-01 3.132390920305608839e-01 2.115338600945632641e-01 5.294124165480005306e-01
-2.574983722153497689e-01 7.997981447890694096e-01 3.000781101176854815e-01 2.115338600945632641e-01 5.295682395762065786e-01
-2.574983722153497689e-01 7.951656105562209254e-01 2.864028275652759081e-01 2.115338600945632641e-01 5.297365897690472503e-01
-2.574983722153497689e-01 7.902333618565180462e-01 2.721825125102916298e-01 2.115338600945632641e-01 5.299190273025423670e-01
-2.574983722153497689e-01 7.822061283856036606e-01 2.497566310324455807e-01 2.115338600945632641e-01 5.302231858414120369e-01
-3.645747559600136523e-01 4.892206909733728404e-01 2.302212665918114687e-01 -8.073854982131234426e-01 5.352022061418780785e-01
-3.645747559600136523e-01 4.953747954315355084e-01 2.266470538256601941e-01 -8.073854982131234426e-01 5.351853052189813331e-01
-8.618784442879019736e-02 3.629863274158398045e-01 2.228723773689701704e-01 -2.576476858820218041e-01 5.361099952086454401e-01
-5.758745339195073254e-02 4.438839497451982363e-01 2.335284753047845163e-01 -7.191899037220428337e-02 5.362146350364723757e-01
-4.037597475166377486e-02 4.297625244843779058e-01 2.403859936707478107e-01 7.061265836991473255e-02 5.360548180495658954e-01
-1.837312364470113368e-01 3.002590851875791556e-01 2.403871188202675591e-01 8.985886216180097308e-02 5.361002530783832709e-01
-1.120498950817705314e-01 3.627236696287033380e-01 2.293204513939979816e-01 1.385084376824406993e-01 5.362946080397013038e-01
-6.979352493368021215e-03 6.555944925072234586e-01 2.147936813754708629e-01 4.471419742913790851e-01 5.362813359412635927e-01
-1.325251877391858549e-03 7.721245360383890421e-01 1.955014120873715677e-01 1.119899159467923511e+00 5.365208100228912036e-01
-2.829988961647909584e-01 8.062095423737503097e-01 3.237512700594995518e-01 2.183291485499683771e-01 5.292672615756208732e-01
-2.829988961647909584e-01 8.020228251343906045e-01 3.111328335580612614e-01 2.183291485499683771e-01 5.294132462962108931e-01
-2.829988961647909584e-01 7.975844980708475251e-01 2.980345510256932617e-01 2.183291485499683771e-01 5.295704321856101737e-01
-2.829988961647909584e-01 7.928711769660325981e-01 2.844285061225419464e-01 2.183291485499683771e-01 5.297401500303224875e-01
-2.829988961647909584e-01 7.878564786430889422e-01 2.702845742066413703e-01 2.183291485499683771e-01 5.299239478255248770e-01
-2.829988961647909584e-01 7.797029578532653771e-01 2.479882966463722582e-01 2.183291485499683771e-01 5.302300954325607218e-01
-5.201773158710188971e-01 4.788235377631719913e-01 2.285863714123652912e-01 -6.019358161604212443e-01 5.352629957636308999e-01
-5.201773158710188971e-01 4.848719966587378694e-01 2.250447315029846240e-01 -6.019358161604212443e-01 5.352477561824565688e-01
-4.980066901634872673e-02 4.015005893584505103e-01 2.212407859023968471e-01 -2.176726218076117658e-01 5.361471868862772716e-01
-5.322817647671114483e-02 4.535868242094122094e-01 2.312653373890367070e-01 -5.370697984231306149e-02 5.362317084216693397e-01
-5.419167535370904287e-02 4.248423054956950162e-01 2.382251324465923525e-01 8.066405783894543824e-02 5.360832045292776016e-01
-2.411633100050244172e-01 2.962711287714778763e-01 2.393300091607980795e-01 9.565975892142061787e-02 5.361451113163173687e-01
-1.523954008598765730e-01 3.487152319841680947e-01 2.298908342974938790e-01 1.419850238712413726e-01 5.363336454422560351e-01
-9.436298515942720053e-03 6.424334901432584566e-01 2.154320199822725712e-01 4.074817887908770975e-01 5.363080726450574209e-01
-1.723335499291314557e-03 7.663922152251125830e-01 1.955040491918490775e-01 1.128983076071341740e+00 5.365130328752932831e-01
-2.902232434749286161e-01 8.066064261899161814e-01 3.204207521999847263e-01 2.154245403216412669e-01 5.291835925696725118e-01
-2.902232434749286161e-01 8.024181000388569407e-01 3.078774358166468383e-01 2.154245403216412669e-01 5.293319000272346253e-01
-2.902232434749286161e-01 7.979787897958386944e-01 2.948623619017766706e-01 2.154245403216412669e-01 5.294915558396211530e-01
-2.902232434749286161e-01 7.932652384143809021e-01 2.813484360448624821e-01 2.154245403216412669e-01 5.296639030897380973e-01
-2.902232434749286161e-01 7.882512359747846364e-01 2.673064016548434285e-01 2.154245403216412669e-01 5.298505054098926470e-01
-2.902232434749286161e-01 7.801008389331338666e-01 2.451833755901145218e-01 2.154245403216412669e-01 5.301612249260495568e-01
-5.369846225837524578e-01 4.756738152891698546e-01 2.259616495506119593e-01 -5.910395564279528058e-01 5.352728301541124223e-01
-5.369846225837524578e-01 4.816353909534808464e-01 2.224990293183992940e-01 -5.910395564279528058e-01 5.352580433533394855e-01
-4.775062316061314677e-02 3.984810558897862176e-01 2.187412292632759381e-01 -2.393014985022628160e-01 5.361463247213283934e-01
-4.714871346559825621e-02 4.584862696084344713e-01 2.281859370862870384e-01 -6.939712844622399068e-02 5.362289361436001212e-01
-4.194790208930730679e-02 4.406888605994851438e-01 2.346862505689605305e-01 7.634587414640525704e-02 5.360593327169997924e-01
-1.415226415927956505e-01 3.328152218623108838e-01 2.362710430059199729e-01 9.201278746846680567e-02 5.361264423407262614e-01
-2.541949538789423091e-01 2.872753720579284686e-01 2.277818587624790003e-01 1.352683775105954500e-01 5.363066730412875405e-01
-1.056850878097579348e-02 6.199895568531315071e-01 2.134300184190123517e-01 3.570173917176758804e-01 5.362757255953295443e-01
