-3.498251202511729746e-02 7.860215260711213014e-01 3.444546521950688778e-01 7.233745007036010977e-01 5.315147502178723116e-01
-3.498251202511729746e-02 7.808094289684417433e-01 3.315222925006773291e-01 7.233745007036010977e-01 5.316262735492210956e-01
-3.498251202511729746e-02 7.753653105543558688e-01 3.180693738503466150e-01 7.233745007036010977e-01 5.317454723696256602e-01
-3.498251202511729746e-02 7.696733449693220486e-01 3.040638905025808691e-01 7.233745007036010977e-01 5.318731440050843418e-01
-3.498251202511729746e-02 7.637162128607243305e-01 2.894710405228891337e-01 7.233745007036010977e-01 5.320101998278644606e-01
-3.498251202511729746e-02 7.542413382772469310e-01 2.663970299777501105e-01 7.233745007036010977e-01 5.322357021083689022e-01
3.892502354222174971e-02 6.334937800493333215e-01 2.476942926152684021e-01 1.465185909973336864e+00 5.349131651839147406e-01
3.892502354222174971e-02 6.399460174238804644e-01 2.411483657523451063e-01 1.465185909973336864e+00 5.348797730386101179e-01
7.322749932132009698e-02 5.431597798599113736e-01 2.318091973595635402e-01 9.549706952156109541e-01 5.354876793849711047e-01
5.122141011920203907e-02 5.503052748072809752e-01 2.310419951617166401e-01 4.624341313139926357e-01 5.359079065360964345e-01
3.631913630904061441e-02 5.711231453399915337e-01 2.379252012215186396e-01 1.933309134949737218e-01 5.362030220783983170e-01
-1.044155614117194854e-02 6.120059689643325695e-01 2.407768245004275331e-01 -1.488325791157310840e-01 5.366231027754754246e-01
-2.069076868528362326e-02 6.682172553771034140e-01 2.335599683011265748e-01 -5.288361889754947809e-01 5.367996599099897903e-01
-7.369999256473093105e-03 7.362522984253320191e-01 2.178934486835906181e-01 -1.109443360195943029e+00 5.366524111110223538e-01
1.864755120950545861e-03 7.865939824085315113e-01 1.960269465898351049e-01 -2.014126291609172892e+00 5.364638228844309520e-01
-3.498251202511729746e-02 8.090432607858616398e-01 3.761267273774557829e-01 7.233745007036010977e-01 5.312154611822373917e-01
-3.498251202511729746e-02 8.049508276833308162e-01 3.628488473924135205e-01 7.233745007036010977e-01 5.313168488347428386e-01
-3.498251202511729746e-02 8.006334271271318137e-01 3.489934667239416033e-01 7.233745007036010977e-01 5.314259166720356475e-01
-3.498251202511729746e-02 7.960720234277969265e-01 3.345221231419227559e-01 7.233745007036010977e-01 5.315435517409443644e-01
-3.498251202511729746e-02 7.912453089787723215e-01 3.193927669967840388e-01 7.233745007036010977e-01 5.316707824066331245e-01
-3.498251202511729746e-02 7.834548216946823906e-01 2.953633528053844493e-01 7.233745007036010977e-01 5.318822901465495301e-01
3.892502354222174971e-02 6.730839602902586316e-01 2.750815549756301936e-01 1.465185909973336864e+00 5.348126453250814372e-01
3.892502354222174971e-02 6.827249144611153842e-01 2.671912339551540394e-01 1.465185909973336864e+00 5.347672999216500633e-01
7.322749932132009698e-02 5.969406619817155812e-01 2.561067671104695354e-01 9.549706952156109541e-01 5.354379771266734034e-01
5.122141011920203907e-02 5.940404042897190484e-01 2.571351385340943652e-01 4.624341313139926357e-01 5.359179516418719480e-01
3.631913630904061441e-02 6.135895988544387558e-01 2.645466263044704003e-01 1.933309134949737218e-01 5.362498605703474031e-01
-1.044155614117194854e-02 6.550654618512063987e-01 2.672644172987115874e-01 -1.488325791157310840e-01 5.367289906375809494e-01
-2.069076868528362326e-02 7.075230665492225901e-01 2.599509178377518159e-01 -5.288361889754947809e-01 5.369342787991860932e-01
-7.369999256473093105e-03 7.686452550460131095e-01 2.437060147162413704e-01 -1.109443360195943029e+00 5.367846928287273167e-01
1.864755120950545861e-03 8.150975598929197652e-01 2.198810232088477812e-01 -2.014126291609172892e+00 5.366141950285682194e-01
-4.244310306702111374e-02 8.044169322475974715e-01 3.786878144787254596e-01 2.912809104867994381e-01 5.312713054988476014e-01
-4.244310306702111374e-02 8.005637245822372350e-01 3.650397120360224235e-01 2.912809104867994381e-01 5.313638471921091622e-01
-4.244310306702111374e-02 7.964653166137116713e-01 3.507785628416655865e-01 2.912809104867994381e-01 5.314640129701772020e-01
-4.244310306702111374e-02 7.920975439766504422e-01 3.358620612177243836e-01 2.912809104867994381e-01 5.315727738068118935e-01
-4.244310306702111374e-02 7.874329270415462156e-01 3.202439979056037611e-01 2.912809104867994381e-01 5.316912693970673454e-01
-4.244310306702111374e-02 7.798097022645635867e-01 2.953892614638180536e-01 2.912809104867994381e-01 5.318902842872008652e-01
6.640318489326878237e-02 6.398614683986177942e-01 2.715082963261591931e-01 1.060175136083526759e+00 5.351953761145071820e-01
6.640318489326878237e-02 6.507627290733544179e-01 2.634416893263710757e-01 1.060175136083526759e+00 5.351653456452022395e-01
9.195189774543013894e-02 5.509677618703215929e-01 2.522473860269860424e-01 7.016231791219748049e-01 5.358717545229854107e-01
3.844206890780102470e-02 5.551267855964715503e-01 2.544607208434355727e-01 3.243848683043782932e-01 5.362054217299752068e-01
2.358750775772622960e-02 5.810179890624757038e-01 2.608962364831321490e-01 9.336462522274656395e-02 5.363391220907538504e-01
-1.574753216134108791e-02 6.305471115135735660e-01 2.634112461895746216e-01 -1.509902476157904128e-01 5.365898613609599854e-01
-2.218721771770165718e-02 6.938970691833160620e-01 2.564254690075930543e-01 -3.361034183794595620e-01 5.367886337150529208e-01
-9.202641370061444281e-03 7.665941005320550117e-01 2.403209980339479634e-01 -4.532397501076059210e-01 5.368494849666276547e-01
-6.806631161325384528e-05 8.176011564114263885e-01 2.165972015410314033e-01 -2.720428377293074851e-01 5.369008625754346786e-01
-4.015799898163876364e-02 7.942381852634929906e-01 3.770739391899294302e-01 1.812107257083080403e-01 5.313355068259222325e-01
-4.015799898163876364e-02 7.905062133840196070e-01 3.630430274091230314e-01 1.812107257083080403e-01 5.314200726561238985e-01
-4.015799898163876364e-02 7.865039209092202777e-01 3.483654558195905526e-01 1.812107257083080403e-01 5.315121973319707482e-01
-4.015799898163876364e-02 7.822008458898237482e-01 3.329955166213824369e-01 1.812107257083080403e-01 5.316129333184167471e-01
-4.015799898163876364e-02 7.775617576172610956e-01 3.168829953284074685e-01 1.812107257083080403e-01 5.317235384354567218e-01
-4.015799898163876364e-02 7.698816563993173823e-01 2.911997590233782462e-01 1.812107257083080403e-01 5.319113450955627043e-01
1.169172833231825331e-01 5.849790278540646371e-01 2.667706348412338668e-01 8.674718893445589885e-01 5.354729779249365329e-01
1.169172833231825331e-01 5.971020314313799648e-01 2.586749266675394399e-01 8.674718893445589885e-01 5.354543615761482300e-01
9.523790309302304635e-02 4.747619826354218531e-01 2.475910831524939237e-01 5.081296998879409887e-01 5.361148379759013149e-01
1.714047577701507258e-02 4.941236559564122777e-01 2.510309445293423258e-01 2.005248219685574484e-01 5.363042303339590200e-01
1.556005962178812728e-02 5.336655555384606231e-01 2.563592300917570954e-01 6.361888587558573414e-03 5.363197880775517623e-01
-2.180770130729507705e-02 6.009105087311693572e-01 2.585848193489256319e-01 -1.820959457389491887e-01 5.365298348834928177e-01
-2.410157947704884979e-02 6.782112452180542039e-01 2.518549860797885676e-01 -3.433895752251068800e-01 5.367403443361516979e-01
-1.040090550098668118e-02 7.629380524727967794e-01 2.358436264649195202e-01 -4.733055026213249250e-01 5.368665008787714132e-01
-1.194696907291052049e-03 8.189544237994188514e-01 2.122835261227472570e-01 -4.056749133594064749e-01 5.369908338481199639e-01
-4.015799898163876364e-02 7.962395311766218287e-01 3.758228376555726169e-01 1.812107257083080403e-01 5.312980946586439712e-01
-4.015799898163876364e-02 7.926365491776072858e-01 3.615952916389625904e-01 1.812107257083080403e-01 5.313791123531770300e-01
-4.015799898163876364e-02 7.887553970940872627e-01 3.467039837749567033e-01 1.812107257083080403e-01 5.314677168070859326e-01
-4.015799898163876364e-02 7.845625670315374833e-01 3.311013806934820503e-01 1.812107257083080403e-01 5.315650187613635280e-01
-4.015799898163876364e-02 7.800189442255768268e-01 3.147352857512299429e-01 1.812107257083080403e-01 5.316723559200958737e-01
-4.015799898163876364e-02 7.724430247178625253e-01 2.886273165214386371e-01 1.812107257083080403e-01 5.318558315064684239e-01
1.169172833231825331e-01 5.883303918009913369e-01 2.641146320849411810e-01 8.674718893445589885e-01 5.354675399998191088e-01
1.169172833231825331e-01 5.997938181419719683e-01 2.567508274175395733e-01 8.674718893445589885e-01 5.354500615580233269e-01
9.523790309302304635e-02 4.755157405548249838e-01 2.469145212564589631e-01 5.081296998879409887e-01 5.361157728429077896e-01
1.714047577701507258e-02 4.929388822672404746e-01 2.518642712782157012e-01 2.005248219685574484e-01 5.363019569367560857e-01
1.556005962178812728e-02 5.345306604228595715e-01 2.557858092319049148e-01 6.361888587558573414e-03 5.363215081402920026e-01
-2.180770130729507705e-02 6.029072129514830847e-01 2.571370658366766149e-01 -1.820959457389491887e-01 5.365362782124390995e-01
-2.410157947704884979e-02 6.806795899386172133e-01 2.499102419519193818e-01 -3.433895752251068800e-01 5.367527384112230626e-01
-1.040090550098668118e-02 7.656428632967561265e-01 2.333655149901163461e-01 -4.733055026213249250e-01 5.368888146921568794e-01
-1.194696907291052049e-03 8.214028811322520163e-01 2.097334061050700194e-01 -4.056749133594064749e-01 5.370250864147118053e-01
-6.119231582682084503e-02 7.870727081165649341e-01 3.740401592798145991e-01 8.610809248619019640e-02 5.313281520966037785e-01
-6.119231582682084503e-02 7.834449114018291471e-01 3.596307767606648498e-01 8.610809248619019640e-02 5.314058310223799264e-01
-6.119231582682084503e-02 7.795219796768049214e-01 3.445423400491501309e-01 8.610809248619019640e-02 5.314910406970275725e-01
-6.119231582682084503e-02 7.752663968326725108e-01 3.287257417593897890e-01 8.610809248619019640e-02 5.315849267377907861e-01
-6.119231582682084503e-02 7.706339622071388673e-01 3.121269260645380683e-01 8.610809248619019640e-02 5.316888795162667547e-01
-6.119231582682084503e-02 7.628614168539538110e-01 2.856302704897200062e-01 8.610809248619019640e-02 5.318675159581777168e-01
1.527083293491535987e-01 5.202668983905318623e-01 2.613934349802267687e-01 7.224276465714351003e-01 5.356172880400463798e-01
1.527083293491535987e-01 5.306338205430669586e-01 2.552329422187121777e-01 7.224276465714351003e-01 5.356072648795483504e-01
5.990816461245502406e-02 3.639200660139687016e-01 2.472993406873327249e-01 3.454057105165468933e-01 5.362122591425984020e-01
-2.701426016199316889e-03 3.983914074374846348e-01 2.535906431938101391e-01 9.690200338507896916e-02 5.362964828408151030e-01
2.094928051720478662e-02 4.631602094059977803e-01 2.557404628919678902e-01 -6.324395430721199696e-02 5.362082490952981839e-01
-2.732252317921021051e-02 5.641481261001982661e-01 2.560597363852701314e-01 -2.044225683615414624e-01 5.364553732548895670e-01
-2.601807753737293144e-02 6.609566066691657804e-01 2.480953626453402949e-01 -3.485390089690987292e-01 5.366750397991314481e-01
-1.101970943786307298e-02 7.595314511460661278e-01 2.307842385743869573e-01 -4.856308232907020073e-01 5.368530400623213739e-01
-1.928795212099382837e-03 8.209856285853726066e-01 2.069804605473277437e-01 -4.717512001862764204e-01 5.370675895251673104e-01
-9.960008624655800058e-02 7.800156938664003503e-01 3.716654099250105148e-01 4.222983881237620668e-03 5.313678015575595825e-01
-9.960008624655800058e-02 7.762178354443890482e-01 3.572828094759219475e-01 4.222983881237620668e-03 5.314457241033783141e-01
-9.960008624655800058e-02 7.721129588242811037e-01 3.422263226962845017e-01 4.222983881237620668e-03 5.315311653150160964e-01
-9.960008624655800058e-02 7.676622390297511700e-01 3.264475177542968121e-01 4.222983881237620668e-03 5.316252628701976235e-01
-9.960008624655800058e-02 7.628200767499113688e-01 3.098930692843988588e-01 4.222983881237620668e-03 5.317293994979835903e-01
-9.960008624655800058e-02 7.547018803759985017e-01 2.834772450299274382e-01 4.222983881237620668e-03 5.319082291366439286e-01
1.368667403249444747e-01 4.557030635285158060e-01 2.600115940508900825e-01 6.127661987898154194e-01 5.357354160190043180e-01
1.368667403249444747e-01 4.635106234468033826e-01 2.554309834085398134e-01 6.127661987898154194e-01 5.357311073527797340e-01
-2.162199258456489748e-01 2.682613899011851988e-01 2.496923607817848334e-01 2.271792581133288691e-01 5.362371237305968430e-01
-3.328652451190847184e-02 2.890478669293578551e-01 2.554109436097513064e-01 1.509180503611774228e-02 5.362711550859303733e-01
4.533357384221112230e-02 3.732476113247789051e-01 2.564216874629278164e-01 -1.152926391149660945e-01 5.360417739056280162e-01
-3.156333756479034330e-02 5.195722002102899362e-01 2.562836749989346741e-01 -2.189117858746787160e-01 5.363598842563050972e-01
-2.782905005600505924e-02 6.391779568143494128e-01 2.474391415743214806e-01 -3.497485888403691900e-01 5.365909268659596609e-01
-1.142903681510261567e-02 7.519386442034355911e-01 2.292992061523452529e-01 -4.899953699436805921e-01 5.368060228922421073e-01
-2.539410144178814045e-03 8.195076738171332975e-01 2.051140594722191401e-01 -5.104979318310304270e-01 5.370911437836490832e-01
-1.985149922058868366e-01 7.767939075363492485e-01 3.687557018971626133e-01 -1.206657666274418561e-01 5.313679481847778385e-01
-1.985149922058868366e-01 7.727639365651957082e-01 3.544878423086034180e-01 -1.206657666274418561e-01 5.314484002735490042e-01
-1.985149922058868366e-01 7.684182377155355237e-01 3.395601066784221800e-01 -1.206657666274418561e-01 5.315364522276526671e-01
-1.985149922058868366e-01 7.637182102679747064e-01 3.239255801041230898e-01 -1.206657666274418561e-01 5.316332313790325115e-01
-1.985149922058868366e-01 7.586186770834937310e-01 3.075328761516313847e-01 -1.206657666274418561e-01 5.317400982058552161e-01
-1.985149922058868366e-01 7.501012901215062811e-01 2.813970579310879350e-01 -1.206657666274418561e-01 5.319230391216751563e-01
7.917594895057845569e-03 4.430730035991649607e-01 2.583325847874912151e-01 4.476537264221239765e-01 5.360091416699590550e-01
7.917594895057845569e-03 4.495517089707989911e-01 2.543168979939274821e-01 4.476537264221239765e-01 5.360128127277038468e-01
-3.996693337879558272e-01 3.785044552312684663e-01 2.490518422268825360e-01 8.853510776752250566e-02 5.364351627622792051e-01
-2.022618984558517685e-01 2.871548965980467161e-01 2.520938518626816838e-01 -7.478877444951734232e-02 5.365233684773001999e-01
1.575194335547812352e-01 2.046365762290026924e-01 2.552929095770063994e-01 -1.721999424862938333e-01 5.358235424099119237e-01
-3.450771149697128698e-02 4.237902192741471175e-01 2.565661151456675171e-01 -2.265644904492862266e-01 5.361930220745498854e-01
-3.103472922972289050e-02 5.927804790286517189e-01 2.475214316533379533e-01 -3.414185985313334393e-01 5.364465820389946460e-01
-1.203949420457598937e-02 7.329791404871048854e-01 2.290610202563415077e-01 -4.879835145942094110e-01 5.366945193949844706e-01
-3.337007087990959044e-03 8.130303964918484949e-01 2.044368571646769384e-01 -5.595486152045743289e-01 5.370495385179584469e-01
-2.545450198027713329e-01 7.957586683316173470e-01 3.638956148837418358e-01 -2.132140956154021105e-01 5.305145971301129526e-01
-2.545450198027713329e-01 7.919458869026720915e-01 3.495316681552650406e-01 -2.132140956154021105e-01 5.306066126209291189e-01
-2.545450198027713329e-01 7.878179989135989381e-01 3.345040523492575080e-01 -2.132140956154021105e-01 5.307076332464093493e-01
-2.545450198027713329e-01 7.833342885395815358e-01 3.187656566668178315e-01 -2.132140956154021105e-01 5.308190453485626126e-01
-2.545450198027713329e-01 7.784466437212451684e-01 3.022648175128671566e-01 -2.132140956154021105e-01 5.309425334807887920e-01
-2.545450198027713329e-01 7.702298087413903538e-01 2.759582615508898162e-01 -2.132140956154021105e-01 5.311550656432298956e-01
-4.832707579278026216e-02 5.120890985812602825e-01 2.523057525076940477e-01 2.548332811333023362e-01 5.356446210990313261e-01
-4.832707579278026216e-02 5.198080897428518643e-01 2.470662457483542851e-01 2.548332811333023362e-01 5.356375099025705300e-01
1.017869467593554983e-01 3.966746942542043741e-01 2.396611755623709317e-01 1.688715673323007080e-02 5.361797510164385550e-01
4.885580270754547594e-01 2.019118195655774661e-01 2.396420614676122440e-01 -9.120283538775157683e-02 5.363522662399778929e-01
3.323306654726054105e-02 2.034577666698162979e-01 2.500548692496887826e-01 -1.933072615995006516e-01 5.357168617764725971e-01
-3.510604255764556564e-02 3.393694827064617781e-01 2.553121487395960121e-01 -2.154339453348651234e-01 5.360899887807867303e-01
-3.354365722116403603e-02 5.465439273446075497e-01 2.479639038471466439e-01 -3.242690004544022675e-01 5.363325243121664920e-01
-1.249974571185503459e-02 7.113604062446112763e-01 2.304104921206052425e-01 -4.773294459954448010e-01 5.365856718161914340e-01
-3.801200423200409417e-03 8.043056096620412321e-01 2.053246688493851058e-01 -5.834158651896926839e-01 5.369641118840975391e-01
-2.844882593693707218e-01 7.978544710074422230e-01 3.598182873880869659e-01 -2.456250687024447987e-01 5.301824341109567795e-01
-2.844882593693707218e-01 7.942018977534298640e-01 3.453364886141634393e-01 -2.456250687024447987e-01 5.302754534616537230e-01
-2.844882593693707218e-01 7.902303832018224838e-01 3.301843546811631391e-01 -2.456250687024447987e-01 5.303779308470315534e-01
-2.844882593693707218e-01 7.858961822231279593e-01 3.143141990014728937e-01 -2.456250687024447987e-01 5.304913824948146450e-01
-2.844882593693707218e-01 7.811472868744457898e-01 2.976737594210967508e-01 -2.456250687024447987e-01 5.306176667015425341e-01
-2.844882593693707218e-01 7.731060982908699586e-01 2.711415304646901947e-01 -2.456250687024447987e-01 5.308363401211758648e-01
-2.031021964830132809e-01 5.523315953411364054e-01 2.477332132682345534e-01 2.586380621209568575e-01 5.355876643127863712e-01
-2.031021964830132809e-01 5.588156833551313207e-01 2.435406755941516288e-01 2.586380621209568575e-01 5.355806542451096997e-01
6.568044394686366194e-02 4.858715906134936646e-01 2.380800791565998997e-01 6.861086327439151755e-02 5.362132926070937167e-01
7.256206087720343256e-02 4.187754457957038046e-01 2.417767660585038170e-01 2.188568904552586070e-02 5.361427710958681647e-01
-6.222337467250693005e-02 3.655182500354297592e-01 2.476327657217461120e-01 -1.234092418740472125e-01 5.357207319467887086e-01
-3.762388561511847279e-02 3.170743542718655883e-01 2.525671426937052821e-01 -1.705562163602795389e-01 5.359462714323686150e-01
-3.419907236744294116e-02 4.719879154299724822e-01 2.483524367667030441e-01 -2.733764554892732512e-01 5.361799465962823197e-01
-1.329148020517375781e-02 6.669562023962490871e-01 2.331587263998969040e-01 -4.371172007976896756e-01 5.364169216208705127e-01
-4.289438174723202504e-03 7.839660680805151660e-01 2.080929352759650075e-01 -5.902316190955195774e-01 5.367783523968316928e-01
-3.295450502377118007e-01 7.986143825317140177e-01 3.547097414869173626e-01 -2.296480286574789920e-01 5.299625804820475850e-01
-3.295450502377118007e-01 7.950593578989557653e-01 3.401269638206155799e-01 -2.296480286574789920e-01 5.300543946009184104e-01
-3.295450502377118007e-01 7.911778336457492289e-01 3.248698538288452009e-01 -2.296480286574789920e-01 5.301559006103330196e-01
-3.295450502377118007e-01 7.869227017262936386e-01 3.088905032711047882e-01 -2.296480286574789920e-01 5.302687163500976464e-01
-3.295450502377118007e-01 7.822372390884220206e-01 2.921363993611833521e-01 -2.296480286574789920e-01 5.303948384829207940e-01
-3.295450502377118007e-01 7.742478003596616754e-01 2.654246897929322668e-01 -2.296480286574789920e-01 5.306146089811227817e-01
-2.969314631660363579e-01 5.607937043244520803e-01 2.420672035836304026e-01 5.362933282398976154e-01 5.354960819858415322e-01
-2.969314631660363579e-01 5.665681185186079993e-01 2.383365327571577708e-01 5.362933282398976154e-01 5.354876122586589293e-01
2.224363719339388784e-02 5.421366010413274372e-01 2.338101276926226324e-01 1.920208132360119169e-01 5.361386546360928929e-01
-2.977999849016371801e-03 5.142329967993755080e-01 2.398209661131879000e-01 5.577396668485887221e-02 5.360113991635703234e-01
-1.456756501324121475e-02 4.591239088222664466e-01 2.435929492189607137e-01 -1.048423489433486511e-01 5.358076336708651466e-01
-2.628658702232499617e-02 4.152533554958878770e-01 2.485205114793949122e-01 -1.340517015818933622e-01 5.358108612435416029e-01
-2.343703033381252729e-02 4.406208384440053472e-01 2.470417930948564655e-01 -2.021306722063944128e-01 5.360922762616195936e-01
-1.400622064984508551e-02 6.156143841176978659e-01 2.350139609572475530e-01 -3.756538491637733679e-01 5.362766545666868279e-01
-4.643158269074200081e-03 7.556697610339242477e-01 2.115378212001996217e-01 -5.624283336181304938e-01 5.365834975558262387e-01
-3.709545771120524305e-01 7.994554388566554870e-01 3.496052242344936389e-01 -2.374666689716875834e-01 5.297451400609418659e-01
-3.709545771120524305e-01 7.961158352516911618e-01 3.348557537133486361e-01 -2.374666689716875834e-01 5.298325567514712287e-01
-3.709545771120524305e-01 7.924470918563536470e-01 3.194217782858672083e-01 -2.374666689716875834e-01 5.299297036609142975e-01
-3.709545771120524305e-01 7.883980681986707539e-01 3.032545436859857002e-01 -2.374666689716875834e-01 5.300382980116785658e-01
-3.709545771120524305e-01 7.839063639535616135e-01 2.863004936827852065e-01 -2.374666689716875834e-01 5.301604874951887370e-01
-3.709545771120524305e-01 7.761658682266734388e-01 2.592637876310968648e-01 -2.374666689716875834e-01 5.303754136006617603e-01
-3.230736951226284570e-01 5.612130544574560620e-01 2.354152378535893098e-01 5.074979510415188466e-01 5.355146494258039569e-01
-3.230736951226284570e-01 5.679001117595874337e-01 2.310768762032548995e-01 5.074979510415188466e-01 5.355052842362967302e-01
2.722458724215705284e-02 5.597154327746953761e-01 2.255979842716296091e-01 2.915565955990442326e-01 5.361286753378712300e-01
4.941415402857390893e-03 5.557052625538958512e-01 2.309487455440875636e-01 1.094304301028386078e-01 5.360264128855036780e-01
-1.558666974132725223e-02 5.376232151644672053e-01 2.376973579650822066e-01 -6.900774352556027225e-02 5.357686033698725314e-01
-9.028714279906788903e-03 4.996957149999958214e-01 2.422306973197809465e-01 -9.120034199090647220e-02 5.358653852268410178e-01
-8.752350298018371152e-03 4.750332745407158108e-01 2.427608433994789816e-01 -1.355288591587438529e-01 5.360437280162493323e-01
-1.313659916482175227e-02 5.569148642474803790e-01 2.342864262547490195e-01 -2.829775247759000467e-01 5.361371394614937724e-01
-5.062103403734505118e-03 7.087808492277075656e-01 2.144278315134805213e-01 -4.771427020878781233e-01 5.363706545733772924e-01
-4.121474173375838101e-01 7.995186066707294925e-01 3.445983269502614355e-01 -2.451245304163086891e-01 5.295737826682035410e-01
-4.121474173375838101e-01 7.963859509043708096e-01 3.296901287315734952e-01 -2.451245304163086891e-01 5.296557100989137679e-01
-4.121474173375838101e-01 7.929237371910620169e-01 3.140879344056980993e-01 -2.451245304163086891e-01 5.297472262715888780e-01
-4.121474173375838101e-01 7.890770295788028799e-01 2.977421008195143548e-01 -2.451245304163086891e-01 5.298501183392249070e-01
-4.121474173375838101e-01 7.847780488375540875e-01 2.805981645050851236e-01 -2.451245304163086891e-01 5.299666454660355575e-01
-4.121474173375838101e-01 7.772901870624155940e-01 2.532531636423588361e-01 -2.451245304163086891e-01 5.301735745205712336e-01
-3.593480617487005424e-01 5.633818878567385946e-01 2.290312496416403998e-01 5.302077212547603446e-01 5.355321095133724896e-01
-3.593480617487005424e-01 5.706120971526099650e-01 2.243791570000037150e-01 5.302077212547603446e-01 5.355225331303032910e-01
3.031015633137846069e-02 5.792442979855889629e-01 2.183001497700450544e-01 4.924531676496414212e-01 5.361528046947042769e-01
5.318428599263893761e-03 5.858132157069169121e-01 2.222684862419286866e-01 2.170696165971927605e-01 5.360311185647322896e-01
-1.244224825343692373e-02 5.783611057680091427e-01 2.283127368668070867e-01 -5.027527315209925213e-02 5.357669292454882992e-01
-7.295006114820784537e-03 5.620833329428472913e-01 2.339413545957454987e-01 -5.460801311413893827e-02 5.358437906820101571e-01
-3.115373437967296818e-03 5.415495907072566117e-01 2.356798810140657563e-01 -9.114456448811272815e-02 5.359952333179340833e-01
-7.304695137770305519e-03 5.301589048407182592e-01 2.295332713217642651e-01 -1.565907102311067944e-01 5.360328331014710956e-01
-5.403244975427204909e-03 6.335479534160559645e-01 2.139318222332405872e-01 -3.305110687022930760e-01 5.361746412576721132e-01
-4.477589563421632834e-01 7.990449529029662878e-01 3.396384988118405501e-01 -2.532870137320645254e-01 5.294523890436017011e-01
-4.477589563421632834e-01 7.961050333663618472e-01 3.245926493173174610e-01 -2.532870137320645254e-01 5.295282612305174386e-01
-4.477589563421632834e-01 7.928373174887615171e-01 3.088451832658430929e-01 -2.532870137320645254e-01 5.296134284924347568e-01
-4.477589563421632834e-01 7.891837695095201832e-01 2.923458816526526283e-01 -2.532870137320645254e-01 5.297097082364431442e-01
-4.477589563421632834e-01 7.850717412139568419e-01 2.750395698020249857e-01 -2.532870137320645254e-01 5.298194258630316567e-01
-4.477589563421632834e-01 7.778357044720695113e-01 2.474325153935245936e-01 -2.532870137320645254e-01 5.300160654632639634e-01
-4.201542437195254776e-01 5.607492398779811982e-01 2.229370187226605848e-01 5.299848152218865627e-01 5.355348843113897361e-01
-4.201542437195254776e-01 5.683867907689594823e-01 2.181173049557093291e-01 5.299848152218865627e-01 5.355248390506294198e-01
3.093511539335186411e-02 5.891883571890693672e-01 2.117394167313551845e-01 5.990309042168759923e-01 5.361702146208178199e-01
4.916335238205496103e-03 6.026766402062008199e-01 2.151504779024143721e-01 2.967386917850287076e-01 5.360554239867497683e-01
-8.115595084380181415e-03 6.020670114398110062e-01 2.206252157430624028e-01 -2.913000056059666942e-02 5.357962472885012817e-01
-5.544802509750167141e-03 6.000748166858969057e-01 2.257449499454909636e-01 -3.141215987530138892e-02 5.358519080383331579e-01
-2.063432921588872516e-03 5.921930745801179397e-01 2.281681835254412150e-01 -5.850812459251083369e-02 5.359928164570104681e-01
-3.354528898546963248e-03 5.622109770743072277e-01 2.231194609197516832e-01 -1.142738497541795767e-01 5.359951878945126147e-01
-4.930162117803514425e-03 5.486589648030097965e-01 2.090472863513185564e-01 -1.949840596348065280e-01 5.360436134147755771e-01
-4.926000640276970710e-01 7.967718733133275499e-01 3.344485964723902249e-01 -2.557384802078317421e-01 5.293555350719856278e-01
-4.926000640276970710e-01 7.939399009596314061e-01 3.193640363730597120e-01 -2.557384802078317421e-01 5.294278457273469130e-01
-4.926000640276970710e-01 7.907809991683202311e-01 3.035798294078351223e-01 -2.557384802078317421e-01 5.295092635437111950e-01
-4.926000640276970710e-01 7.872350196408121059e-01 2.870461733533677395e-01 -2.557384802078317421e-01 5.296016211888320280e-01
-4.926000640276970710e-01 7.832262357851497159e-01 2.697083623312048206e-01 -2.557384802078317421e-01 5.297072832597264913e-01
-4.926000640276970710e-01 7.761255230324972665e-01 2.420607165373852565e-01 -2.557384802078317421e-01 5.298977644655317176e-01
-6.581145210077851138e-01 5.372695510767490079e-01 2.173449953162670534e-01 4.544390466004661899e-01 5.355151974721262809e-01
-6.581145210077851138e-01 5.458260477305055813e-01 2.120173390984386730e-01 4.544390466004661899e-01 5.355027948913861913e-01
3.641148856933255212e-02 5.870798249357909171e-01 2.048095301719247419e-01 5.113918015055129995e-01 5.361624816982740738e-01
2.208281511904676940e-03 6.160226553663660232e-01 2.072751361732837194e-01 2.942968171571748726e-01 5.360502363139545423e-01
-3.378303661178449265e-03 6.234753474967318354e-01 2.125370087918387607e-01 -2.687637147560381981e-02 5.358285498233624766e-01
-4.693127734345140314e-03 6.338278962622193591e-01 2.180442071417534600e-01 -2.286618162050029629e-02 5.358675902744141073e-01
-1.415272581947468918e-03 6.357650635832305941e-01 2.217574255211709477e-01 -5.254654173008954654e-02 5.360069105334233086e-01
-1.643479367364870502e-03 6.154744477878270059e-01 2.183693768718573958e-01 -1.086930161768759479e-01 5.359907588162311498e-01
