-6.237979812209482056e-01 8.077508110048777779e-01 2.812567354506882444e-01 -2.880061882393479267e-01 5.286207232881285911e-01
-6.359536908251607334e-01 8.070132414886959094e-01 2.827081001778717906e-01 -2.881659542890157577e-01 5.285962413612010913e-01
-6.460687991109460571e-01 8.064376329760621909e-01 2.835921608296583796e-01 -2.898238652001572935e-01 5.285935325703311483e-01
-6.489729801819914545e-01 8.062354427067631724e-01 2.842790634571289443e-01 -2.892827201817854688e-01 5.285780724937322317e-01
-6.505342424841632498e-01 8.060166969032190876e-01 2.847044666159965209e-01 -2.889026699971233847e-01 5.285742299222964125e-01
-6.515120527288511543e-01 8.058512082762410156e-01 2.849438918111996677e-01 -2.889336309842961414e-01 5.285788810123369652e-01
-6.525492787528818228e-01 8.057247188170699737e-01 2.851408314517998033e-01 -2.889987425235427954e-01 5.285819602586484534e-01
-6.535518229614561969e-01 8.056536801578790818e-01 2.852747503017561970e-01 -2.890721177226919236e-01 5.285824064969689706e-01
-6.545001482711250151e-01 8.056237406112422006e-01 2.853640759804796367e-01 -2.891409788478170317e-01 5.285808704711822958e-01
-6.545001482711250151e-01 8.055517287436981810e-01 2.854533198953413398e-01 -2.891409788478170317e-01 5.285843554161072655e-01
-6.554193110955910395e-01 8.055265131541440304e-01 2.855424375311240714e-01 -2.892020941231855380e-01 5.285826760390596180e-01
-6.554193110955910395e-01 8.054549437815193835e-01 2.856312358935305662e-01 -2.892020941231855380e-01 5.285861415133636942e-01
-6.563249766679556396e-01 8.053990892615082720e-01 2.857640208873385435e-01 -2.892560561723124812e-01 5.285861179046773550e-01
-6.572055674538683778e-01 8.052969359782413683e-01 2.859586690934394770e-01 -2.893040244455831189e-01 5.285884206523618900e-01
-6.588396823845721340e-01 8.052227482051319551e-01 2.861919764475077121e-01 -2.893948812640083079e-01 5.285868259064980812e-01
-6.604439067643390615e-01 8.050257430370407752e-01 2.865766122902775326e-01 -2.895238694022343462e-01 5.285915787791002352e-01
-6.634608747872157153e-01 8.047632684996640640e-01 2.871911800047396435e-01 -2.898987576132682209e-01 5.285966747924130127e-01
-6.661991876247884692e-01 8.044292234577046230e-01 2.880529166783190043e-01 -2.899325339210045982e-01 5.286045040123862337e-01
-6.672117381137041559e-01 8.042075372807444555e-01 2.894203456779906314e-01 -2.883944651481033516e-01 5.286024323427953586e-01
-6.237979812209482056e-01 8.050485380229319698e-01 2.676092433090297429e-01 -2.880061882393479267e-01 5.287050236781827284e-01
-6.359536908251607334e-01 8.043282898021106853e-01 2.689880918403978471e-01 -2.881659542890157577e-01 5.286797328368060267e-01
-6.460687991109460571e-01 8.037555850792944545e-01 2.698346726217565883e-01 -2.898238652001572935e-01 5.286766288104935985e-01
-6.489729801819914545e-01 8.035604670191214272e-01 2.704913431218568531e-01 -2.892827201817854688e-01 5.286609758970839401e-01
-6.505342424841632498e-01 8.033401811039271312e-01 2.709037715359005061e-01 -2.889026699971233847e-01 5.286571674416502553e-01
-6.515120527288511543e-01 8.031739804037240082e-01 2.711348512671526434e-01 -2.889336309842961414e-01 5.286617118651791847e-01
-6.525492787528818228e-01 8.030472515827248303e-01 2.713246659361306379e-01 -2.889987425235427954e-01 5.286647012126749479e-01
-6.535518229614561969e-01 8.029762006524531204e-01 2.714537854043348464e-01 -2.890721177226919236e-01 5.286651074938101269e-01
-6.545001482711250151e-01 8.029464047975309882e-01 2.715399117032926690e-01 -2.891409788478170317e-01 5.286635670768100592e-01
-6.545001482711250151e-01 8.028741583418466110e-01 2.716259404394421595e-01 -2.891409788478170317e-01 5.286669863660058422e-01
-6.554193110955910395e-01 8.028492116771505094e-01 2.717117944908066240e-01 -2.892020941231855380e-01 5.286653008192226944e-01
-6.554193110955910395e-01 8.027775016791987017e-01 2.717972579096032404e-01 -2.892020941231855380e-01 5.286686963613702606e-01
-6.563249766679556396e-01 8.027220724875576696e-01 2.719249294620328938e-01 -2.892560561723124812e-01 5.286686248303643643e-01
-6.572055674538683778e-01 8.026204652184886212e-01 2.721119890903835881e-01 -2.893040244455831189e-01 5.286708246802990230e-01
-6.588396823845721340e-01 8.025473579627256937e-01 2.723362783279094090e-01 -2.893948812640083079e-01 5.286691610205745961e-01
-6.604439067643390615e-01 8.023515549395112689e-01 2.727057379413128646e-01 -2.895238694022343462e-01 5.286737014264257795e-01
-6.634608747872157153e-01 8.020892787580934380e-01 2.732989185316617164e-01 -2.898987576132682209e-01 5.286785916850135214e-01
-6.661991876247884692e-01 8.017517738873474187e-01 2.741360711410785189e-01 -2.899325339210045982e-01 5.286863254314042582e-01
-6.672117381137041559e-01 8.015284766842871722e-01 2.754651002021658024e-01 -2.883944651481033516e-01 5.286842861211175082e-01
-6.237979812209482056e-01 8.020372368611518032e-01 2.534334426763966142e-01 -2.880061882393479267e-01 5.287998342117311568e-01
-6.359536908251607334e-01 8.013341272987627439e-01 2.547330054406478639e-01 -2.881659542890157577e-01 5.287736916276012389e-01
-6.460687991109460571e-01 8.007638333320058477e-01 2.555384731909765006e-01 -2.898238652001572935e-01 5.287701647599879484e-01
-6.489729801819914545e-01 8.005758473611236381e-01 2.561619562027245833e-01 -2.892827201817854688e-01 5.287543151905408356e-01
-6.505342424841632498e-01 8.003537908422888592e-01 2.565600669444179083e-01 -2.889026699971233847e-01 5.287505441983469945e-01
-6.515120527288511543e-01 8.001867580058314999e-01 2.567819682662567105e-01 -2.889336309842961414e-01 5.287549716885562301e-01
-6.525492787528818228e-01 8.000596523262815118e-01 2.569639220458663220e-01 -2.889987425235427954e-01 5.287578624036186614e-01
-6.535518229614561969e-01 7.999885011749501285e-01 2.570877558673099750e-01 -2.890721177226919236e-01 5.287582253660775278e-01
-6.545001482711250151e-01 7.999588456473019082e-01 2.571703584102794649e-01 -2.891409788478170317e-01 5.287566810753681068e-01
-6.545001482711250151e-01 7.998862817794877289e-01 2.572528462517226222e-01 -2.891409788478170317e-01 5.287600270591690244e-01
-6.554193110955910395e-01 7.998616028821277091e-01 2.573351070961994447e-01 -2.892020941231855380e-01 5.287583369974009351e-01
-6.554193110955910395e-01 7.997896710802193665e-01 2.574169003578059001e-01 -2.892020941231855380e-01 5.287616546736574330e-01
-6.563249766679556396e-01 7.997346523795006989e-01 2.575389628679280452e-01 -2.892560561723124812e-01 5.287615316053260184e-01
-6.572055674538683778e-01 7.996334873727718451e-01 2.577176437747701887e-01 -2.893040244455831189e-01 5.287636192818344627e-01
-6.588396823845721340e-01 7.995614103433509312e-01 2.579320114778884676e-01 -2.893948812640083079e-01 5.287618823147519631e-01
-6.604439067643390615e-01 7.993666767544157503e-01 2.582847943651491174e-01 -2.895238694022343462e-01 5.287661912961764132e-01
-6.634608747872157153e-01 7.991043672955823185e-01 2.588543881890511544e-01 -2.898987576132682209e-01 5.287708566592428383e-01
-6.661991876247884692e-01 7.987630487911228094e-01 2.596642807128716757e-01 -2.899325339210045982e-01 5.287784829694910371e-01
-6.672117381137041559e-01 7.985380026148359844e-01 2.609507172321501867e-01 -2.883944651481033516e-01 5.287764770255940494e-01
-6.237979812209482056e-01 7.986606877376782876e-01 2.386980510135821576e-01 -2.880061882393479267e-01 5.289072503372866940e-01
-6.359536908251607334e-01 7.979740600130906802e-01 2.399108828914469360e-01 -2.881659542890157577e-01 5.288802176750344586e-01
-6.460687991109460571e-01 7.974054321573423865e-01 2.406712550737508671e-01 -2.898238652001572935e-01 5.288762395775311598e-01
-6.489729801819914545e-01 7.972245161489845966e-01 2.412583766390973827e-01 -2.892827201817854688e-01 5.288601905341028253e-01
-6.505342424841632498e-01 7.970004661342116048e-01 2.416406613808199100e-01 -2.889026699971233847e-01 5.288564635871931818e-01
-6.515120527288511543e-01 7.968323311574213585e-01 2.418524367270904751e-01 -2.889336309842961414e-01 5.288607609687684397e-01
-6.525492787528818228e-01 7.967047097445196790e-01 2.420257547964301259e-01 -2.889987425235427954e-01 5.288635432230138766e-01
-6.535518229614561969e-01 7.966333666122848989e-01 2.421437690893075423e-01 -2.890721177226919236e-01 5.288638591920734600e-01
-6.545001482711250151e-01 7.966038141968473374e-01 2.422225084315985100e-01 -2.891409788478170317e-01 5.288623112828300110e-01
-6.545001482711250151e-01 7.965308569244958781e-01 2.423010643266647612e-01 -2.891409788478170317e-01 5.288655775207796728e-01
-6.554193110955910395e-01 7.965063989549406864e-01 2.423793867676843627e-01 -2.892020941231855380e-01 5.288638820303785959e-01
-6.554193110955910395e-01 7.964341848844673777e-01 2.424571418575465487e-01 -2.892020941231855380e-01 5.288671145414243213e-01
-6.563249766679556396e-01 7.963794714084955206e-01 2.425730182642284183e-01 -2.892560561723124812e-01 5.288669353960866459e-01
-6.572055674538683778e-01 7.962786466705262800e-01 2.427425023370422541e-01 -2.893040244455831189e-01 5.288689013408660600e-01
-6.588396823845721340e-01 7.962075170376701205e-01 2.429459732867590704e-01 -2.893948812640083079e-01 5.288670854957560064e-01
-6.604439067643390615e-01 7.960136247510581908e-01 2.432803989799890987e-01 -2.895238694022343462e-01 5.288711425071612737e-01
-6.634608747872157153e-01 7.957509846259984698e-01 2.438239890145180166e-01 -2.898987576132682209e-01 5.288755620759044707e-01
-6.661991876247884692e-01 7.954053950440327370e-01 2.446037100614328053e-01 -2.899325339210045982e-01 5.288830633092961309e-01
-6.672117381137041559e-01 7.951784516709496931e-01 2.458429389121056241e-01 -2.883944651481033516e-01 5.288810920693627349e-01
-6.237979812209482056e-01 7.948481778768663464e-01 2.233692487364762336e-01 -2.880061882393479267e-01 5.290299634298610831e-01
-6.359536908251607334e-01 7.941766491494953728e-01 2.244872219502823951e-01 -2.881659542890157577e-01 5.290020101258706697e-01
-6.460687991109460571e-01 7.936085673268714613e-01 2.251981271463418810e-01 -2.898238652001572935e-01 5.289975528865671350e-01
-6.489729801819914545e-01 7.934344644415673997e-01 2.257453512239583349e-01 -2.892827201817854688e-01 5.289813086539300047e-01
-6.505342424841632498e-01 7.932080881028304997e-01 2.261101679941919518e-01 -2.889026699971233847e-01 5.289776318284016288e-01
-6.515120527288511543e-01 7.930386227929275833e-01 2.263108275071298303e-01 -2.889336309842961414e-01 5.289817846390356681e-01
-6.525492787528818228e-01 7.929102222072552664e-01 2.264746237203125734e-01 -2.889987425235427954e-01 5.289844471979228135e-01
-6.535518229614561969e-01 7.928385866519583880e-01 2.265862315456917409e-01 -2.890721177226919236e-01 5.289847122092543596e-01
-6.545001482711250151e-01 7.928090684262035781e-01 2.266607000981707698e-01 -2.891409788478170317e-01 5.289831626006574750e-01
-6.545001482711250151e-01 7.927355702094340817e-01 2.267349628861805022e-01 -2.891409788478170317e-01 5.289863377019086155e-01
-6.554193110955910395e-01 7.927112997597375310e-01 2.268089330292462347e-01 -2.892020941231855380e-01 5.289846393771777677e-01
-6.554193110955910395e-01 7.926386691764955028e-01 2.268822453820956431e-01 -2.892020941231855380e-01 5.289877762399375349e-01
-6.563249766679556396e-01 7.925841987082228313e-01 2.269913183099254439e-01 -2.892560561723124812e-01 5.289875376225245951e-01
-6.572055674538683778e-01 7.924835200814869252e-01 2.271507066577209411e-01 -2.893040244455831189e-01 5.289893693019834808e-01
-6.588396823845721340e-01 7.924132020034898582e-01 2.273421569838645351e-01 -2.893948812640083079e-01 5.289874723704278692e-01
-6.604439067643390615e-01 7.922197984419024896e-01 2.276564122038688964e-01 -2.895238694022343462e-01 5.289912528294926641e-01
-6.634608747872157153e-01 7.919563504294566680e-01 2.281713390031637201e-01 -2.898987576132682209e-01 5.289954025640856150e-01
-6.661991876247884692e-01 7.916059993059536559e-01 2.289176469636337585e-01 -2.899325339210045982e-01 5.290027602454681066e-01
-6.672117381137041559e-01 7.913770390680830991e-01 2.301045986906772867e-01 -2.883944651481033516e-01 5.290008246036155271e-01
-6.237979812209482056e-01 7.881074429181192942e-01 1.991826269480781175e-01 -2.880061882393479267e-01 5.292507056400649335e-01
-6.359536908251607334e-01 7.874535001364144637e-01 2.001412456653836602e-01 -2.881659542890157577e-01 5.292213577804445457e-01
-6.460687991109460571e-01 7.868829849395476694e-01 2.007688012865831984e-01 -2.898238652001572935e-01 5.292161368062082705e-01
-6.489729801819914545e-01 7.867178086618683563e-01 2.012488027576848915e-01 -2.892827201817854688e-01 5.291996276892703133e-01
-6.505342424841632498e-01 7.864872451626517824e-01 2.015839877846320183e-01 -2.889026699971233847e-01 5.291960431533170306e-01
-6.515120527288511543e-01 7.863149895349521579e-01 2.017657820250639000e-01 -2.889336309842961414e-01 5.291999470365166269e-01
-6.525492787528818228e-01 7.861848489238725257e-01 2.019134787178674673e-01 -2.889987425235427954e-01 5.292024061616603658e-01
-6.535518229614561969e-01 7.861123992555838491e-01 2.020142355999575146e-01 -2.890721177226919236e-01 5.292025868956246049e-01
-6.545001482711250151e-01 7.860081846368012215e-01 2.021484644354587246e-01 -2.891409788478170317e-01 5.292040565557812881e-01
-6.554193110955910395e-01 7.859104468952693434e-01 2.022808886881669876e-01 -2.892020941231855380e-01 5.292053290429183932e-01
-6.563249766679556396e-01 7.858559755661098656e-01 2.023784792070188743e-01 -2.892560561723124812e-01 5.292049925816409983e-01
-6.572055674538683778e-01 7.857550039092461303e-01 2.025207667164992398e-01 -2.893040244455831189e-01 5.292066018216668999e-01
-6.588396823845721340e-01 7.856854394437716715e-01 2.026919220661466403e-01 -2.893948812640083079e-01 5.292045763583708151e-01
-6.604439067643390615e-01 7.854916929233710654e-01 2.029720629443062807e-01 -2.895238694022343462e-01 5.292078949261175280e-01
-6.634608747872157153e-01 7.852257716151651579e-01 2.034384163978752158e-01 -2.898987576132682209e-01 5.292115882552046457e-01
-6.661991876247884692e-01 7.848671287224880944e-01 2.041278452097686491e-01 -2.899325339210045982e-01 5.292186817287890532e-01
-6.672117381137041559e-01 7.846348285527421362e-01 2.052256286913738681e-01 -2.883944651481033516e-01 5.292167999092295405e-01
-4.689203933794454660e-01 5.817831123258235815e-01 1.750368357645109008e-01 2.132271005853043355e-01 5.357462169170765787e-01
-5.112461201703106806e-01 5.757434784538660866e-01 1.757966755329605502e-01 2.071016134618091364e-01 5.357286082994882070e-01
-5.288952939066695613e-01 5.734983503004618122e-01 1.763275385626912883e-01 1.939725856607550369e-01 5.357218457188832605e-01
-5.487766628728520946e-01 5.709012368853525476e-01 1.767194303834357660e-01 1.975406404617697231e-01 5.357149051199809886e-01
-5.602503587856432210e-01 5.690254785242192526e-01 1.770132179573189191e-01 2.008521432384839378e-01 5.357156613985916138e-01
-5.626110198695599696e-01 5.685367268535567176e-01 1.771728757951877564e-01 2.011374009258313778e-01 5.357156534997037367e-01
-5.646733777956579603e-01 5.681782470984413358e-01 1.773023933644076178e-01 2.011941415181797144e-01 5.357155478439520335e-01
-5.665967278505212867e-01 5.679340868574488388e-01 1.773909477700470472e-01 2.011508181807863949e-01 5.357155092720387035e-01
-5.683894833456668572e-01 5.676595483567425937e-01 1.775088987806685836e-01 2.011017750073877119e-01 5.357155135831467296e-01
-5.699905221642045383e-01 5.674089964516676465e-01 1.776243949730261784e-01 2.011187213903544158e-01 5.357152624620249437e-01
-5.713742725900964325e-01 5.672457841947431412e-01 1.777087770398068090e-01 2.012286974681769258e-01 5.357146470509154268e-01
-5.725561829118460677e-01 5.670555929794237615e-01 1.778317519528658242e-01 2.013748879499044908e-01 5.357140706521487106e-01
-5.742225601279691283e-01 5.670028140389117288e-01 1.779808564134661708e-01 2.014939001880582115e-01 5.357142991758141459e-01
-5.745334959322854207e-01 5.669505699902541718e-01 1.782234424483324087e-01 2.015102508933918901e-01 5.357142510364794052e-01
-5.722115214580864029e-01 5.673083485072100141e-01 1.786382728548628618e-01 2.010405713420741758e-01 5.357155079418824961e-01
-5.658034526456862112e-01 5.680322625984656204e-01 1.792701045788550052e-01 2.017509481559388584e-01 5.357168985517166693e-01
-5.487675965257867716e-01 5.702134819057940174e-01 1.802715415034849000e-01 2.097813234300777152e-01 5.357134156472128650e-01
-4.689203933794454660e-01 5.966248842347111614e-01 1.632850056099079683e-01 2.132271005853043355e-01 5.357409587144451590e-01
-5.112461201703106806e-01 5.907698864962408480e-01 1.638847723127336009e-01 2.071016134618091364e-01 5.357214793462786728e-01
-5.288952939066695613e-01 5.885554052536269287e-01 1.643514255308728411e-01 1.939725856607550369e-01 5.357140075705044691e-01
-5.487766628728520946e-01 5.860547968134489638e-01 1.646651627867702361e-01 1.975406404617697231e-01 5.357063004193161060e-01
-5.602503587856432210e-01 5.842108566790480406e-01 1.649182784962890946e-01 2.008521432384839378e-01 5.357070019973101394e-01
-5.626110198695599696e-01 5.837268408188228674e-01 1.650629022556243664e-01 2.011374009258313778e-01 5.357069630182816899e-01
-5.646733777956579603e-01 5.833717381633393151e-01 1.651813825334192964e-01 2.011941415181797144e-01 5.357068263088440307e-01
-5.665967278505212867e-01 5.831303208881486455e-01 1.652626997146281196e-01 2.011508181807863949e-01 5.357067694187321871e-01
-5.683894833456668572e-01 5.828596612399358223e-01 1.653709966139813026e-01 2.011017750073877119e-01 5.357067565741815418e-01
-5.699905221642045383e-01 5.826139403839635245e-01 1.654759616166739944e-01 2.011187213903544158e-01 5.357064674762086476e-01
-5.713742725900964325e-01 5.824549784248306272e-01 1.655518816020056239e-01 2.012286974681769258e-01 5.357057884817396642e-01
-5.725561829118460677e-01 5.822713648216201188e-01 1.656631728392530534e-01 2.013748879499044908e-01 5.357051489740031203e-01
-5.742225601279691283e-01 5.822248707472854612e-01 1.658005919968270625e-01 2.014939001880582115e-01 5.357053895171327573e-01
-5.745334959322854207e-01 5.821825845781805064e-01 1.660224150151612676e-01 2.015102508933918901e-01 5.357053267146578701e-01
-5.722115214580864029e-01 5.825412538599622492e-01 1.664129278491662256e-01 2.010405713420741758e-01 5.357067028548454513e-01
-5.658034526456862112e-01 5.832587712571782879e-01 1.670240423042320399e-01 2.017509481559388584e-01 5.357082477184250680e-01
-5.487675965257867716e-01 5.854695626230547179e-01 1.679772824631595440e-01 2.097813234300777152e-01 5.357045678822087709e-01
4.810228483665002219e-02 6.386219369887931041e-01 1.439015632534989542e-01 3.827550466553322206e-01 5.364482343079123305e-01
4.892012274846928993e-02 6.352788716517415724e-01 1.442709730680342695e-01 3.704975052096956545e-01 5.364419416884120828e-01
4.989573861314243464e-02 6.338453205246611377e-01 1.446390527719613739e-01 3.596781629960199567e-01 5.364400513292421069e-01
4.999116432740576682e-02 6.329993814878154268e-01 1.448379738513457526e-01 3.572306466924181634e-01 5.364330030734504318e-01
5.014988986831383361e-02 6.321931452719792288e-01 1.450256122676167603e-01 3.564616224515173015e-01 5.364324545021743607e-01
5.023947397195526604e-02 6.319155230633620723e-01 1.451455189767933140e-01 3.563743233144140987e-01 5.364318243385505225e-01
5.032540997850446646e-02 6.317447665792627065e-01 1.452459364990378587e-01 3.563217982177359633e-01 5.364313852155038198e-01
5.038038697713564940e-02 6.316964376723790409e-01 1.453154089780631653e-01 3.561674956111566259e-01 5.364314333105857369e-01
5.037617102517057827e-02 6.316414623663040295e-01 1.454080284700145220e-01 3.558821946383963208e-01 5.364316734419020127e-01
5.033730840992060168e-02 6.316088692111194725e-01 1.454962183432321476e-01 3.557981492425323911e-01 5.364316468605615507e-01
5.029299774486634123e-02 6.316419781280772083e-01 1.455588190238341628e-01 3.561625093767087913e-01 5.364310829800614799e-01
5.024525670241018066e-02 6.316640352904512312e-01 1.456516831759924746e-01 3.566303364151980348e-01 5.364302741263085039e-01
5.013923506497836025e-02 6.320732148785696003e-01 1.457705754815821209e-01 3.565635733860180179e-01 5.364314419803972722e-01
4.998158440065229857e-02 6.325216544968326193e-01 1.459596941922525482e-01 3.569904066661778730e-01 5.364311025961422397e-01
4.996446720260969837e-02 6.335497548631670028e-01 1.463071276980969504e-01 3.562626304037770364e-01 5.364308511070263741e-01
4.984649626510580245e-02 6.348401577092551706e-01 1.468713601551807080e-01 3.543285595945147026e-01 5.364302585336961915e-01
4.883374063115533681e-02 6.381538760451979098e-01 1.477286471752473074e-01 3.570022334058436386e-01 5.364338702441754370e-01
1.674496453577809353e-03 7.048236419436878508e-01 1.199240884137746654e-01 3.463942564111389122e-01 5.364726662207381924e-01
9.197126127278015947e-04 7.028722046307031013e-01 1.203622874345835619e-01 3.479523426193242841e-01 5.364712123196724303e-01
1.782129113790777771e-04 7.021373558326348130e-01 1.207049337614781725e-01 3.417657738406885692e-01 5.364676832675512319e-01
-2.233059873474798208e-04 7.018891446376792631e-01 1.209168844243932034e-01 3.402862570593004343e-01 5.364635301146036817e-01
-2.594537839288058056e-04 7.017056446674698744e-01 1.210588925587686993e-01 3.387183974495797112e-01 5.364640058928696886e-01
-2.646678126847020374e-04 7.015943420932039265e-01 1.211578326219521773e-01 3.384938056275595963e-01 5.364635921051686962e-01
-2.454051897780869349e-04 7.015403467710448204e-01 1.212434907426642589e-01 3.386263294501024590e-01 5.364630467218171050e-01
-2.145707081720883540e-04 7.015709003226067164e-01 1.213033021707000392e-01 3.387268279241684721e-01 5.364628697847277916e-01
-1.845107844769004388e-04 7.015894099358696012e-01 1.213841015243462967e-01 3.383669573479380355e-01 5.364633642374576628e-01
-1.840874213982086601e-04 7.016352603512943098e-01 1.214622353738461086e-01 3.378458479253658719e-01 5.364641538380090502e-01
-2.277740642907931802e-04 7.017480308927545041e-01 1.215182774049179543e-01 3.375891724400941207e-01 5.364647960202716392e-01
-2.673243003051022277e-04 7.018414436542409485e-01 1.216021249427328838e-01 3.374796437049964459e-01 5.364651486849619788e-01
-2.467221660786796176e-04 7.022782701222270996e-01 1.217106526845262854e-01 3.370728919449767491e-01 5.364670067483696680e-01
-3.448662324307852182e-04 7.027297395120495338e-01 1.218836780174069323e-01 3.372578524497666375e-01 5.364672126150749065e-01
-4.799112894115105648e-04 7.037565133137868578e-01 1.221679213350743559e-01 3.320757928158494243e-01 5.364660857401903904e-01
-5.887223464353876119e-04 7.051028012690235824e-01 1.225820776623129382e-01 3.227271101267302211e-01 5.364631159502818436e-01
-2.339067985716884106e-04 7.081241772412188995e-01 1.232081902436183291e-01 3.164813102070195283e-01 5.364625152592675805e-01
6.403639924318214015e-03 7.277417385508430092e-01 1.099519030903710476e-01 -2.887510661721789385e-01 5.361251966869703400e-01
6.923782946986986944e-03 7.267760725180538728e-01 1.104020556231062600e-01 -2.870412671154375372e-01 5.361269096483851637e-01
7.131244486905065870e-03 7.264481919496633688e-01 1.107073939021879644e-01 -2.847248900901007129e-01 5.361296154407291237e-01
7.260879640444025535e-03 7.264206689504170145e-01 1.108886350075825311e-01 -2.889161791301994575e-01 5.361304419135967114e-01
7.204377845000604734e-03 7.263303011429708134e-01 1.110059098932892341e-01 -2.902417632004705150e-01 5.361303726102805145e-01
7.108493030099968975e-03 7.263008248531845901e-01 1.111032397329638488e-01 -2.903550144585967940e-01 5.361301791367242275e-01
7.037357878847775965e-03 7.263550510250224024e-01 1.111693713844817272e-01 -2.898226910453110539e-01 5.361300044737927761e-01
7.034403991780434524e-03 7.263842429532666456e-01 1.112573668669303018e-01 -2.899041637022409246e-01 5.361301550576234032e-01
7.068391339795428163e-03 7.264421350058771765e-01 1.113433453586267496e-01 -2.906124769168797473e-01 5.361304463257167141e-01
7.102791124591081168e-03 7.265740236671783814e-01 1.114063619342011702e-01 -2.914299782654595772e-01 5.361307892074622661e-01
7.120130089938486902e-03 7.266716133720468873e-01 1.114994110979978387e-01 -2.922705593777359390e-01 5.361312710813146420e-01
7.063953334689390337e-03 7.270993539764932789e-01 1.116146643939360111e-01 -2.941214943526128112e-01 5.361338327583367036e-01
7.034172597663940034e-03 7.274521001689950861e-01 1.118014251729667619e-01 -2.963395931216704637e-01 5.361355573640206318e-01
6.926558194978514431e-03 7.284265263858562545e-01 1.120766407421079219e-01 -3.232154022847427144e-01 5.361381882519303810e-01
6.511402825621502924e-03 7.299642098601215601e-01 1.124190877649661469e-01 -3.675069058362713248e-01 5.361415022456805790e-01
-1.179583414060021186e-03 7.482471347488096614e-01 1.059262698147513115e-01 -1.704006936201464539e-02 5.361354575422061508e-01
-1.026160546341506677e-03 7.476768221566538752e-01 1.065014441269449691e-01 -1.267498094417712079e-02 5.361366134806401229e-01
-9.772201400180988932e-04 7.475832452650321702e-01 1.068988195700269622e-01 -9.338384726088512153e-03 5.361379367440032295e-01
-1.102350345002236836e-03 7.477559231809514095e-01 1.071344267397017908e-01 -9.308830062912037268e-03 5.361404465260843910e-01
-1.081769042226786524e-03 7.477015172272903909e-01 1.072732855164049287e-01 -1.002198268884538571e-02 5.361408170965321629e-01
-1.034874161115714383e-03 7.477131759902495567e-01 1.073851913147384207e-01 -1.127245035051659648e-02 5.361413023408759804e-01
-1.009859681713832624e-03 7.478174889522916091e-01 1.074607630215171777e-01 -1.280142588346135785e-02 5.361421106388241098e-01
-1.009672618049458704e-03 7.478896480129840763e-01 1.075599542869798558e-01 -1.424067077557238624e-02 5.361427564427054815e-01
-1.012920593277549536e-03 7.479809403600650164e-01 1.076554966725899315e-01 -1.557108564560634109e-02 5.361432732530736489e-01
-1.008647301997112750e-03 7.481360452652922044e-01 1.077251024299896859e-01 -1.717373996575802600e-02 5.361439218897326997e-01
-9.793587787499495600e-04 7.482368286825213932e-01 1.078273971007185916e-01 -1.967500578864130045e-02 5.361447631968856431e-01
-8.821446844480229600e-04 7.486470417167715441e-01 1.079509233816571406e-01 -2.630718704832863547e-02 5.361482846738919728e-01
-8.694568053152279194e-04 7.489636323925541461e-01 1.081424106578830896e-01 -2.959136185602434521e-02 5.361497337562660670e-01
-9.687132172473550407e-04 7.498774796307327017e-01 1.084176713380569090e-01 -3.387628085226693925e-02 5.361526025547598273e-01
-1.177453709854967738e-03 7.512419272871733167e-01 1.087467809030937121e-01 -4.013786269933105472e-02 5.361573413566105284e-01
-6.954569580490708525e-05 7.632056887655905841e-01 1.092690826921763753e-01 6.839058544181274291e-02 5.364013486695062838e-01
-6.660047424504399833e-05 7.633492503190301148e-01 1.097632564861469040e-01 5.922976766050317560e-02 5.364046463081063587e-01
-1.534338335301725024e-04 7.636736472581807655e-01 1.100521722811954733e-01 5.067612911867278025e-02 5.364082583601875731e-01
-1.645540983358768732e-04 7.636581773335152645e-01 1.102152818800635620e-01 4.888297147687112321e-02 5.364082421554722258e-01
-1.574039826364984529e-04 7.637053594279676894e-01 1.103470164884895466e-01 4.718612489157544138e-02 5.364084622148458381e-01
-1.405703007206952980e-04 7.638408772351497067e-01 1.104350251678105077e-01 4.550993921518272506e-02 5.364091885367306967e-01
-1.313301542555511540e-04 7.639310929927296545e-01 1.105497488854591398e-01 4.419225147214184135e-02 5.364096547732795095e-01
-1.345437920060506840e-04 7.640331983873589472e-01 1.106604722663642459e-01 4.333902737656227661e-02 5.364101792184080564e-01
-1.401858764541154202e-04 7.641957870873601344e-01 1.107409967403158585e-01 4.273367837227150939e-02 5.364110673717799038e-01
-1.409241523824263196e-04 7.642949796451761202e-01 1.108565043873344091e-01 4.217805018006852424e-02 5.364116540595823546e-01
-1.276789460732688183e-04 7.646863440657735156e-01 1.109904759123543916e-01 4.109889173898652326e-02 5.364139502823136452e-01
-1.189165009262059492e-04 7.649392401561556643e-01 1.112002263890212728e-01 4.054113731549914557e-02 5.364153721870597025e-01
-1.050665888495514220e-04 7.656934707333152845e-01 1.114982278564819740e-01 4.017836760638844595e-02 5.364195943402852995e-01
