-7.512577453543291262e-02 8.272375974211765293e-01 1.574914499698167325e-01 -5.188983315091540149e-02 5.315417893343467037e-01
-7.512577453543291262e-02 8.216965851246175179e-01 1.513665805289876320e-01 -5.188983315091540149e-02 5.316295627158722503e-01
-7.512577453543291262e-02 8.162861707288939783e-01 1.451521121256500180e-01 -5.188983315091540149e-02 5.317308563480310779e-01
-7.512577453543291262e-02 8.110016142013072304e-01 1.388458375781125576e-01 -5.188983315091540149e-02 5.318452033768995557e-01
-7.512577453543291262e-02 8.058387285734035510e-01 1.324459483322399933e-01 -5.188983315091540149e-02 5.319721399786400129e-01
-7.512577453543291262e-02 7.983132741933751664e-01 1.226656214543455359e-01 -5.188983315091540149e-02 5.321851788120303128e-01
-8.190709726719411221e-02 7.941845975737430452e-01 1.146613952837840095e-01 -2.230758191771764209e-01 5.333036218230443604e-01
-8.190709726719411221e-02 7.951091265013262577e-01 1.140454457419677325e-01 -2.230758191771764209e-01 5.332999642459853584e-01
-7.841060654936218843e-02 7.902690028966884439e-01 1.136012948277370094e-01 -2.274377553907137584e-01 5.336231929208410385e-01
-6.536421407554736385e-02 7.934826798956340355e-01 1.170900525010589860e-01 -1.322943751159963155e-01 5.327038035623200551e-01
-6.967895053370309899e-02 7.944509501893659564e-01 1.163656881917852493e-01 -1.733211094743669356e-01 5.325189517430746200e-01
-7.547706818899171943e-02 7.910493834305368788e-01 1.141705449195975913e-01 -2.481790168741874469e-01 5.328839356837747898e-01
-8.163932570022199020e-02 7.856883699544929822e-01 1.155970667472110830e-01 -2.348676790049981644e-01 5.327052094183645226e-01
-1.086811473127766714e-01 7.616224683729255762e-01 1.224386337982332484e-01 -1.784768453714628278e-01 5.324106154966817828e-01
-2.189712256036576155e-01 6.666234225690619297e-01 1.360181986215588945e-01 -7.880484536189151512e-02 5.325908700737332913e-01
-7.512577453543291262e-02 8.994156847519612086e-01 1.600275873174260288e-01 -5.188983315091540149e-02 5.314094119129710858e-01
-7.512577453543291262e-02 8.957701347559009486e-01 1.533523226873478584e-01 -5.188983315091540149e-02 5.313628991060829199e-01
-7.512577453543291262e-02 8.920692035034094580e-01 1.465702280210391395e-01 -5.188983315091540149e-02 5.313334774707321184e-01
-7.512577453543291262e-02 8.883114803579443830e-01 1.396784703696677399e-01 -5.188983315091540149e-02 5.313224299253781480e-01
-7.512577453543291262e-02 8.844957794249520555e-01 1.326746309882504693e-01 -5.188983315091540149e-02 5.313311267084979139e-01
-7.512577453543291262e-02 8.786603513510431451e-01 1.219522879168395135e-01 -5.188983315091540149e-02 5.313844160691190144e-01
-8.190709726719411221e-02 8.867705753928983858e-01 1.130507168977720051e-01 -2.230758191771764209e-01 5.329853826883085288e-01
-8.190709726719411221e-02 8.894948631888921486e-01 1.120688506121373940e-01 -2.230758191771764209e-01 5.329894239567154468e-01
-7.841060654936218843e-02 8.893377071263466327e-01 1.111896848865900206e-01 -2.274377553907137584e-01 5.334206076040053368e-01
-6.536421407554736385e-02 8.870303910489574228e-01 1.152694952556177627e-01 -1.322943751159963155e-01 5.319188063434734381e-01
-6.967895053370309899e-02 8.842727082928116822e-01 1.139983159663547768e-01 -1.733211094743669356e-01 5.316671288420385943e-01
-7.547706818899171943e-02 8.849155703106642568e-01 1.108135333871650557e-01 -2.481790168741874469e-01 5.322219827388626756e-01
-8.163932570022199020e-02 8.809474854766841112e-01 1.119972300817991956e-01 -2.348676790049981644e-01 5.318485201492798575e-01
-1.086811473127766714e-01 8.628178463697172562e-01 1.197828746002126271e-01 -1.784768453714628278e-01 5.311274706413725566e-01
-2.189712256036576155e-01 7.830337713874434558e-01 1.377615899221261708e-01 -7.880484536189151512e-02 5.312198864289944256e-01
-9.902303927653023641e-02 8.337695731802721166e-01 1.465737997937738291e-01 1.002193140983189817e-01 5.337082750443316037e-01
-9.902303927653023641e-02 8.288244706714495980e-01 1.402175263339153766e-01 1.002193140983189817e-01 5.337359276984571244e-01
-9.902303927653023641e-02 8.237792203935617730e-01 1.337659692040644721e-01 1.002193140983189817e-01 5.337683103767905113e-01
-9.902303927653023641e-02 8.186305409518045417e-01 1.272167369198007048e-01 1.002193140983189817e-01 5.338058500376157145e-01
-9.902303927653023641e-02 8.133754405009208099e-01 1.205678419929659684e-01 1.002193140983189817e-01 5.338490124616603882e-01
-9.902303927653023641e-02 8.052855723957661471e-01 1.104022513977864911e-01 1.002193140983189817e-01 5.339254357096048231e-01
-2.139634669629054131e-01 7.784617221658702846e-01 1.007192197589753951e-01 -1.494120996567860609e-03 5.356991293279383948e-01
-2.139634669629054131e-01 7.838296620770209833e-01 9.915372669550939766e-02 -1.494120996567860609e-03 5.357052358739220477e-01
-2.507749430418551029e-01 7.748659707790871431e-01 9.720852341041442968e-02 5.449138712489986353e-02 5.363717718895791853e-01
-8.559702906065559669e-02 7.817017285609646482e-01 9.905210272541048466e-02 1.567927704478620232e-01 5.350426821418767798e-01
-7.520524869495293085e-02 7.832475730280655801e-01 9.714525029583723215e-02 1.911042805660551069e-01 5.349268161909641606e-01
-1.326676560746183064e-01 7.814005633992540112e-01 9.357742716661379689e-02 3.024260790289957090e-01 5.358863292517553889e-01
-1.346530544893830006e-01 7.765237224705912045e-01 9.453742306113967209e-02 3.444772181269245559e-01 5.358216190920501720e-01
-1.840411653917043144e-01 7.558029636396219608e-01 1.035471284344177678e-01 3.756870217249562716e-01 5.355679281607803599e-01
-3.419155313991503742e-01 6.690909807378795371e-01 1.237848131815081354e-01 3.166499197292168555e-01 5.348076897139453223e-01
-7.089039387062905095e-02 7.072392754318533870e-01 1.304441957484884784e-01 2.655446523238414250e-02 5.334544387352438966e-01
-7.089039387062905095e-02 7.004277032198076292e-01 1.245660636736463517e-01 2.655446523238414250e-02 5.335288140104096355e-01
-7.089039387062905095e-02 6.935049556959264061e-01 1.186080096941609929e-01 2.655446523238414250e-02 5.336066616812165098e-01
-7.089039387062905095e-02 6.864680349944719540e-01 1.125682093080888485e-01 2.655446523238414250e-02 5.336882190265116455e-01
-7.089039387062905095e-02 6.793143338161032885e-01 1.064451660363714136e-01 2.655446523238414250e-02 5.337737394926128642e-01
-7.089039387062905095e-02 6.683580257751849940e-01 9.710040398277543228e-02 2.655446523238414250e-02 5.339100728514301064e-01
-7.087695861637097194e-02 6.637572167984908678e-01 8.860629266564139239e-02 -5.327063228269587891e-02 5.356715084776095814e-01
-7.087695861637097194e-02 6.721790157995712889e-01 8.646394771825395564e-02 -5.327063228269587891e-02 5.356704021634516311e-01
-5.009887485609799962e-02 5.638161295280572638e-01 8.343815929437424506e-02 4.141173988622769836e-02 5.363964536684803219e-01
-2.566998006431161494e-01 4.942685535008823350e-01 8.284310739965704273e-02 1.511311373562692073e-01 5.357530557412920613e-01
-8.826802901703593995e-02 5.567973578760793130e-01 8.027244354000805104e-02 1.151844567671390790e-01 5.354665547282562166e-01
-3.375020431322542369e-02 5.416935987196049851e-01 7.637849552946279763e-02 8.075726046125973889e-01 5.361510780766386430e-01
-3.188477973112265745e-02 5.064114308829613664e-01 7.720819596270898921e-02 1.726635582796103963e+00 5.360624504214027697e-01
-2.084992222074955048e-01 5.079033078846083571e-01 8.757580979783494146e-02 8.174400843699998198e-01 5.359980662691402609e-01
-5.588684424506511483e-01 5.123187324562222811e-01 1.096786445204431526e-01 4.925781201679211296e-01 5.356350623520349519e-01
-7.089039387062905095e-02 7.203393714993654440e-01 1.250286979021267009e-01 2.655446523238414250e-02 5.333272968999681618e-01
-7.089039387062905095e-02 7.137862648239408081e-01 1.193313786771444673e-01 2.655446523238414250e-02 5.334053349076673944e-01
-7.089039387062905095e-02 7.071183644579400740e-01 1.135594920587535694e-01 2.655446523238414250e-02 5.334870932493372964e-01
-7.089039387062905095e-02 7.003324192120573555e-01 1.077113385573231913e-01 2.655446523238414250e-02 5.335728308447144075e-01
-7.089039387062905095e-02 6.934254583345176304e-01 1.017856136888208723e-01 2.655446523238414250e-02 5.336628225950698079e-01
-7.089039387062905095e-02 6.828306424089025661e-01 9.274785707228738740e-02 2.655446523238414250e-02 5.338064637553825431e-01
-7.087695861637097194e-02 6.785376031661055629e-01 8.441142118421911256e-02 -5.327063228269587891e-02 5.356693869447129996e-01
-7.087695861637097194e-02 6.861784694397030648e-01 8.205955187539715201e-02 -5.327063228269587891e-02 5.356687708335341469e-01
-5.009887485609799962e-02 5.790241776681189778e-01 7.853778657384842543e-02 4.141173988622769836e-02 5.364384121305167952e-01
-2.566998006431161494e-01 5.136287901193475891e-01 7.614181355429842923e-02 1.511311373562692073e-01 5.357426576588171230e-01
-8.826802901703593995e-02 5.817585494133357127e-01 7.306237479529055501e-02 1.151844567671390790e-01 5.354272069845027460e-01
-3.375020431322542369e-02 5.686384275924782905e-01 6.924055150787775115e-02 8.075726046125973889e-01 5.361886756145594068e-01
-3.188477973112265745e-02 5.311991275428444848e-01 7.077933261862770498e-02 1.726635582796103963e+00 5.360849709694314180e-01
-2.084992222074955048e-01 5.247690843488872492e-01 8.278755558882155974e-02 8.174400843699998198e-01 5.360084844049958219e-01
-5.588684424506511483e-01 5.289001790655039059e-01 1.035039567624318063e-01 4.925781201679211296e-01 5.356198487079092407e-01
5.491557560753587437e-04 7.471736911848347873e-01 1.206971142774762723e-01 -2.324606330055556131e-04 5.341736279920853425e-01
5.491557560753587437e-04 7.410804783660579487e-01 1.151652144797981892e-01 -2.324606330055556131e-04 5.342192304880399867e-01
5.491557560753587437e-04 7.348744143404448703e-01 1.095633729027541553e-01 -2.324606330055556131e-04 5.342676343499044300e-01
5.491557560753587437e-04 7.285520703846618540e-01 1.038900384828428669e-01 -2.324606330055556131e-04 5.343190575504160877e-01
5.491557560753587437e-04 7.221104581110134868e-01 9.814405276608791084e-02 -2.324606330055556131e-04 5.343737347445860486e-01
5.491557560753587437e-04 7.122164147139311563e-01 8.938546147767417738e-02 -2.324606330055556131e-04 5.344624288653704314e-01
-9.947760114916454066e-02 7.138908887867119191e-01 8.163208933337985640e-02 -7.292400266640879092e-02 5.363566298989661529e-01
-9.947760114916454066e-02 7.200330362080040736e-01 7.920640522553927532e-02 -7.292400266640879092e-02 5.363807851696489326e-01
-6.779691089954417715e-02 6.250664122838024417e-01 7.539081477072767656e-02 2.570695261631042797e-02 5.365063671278756940e-01
-3.056618669380496353e-02 5.433057019283334954e-01 7.128807552004515213e-02 1.169452580630521016e-01 5.359784676626833111e-01
-4.141164736862839452e-02 6.271778414705743154e-01 6.756451558057050000e-02 3.438916525604579499e-02 5.357233141834791823e-01
5.769813922600610517e-02 6.080125050175958501e-01 6.409623594838356753e-02 5.537739720533219057e-01 5.362080535647198998e-01
6.493641991826383519e-02 5.639877875453990219e-01 6.662635985237343184e-02 8.238864815098969618e-01 5.359843352046522735e-01
-5.877001423622902482e-02 5.403125064589714421e-01 7.989960547909623345e-02 4.050776294908153830e-01 5.359456538052969066e-01
-2.517679703288270843e-01 5.464039112479178728e-01 9.694955102327329488e-02 7.056636205668276318e-01 5.361075494518451334e-01
1.911031115239352277e-02 7.438477842864189560e-01 1.225886649589966321e-01 -1.102555257348467391e-02 5.339697257828809329e-01
1.911031115239352277e-02 7.376656514985050483e-01 1.169989081758442684e-01 -1.102555257348467391e-02 5.340236019948682022e-01
1.911031115239352277e-02 7.313756254543789526e-01 1.113375649444043464e-01 -1.102555257348467391e-02 5.340804831060622648e-01
1.911031115239352277e-02 7.249746631318042533e-01 1.056030533304143648e-01 -1.102555257348467391e-02 5.341405902869023059e-01
1.911031115239352277e-02 7.184600009492237982e-01 9.979416380594229030e-02 -1.102555257348467391e-02 5.342041603237798197e-01
1.911031115239352277e-02 7.084678019884519395e-01 9.093784899028767299e-02 -1.102555257348467391e-02 5.343065902441672677e-01
-5.485663352930522652e-02 7.092416489379390621e-01 8.322617408622484669e-02 -7.785148426030889801e-02 5.360844542423014447e-01
-5.485663352930522652e-02 7.145229640482683164e-01 8.093157256607924621e-02 -7.785148426030889801e-02 5.360982070195478011e-01
1.782666841670843549e-02 6.213911065706386738e-01 7.726626557205820700e-02 3.433895068589998961e-02 5.360813633033950643e-01
2.443292366791470147e-02 5.440672288052543770e-01 7.285777103941072641e-02 1.364851612191634311e-01 5.357707093873023130e-01
-3.701277513767246841e-02 6.191970686357700648e-01 6.893703895146688354e-02 8.910743916249858586e-04 5.356060420696860946e-01
3.043072602467480556e-02 6.021152811051989628e-01 6.629440376603783214e-02 3.740253038264182983e-01 5.358616225287584633e-01
1.515720816569581311e-02 5.621205509692285274e-01 6.988904496436787461e-02 3.748832570498169536e-01 5.357006600654558026e-01
-3.367934974447852475e-02 5.464788379045474320e-01 8.249753151344356439e-02 5.516461718608106461e-03 5.357963968954004841e-01
-5.373215059843314961e-02 5.713769173327727380e-01 9.240251420673294136e-02 5.937595498649597126e-01 5.362373981612574836e-01
3.645059601805195754e-02 7.108525641903291614e-01 1.270333980043671096e-01 6.241113998476848466e-03 5.338912408072106208e-01
3.645059601805195754e-02 7.042119034848317582e-01 1.211917180128629368e-01 6.241113998476848466e-03 5.339503252404300682e-01
3.645059601805195754e-02 6.974441598259187858e-01 1.152714316335750055e-01 6.241113998476848466e-03 5.340124459287336478e-01
3.645059601805195754e-02 6.905453859575083619e-01 1.092707336973816057e-01 6.241113998476848466e-03 5.340778287650693734e-01
3.645059601805195754e-02 6.835119908957182355e-01 1.031881971052527464e-01 6.241113998476848466e-03 5.341467166905184971e-01
3.645059601805195754e-02 6.727004118120174514e-01 9.390689513675046229e-02 6.241113998476848466e-03 5.342572220797716653e-01
-5.325026120309257760e-02 6.831585564197930616e-01 8.586532272240564312e-02 -4.411687881113582343e-02 5.359430298605416532e-01
-5.325026120309257760e-02 6.885202199932554112e-01 8.364114471482356206e-02 -4.411687881113582343e-02 5.359504647372276276e-01
-4.508552276724409752e-03 6.243225911075158674e-01 8.014150777529437109e-02 6.219817204057786347e-02 5.360424174383151552e-01
4.311916233766136496e-03 5.612665807667170936e-01 7.635064410592803941e-02 2.537319981568049720e-01 5.358453576045709710e-01
-4.164959773146687666e-02 6.025213041759540644e-01 7.306283116186559901e-02 -1.486757120004257061e-02 5.356159344884106055e-01
-7.792498639847768652e-03 5.937458789987491992e-01 7.139292822020441853e-02 2.455340119141252442e-01 5.358024366191089793e-01
-2.722367740761504756e-02 5.649307441111778294e-01 7.551914521915595313e-02 1.936372248517126138e-01 5.357147654516608570e-01
-4.080758605775879760e-02 5.610508886859798539e-01 8.595968217136233658e-02 -1.901394750841867987e-01 5.359001924233773861e-01
-2.403264762561345674e-03 6.130257904916671663e-01 8.916776197604449339e-02 1.413613202707638405e-01 5.362319559498242016e-01
6.090847926455213168e-02 6.766402948489110836e-01 1.337809719187373625e-01 2.980680062763687091e-02 5.341338276619348457e-01
6.090847926455213168e-02 6.698172560740993653e-01 1.274738426316896212e-01 2.980680062763687091e-02 5.341837033051068939e-01
6.090847926455213168e-02 6.628133780167150269e-01 1.210743049331028665e-01 2.980680062763687091e-02 5.342364271940613918e-01
6.090847926455213168e-02 6.556211256223221095e-01 1.145800848018813656e-01 2.980680062763687091e-02 5.342922448316669293e-01
6.090847926455213168e-02 6.482330336797855752e-01 1.079892910977046094e-01 2.980680062763687091e-02 5.343514261552151368e-01
6.090847926455213168e-02 6.367655141252621664e-01 9.791693922791436244e-02 2.980680062763687091e-02 5.344471823636441909e-01
-2.784480355158940740e-02 6.467510968490871592e-01 8.923555001208985371e-02 5.987620686147908378e-02 5.359076735344924236e-01
-2.784480355158940740e-02 6.522590364827943743e-01 8.701138085738327477e-02 5.987620686147908378e-02 5.359123113633369462e-01
-1.058168924819695607e-03 6.103877821056853392e-01 8.360620800273158015e-02 8.283891560918109354e-02 5.360042527000016266e-01
-1.708858108438565801e-03 5.641180289014502414e-01 8.070023779510564210e-02 4.924926765678507845e-01 5.359305537971575939e-01
-3.350058102168390617e-02 5.830404167839623453e-01 7.871811069683756767e-02 -5.823852283437938072e-03 5.357223790887818415e-01
-1.737156200781811433e-02 5.771821133956719363e-01 7.839897775399307100e-02 2.386046863225251558e-01 5.358275612046085046e-01
-2.657585496226592264e-02 5.576064053332364656e-01 8.223074172472252807e-02 1.899518911387791387e-01 5.357985925709862762e-01
-1.809762327981879679e-02 5.660420482823081967e-01 8.879916643905340357e-02 -2.117402519671419125e-01 5.359961509848122363e-01
3.719111781376008372e-03 6.422621569285863474e-01 8.591560844074665193e-02 -4.548593323391317972e-02 5.362057645018715180e-01
4.161457938611107243e-02 6.433669229370043707e-01 1.436646670726498543e-01 4.924734609048344453e-02 5.345078922120599652e-01
4.161457938611107243e-02 6.367236242154370451e-01 1.367001501011079756e-01 4.924734609048344453e-02 5.345436798259329825e-01
4.161457938611107243e-02 6.298317407868831985e-01 1.296215305992933775e-01 4.924734609048344453e-02 5.345818813573153250e-01
4.161457938611107243e-02 6.226767983245610205e-01 1.224257459810879356e-01 4.924734609048344453e-02 5.346227470533699844e-01
4.161457938611107243e-02 6.152437072667215068e-01 1.151101250790679681e-01 4.924734609048344453e-02 5.346665593375152792e-01
4.161457938611107243e-02 6.035356069097739251e-01 1.039049663045870653e-01 4.924734609048344453e-02 5.347385300504601258e-01
-2.503690135559443700e-03 5.896514522218908594e-01 9.428912159929735137e-02 8.194907535754135663e-01 5.358883788235484502e-01
-2.503690135559443700e-03 5.960042083210961295e-01 9.197026476337696876e-02 8.194907535754135663e-01 5.358908363644231398e-01
-7.192447531221569099e-05 5.815209411153277053e-01 8.855079007646825262e-02 1.141668590204692885e-01 5.359542800049839073e-01
-5.339602051086978982e-03 5.607379592035706128e-01 8.672850087470564129e-02 1.669598289829994364e+00 5.359969602881410333e-01
-1.848257629972350005e-02 5.646984464977503615e-01 8.589661591186106837e-02 1.339699214442018754e-02 5.358688930741475343e-01
-1.206294825330687069e-02 5.665626531968562807e-01 8.616890448941015579e-02 3.285898814688048564e-01 5.359132013503383751e-01
-1.042258650583384981e-02 5.626001986262830767e-01 8.830692894678217331e-02 2.986170977215369393e-01 5.359250908690967874e-01
2.599238930193695099e-05 5.864096412067870689e-01 9.001803595814426850e-02 -1.618834821988989203e-01 5.360642508200531564e-01
2.817469427488888869e-03 6.766648918424473802e-01 8.349798382750356351e-02 -9.400001533034940682e-02 5.361503113189634018e-01
2.167529593109129502e-02 6.284894196385383269e-01 1.563466447910406842e-01 2.670281804511078633e-02 5.348450810395035671e-01
2.167529593109129502e-02 6.219872422084258279e-01 1.487467075220461066e-01 2.670281804511078633e-02 5.348699851216933698e-01
2.167529593109129502e-02 6.152023847819643176e-01 1.410087391304348237e-01 2.670281804511078633e-02 5.348967486064722943e-01
2.167529593109129502e-02 6.081156808732288699e-01 1.331286713660982945e-01 2.670281804511078633e-02 5.349255854134703503e-01
2.167529593109129502e-02 6.007068656340341928e-01 1.251028210368685667e-01 2.670281804511078633e-02 5.349567413538881544e-01
2.167529593109129502e-02 5.889394312732419978e-01 1.127813282760572328e-01 2.670281804511078633e-02 5.350084651437524430e-01
8.782494933198955675e-03 5.537717095277157053e-01 1.021686603898762508e-01 1.043534103272373059e+00 5.358923190277375959e-01
8.782494933198955675e-03 5.610506721296715238e-01 9.959258581822820477e-02 1.043534103272373059e+00 5.358943099748563199e-01
4.156398208514979105e-03 5.562454601870678861e-01 9.582067920944757622e-02 4.532128461762668925e-01 5.359283038904101293e-01
-1.605068718130753290e-03 5.520683854533331436e-01 9.405389341746674126e-02 4.258040238498292385e-01 5.360158208124202739e-01
-6.866438372457104970e-03 5.554603593422494656e-01 9.307732383758901551e-02 1.135514807290986632e-02 5.359533189506254791e-01
-4.290349492466508270e-03 5.658115555600866653e-01 9.250871166801212520e-02 3.299772497833493023e-01 5.359758544879809072e-01
-1.316518080526376394e-03 5.780826726357878309e-01 9.214230601064785087e-02 -5.437072291048734157e-02 5.359930311525895608e-01
3.411554297440086685e-03 6.166526635226022846e-01 8.991837184705220309e-02 -1.479565622151511883e-01 5.360683711082373515e-01
1.129392817253195135e-03 7.039757832081444677e-01 8.296172923963945900e-02 9.222868243588640269e-02 5.361343618552922852e-01
1.771938147128008373e-02 6.232987629750801339e-01 1.732854028393308599e-01 -4.359958369128283384e-02 5.351239235905930203e-01
1.771938147128008373e-02 6.170173650519168440e-01 1.649390508233227748e-01 -4.359958369128283384e-02 5.351404880444099454e-01
1.771938147128008373e-02 6.104301092740952450e-01 1.564225986837240179e-01 -4.359958369128283384e-02 5.351584085849961925e-01
1.771938147128008373e-02 6.035138358773539657e-01 1.477304969252810629e-01 -4.359958369128283384e-02 5.351778560405893170e-01
1.771938147128008373e-02 5.962435384099232794e-01 1.388575677829126387e-01 -4.359958369128283384e-02 5.351990291244731468e-01
1.771938147128008373e-02 5.846120545555384407e-01 1.251960976352206600e-01 -4.359958369128283384e-02 5.352345516017726901e-01
8.687180707980135530e-03 5.480759006932446331e-01 1.132080603275898850e-01 5.411816260672890344e-01 5.359010015313828701e-01
8.687180707980135530e-03 5.566630556963411136e-01 1.099250770495778656e-01 5.411816260672890344e-01 5.359035645912837431e-01
5.467208769997396883e-03 5.553877548475620873e-01 1.050516232374571340e-01 3.826905736303736205e-01 5.359146997790580347e-01
8.412687576330457606e-04 5.595186437637594823e-01 1.022689902922756938e-01 1.270486589706202318e-01 5.360065542106249303e-01
-3.848113574453229462e-04 5.665928152163137721e-01 1.003019664159062602e-01 -2.785926984690891006e-02 5.359844343441406700e-01
1.024480146532716032e-04 5.849231099150271618e-01 9.803957272400307121e-02 -8.719515327858799736e-02 5.360022807976174697e-01
1.022806744119524264e-03 6.121220316428425123e-01 9.511257622112909149e-02 -1.075104446884920933e-01 5.360171817342554990e-01
1.604367500001383385e-03 6.593557216413117317e-01 9.056860888798234921e-02 6.764174242676090909e-02 5.360586664777687860e-01
1.256853795777722088e-04 7.302092455663542481e-01 8.488988659214427579e-02 2.787440125507351651e-01 5.361649766578152621e-01
2.585687754829481960e-02 6.360263356492469322e-01 1.943134493135151297e-01 -1.794537328335774895e-01 5.352663958544022771e-01
2.585687754829481960e-02 6.300949579237531406e-01 1.851270303647616633e-01 -1.794537328335774895e-01 5.352783836712667886e-01
2.585687754829481960e-02 6.238438634844946096e-01 1.757288668340196980e-01 -1.794537328335774895e-01 5.352914474610631634e-01
2.585687754829481960e-02 6.172462656946096082e-01 1.661112184553971416e-01 -1.794537328335774895e-01 5.353057345479501627e-01
2.585687754829481960e-02 6.102727670022846107e-01 1.562666578288576802e-01 -1.794537328335774895e-01 5.353214186892016890e-01
2.585687754829481960e-02 5.990339156901925977e-01 1.410559487220343911e-01 -1.794537328335774895e-01 5.353480315901728570e-01
7.109130041277972323e-03 5.746292216469848224e-01 1.273473976019993681e-01 3.947948174162698165e-01 5.359275476880398514e-01
7.109130041277972323e-03 5.848087291109362873e-01 1.229309673959201737e-01 3.947948174162698165e-01 5.359326329321675297e-01
4.406280862767873903e-03 5.918549263746200051e-01 1.162715530778352241e-01 7.222828040665822957e-01 5.359234657883517050e-01
2.312226401702163466e-04 6.015995596719588834e-01 1.117668117506808445e-01 1.082818372713570260e-01 5.360147146902199955e-01
-3.083699971907892133e-04 6.111619839689504952e-01 1.085084966214490687e-01 1.078371496679937369e-01 5.360029065787169644e-01
-2.989050466692240123e-04 6.309203439010361292e-01 1.046547658930784275e-01 8.455035827905374446e-02 5.360195969019430073e-01
-1.538997785821802930e-04 6.610297124827561044e-01 1.000570408201237743e-01 3.059822915224056916e-01 5.360422903845651899e-01
4.983718114241974623e-05 7.031397161588194278e-01 9.484199152739951344e-02 2.899994455700453666e-01 5.361005592779123363e-01
-1.567546973367968377e-04 7.521411229675710741e-01 9.032061834053008165e-02 2.923648774056821220e-01 5.362434208804488511e-01
3.580822500738200381e-02 6.597313907400542687e-01 2.191509178558334880e-01 -2.717305765112044136e-01 5.352350703003614374e-01
3.580822500738200381e-02 6.540071596882045535e-01 2.091836736939090835e-01 -2.717305765112044136e-01 5.352470480799591535e-01
3.580822500738200381e-02 6.479711771990469549e-01 1.989588700194348525e-01 -2.717305765112044136e-01 5.352601265388294838e-01
3.580822500738200381e-02 6.415970547577113381e-01 1.884660191621144176e-01 -2.717305765112044136e-01 5.352744583263964184e-01
3.580822500738200381e-02 6.348557318703941243e-01 1.776948146025308928e-01 -2.717305765112044136e-01 5.352902236282364168e-01
3.580822500738200381e-02 6.239824160777365236e-01 1.609908036896512684e-01 -2.717305765112044136e-01 5.353170443825578939e-01
7.583677305804865411e-03 6.096289922753234114e-01 1.455898397230928898e-01 3.868128178474598555e-01 5.359622047593978200e-01
7.583677305804865411e-03 6.205797797800026716e-01 1.400196890557486584e-01 3.868128178474598555e-01 5.359711603387943279e-01
4.828215331544593279e-03 6.340892360802922179e-01 1.314545793888155234e-01 1.271090155154545265e+00 5.359520903700764061e-01
3.062914478616796392e-04 6.499498178235733059e-01 1.244997132353925368e-01 7.392374844715277060e-02 5.360647545152441573e-01
-5.802711231540238048e-04 6.616888380103901346e-01 1.196422132053897303e-01 9.442979278189714276e-02 5.360622249465807343e-01
-7.584035853663740213e-04 6.786987759462294045e-01 1.147420750138893608e-01 9.070453515306611814e-02 5.360870212995683115e-01
-5.699400635365823621e-04 7.021722206272887901e-01 1.093449187056171196e-01 2.088017510862563153e-01 5.361194699325021462e-01
-2.338970990411781453e-04 7.321808391954144346e-01 1.038199733210766612e-01 2.387672456991664638e-01 5.361896591602497431e-01
-1.732566556850594389e-04 7.644275281215431317e-01 9.876439718864549189e-02 1.916745161572917244e-01 5.363194748797157629e-01
4.697543220462471053e-02 6.846681246053557546e-01 2.480308732672355243e-01 -2.668875721996090133e-01 5.350689765751027727e-01
4.697543220462471053e-02 6.790363598942290579e-01 2.374058798903914969e-01 -2.668875721996090133e-01 5.350846204591278577e-01
4.697543220462471053e-02 6.731215586753632740e-01 2.264765218449026618e-01 -2.668875721996090133e-01 5.351016230987361011e-01
4.697543220462471053e-02 6.669016931773888990e-01 2.152291364710644805e-01 -2.668875721996090133e-01 5.351201610756530780e-01
4.697543220462471053e-02 6.603527032247143991e-01 2.036500621893962970e-01 -2.668875721996090133e-01 5.351404401567916302e-01
4.697543220462471053e-02 6.498523508347057165e-01 1.856260366653013361e-01 -2.668875721996090133e-01 5.351746703642581426e-01
9.599538049225534581e-03 6.407434473585645884e-01 1.686951415006744115e-01 4.197844521401428719e-01 5.359910878512008647e-01
9.599538049225534581e-03 6.518041337193903884e-01 1.620658550867877523e-01 4.197844521401428719e-01 5.360039010384299862e-01
5.956207575958870695e-03 6.668235393668604516e-01 1.516707786015606685e-01 2.664310895313638738e+00 5.359818808142051694e-01
1.286256124687165051e-03 6.866774377953039910e-01 1.418078962995988901e-01 7.919773242738452346e-02 5.361296813254797788e-01
-1.614438545724598264e-04 7.006551557773310623e-01 1.347800692350170915e-01 -3.080897714801366857e-02 5.361510654903046680e-01
-5.293571130611540200e-04 7.153824132893735754e-01 1.287300060935444301e-01 -1.676348552206768927e-01 5.361904086084440246e-01
-4.716412202353992191e-04 7.329753809359539352e-01 1.223260711473558027e-01 -1.035619333179858687e-01 5.362325655530897350e-01
-2.365675883161885988e-04 7.520448312949572500e-01 1.159088249927160974e-01 1.788498953950618670e-02 5.362936473483941313e-01
