5.345523552675418913e-03 9.148122379492232836e-01 1.730793481011063950e-01 -5.125424590482491327e-01 5.432189646079211842e-01
5.342446598177179491e-03 9.146524407847259619e-01 1.741179260650983218e-01 -5.140482692508402396e-01 5.431799032348141321e-01
5.375168033325590164e-03 9.145632376840777678e-01 1.747827125958817951e-01 -5.163566092126389284e-01 5.431599042510789621e-01
5.404998519733938446e-03 9.145220637050999191e-01 1.752400651918566976e-01 -5.203587664170048477e-01 5.431506968718093908e-01
5.445240366782583968e-03 9.145299648144170623e-01 1.755226535254069131e-01 -5.239771885567575671e-01 5.431526129019743632e-01
5.460191828334093680e-03 9.144893875790041093e-01 1.756907213914114252e-01 -5.251808841876657308e-01 5.431454779175168834e-01
5.475429386583570250e-03 9.144656509345265860e-01 1.758297404607779002e-01 -5.263608375329494882e-01 5.431415213680610421e-01
5.490909384927761087e-03 9.144690507423585135e-01 1.759237015434334805e-01 -5.275143218452658100e-01 5.431425436414631935e-01
5.506748975040693696e-03 9.144920013024107064e-01 1.759861722719580635e-01 -5.286415958384113045e-01 5.431471302698598347e-01
5.506748975040693696e-03 9.144539066890328138e-01 1.760483470318547905e-01 -5.286415958384113045e-01 5.431402956459878695e-01
5.523102556975158055e-03 9.144772774151539441e-01 1.761104136323250746e-01 -5.297459438239431329e-01 5.431450263170983783e-01
5.523102556975158055e-03 9.144390758167192379e-01 1.761722239760867004e-01 -5.297459438239431329e-01 5.431382055359393890e-01
5.540045576740194183e-03 9.144436496962818905e-01 1.762646258827111623e-01 -5.308304886897968755e-01 5.431396926143777781e-01
5.557568622122419262e-03 9.144216034244802005e-01 1.763997992731235198e-01 -5.318943648320801909e-01 5.431365568461621329e-01
5.593718862191881386e-03 9.144467076890856472e-01 1.765606226760323139e-01 -5.339275320585721296e-01 5.431427478064752012e-01
5.629135922191322826e-03 9.144045585633230333e-01 1.768232960334901183e-01 -5.357730039396267907e-01 5.431373140957123091e-01
5.708166861506209881e-03 9.143923796737095655e-01 1.772329605473796366e-01 -5.391746262579422133e-01 5.431404558419971051e-01
5.829652884120480223e-03 9.143502418841763513e-01 1.777815039289327437e-01 -5.429594746776558178e-01 5.431426895023523382e-01
6.047791331967793810e-03 9.143095797480762510e-01 1.785709211168757249e-01 -5.478470249912836820e-01 5.431570305476766114e-01
5.345523552675418913e-03 9.113256571643039150e-01 1.689911556213238020e-01 -5.125424590482491327e-01 5.424406848656418978e-01
5.342446598177179491e-03 9.111581976907623392e-01 1.700039542858690633e-01 -5.140482692508402396e-01 5.424062931180896330e-01
5.375168033325590164e-03 9.110647633508918153e-01 1.706525676174301953e-01 -5.163566092126389284e-01 5.423888649690233876e-01
5.404998519733938446e-03 9.110219218546250497e-01 1.711018808600285879e-01 -5.203587664170048477e-01 5.423807224788802506e-01
5.445240366782583968e-03 9.110300913105238152e-01 1.713799578732285722e-01 -5.239771885567575671e-01 5.423825478763604213e-01
5.460191828334093680e-03 9.109880027934121882e-01 1.715455240319211372e-01 -5.251808841876657308e-01 5.423761932087485249e-01
5.475429386583570250e-03 9.109634196958693586e-01 1.716826199372401551e-01 -5.263608375329494882e-01 5.423726760244440559e-01
5.490909384927761087e-03 9.109669846402377313e-01 1.717753728443120464e-01 -5.275143218452658100e-01 5.423736163712257197e-01
5.506748975040693696e-03 9.109908033878800770e-01 1.718370568494921313e-01 -5.286415958384113045e-01 5.423777525256626708e-01
5.506748975040693696e-03 9.109513289635003952e-01 1.718985021501484578e-01 -5.286415958384113045e-01 5.423716209087577900e-01
5.523102556975158055e-03 9.109756000751242366e-01 1.719598485359091489e-01 -5.297459438239431329e-01 5.423758843823159870e-01
5.523102556975158055e-03 9.109360397756393057e-01 1.720209863121272553e-01 -5.297459438239431329e-01 5.423697603831602043e-01
5.540045576740194183e-03 9.109408679103553341e-01 1.721124267043780964e-01 -5.308304886897968755e-01 5.423711084405642424e-01
5.557568622122419262e-03 9.109181361270339838e-01 1.722463239449632255e-01 -5.318943648320801909e-01 5.423683027722903116e-01
5.593718862191881386e-03 9.109443184093893864e-01 1.724057933084973959e-01 -5.339275320585721296e-01 5.423738805476918667e-01
5.629135922191322826e-03 9.109010328756497188e-01 1.726670299268441011e-01 -5.357730039396267907e-01 5.423689484783862369e-01
5.708166861506209881e-03 9.108892361168682283e-01 1.730761042035055264e-01 -5.391746262579422133e-01 5.423716316955728978e-01
5.829652884120480223e-03 9.108469705948657458e-01 1.736262076995621351e-01 -5.429594746776558178e-01 5.423733847485333603e-01
6.047791331967793810e-03 9.108083278349221601e-01 1.744271114391413580e-01 -5.478470249912836820e-01 5.423854628752592388e-01
5.345523552675418913e-03 9.080734604561926382e-01 1.648624001714484588e-01 -5.125424590482491327e-01 5.417459906461064012e-01
5.342446598177179491e-03 9.078983202292749688e-01 1.658488622894734033e-01 -5.140482692508402396e-01 5.417156367045099508e-01
5.375168033325590164e-03 9.078006427886460283e-01 1.664809433793784377e-01 -5.163566092126389284e-01 5.417004161356216985e-01
5.404998519733938446e-03 9.077562496383414503e-01 1.669220215264698159e-01 -5.203587664170048477e-01 5.416932241433862760e-01
5.445240366782583968e-03 9.077647123536674023e-01 1.671954915864727886e-01 -5.239771885567575671e-01 5.416949703945935779e-01
5.460191828334093680e-03 9.077212513122926429e-01 1.673584967481375196e-01 -5.251808841876657308e-01 5.416893223288372639e-01
5.475429386583570250e-03 9.076959435952045574e-01 1.674936233695806242e-01 -5.263608375329494882e-01 5.416862058134167546e-01
5.490909384927761087e-03 9.076996907043071161e-01 1.675851387698643336e-01 -5.275143218452658100e-01 5.416870782291124398e-01
5.506748975040693696e-03 9.077243429707219091e-01 1.676460269603654019e-01 -5.286415958384113045e-01 5.416908134368770833e-01
5.506748975040693696e-03 9.076836150607581200e-01 1.677067147185813956e-01 -5.286415958384113045e-01 5.416853192028020514e-01
5.523102556975158055e-03 9.077087433012301920e-01 1.677673230760994283e-01 -5.297459438239431329e-01 5.416891676698586400e-01
5.523102556975158055e-03 9.076679595257147737e-01 1.678277714468386084e-01 -5.297459438239431329e-01 5.416836774548494660e-01
5.540045576740194183e-03 9.076730760417813793e-01 1.679182361118801425e-01 -5.308304886897968755e-01 5.416849112237678288e-01
5.557568622122419262e-03 9.076497956472950879e-01 1.680508041580852929e-01 -5.318943648320801909e-01 5.416824168622812463e-01
5.593718862191881386e-03 9.076770929031641177e-01 1.682088937303140852e-01 -5.339275320585721296e-01 5.416874672451417183e-01
5.629135922191322826e-03 9.076330020717854330e-01 1.684686508174809694e-01 -5.357730039396267907e-01 5.416830400669702117e-01
5.708166861506209881e-03 9.076220857601311476e-01 1.688771117111265430e-01 -5.391746262579422133e-01 5.416854252534966108e-01
5.829652884120480223e-03 9.075805814441547659e-01 1.694287786915524285e-01 -5.429594746776558178e-01 5.416869388235331373e-01
6.047791331967793810e-03 9.075457879280773854e-01 1.702413619251884613e-01 -5.478470249912836820e-01 5.416974310107957047e-01
5.345523552675418913e-03 9.050326849014118658e-01 1.606923520344776812e-01 -5.125424590482491327e-01 5.411249985265070839e-01
5.342446598177179491e-03 9.048499066767299315e-01 1.616518975129711821e-01 -5.140482692508402396e-01 5.410981465784130418e-01
5.375168033325590164e-03 9.047479682349112151e-01 1.622670586751728539e-01 -5.163566092126389284e-01 5.410848260317262515e-01
5.404998519733938446e-03 9.047021437134272759e-01 1.626997218276830803e-01 -5.203587664170048477e-01 5.410784829304179366e-01
5.445240366782583968e-03 9.047109082996250828e-01 1.629684769729337901e-01 -5.239771885567575671e-01 5.410801581655171333e-01
5.460191828334093680e-03 9.046662170778907441e-01 1.631288604804022602e-01 -5.251808841876657308e-01 5.410751481529278983e-01
5.475429386583570250e-03 9.046402690503768662e-01 1.632619706331593368e-01 -5.263608375329494882e-01 5.410723968981293597e-01
5.490909384927761087e-03 9.046442112079903231e-01 1.633522083314267459e-01 -5.275143218452658100e-01 5.410732123293335860e-01
5.506748975040693696e-03 9.046696542907654015e-01 1.634122812978569261e-01 -5.286415958384113045e-01 5.410765903364251894e-01
5.506748975040693696e-03 9.046277985256271359e-01 1.634721928913981936e-01 -5.286415958384113045e-01 5.410716726109771058e-01
5.523102556975158055e-03 9.046537540124213184e-01 1.635320551778534359e-01 -5.297459438239431329e-01 5.410751521623897720e-01
5.523102556975158055e-03 9.046118587948129841e-01 1.635917867348789800e-01 -5.297459438239431329e-01 5.410702372009231764e-01
5.540045576740194183e-03 9.046172896511488482e-01 1.636812510295774237e-01 -5.308304886897968755e-01 5.410713751596122334e-01
5.557568622122419262e-03 9.045935771693588423e-01 1.638124659869917288e-01 -5.318943648320801909e-01 5.410691754185878999e-01
5.593718862191881386e-03 9.046220121634058753e-01 1.639691393171706368e-01 -5.339275320585721296e-01 5.410737684946296255e-01
5.629135922191322826e-03 9.045773911392668287e-01 1.642273832468764128e-01 -5.357730039396267907e-01 5.410698390042748551e-01
5.708166861506209881e-03 9.045677620493297599e-01 1.646351766594725263e-01 -5.391746262579422133e-01 5.410720434502498399e-01
5.829652884120480223e-03 9.045277391576370674e-01 1.651884207109405589e-01 -5.429594746776558178e-01 5.410734951610554067e-01
6.047791331967793810e-03 9.044982455483464578e-01 1.660128706823379430e-01 -5.478470249912836820e-01 5.410829184071982434e-01
5.345523552675418913e-03 9.021834481792296856e-01 1.564805128798421874e-01 -5.125424590482491327e-01 5.405691853385422574e-01
5.342446598177179491e-03 9.019931093556098345e-01 1.574125477694983399e-01 -5.140482692508402396e-01 5.405453779756128618e-01
5.375168033325590164e-03 9.018869441538365228e-01 1.580104331255081096e-01 -5.163566092126389284e-01 5.405336977384971320e-01
5.404998519733938446e-03 9.018397952872817536e-01 1.584344866794816786e-01 -5.203587664170048477e-01 5.405281127414184317e-01
5.445240366782583968e-03 9.018488713055898831e-01 1.586984059563575356e-01 -5.239771885567575671e-01 5.405297229234949929e-01
5.460191828334093680e-03 9.018030537035467420e-01 1.588561056346948497e-01 -5.251808841876657308e-01 5.405252896775334381e-01
5.475429386583570250e-03 9.017765376749879991e-01 1.589871509462330301e-01 -5.263608375329494882e-01 5.405228711078845505e-01
5.490909384927761087e-03 9.017806988586014594e-01 1.590760902550248101e-01 -5.275143218452658100e-01 5.405236383862228600e-01
5.506748975040693696e-03 9.018069074831525089e-01 1.591353178030985582e-01 -5.286415958384113045e-01 5.405266951058451674e-01
5.506748975040693696e-03 9.017640144024007265e-01 1.591944444209879572e-01 -5.286415958384113045e-01 5.405223009911457321e-01
5.523102556975158055e-03 9.017907576011513493e-01 1.592535318660499022e-01 -5.297459438239431329e-01 5.405254514167614488e-01
5.523102556975158055e-03 9.017478584544414977e-01 1.593125390144710662e-01 -5.297459438239431329e-01 5.405210574531055245e-01
5.540045576740194183e-03 9.017536288753769114e-01 1.594009673724709197e-01 -5.308304886897968755e-01 5.405221147927019576e-01
5.557568622122419262e-03 9.017295761644182894e-01 1.595308047711095634e-01 -5.318943648320801909e-01 5.405201909566653695e-01
5.593718862191881386e-03 9.017591656029536606e-01 1.596860141690233104e-01 -5.339275320585721296e-01 5.405243846615443992e-01
5.629135922191322826e-03 9.017142471881374188e-01 1.599426898837953137e-01 -5.357730039396267907e-01 5.405209360125822204e-01
5.708166861506209881e-03 9.017062112663130069e-01 1.603498010615320157e-01 -5.391746262579422133e-01 5.405230509567662267e-01
5.829652884120480223e-03 9.016682494507136658e-01 1.609046152340931346e-01 -5.429594746776558178e-01 5.405245665006347400e-01
6.047791331967793810e-03 9.016452271078619907e-01 1.617411432886299294e-01 -5.478470249912836820e-01 5.405333113316050930e-01
5.345523552675418913e-03 8.982308157520759728e-01 1.500828352693258927e-01 -5.125424590482491327e-01 5.398416767287895768e-01
5.342446598177179491e-03 8.980293421092867545e-01 1.509724551580962915e-01 -5.140482692508402396e-01 5.398217213477878307e-01
5.375168033325590164e-03 8.979169179505767096e-01 1.515436866468891086e-01 -5.163566092126389284e-01 5.398120960242875910e-01
5.404998519733938446e-03 8.978679439963087594e-01 1.519544456882537253e-01 -5.203587664170048477e-01 5.398074990331759304e-01
5.445240366782583968e-03 8.978774981715053061e-01 1.522109080442199391e-01 -5.239771885567575671e-01 5.398090202861339781e-01
5.460191828334093680e-03 8.978301800237993291e-01 1.523644621781788944e-01 -5.251808841876657308e-01 5.398053475612508700e-01
5.475429386583570250e-03 8.978029562274156827e-01 1.524923117907576731e-01 -5.263608375329494882e-01 5.398033696030497541e-01
5.490909384927761087e-03 8.978074580951748151e-01 1.525792337699365397e-01 -5.275143218452658100e-01 5.398040766645155752e-01
5.506748975040693696e-03 8.977904478110473319e-01 1.526950776339981719e-01 -5.286415958384113045e-01 5.398030149467477612e-01
5.523102556975158055e-03 8.977740809790745180e-01 1.528108584972684147e-01 -5.297459438239431329e-01 5.398020333170918672e-01
5.540045576740194183e-03 8.977803730428026707e-01 1.528976942661855187e-01 -5.308304886897968755e-01 5.398029922028473315e-01
5.557568622122419262e-03 8.977559686378481230e-01 1.530253726466981323e-01 -5.318943648320801909e-01 5.398014433308755411e-01
5.593718862191881386e-03 8.977872910754148839e-01 1.531783292894466353e-01 -5.339275320585721296e-01 5.398051276771803630e-01
5.629135922191322826e-03 8.977422981878452335e-01 1.534325711302984285e-01 -5.357730039396267907e-01 5.398023584989724011e-01
5.708166861506209881e-03 8.977370967496470788e-01 1.538385760025880455e-01 -5.391746262579422133e-01 5.398044522439715553e-01
5.829652884120480223e-03 8.977030809522081878e-01 1.543957511257558757e-01 -5.429594746776558178e-01 5.398062171749238303e-01
6.047791331967793810e-03 8.976914098321975288e-01 1.552507837712975847e-01 -5.478470249912836820e-01 5.398144627052371414e-01
6.814371158738202110e-04 8.935801400152739715e-01 1.450880904764347001e-01 -7.042824029929746488e-02 5.390593140303192587e-01
6.706869290102013227e-04 8.933725821769860076e-01 1.459453332812706561e-01 -7.009912585450711608e-02 5.390435392951659077e-01
6.662537180150020612e-04 8.932516635676491790e-01 1.464959559308727510e-01 -7.036301988208887304e-02 5.390347167554048191e-01
6.573245415726115554e-04 8.931973128347682200e-01 1.468963231147895065e-01 -7.047686096145960866e-02 5.390305445359379055e-01
6.499325976098026649e-04 8.932036537773495599e-01 1.471468884964601265e-01 -7.080951251385669831e-02 5.390306725424562906e-01
6.477584127686037080e-04 8.931529918482911112e-01 1.472971401588437368e-01 -7.093985092202911846e-02 5.390272667987442423e-01
6.457036699032804930e-04 8.931231405748185637e-01 1.474224504771378397e-01 -7.107053997969715875e-02 5.390252492411824470e-01
6.437651473769080137e-04 8.931260937163836289e-01 1.475077504434252063e-01 -7.120064658867712726e-02 5.390254192749468487e-01
6.419236078995300574e-04 8.931066372273134268e-01 1.476215382416651289e-01 -7.133270709300609802e-02 5.390241225189167373e-01
6.401928420271685164e-04 8.930878064198772837e-01 1.477354330760685397e-01 -7.146998790030983928e-02 5.390228630702511570e-01
6.385959102771523142e-04 8.930923594152838652e-01 1.478209557583731737e-01 -7.161312576355574611e-02 5.390231647149313909e-01
6.371528243139469496e-04 8.930649869463629376e-01 1.479468517023681262e-01 -7.176142638024592124e-02 5.390213843604487742e-01
6.347251418997784320e-04 8.930927724456527717e-01 1.480979094247611150e-01 -7.206006525476302271e-02 5.390233096071282981e-01
6.326719618923956102e-04 8.930412483622226505e-01 1.483500177093534933e-01 -7.230735520735837030e-02 5.390200431644088797e-01
6.295595054411290761e-04 8.930249029583907650e-01 1.487546793055167238e-01 -7.284324260626370839e-02 5.390193250677891568e-01
6.313786866482391747e-04 8.929734294366100666e-01 1.493128914927411011e-01 -7.384068989549484596e-02 5.390167684562897632e-01
6.450939833285516262e-04 8.929326963850418020e-01 1.501807615839173271e-01 -7.585120605454852283e-02 5.390161241226080202e-01
6.814371158738202110e-04 8.936543709856472617e-01 1.449967100820427623e-01 -7.042824029929746488e-02 5.390642979070415786e-01
6.706869290102013227e-04 8.934446431838233282e-01 1.458564823194502258e-01 -7.009912585450711608e-02 5.390483413944061608e-01
6.662537180150020612e-04 8.933227952479324552e-01 1.464080041137151289e-01 -7.036301988208887304e-02 5.390394428669430527e-01
6.573245415726115554e-04 8.932681624589674518e-01 1.468085809108422291e-01 -7.047686096145960866e-02 5.390352441630613667e-01
6.499325976098026649e-04 8.932744448489959854e-01 1.470590919628176618e-01 -7.080951251385669831e-02 5.390353685582875976e-01
6.477584127686037080e-04 8.932237997888641257e-01 1.472092898959646012e-01 -7.093985092202911846e-02 5.390319575858594225e-01
6.457036699032804930e-04 8.931940069137899174e-01 1.473345202360426542e-01 -7.107053997969715875e-02 5.390299381010583701e-01
6.437651473769080137e-04 8.931970108691519306e-01 1.474197425979423826e-01 -7.120064658867712726e-02 5.390301100617796992e-01
6.419236078995300574e-04 8.931775955693830316e-01 1.475334058417035188e-01 -7.133270709300609802e-02 5.390288156220098825e-01
6.401928420271685164e-04 8.931588619404112750e-01 1.476471445035336949e-01 -7.146998790030983928e-02 5.390275595751330417e-01
6.385959102771523142e-04 8.931635068050574056e-01 1.477325474959342300e-01 -7.161312576355574611e-02 5.390278663922524194e-01
6.371528243139469496e-04 8.931362597908117928e-01 1.478582159578399891e-01 -7.176142638024592124e-02 5.390260920336974459e-01
6.347251418997784320e-04 8.931641717224484411e-01 1.480089882149649705e-01 -7.206006525476302271e-02 5.390280309941670733e-01
6.326719618923956102e-04 8.931130415023021962e-01 1.482605684990101480e-01 -7.230735520735837030e-02 5.390247812634889613e-01
6.295595054411290761e-04 8.930974147077891390e-01 1.486641443863634116e-01 -7.284324260626370839e-02 5.390241090663359103e-01
6.313786866482391747e-04 8.930472344179327671e-01 1.492204318718985956e-01 -7.384068989549484596e-02 5.390216360006554464e-01
6.450939833285516262e-04 8.930094157670088739e-01 1.500842123010592832e-01 -7.585120605454852283e-02 5.390211801151771898e-01
1.251929036866570710e-03 8.919251661004392595e-01 1.448600125465003829e-01 9.228350758869909368e-03 5.389270484367095770e-01
1.253545559641933930e-03 8.917125330965224306e-01 1.457241907101123057e-01 9.683048946153531913e-03 5.389117967015361055e-01
1.260787427180366359e-03 8.915841289212772525e-01 1.462773681540676107e-01 9.750442687908476500e-03 5.389027198703185695e-01
1.274820413106797544e-03 8.915232032330681067e-01 1.466784278096326943e-01 9.778767295331074541e-03 5.388983452503902649e-01
1.287409109729292485e-03 8.915237587246432893e-01 1.469289517471963069e-01 9.746821229485056956e-03 5.388980290314465682e-01
1.291836841035728239e-03 8.914702031187505815e-01 1.470790896522750635e-01 9.722765994590343644e-03 5.388945612140572106e-01
1.296396159702107231e-03 8.914377481184168062e-01 1.472042312352716265e-01 9.695359640873845927e-03 5.388924258700844572e-01
1.301076994643293044e-03 8.914384438700682090e-01 1.472893420901840167e-01 9.664345867116194352e-03 5.388923882409412114e-01
1.305916945438013966e-03 8.914162917609262937e-01 1.474028391194647514e-01 9.629340390524919815e-03 5.388909385957814102e-01
1.310921394451315192e-03 8.913947542928619683e-01 1.475163799665559494e-01 9.590529495160655948e-03 5.388895165994107561e-01
1.316024248038016615e-03 8.913968044367162058e-01 1.476015977005760427e-01 9.549223115117782407e-03 5.388895806405611388e-01
1.321195297670987954e-03 8.913663873937447413e-01 1.477269453981247260e-01 9.505175363483248097e-03 5.388876350950192462e-01
1.331828599693553458e-03 8.913887499565894545e-01 1.478773097547786131e-01 9.404890479815084317e-03 5.388889439857011965e-01
1.342900769603222032e-03 8.913308061182191322e-01 1.481280913098823593e-01 9.298188805746692223e-03 5.388852679540810930e-01
1.366243163937580149e-03 8.913010973950525884e-01 1.485300202970568084e-01 9.067539464535548377e-03 5.388834164945019989e-01
1.396223462042483739e-03 8.912306625964263596e-01 1.490833115611333859e-01 8.733679882297541719e-03 5.388791620127529880e-01
1.448782697405344867e-03 8.911573708864720667e-01 1.499406090648208179e-01 7.906309428692160149e-03 5.388751435232262965e-01
8.540586334760633678e-05 8.904898110249935828e-01 1.447669123408592828e-01 2.800244644016134515e-02 5.388096094305837580e-01
7.869997003817013703e-05 8.902712270228655411e-01 1.456397337047303786e-01 2.848822152037826239e-02 5.387946802682447300e-01
7.529564126143196566e-05 8.901367269972975116e-01 1.461967015085662291e-01 2.858097595275585837e-02 5.387857318900269865e-01
6.791659807006046753e-05 8.900714284399466880e-01 1.465996492103236737e-01 2.857170344035356302e-02 5.387810700286911336e-01
6.279710199516803720e-05 8.900687162010916254e-01 1.468508443170537803e-01 2.849345636781967783e-02 5.387804606760233650e-01
6.122384737119451335e-05 8.900132640437683484e-01 1.470013167685034483e-01 2.845767909857334355e-02 5.387769989515753810e-01
5.962662555302622328e-05 8.899789739614302198e-01 1.471266081922864011e-01 2.842054162877211479e-02 5.387748237196045009e-01
5.802400803603100009e-05 8.899783878024022377e-01 1.472118086209589782e-01 2.838143619189531161e-02 5.387746661944136095e-01
5.642892248469519474e-05 8.899547083818931670e-01 1.473254109296679160e-01 2.833990427959532168e-02 5.387731349486379884e-01
5.482784189394670994e-05 8.899314256827725034e-01 1.474389723986339329e-01 2.829613732863086803e-02 5.387716286176946756e-01
5.323001119375360998e-05 8.899318892817112969e-01 1.475241104326707187e-01 2.825020171831220395e-02 5.387715521176583700e-01
5.169085470527887751e-05 8.898995638380602369e-01 1.476493434831898099e-01 2.820167278417830270e-02 5.387695361502442548e-01
4.878482246322224863e-05 8.899189852702517056e-01 1.477995555604329769e-01 2.809588613097970672e-02 5.387705271014192610e-01
4.583898788949525489e-05 8.898567373547556780e-01 1.480498019645182239e-01 2.798574202755400170e-02 5.387666700101029216e-01
4.045859605315177307e-05 8.898189347026153051e-01 1.484504013836708824e-01 2.773896276220260901e-02 5.387642036201447659e-01
3.544800547741671433e-05 8.897372772093076199e-01 1.490007610177587483e-01 2.741310547138649592e-02 5.387592818280793061e-01
3.135135262913623023e-05 8.896443565911686946e-01 1.498505260761835434e-01 2.678228506599282521e-02 5.387538751722412700e-01
4.689594226925583305e-04 8.887939075123528765e-01 1.456817412568305603e-01 4.882597228164507058e-02 5.387082812242478536e-01
4.712833610476801637e-04 8.886513162738762794e-01 1.462455912400358604e-01 4.904739831222591079e-02 5.386991138649530608e-01
4.788114009630254166e-04 8.885793524255877207e-01 1.466522758600160847e-01 4.916167463598341419e-02 5.386943982088279181e-01
4.842551594942000239e-04 8.885722392155207539e-01 1.469053250965083879e-01 4.921975568272238255e-02 5.386935448502810919e-01
4.860664424006114290e-04 8.885141630504975740e-01 1.470567417228063334e-01 4.923323900384493634e-02 5.386900610104137233e-01
4.879465524212728495e-04 8.884777433904240684e-01 1.471827683002574216e-01 4.924409305419275018e-02 5.386878344872398916e-01
4.898800080076517712e-04 8.884755025311482646e-01 1.472684125115346632e-01 4.925329153398694260e-02 5.386875779883290027e-01
4.918686253571007529e-04 8.884497368768524694e-01 1.473825392504664877e-01 4.926013480543781076e-02 5.386859832892839650e-01
4.939340501729083807e-04 8.884243313887711935e-01 1.474965614143473602e-01 4.926351881620292389e-02 5.386844136589719056e-01
4.960426948555417357e-04 8.884230647562042504e-01 1.475820157310973324e-01 4.926437045923626190e-02 5.386842294737066439e-01
4.981542714446484440e-04 8.883884939437609596e-01 1.477076228806080971e-01 4.926442234860193420e-02 5.386821467409698139e-01
5.024847341087798234e-04 8.884043504863980978e-01 1.478582159578399891e-01 4.925869648007889789e-02 5.386828467893810535e-01
5.070750693952280142e-04 8.883374684372391528e-01 1.481088714624073654e-01 4.924064264587491718e-02 5.386788454437863027e-01
5.163601569685630352e-04 8.882909804611235360e-01 1.485094680991885518e-01 4.917877595437317867e-02 5.386758924701011697e-01
5.279274989063792922e-04 8.881969414518363637e-01 1.490594985216865120e-01 4.909993495182785050e-02 5.386702071649100976e-01
2.106282033332959234e-04 8.859388170775061022e-01 1.460204971621358039e-01 6.467761700938204350e-02 5.385438137311622242e-01
2.115265808891431229e-04 8.857834013275668328e-01 1.465969572982106783e-01 6.497054720474672307e-02 5.385346522376194267e-01
2.159517295077543683e-04 8.857020434834046441e-01 1.470110470954886506e-01 6.515488285654719158e-02 5.385297257311068009e-01
2.185444997503861611e-04 8.856890032096633725e-01 1.472680739052548149e-01 6.527507800307252861e-02 5.385285557864640804e-01
2.193834075959120425e-04 8.856267543997533576e-01 1.474216677325753677e-01 6.531119325241284412e-02 5.385251046039571943e-01
2.202253535855281524e-04 8.855870025753490582e-01 1.475494370378726550e-01 6.534740461497817732e-02 5.385228514978170899e-01
2.211062446036185492e-04 8.855825103799113140e-01 1.476361917243248223e-01 6.538053604204917268e-02 5.385224767307237315e-01
2.220531608151868742e-04 8.855536058859768689e-01 1.477517209110510987e-01 6.540850336053032066e-02 5.385208161638562752e-01
2.230260326040988934e-04 8.855250339295436257e-01 1.478670708521919452e-01 6.543491119181098215e-02 5.385191771587539700e-01
2.239874068139162215e-04 8.855213665219218155e-01 1.479534862266689010e-01 6.546335924234523984e-02 5.385188550496262661e-01
2.249426208232619415e-04 8.854832786540425271e-01 1.480804308332522856e-01 6.549183375862466239e-02 5.385167214221330267e-01
2.269223611382963036e-04 8.854943695904232692e-01 1.482324969541627957e-01 6.554374407065979846e-02 5.385170819060398628e-01
2.289650385212908400e-04 8.854201545479134516e-01 1.484853802513216581e-01 6.558934520148443359e-02 5.385129552532255115e-01
2.331045836993237482e-04 8.853609253297225479e-01 1.488887220916063070e-01 6.565502615105525686e-02 5.385094349342475217e-01
2.382480529026642776e-04 8.852494878199945738e-01 1.494402209542914917e-01 6.572391042069443412e-02 5.385031376201091513e-01
-3.243170619854301133e-05 8.812948055607227049e-01 1.476863332719294541e-01 8.147304662702187228e-02 5.383095231087789978e-01
-3.408763541126258803e-05 8.811997817758846496e-01 1.481151338486234037e-01 8.172557131352398141e-02 5.383044278029415208e-01
-3.464306372841098304e-05 8.811788502310446969e-01 1.483804139186783999e-01 8.189114979345823997e-02 5.383030379443196622e-01
-3.479690932398040224e-05 8.811104610435047668e-01 1.485386607862629604e-01 8.194129026231619650e-02 5.382996987496577734e-01
-3.496252964380974857e-05 8.810658409635497845e-01 1.486701771312080866e-01 8.199263480835741746e-02 5.382974812205520987e-01
-3.515732071682765690e-05 8.810585353937363529e-01 1.487594032548963385e-01 8.204447258671351828e-02 5.382970213508809776e-01
-3.537596310397296925e-05 8.810253486518651034e-01 1.488781385271296942e-01 8.209573383102966582e-02 5.382953558171178488e-01
-3.560491623013693985e-05 8.809925226209880389e-01 1.489966299085616341e-01 8.214723155535831600e-02 5.382937107882489469e-01
-3.578661458389411081e-05 8.809859377920610246e-01 1.490853345543886044e-01 8.219970310128138502e-02 5.382932991401920830e-01
-3.594104488188895678e-05 8.809429616892270332e-01 1.492155445073460318e-01 8.225214409102366009e-02 5.382911943757939799e-01
-3.639184856698230374e-05 8.809489385612782053e-01 1.493714279787539401e-01 8.235071536336660558e-02 5.382913047937087914e-01
-3.677191337650909439e-05 8.808647639161734100e-01 1.496302860773692789e-01 8.244727987886669995e-02 5.382872061256297469e-01
-3.737689677538547984e-05 8.807900418502770945e-01 1.500421845439082746e-01 8.265073857907791199e-02 5.382834492544742444e-01
