-4.866792271901293487e-01 8.013406833561143028e-01 3.143291548532928803e-01 -2.514134689963512526e-01 5.291246270534825102e-01
-4.876471698821873701e-01 8.008573106255453267e-01 3.163469161456557988e-01 -2.520027163316337915e-01 5.291447882697521976e-01
-4.879487141326915300e-01 8.005709671327245758e-01 3.176019906933482129e-01 -2.523122690857954598e-01 5.291577115117273022e-01
-4.880537334845683750e-01 8.004323550896244033e-01 3.184918236602601316e-01 -2.525348352933018958e-01 5.291645123185610977e-01
-4.880739150479255217e-01 8.004246009994320232e-01 3.190379606251118605e-01 -2.527003551477002841e-01 5.291657020275224443e-01
-4.880722058949744646e-01 8.003100194567615011e-01 3.193618521532305965e-01 -2.527567326055450980e-01 5.291709738779906136e-01
-4.880685940871197226e-01 8.002387998407520797e-01 3.196299345225191435e-01 -2.528138219493076266e-01 5.291743993383122291e-01
-4.880609728131528047e-01 8.002352402774889351e-01 3.198112497922044883e-01 -2.528714080889699067e-01 5.291749024531522405e-01
-4.880479883466079527e-01 8.002793173496896006e-01 3.199318217006993925e-01 -2.529290314542414486e-01 5.291733556906661473e-01
-4.880479883466079527e-01 8.001846164130445027e-01 3.200519202935057650e-01 -2.529290314542414486e-01 5.291774434356769641e-01
-4.880315656506438726e-01 8.002287950960687013e-01 3.201718285166025857e-01 -2.529864603594372818e-01 5.291759213333099288e-01
-4.880315656506438726e-01 8.001345480697638068e-01 3.202913448577954236e-01 -2.529864603594372818e-01 5.291799866796756957e-01
-4.880126731248980443e-01 8.001318489272922774e-01 3.204700769519514547e-01 -2.530438860670872203e-01 5.291805103454643167e-01
-4.879898429520739822e-01 8.000633879514236213e-01 3.207316740760871032e-01 -2.531015011990842001e-01 5.291838726789681591e-01
-4.879286184664151649e-01 8.000920935855373450e-01 3.210436129626635937e-01 -2.532176861082459096e-01 5.291834688714379675e-01
-4.878569879438506285e-01 7.999585193634403124e-01 3.215583828274320433e-01 -2.533372127288180953e-01 5.291900931941968533e-01
-4.876782952766348656e-01 7.998546802254302701e-01 3.223712014039447071e-01 -2.535569054333147720e-01 5.291963594226727352e-01
-4.874283078061584784e-01 7.996375853891251051e-01 3.234696027606743240e-01 -2.537687719232885608e-01 5.292078786094420728e-01
-4.870433564485857070e-01 7.993250686523782900e-01 3.251159593645475687e-01 -2.541409845637336851e-01 5.292247846737909711e-01
-4.866792271901293487e-01 7.986305990011530742e-01 2.996463919015458499e-01 -2.514134689963512526e-01 5.291970513255082054e-01
-4.876471698821873701e-01 7.981512719871205475e-01 3.016025516053844613e-01 -2.520027163316337915e-01 5.292165843485617804e-01
-4.879487141326915300e-01 7.978661730191235479e-01 3.028211203015842568e-01 -2.523122690857954598e-01 5.292291660483253724e-01
-4.880537334845683750e-01 7.977284046619845803e-01 3.036859609524855674e-01 -2.525348352933018958e-01 5.292357768263049600e-01
-4.880739150479255217e-01 7.977217639494960100e-01 3.042170073794695506e-01 -2.527003551477002841e-01 5.292368842138183149e-01
-4.880722058949744646e-01 7.976066728197916955e-01 3.045320342947707148e-01 -2.527567326055450980e-01 5.292420651307471191e-01
-4.880685940871197226e-01 7.975352160036734972e-01 3.047928361519430807e-01 -2.528138219493076266e-01 5.292454265726713736e-01
-4.880609728131528047e-01 7.975319407124761284e-01 3.049692526000146175e-01 -2.528714080889699067e-01 5.292459058975746977e-01
-4.880479883466079527e-01 7.975766545070234192e-01 3.050865842773010650e-01 -2.529290314542414486e-01 5.292443614693010945e-01
-4.880479883466079527e-01 7.974811640829002624e-01 3.052034829566615537e-01 -2.529290314542414486e-01 5.292483973030052136e-01
-4.880315656506438726e-01 7.975259503507833303e-01 3.053202159088131418e-01 -2.529864603594372818e-01 5.292468782473123134e-01
-4.880315656506438726e-01 7.974308996865304699e-01 3.054365726777191203e-01 -2.529864603594372818e-01 5.292508930567892955e-01
-4.880126731248980443e-01 7.974283525094367775e-01 3.056106137688136548e-01 -2.530438860670872203e-01 5.292513957876742170e-01
-4.879898429520739822e-01 7.973594361624628535e-01 3.058654190352612656e-01 -2.531015011990842001e-01 5.292547048472736604e-01
-4.879286184664151649e-01 7.973886421414039249e-01 3.061693862502415375e-01 -2.532176861082459096e-01 5.292542842880327836e-01
-4.878569879438506285e-01 7.972538491185292564e-01 3.066712193547753706e-01 -2.533372127288180953e-01 5.292608181090766584e-01
-4.876782952766348656e-01 7.971489936475238958e-01 3.074639425885100641e-01 -2.535569054333147720e-01 5.292669898582588184e-01
-4.874283078061584784e-01 7.969290158661244128e-01 3.085363068388823904e-01 -2.537687719232885608e-01 5.292783852579923121e-01
-4.870433564485857070e-01 7.966103530143031630e-01 3.101461823802323381e-01 -2.541409845637336851e-01 5.292951887929173704e-01
-4.866792271901293487e-01 7.956012811001713647e-01 2.843210436830322929e-01 -2.514134689963512526e-01 5.292787403498910859e-01
-4.876471698821873701e-01 7.951257378907602424e-01 2.862081990472922222e-01 -2.520027163316337915e-01 5.292975815183170729e-01
-4.879487141326915300e-01 7.948416881077006169e-01 2.873857606320488478e-01 -2.523122690857954598e-01 5.293097874300677352e-01
-4.880537334845683750e-01 7.947046866218606676e-01 2.882225074404022314e-01 -2.525348352933018958e-01 5.293161875271941152e-01
-4.880739150479255217e-01 7.946991618104124466e-01 2.887365522364561676e-01 -2.527003551477002841e-01 5.293172050621486324e-01
-4.880722058949744646e-01 7.945834599944258114e-01 2.890415806793776299e-01 -2.527567326055450980e-01 5.293222855019680262e-01
-4.880685940871197226e-01 7.945116970354551000e-01 2.892941796294882240e-01 -2.528138219493076266e-01 5.293255757131251071e-01
-4.880609728131528047e-01 7.945086788135047318e-01 2.894650897636563691e-01 -2.528714080889699067e-01 5.293260272533422128e-01
-4.880479883466079527e-01 7.945540662760703920e-01 2.895787687598072591e-01 -2.529290314542414486e-01 5.293244859472980846e-01
-4.880479883466079527e-01 7.944577056721435770e-01 2.896920736554687847e-01 -2.529290314542414486e-01 5.293284638405166831e-01
-4.880315656506438726e-01 7.945031676121598885e-01 2.898052103013523118e-01 -2.529864603594372818e-01 5.293269487010399121e-01
-4.880315656506438726e-01 7.944072187276574049e-01 2.899180027454544839e-01 -2.529864603594372818e-01 5.293309075106704675e-01
-4.880126731248980443e-01 7.944048440663353805e-01 2.900867502266290532e-01 -2.530438860670872203e-01 5.293313874928825546e-01
-4.879898429520739822e-01 7.943353983449987776e-01 2.903338875041164280e-01 -2.531015011990842001e-01 5.293346369595283152e-01
-4.879286184664151649e-01 7.943651019948495540e-01 2.906288339042154001e-01 -2.532176861082459096e-01 5.293341977198061654e-01
-4.878569879438506285e-01 7.942289355253754346e-01 2.911160691547806101e-01 -2.533372127288180953e-01 5.293406289081098448e-01
-4.876782952766348656e-01 7.941229295671342614e-01 2.918860505844093622e-01 -2.535569054333147720e-01 5.293466947152789537e-01
-4.874283078061584784e-01 7.938998055658388342e-01 2.929288600179683066e-01 -2.537687719232885608e-01 5.293579499776319697e-01
-4.870433564485857070e-01 7.935745341149555987e-01 2.944972582534647332e-01 -2.541409845637336851e-01 5.293746308599204253e-01
-4.866792271901293487e-01 7.921928291536686206e-01 2.683099983190150306e-01 -2.514134689963512526e-01 5.293715918764967387e-01
-4.876471698821873701e-01 7.917205999909163738e-01 2.701198932930066188e-01 -2.520027163316337915e-01 5.293896701946422256e-01
-4.879487141326915300e-01 7.914372952036273778e-01 2.712514567961858414e-01 -2.523122690857954598e-01 5.294014590867464065e-01
-4.880537334845683750e-01 7.913008679553874547e-01 2.720566277288108403e-01 -2.525348352933018958e-01 5.294076255853685797e-01
-4.880739150479255217e-01 7.912964922886404073e-01 2.725515738020159451e-01 -2.527003551477002841e-01 5.294085446453518085e-01
-4.880722058949744646e-01 7.911800011840403046e-01 2.728453562143776101e-01 -2.527567326055450980e-01 5.294135116647513684e-01
-4.880685940871197226e-01 7.911078570602753102e-01 2.730887249680894469e-01 -2.528138219493076266e-01 5.294167221768576459e-01
-4.880609728131528047e-01 7.911050968203512390e-01 2.732534524942239473e-01 -2.528714080889699067e-01 5.294171433669166982e-01
-4.880479883466079527e-01 7.911512419902864135e-01 2.733630193604426606e-01 -2.529290314542414486e-01 5.294156062393393647e-01
-4.880479883466079527e-01 7.910538813139325054e-01 2.734722459495814162e-01 -2.529290314542414486e-01 5.294195191338131323e-01
-4.880315656506438726e-01 7.911000460802074530e-01 2.735813322028389227e-01 -2.529864603594372818e-01 5.294180090104867453e-01
-4.880315656506438726e-01 7.910030681953781340e-01 2.736901400546205565e-01 -2.529864603594372818e-01 5.294219030933134951e-01
-4.880126731248980443e-01 7.910008606329334002e-01 2.738529070751639649e-01 -2.530438860670872203e-01 5.294223582944272977e-01
-4.879898429520739822e-01 7.909308195802815522e-01 2.740913999231740505e-01 -2.531015011990842001e-01 5.294255410762236380e-01
-4.879286184664151649e-01 7.909610629335385168e-01 2.743761709702211005e-01 -2.532176861082459096e-01 5.294250813338622352e-01
-4.878569879438506285e-01 7.908233223974056036e-01 2.748469109932660803e-01 -2.533372127288180953e-01 5.294313967407586752e-01
-4.876782952766348656e-01 7.907160122028334959e-01 2.755911987999186685e-01 -2.535569054333147720e-01 5.294373420334387292e-01
-4.874283078061584784e-01 7.904894239069808481e-01 2.766005875751452736e-01 -2.537687719232885608e-01 5.294484357188150581e-01
-4.870433564485857070e-01 7.901570289211795606e-01 2.781218818903255507e-01 -2.541409845637336851e-01 5.294649702132190328e-01
-4.866792271901293487e-01 7.883292952261068409e-01 2.515661339245845451e-01 -2.514134689963512526e-01 5.294780618481081946e-01
-4.876471698821873701e-01 7.878596249513685201e-01 2.532896288590679723e-01 -2.520027163316337915e-01 5.294952936182341086e-01
-4.879487141326915300e-01 7.875765965849873540e-01 2.543696346270944986e-01 -2.523122690857954598e-01 5.295066186377318518e-01
-4.880537334845683750e-01 7.874405038870588847e-01 2.551393641644407739e-01 -2.525348352933018958e-01 5.295125249280571156e-01
-4.880739150479255217e-01 7.874372504527694661e-01 2.556128412429001795e-01 -2.527003551477002841e-01 5.295133354430050510e-01
-4.880722058949744646e-01 7.873198053209119474e-01 2.558940023285109500e-01 -2.527567326055450980e-01 5.295181749211954614e-01
-4.880685940871197226e-01 7.872471503172687735e-01 2.561270110404552103e-01 -2.528138219493076266e-01 5.295212947654195368e-01
-4.880609728131528047e-01 7.872446339502249257e-01 2.562847535456334036e-01 -2.528714080889699067e-01 5.295216832922728933e-01
-4.880479883466079527e-01 7.872915831009653642e-01 2.563896956651774972e-01 -2.529290314542414486e-01 5.295201517817300640e-01
-4.880479883466079527e-01 7.871930599471890222e-01 2.564943507553603119e-01 -2.529290314542414486e-01 5.295239900913611963e-01
-4.880315656506438726e-01 7.872400179136107568e-01 2.565988959710967521e-01 -2.529864603594372818e-01 5.295224859559889419e-01
-4.880315656506438726e-01 7.871418638475999874e-01 2.567031705968836341e-01 -2.529864603594372818e-01 5.295263077019496389e-01
-4.880126731248980443e-01 7.871397951806897719e-01 2.568592544605501904e-01 -2.530438860670872203e-01 5.295267337739586466e-01
-4.879898429520739822e-01 7.870690347182159874e-01 2.570879968114133107e-01 -2.531015011990842001e-01 5.295298409997594158e-01
-4.879286184664151649e-01 7.870998292603254010e-01 2.573613194968137896e-01 -2.532176861082459096e-01 5.295293582061639803e-01
-4.878569879438506285e-01 7.869603023327829128e-01 2.578134448275812840e-01 -2.533372127288180953e-01 5.295355419010698839e-01
-4.876782952766348656e-01 7.868515080718821997e-01 2.585287411612741670e-01 -2.535569054333147720e-01 5.295413498490711968e-01
-4.874283078061584784e-01 7.866210951844144761e-01 2.595003564382951655e-01 -2.537687719232885608e-01 5.295522559364366222e-01
-4.870433564485857070e-01 7.862810323971042292e-01 2.609682663670412905e-01 -2.541409845637336851e-01 5.295686124224959768e-01
-4.866792271901293487e-01 7.814591494399866223e-01 2.249624341258459059e-01 -2.514134689963512526e-01 5.296706558645133400e-01
-4.876471698821873701e-01 7.809908606370996598e-01 2.265367519881876790e-01 -2.520027163316337915e-01 5.296864387413056097e-01
-4.879487141326915300e-01 7.807068364176903419e-01 2.275275731316721284e-01 -2.523122690857954598e-01 5.296969618028802840e-01
-4.880537334845683750e-01 7.805705568117270454e-01 2.282359166021507013e-01 -2.525348352933018958e-01 5.297024178505298497e-01
-4.880739150479255217e-01 7.805687526423654710e-01 2.286721605827153336e-01 -2.527003551477002841e-01 5.297030435296934403e-01
-4.880722058949744646e-01 7.804494057899017401e-01 2.289314208656616223e-01 -2.527567326055450980e-01 5.297076576067599740e-01
-4.880685940871197226e-01 7.803756800766034063e-01 2.291463926025067988e-01 -2.528138219493076266e-01 5.297106201881365273e-01
-4.880609728131528047e-01 7.803734872821220803e-01 2.292920319453380928e-01 -2.528714080889699067e-01 5.297109518511696757e-01
-4.880479883466079527e-01 7.803211501106944725e-01 2.294856713863482334e-01 -2.529290314542414486e-01 5.297131365690258553e-01
-4.880315656506438726e-01 7.802691192865288672e-01 2.296787472570429034e-01 -2.529864603594372818e-01 5.297153363468097842e-01
-4.880126731248980443e-01 7.802672621042184842e-01 2.298231497161482284e-01 -2.530438860670872203e-01 5.297157145813365942e-01
-4.879898429520739822e-01 7.801950870780838265e-01 2.300349674654158239e-01 -2.531015011990842001e-01 5.297186858462048509e-01
-4.879286184664151649e-01 7.802267919331292712e-01 2.302883294524999680e-01 -2.532176861082459096e-01 5.297181655613550921e-01
-4.878569879438506285e-01 7.800840153100521146e-01 2.307080646298686200e-01 -2.533372127288180953e-01 5.297241113701903759e-01
-4.876782952766348656e-01 7.799724994522410082e-01 2.313728160812081602e-01 -2.535569054333147720e-01 5.297296713031847126e-01
-4.874283078061584784e-01 7.797355650498817292e-01 2.322784316437387364e-01 -2.537687719232885608e-01 5.297402320758765049e-01
-4.870433564485857070e-01 7.793830101256090659e-01 2.336527909038213779e-01 -2.541409845637336851e-01 5.297562412860240544e-01
-8.008018383828144904e-01 5.217433569634908341e-01 2.010272209501649809e-01 3.874809712658327521e-01 5.354945811216550444e-01
-7.845733942706459851e-01 5.222083775352961421e-01 2.024539241979356474e-01 3.893803280405534473e-01 5.354959999184381036e-01
-7.764867916948986482e-01 5.222249260423361683e-01 2.033601469103067660e-01 3.911835282168220074e-01 5.354966909634045757e-01
-7.714206608622089512e-01 5.221904006682879240e-01 2.040117632233782730e-01 3.928639996404545420e-01 5.354969408312286738e-01
-7.685419019150863118e-01 5.222096598509901044e-01 2.044143651994555777e-01 3.941848146560547606e-01 5.354968003319149350e-01
-7.677505061428167021e-01 5.220234101184123565e-01 2.046541034857362051e-01 3.946230821988285231e-01 5.354969983023554203e-01
-7.670478114013409288e-01 5.218950923422597254e-01 2.048531616784445841e-01 3.950588034367331081e-01 5.354971036157314401e-01
-7.664458252005070804e-01 5.218627832943295575e-01 2.049881663475532356e-01 3.954911934590126799e-01 5.354970350018994907e-01
-7.659364816089427874e-01 5.217464801770520522e-01 2.051678254780038291e-01 3.959232838414822875e-01 5.354970683803238485e-01
-7.655207255171718739e-01 5.216197647358917777e-01 2.053472012659088852e-01 3.963593294943568712e-01 5.354971068575673510e-01
-7.652073935516252590e-01 5.215564918577071385e-01 2.054815054497379223e-01 3.967957153858294173e-01 5.354970329856230116e-01
-7.649992184312333077e-01 5.213795432972045951e-01 2.056787908912718343e-01 3.972278634200245850e-01 5.354971019767083007e-01
-7.648933189237854258e-01 5.212480773973757753e-01 2.059151985898094173e-01 3.980859192999897100e-01 5.354968194343961985e-01
-7.652141933400803397e-01 5.208190662097895718e-01 2.063077010517788690e-01 3.989630351055660773e-01 5.354969087774676950e-01
-7.671325772563514223e-01 5.200926635994427283e-01 2.069292642643325575e-01 4.008441072901858249e-01 5.354965941618287095e-01
-7.719195084441310417e-01 5.188380637952415553e-01 2.077788666977572751e-01 4.033048280020862797e-01 5.354962768248527905e-01
-7.846482705393477142e-01 5.165380198767263176e-01 2.090756344698184999e-01 4.065556392937599295e-01 5.354957515554593650e-01
-8.008018383828144904e-01 5.313615001992755271e-01 1.952712204484216840e-01 3.874809712658327521e-01 5.354794355820441387e-01
-7.845733942706459851e-01 5.318436839675955152e-01 1.966584554441589971e-01 3.893803280405534473e-01 5.354808876208639878e-01
-7.764867916948986482e-01 5.318557787719939700e-01 1.975508468986175437e-01 3.911835282168220074e-01 5.354816138394530300e-01
-7.714206608622089512e-01 5.318117207088046694e-01 1.981970105883255617e-01 3.928639996404545420e-01 5.354818885672517625e-01
-7.685419019150863118e-01 5.318222013518716373e-01 1.985982996513672161e-01 3.941848146560547606e-01 5.354817564115889050e-01
-7.677505061428167021e-01 5.316300724938001210e-01 1.988380247715669791e-01 3.946230821988285231e-01 5.354819698806434491e-01
-7.670478114013409288e-01 5.314963550885039023e-01 1.990374278898978111e-01 3.950588034367331081e-01 5.354820867599169310e-01
-7.664458252005070804e-01 5.314600688648013493e-01 1.991727906184571073e-01 3.954911934590126799e-01 5.354820213507079929e-01
-7.659364816089427874e-01 5.313383971498265579e-01 1.993531284754898325e-01 3.959232838414822875e-01 5.354820634340632379e-01
-7.655207255171718739e-01 5.312060531154304543e-01 1.995333664822478148e-01 3.963593294943568712e-01 5.354821111475986939e-01
-7.652073935516252590e-01 5.311382912556055214e-01 1.996685057238693495e-01 3.967957153858294173e-01 5.354820406631177754e-01
-7.649992184312333077e-01 5.309545480218514912e-01 1.998671975849607707e-01 3.972278634200245850e-01 5.354821215005897139e-01
-7.648933189237854258e-01 5.308140886278263082e-01 2.001058477168958238e-01 3.980859192999897100e-01 5.354818400379750543e-01
-7.652141933400803397e-01 5.303694141722130606e-01 2.005027360469676390e-01 3.989630351055660773e-01 5.354819533830724732e-01
-7.671325772563514223e-01 5.296209722053734081e-01 2.011294275979980672e-01 4.008441072901858249e-01 5.354816520187306583e-01
-7.719195084441310417e-01 5.283364388599873784e-01 2.019869729574129136e-01 4.033048280020862797e-01 5.354813548793090350e-01
-7.846482705393477142e-01 5.259834165862624644e-01 2.033002616604829282e-01 4.065556392937599295e-01 5.354808650540371362e-01
4.308857938057109732e-02 5.731410714770903692e-01 1.872698122549318611e-01 4.612415580517894020e-01 5.361745968748463653e-01
4.283777554917903019e-02 5.727263110120429657e-01 1.886041735415019682e-01 4.586959786322423738e-01 5.361768263652152422e-01
4.277178770148237080e-02 5.719970329353434302e-01 1.894815494369729292e-01 4.586981449669294553e-01 5.361776799072809352e-01
4.277521305190037926e-02 5.712798823900385736e-01 1.901242185920020145e-01 4.591819853026825049e-01 5.361782602809660458e-01
4.281416694768794273e-02 5.707493925150799452e-01 1.905267425849566099e-01 4.597036152602130277e-01 5.361786720795693739e-01
4.283570347302818881e-02 5.703652062610442552e-01 1.907685090486698487e-01 4.598886899396632533e-01 5.361784975498391503e-01
4.285953089364819696e-02 5.700389214321486264e-01 1.909701295635658491e-01 4.600739801307767718e-01 5.361784141855018282e-01
4.288496192131605045e-02 5.698118358954441520e-01 1.911072899167969297e-01 4.602550239351238526e-01 5.361784776127317409e-01
4.291511946715378945e-02 5.694935075527775004e-01 1.912902598502393692e-01 4.604270013340039380e-01 5.361784053695106689e-01
4.294753778293482899e-02 5.691612933556827736e-01 1.914734799759152950e-01 4.605945464487342655e-01 5.361783217191231632e-01
4.298172702912705229e-02 5.688943648289412902e-01 1.916110973558838582e-01 4.607549840620928649e-01 5.361783502608042928e-01
4.302008981098932178e-02 5.685039551961442728e-01 1.918138380592984971e-01 4.609000411531304908e-01 5.361781780565966216e-01
4.310639948210752415e-02 5.679548763428307057e-01 1.920580661036424830e-01 4.611611264602964999e-01 5.361782106705363926e-01
4.320112834306170241e-02 5.670814038638160026e-01 1.924652088556313423e-01 4.615217988644224612e-01 5.361777515439657416e-01
4.342856157995272220e-02 5.654926963488412506e-01 1.931056298639314273e-01 4.628508343382274903e-01 5.361770721326849509e-01
4.376576218355504588e-02 5.631685121392263627e-01 1.939835605082115277e-01 4.644850962224187363e-01 5.361756236235832862e-01
4.437854797128256562e-02 5.593242128800861579e-01 1.953342126282792135e-01 4.660862212517085656e-01 5.361727591128921944e-01
1.757435753723692083e-03 6.082213599994036324e-01 1.880991519678138768e-01 2.885967721222286175e-01 5.360557938764435315e-01
1.872757834337045266e-03 6.068031386717234188e-01 1.894647526301042051e-01 2.854583892500954789e-01 5.360560070718436432e-01
1.923370226397630662e-03 6.054631466224037473e-01 1.903842631447121847e-01 2.842500856871437165e-01 5.360557577355639092e-01
1.952441111471011530e-03 6.042944769201978872e-01 1.910650220979853708e-01 2.835767073028765961e-01 5.360555190024353100e-01
1.980482419166818865e-03 6.034533778165728224e-01 1.914952827420843273e-01 2.831236403016855752e-01 5.360553395288206735e-01
1.988480963365390434e-03 6.029583227022047298e-01 1.917552272131709257e-01 2.829777280543982476e-01 5.360550464140496629e-01
1.993694645745106107e-03 6.025265250382458859e-01 1.919725845532197772e-01 2.828327231594944258e-01 5.360548318141340474e-01
1.996154006085840583e-03 6.022024540244484969e-01 1.921207550098108785e-01 2.826845402250489081e-01 5.360547468476243305e-01
1.996613177564002077e-03 6.017848281267372812e-01 1.923187500559416230e-01 2.825323252580761446e-01 5.360545690084399517e-01
1.994407973559441521e-03 6.013565103389607591e-01 1.925173691849332014e-01 2.823780581476724727e-01 5.360543956863037529e-01
1.989973075865340835e-03 6.010026307782416755e-01 1.926667816138097067e-01 2.822211074855396906e-01 5.360543313276311395e-01
1.985528905694786822e-03 6.005216654482355976e-01 1.928871754318789988e-01 2.820577596565983503e-01 5.360541212570856251e-01
1.973363955742048551e-03 5.998235890562284567e-01 1.931529234937642836e-01 2.817241266178221459e-01 5.360540252182360854e-01
1.957433958161046775e-03 5.988016853836146680e-01 1.935956059721510580e-01 2.814164214715039747e-01 5.360535966026932497e-01
1.913052132087911293e-03 5.969965323554650150e-01 1.942933380717825065e-01 2.812536893823493478e-01 5.360530786846914308e-01
1.839703935793070245e-03 5.945132234684827877e-01 1.952523821278366878e-01 2.813986931559464000e-01 5.360522778339004146e-01
1.644534853041308611e-03 5.907693584501113593e-01 1.967264794613167167e-01 2.814513297523117963e-01 5.360515820079815308e-01
-4.657454449459076835e-03 6.141251081692354896e-01 1.942168324984632766e-01 -4.947740500296103627e-02 5.358132801380917076e-01
-4.763678145230003727e-03 6.123962723045333068e-01 1.951267959193727641e-01 -4.825767318199859768e-02 5.358128467774146975e-01
-4.865323737696243891e-03 6.109293790202111607e-01 1.958031447296200989e-01 -4.726538080576433293e-02 5.358123489762031122e-01
-4.949252912566738660e-03 6.098709513369343638e-01 1.962320100489220454e-01 -4.652786526182483423e-02 5.358118245490752773e-01
-4.975490457722523026e-03 6.093099866295840217e-01 1.964915017499156424e-01 -4.628662290176543265e-02 5.358116255595614108e-01
-5.000610049368177899e-03 6.088107356018030991e-01 1.967086763865316390e-01 -4.604413539151255147e-02 5.358114413603587423e-01
-5.024549713813249510e-03 6.084155781543865160e-01 1.968568422768777748e-01 -4.579897055707914805e-02 5.358112745722326542e-01
-5.048311083318164638e-03 6.079300675779323315e-01 1.970550185666961329e-01 -4.555089365124274925e-02 5.358111015485992334e-01
-5.072600855808326141e-03 6.074360161377938550e-01 1.972540348083797468e-01 -4.529821640987002213e-02 5.358109310831815630e-01
-5.097213661035826515e-03 6.070166712900542105e-01 1.974038931102804761e-01 -4.503943028907021057e-02 5.358107785471957207e-01
-5.120997485057137213e-03 6.064755185356671685e-01 1.976251655266584584e-01 -4.477310033768581998e-02 5.358106077331166173e-01
-5.170954004631702315e-03 6.056594102493642051e-01 1.978920443911713067e-01 -4.422504028061878534e-02 5.358102738733806492e-01
-5.220277873951708475e-03 6.045380260346208123e-01 1.983370529598297016e-01 -4.372918065434976825e-02 5.358099401143398000e-01
-5.317231232741880843e-03 6.025524451067626464e-01 1.990462406473420820e-01 -4.277538211612835761e-02 5.358092615221747845e-01
-5.419862150364311397e-03 5.999295142102458733e-01 2.000265307866347653e-01 -4.151656333741075150e-02 5.358084232404738412e-01
-5.318353157058693798e-03 6.244255480883823539e-01 2.001700495744113684e-01 -2.138684117759087969e-02 5.358637871998136459e-01
-5.385457882579773765e-03 6.221603817013334758e-01 2.010128779760465001e-01 -2.147489802152361196e-02 5.358630027815450836e-01
-5.442514317309308895e-03 6.202659248610420395e-01 2.016449289636241815e-01 -2.152054753273974219e-02 5.358623403662392537e-01
-5.486336096463191245e-03 6.188916576344679621e-01 2.020474820120606585e-01 -2.155083795837089283e-02 5.358618626198539125e-01
-5.501648367313051111e-03 6.182476478390148689e-01 2.022917044497174743e-01 -2.155560391880022644e-02 5.358616434260566885e-01
-5.517226514054704260e-03 6.176625031909989127e-01 2.024964818356464746e-01 -2.155955646518639343e-02 5.358614570433273272e-01
-5.532501526827045095e-03 6.171746123847975385e-01 2.026364142720119277e-01 -2.156376547691838882e-02 5.358612895335964632e-01
-5.548355600954158438e-03 6.166065804581445375e-01 2.028237590993189343e-01 -2.157051816461414556e-02 5.358610975271611565e-01
-5.564188204084562044e-03 6.160335571317610004e-01 2.030120326683954868e-01 -2.158086235637858216e-02 5.358609221468866313e-01
-5.580411260663162461e-03 6.155325805079168155e-01 2.031537985708979088e-01 -2.159473086458435151e-02 5.358607713521406080e-01
-5.596567308413215314e-03 6.149245292020044662e-01 2.033628620367785023e-01 -2.161208491145445373e-02 5.358605896987118644e-01
-5.627682898974273665e-03 6.139658288504616923e-01 2.036144203783433471e-01 -2.165598856409161471e-02 5.358603166274038543e-01
-5.657660646801471009e-03 6.127469216343839342e-01 2.040340935672342038e-01 -2.173011233002320602e-02 5.358599982345487733e-01
-5.719349840347870591e-03 6.106045299024253081e-01 2.047089993849892930e-01 -2.196099633959084502e-02 5.358594648095564850e-01
-5.768240603993382218e-03 6.079383111671707862e-01 2.056520168066463261e-01 -2.209645438071342408e-02 5.358587820591995676e-01
-1.443611048071095524e-03 6.255276322976237591e-01 2.062711049315341938e-01 -4.933571087121828985e-02 5.360128263657635284e-01
-1.460131113346097194e-03 6.232520708619843086e-01 2.068383137014739859e-01 -4.937841540779647903e-02 5.360118699740488157e-01
-1.473819350223891465e-03 6.216018636191525948e-01 2.071999420704800643e-01 -4.944773073057993212e-02 5.360112837802075703e-01
-1.478515544168216688e-03 6.208929668110024780e-01 2.074194483973221537e-01 -4.947911802159747630e-02 5.360109421890888459e-01
-1.483393920772741424e-03 6.202394242733146879e-01 2.076036206518212801e-01 -4.951389684005107206e-02 5.360106681037383192e-01
-1.487825547718099953e-03 6.196756969786250124e-01 2.077294724059607078e-01 -4.955374526834684101e-02 5.360104753549176371e-01
-1.491825412269710566e-03 6.190450046173989751e-01 2.078980342948537063e-01 -4.959593033361155145e-02 5.360102185802481101e-01
-1.496415496973478284e-03 6.184146856928876002e-01 2.080675101187929865e-01 -4.963949716785542865e-02 5.360099775406939049e-01
-1.500962352444672188e-03 6.178530983034794533e-01 2.081951669851964393e-01 -4.968792068880410751e-02 5.360098134776306589e-01
-1.505118212970281118e-03 6.172007328181587926e-01 2.083836114555605024e-01 -4.973760736443288977e-02 5.360095563004739772e-01
-1.515329594060779023e-03 6.161402351202688310e-01 2.086108659346691541e-01 -4.983431243700631175e-02 5.360092798686937332e-01
-1.536884569174991506e-03 6.148730739262500133e-01 2.089922775576746328e-01 -4.993130760325435041e-02 5.360087358904666033e-01
-1.534521485438389852e-03 6.126994396276009835e-01 2.096079902447091636e-01 -5.016106156276271127e-02 5.360082450439027646e-01
