3.335203190874946617e-03 8.797283061321795605e-01 1.803828808449176591e-01 -5.734308497405090632e-01 5.395222250051131541e-01
2.924671189622203137e-03 8.793415435506953814e-01 1.816867610969699343e-01 -5.829942416501685543e-01 5.394609043028191220e-01
2.709706577165643063e-03 8.791109993511416754e-01 1.824709571331276370e-01 -5.915076098521705461e-01 5.394258045814194213e-01
2.543610039674030956e-03 8.789725669836960797e-01 1.830133079646514560e-01 -5.981541371408458652e-01 5.394018121284975820e-01
2.432849097213411749e-03 8.789275429521705707e-01 1.833580587475498735e-01 -6.015723012327459651e-01 5.393892031571294599e-01
2.399677869035431958e-03 8.788763970915961510e-01 1.835595762782109841e-01 -6.025077542386169105e-01 5.393821099874827052e-01
2.372527663162214955e-03 8.788458311496010200e-01 1.837368042454765316e-01 -6.035151226858771478e-01 5.393768562217764462e-01
2.352539728686317295e-03 8.788449649751892689e-01 1.838656789514368228e-01 -6.046277350393939320e-01 5.393742694856548114e-01
2.337670727055602381e-03 8.788643603965929918e-01 1.839532912845639467e-01 -6.057637407950809960e-01 5.393736228679236744e-01
2.337670727055602381e-03 8.788321469206185066e-01 1.840411270219311779e-01 -6.057637407950809960e-01 5.393705487948907695e-01
2.325322503875121641e-03 8.788545650279638854e-01 1.841281689386353448e-01 -6.068201482053721119e-01 5.393701610479235686e-01
2.325322503875121641e-03 8.788214045376698813e-01 1.842133135148880108e-01 -6.068201482053721119e-01 5.393671089835815335e-01
2.313976587177956571e-03 8.788286478214835107e-01 1.843373035985425845e-01 -6.077275206466827839e-01 5.393654510214558329e-01
2.303120315704877685e-03 8.788129305865791663e-01 1.845130134855355597e-01 -6.084794601828894534e-01 5.393619134010622096e-01
2.284607044389509994e-03 8.788495966042608742e-01 1.847163312511501121e-01 -6.096923426876046381e-01 5.393609017649251269e-01
2.274566331408093677e-03 8.788313346025584671e-01 1.850525625394661700e-01 -6.105929089472423854e-01 5.393560724510738646e-01
2.279493981141866594e-03 8.788926876296593305e-01 1.855928169047437737e-01 -6.114674008730478505e-01 5.393551922855316372e-01
2.330357083973036772e-03 8.789835485835223450e-01 1.863099038949826702e-01 -6.122889524284562679e-01 5.393571474488754180e-01
2.538368582425624270e-03 8.792451974313321150e-01 1.873637008574089713e-01 -6.196710158413804015e-01 5.393749854859560822e-01
3.335203190874946617e-03 8.750589655214163765e-01 1.769678773186012799e-01 -5.734308497405090632e-01 5.391060817546627915e-01
2.924671189622203137e-03 8.746384964301925358e-01 1.781959746417443313e-01 -5.829942416501685543e-01 5.390522479967106984e-01
2.709706577165643063e-03 8.743886753969147829e-01 1.789374225624322523e-01 -5.915076098521705461e-01 5.390214061685341118e-01
2.543610039674030956e-03 8.742384752106061585e-01 1.794517469342016003e-01 -5.981541371408458652e-01 5.390001910950421582e-01
2.432849097213411749e-03 8.741875999818763399e-01 1.797780698828126411e-01 -6.015723012327459651e-01 5.389890678182566175e-01
2.399677869035431958e-03 8.741324196524327128e-01 1.799693121884396452e-01 -6.025077542386169105e-01 5.389828948901742578e-01
2.372527663162214955e-03 8.740987180178694249e-01 1.801366482036465821e-01 -6.035151226858771478e-01 5.389783729891882702e-01
2.352539728686317295e-03 8.740961453658538938e-01 1.802576757409408148e-01 -6.046277350393939320e-01 5.389761983646659260e-01
2.337670727055602381e-03 8.741150251082501210e-01 1.803398465156755559e-01 -6.057637407950809960e-01 5.389757023418948467e-01
2.337670727055602381e-03 8.740805569828848931e-01 1.804221865366080757e-01 -6.057637407950809960e-01 5.389731032451068327e-01
2.325322503875121641e-03 8.741025729453275606e-01 1.805038552465553503e-01 -6.068201482053721119e-01 5.389728392213060104e-01
2.325322503875121641e-03 8.740672432824391214e-01 1.805839150483481703e-01 -6.068201482053721119e-01 5.389702500644451000e-01
2.313976587177956571e-03 8.740732245856432936e-01 1.807008252606953913e-01 -6.077275206466827839e-01 5.389688959259747447e-01
2.303120315704877685e-03 8.740550221503434747e-01 1.808671403562049362e-01 -6.084794601828894534e-01 5.389659208633503784e-01
2.284607044389509994e-03 8.740908987490810800e-01 1.810603345853989132e-01 -6.096923426876046381e-01 5.389651614540155178e-01
2.274566331408093677e-03 8.740690986415918795e-01 1.813802696977570295e-01 -6.105929089472423854e-01 5.389611900095681030e-01
2.279493981141866594e-03 8.741281838430797757e-01 1.818947531734970702e-01 -6.114674008730478505e-01 5.389609650257584095e-01
2.330357083973036772e-03 8.742177787090416041e-01 1.825807566959548323e-01 -6.122889524284562679e-01 5.389634600449402235e-01
2.538368582425624270e-03 8.744840723583668929e-01 1.835958912471750692e-01 -6.196710158413804015e-01 5.389805082332678188e-01
3.335203190874946617e-03 8.708001621949519322e-01 1.735243565658394771e-01 -5.734308497405090632e-01 5.387441841842058876e-01
2.924671189622203137e-03 8.703440074831788609e-01 1.746753477675085375e-01 -5.829942416501685543e-01 5.386964282127025827e-01
2.709706577165643063e-03 8.700738281343406433e-01 1.753732693902580742e-01 -5.915076098521705461e-01 5.386690579077485497e-01
2.543610039674030956e-03 8.699111084889876722e-01 1.758590567995712006e-01 -5.981541371408458652e-01 5.386501217385569751e-01
2.432849097213411749e-03 8.698536591582429756e-01 1.761666142157175541e-01 -6.015723012327459651e-01 5.386401953958952493e-01
2.399677869035431958e-03 8.697941315637933712e-01 1.763473917779200817e-01 -6.025077542386169105e-01 5.386347661876645931e-01
2.372527663162214955e-03 8.697569306525698707e-01 1.765046633366448015e-01 -6.035151226858771478e-01 5.386308220392832524e-01
2.352539728686317295e-03 8.697522345228749785e-01 1.766177089554502033e-01 -6.046277350393939320e-01 5.386289569221583973e-01
2.337670727055602381e-03 8.697702213804674454e-01 1.766943081593796983e-01 -6.057637407950809960e-01 5.386285565967742217e-01
2.337670727055602381e-03 8.697333072848452140e-01 1.767710706271654331e-01 -6.057637407950809960e-01 5.386263347459276929e-01
2.325322503875121641e-03 8.697545784393020396e-01 1.768472764773596217e-01 -6.068201482053721119e-01 5.386261428793496231e-01
2.325322503875121641e-03 8.697168900207924436e-01 1.769221472102406600e-01 -6.068201482053721119e-01 5.386239237900721788e-01
2.313976587177956571e-03 8.697212418448818649e-01 1.770318357422608901e-01 -6.077275206466827839e-01 5.386227885279887273e-01
2.303120315704877685e-03 8.697001209646659792e-01 1.771885800518124277e-01 -6.084794601828894534e-01 5.386202463248012107e-01
2.284607044389509994e-03 8.697346023271527171e-01 1.773714599523921187e-01 -6.096923426876046381e-01 5.386196466817996242e-01
2.274566331408093677e-03 8.697084938690258227e-01 1.776747901245570582e-01 -6.105929089472423854e-01 5.386163232196223838e-01
2.279493981141866594e-03 8.697637626895247109e-01 1.781630108499338006e-01 -6.114674008730478505e-01 5.386165046654780575e-01
2.330357083973036772e-03 8.698501813394429183e-01 1.788173295862140466e-01 -6.122889524284562679e-01 5.386192719319897737e-01
2.538368582425624270e-03 8.701183787516917345e-01 1.797930483167918814e-01 -6.196710158413804015e-01 5.386353769490335175e-01
3.335203190874946617e-03 8.668999278295625999e-01 1.700518396051340086e-01 -5.734308497405090632e-01 5.384281901442525831e-01
2.924671189622203137e-03 8.664069140980713568e-01 1.711243562375517613e-01 -5.829942416501685543e-01 5.383854116699947623e-01
2.709706577165643063e-03 8.661157698683801254e-01 1.717779681494306099e-01 -5.915076098521705461e-01 5.383608963468208275e-01
2.543610039674030956e-03 8.659400937615355787e-01 1.722347080035703526e-01 -5.981541371408458652e-01 5.383438452601270185e-01
2.432849097213411749e-03 8.658755928623951270e-01 1.725231554762690356e-01 -6.015723012327459651e-01 5.383348928842740522e-01
2.399677869035431958e-03 8.658115218294953896e-01 1.726932749924079691e-01 -6.025077542386169105e-01 5.383300692644940044e-01
2.372527663162214955e-03 8.657705131356127071e-01 1.728402862879074575e-01 -6.035151226858771478e-01 5.383265842976369120e-01
2.352539728686317295e-03 8.657634107629047504e-01 1.729452026491943017e-01 -6.046277350393939320e-01 5.383249510496305179e-01
2.337670727055602381e-03 8.657802662826160622e-01 1.730161472194124417e-01 -6.057637407950809960e-01 5.383246073875174176e-01
2.337670727055602381e-03 8.657407835116701644e-01 1.730872189247677218e-01 -6.057637407950809960e-01 5.383226857144394195e-01
2.325322503875121641e-03 8.657610280373092548e-01 1.731578506223168112e-01 -6.068201482053721119e-01 5.383225301358873782e-01
2.325322503875121641e-03 8.657209003735824027e-01 1.732274258206533968e-01 -6.068201482053721119e-01 5.383206069300215946e-01
2.313976587177956571e-03 8.657233139021370816e-01 1.733297678187683821e-01 -6.077275206466827839e-01 5.383196284287871114e-01
2.303120315704877685e-03 8.656989905965104537e-01 1.734767717156723565e-01 -6.084794601828894534e-01 5.383174197372955216e-01
2.284607044389509994e-03 8.657316025364135692e-01 1.736491426062803378e-01 -6.096923426876046381e-01 5.383169131263554341e-01
2.274566331408093677e-03 8.657006229687065346e-01 1.739355428239724166e-01 -6.105929089472423854e-01 5.383140782104121058e-01
2.279493981141866594e-03 8.657509626113364387e-01 1.743970087335069696e-01 -6.114674008730478505e-01 5.383144854200575535e-01
2.330357083973036772e-03 8.658327335575821682e-01 1.750190288640136038e-01 -6.122889524284562679e-01 5.383173329357739956e-01
2.538368582425624270e-03 8.661006872879301044e-01 1.759545428322051019e-01 -6.196710158413804015e-01 5.383324063963010886e-01
3.335203190874946617e-03 8.633149085909258558e-01 1.665500799450862490e-01 -5.734308497405090632e-01 5.381512720576928643e-01
2.924671189622203137e-03 8.627845093396554477e-01 1.675427366149530028e-01 -5.829942416501685543e-01 5.381126054543743376e-01
2.709706577165643063e-03 8.624721389230838309e-01 1.681512497066134648e-01 -5.915076098521705461e-01 5.380904586543192591e-01
2.543610039674030956e-03 8.622832669023130503e-01 1.685784009434710407e-01 -5.981541371408458652e-01 5.380749817505526833e-01
2.432849097213411749e-03 8.622114082840988125e-01 1.688473970626020171e-01 -6.015723012327459651e-01 5.380668292193333535e-01
2.399677869035431958e-03 8.621426949274542118e-01 1.690066511972919960e-01 -6.025077542386169105e-01 5.380625017910344310e-01
2.372527663162214955e-03 8.620977133397231817e-01 1.691432224168631371e-01 -6.035151226858771478e-01 5.380593841904266483e-01
2.352539728686317295e-03 8.620879751080516851e-01 1.692398490954687973e-01 -6.046277350393939320e-01 5.380579239959710769e-01
2.337670727055602381e-03 8.621035039599856953e-01 1.693050342951561149e-01 -6.057637407950809960e-01 5.380576094400520981e-01
2.337670727055602381e-03 8.620613696660706093e-01 1.693703096665176711e-01 -6.057637407950809960e-01 5.380559279765365632e-01
2.325322503875121641e-03 8.620803976446370642e-01 1.694352635879365632e-01 -6.068201482053721119e-01 5.380557832657189010e-01
2.325322503875121641e-03 8.620377495198187079e-01 1.694994646209560807e-01 -6.068201482053721119e-01 5.380540990645534816e-01
2.313976587177956571e-03 8.620380427514553467e-01 1.695943126151365776e-01 -6.077275206466827839e-01 5.380532305508051172e-01
2.303120315704877685e-03 8.620103041427317203e-01 1.697313829187059586e-01 -6.084794601828894534e-01 5.380512787114992701e-01
2.284607044389509994e-03 8.620407147846628204e-01 1.698930460274708787e-01 -6.096923426876046381e-01 5.380508170605681206e-01
2.274566331408093677e-03 8.620044894509210076e-01 1.701622144148681182e-01 -6.105929089472423854e-01 5.380483493200397538e-01
2.279493981141866594e-03 8.620490122120214593e-01 1.705964029949886829e-01 -6.114674008730478505e-01 5.380488526278398576e-01
2.330357083973036772e-03 8.621250651713172619e-01 1.711854874968962159e-01 -6.122889524284562679e-01 5.380516442492387919e-01
2.538368582425624270e-03 8.623910934910939963e-01 1.720800104188249524e-01 -6.196710158413804015e-01 5.380656452761617414e-01
3.335203190874946617e-03 8.584494535654103586e-01 1.612416257488256677e-01 -5.734308497405090632e-01 5.377970467059800530e-01
2.924671189622203137e-03 8.578629176632774911e-01 1.621118410311848668e-01 -5.829942416501685543e-01 5.377633123037438567e-01
2.709706577165643063e-03 8.575187014524364715e-01 1.626511577921197771e-01 -5.915076098521705461e-01 5.377440188870522553e-01
2.543610039674030956e-03 8.573099578201160975e-01 1.630329068691355743e-01 -5.981541371408458652e-01 5.377304551628659945e-01
2.432849097213411749e-03 8.572267698229490973e-01 1.632720364933036017e-01 -6.015723012327459651e-01 5.377232551920065884e-01
2.399677869035431958e-03 8.571510040486425286e-01 1.634146237447071104e-01 -6.025077542386169105e-01 5.377195175910014502e-01
2.372527663162214955e-03 8.570998838809592568e-01 1.635351707554343337e-01 -6.035151226858771478e-01 5.377168220275687638e-01
2.352539728686317295e-03 8.570859849312366663e-01 1.636190789871086737e-01 -6.046277350393939320e-01 5.377155423182489180e-01
2.337670727055602381e-03 8.570531075746451455e-01 1.637318022599735523e-01 -6.057637407950809960e-01 5.377138299935592114e-01
2.325322503875121641e-03 8.570235862114605752e-01 1.638439762750215078e-01 -6.068201482053721119e-01 5.377122625947884371e-01
2.313976587177956571e-03 8.570204182547578320e-01 1.639273444811122082e-01 -6.077275206466827839e-01 5.377114985797039060e-01
2.303120315704877685e-03 8.569873545751888200e-01 1.640491572921114749e-01 -6.084794601828894534e-01 5.377098262666715200e-01
2.284607044389509994e-03 8.570139964380508735e-01 1.641943770207179576e-01 -6.096923426876046381e-01 5.377093735415942044e-01
2.274566331408093677e-03 8.569694459511516538e-01 1.644370597869213579e-01 -6.105929089472423854e-01 5.377072901608710431e-01
2.279493981141866594e-03 8.570041559736367720e-01 1.648293527322915175e-01 -6.114674008730478505e-01 5.377077725059681290e-01
2.330357083973036772e-03 8.570701594013120372e-01 1.653678440121003901e-01 -6.122889524284562679e-01 5.377103148957684819e-01
2.538368582425624270e-03 8.573309254108170130e-01 1.661993352752263176e-01 -6.196710158413804015e-01 5.377226997720954138e-01
-7.119845912512004840e-05 8.523764328614302777e-01 1.572229485364168289e-01 2.404661533535748866e-02 5.374304133280218831e-01
-1.511036366289586767e-04 8.518610856467864201e-01 1.580044804465597641e-01 3.686001317078761719e-02 5.374132820134984723e-01
-1.904528111870115498e-04 8.515534999350895529e-01 1.584935264104419539e-01 4.410056165435662090e-02 5.374030499766607738e-01
-2.303537575846180939e-04 8.513749243815788015e-01 1.588422575349170141e-01 5.022820136066682289e-02 5.373964712147261125e-01
-2.467674682001523177e-04 8.513095312679617166e-01 1.590593679724010001e-01 5.436789805760264965e-02 5.373934797204276137e-01
-2.517366665875262421e-04 8.512350257356989802e-01 1.591896092520050932e-01 5.560197032442662501e-02 5.373912208463160756e-01
-2.564364969669518258e-04 8.511857084767605608e-01 1.592981196951892275e-01 5.663912850002016802e-02 5.373896026635215373e-01
-2.608631571199417987e-04 8.511749552385734496e-01 1.593724016687503853e-01 5.744409052958869555e-02 5.373889511121910934e-01
-2.647257037667108122e-04 8.511424559989668737e-01 1.594716329253136888e-01 5.806884600992057860e-02 5.373878164265709634e-01
-2.682592048522092188e-04 8.511128801453310411e-01 1.595708613139342202e-01 5.860500465932415998e-02 5.373867722978751260e-01
-2.719275323813566511e-04 8.511114907980344979e-01 1.596454753308139130e-01 5.911909482390792503e-02 5.373864263216462378e-01
-2.756342357508021509e-04 8.510777726275431387e-01 1.597557277129014186e-01 5.962060802266357790e-02 5.373853437723917770e-01
-2.820311170938096077e-04 8.511083340824218135e-01 1.598884237539706099e-01 6.051165418319184169e-02 5.373855229463257999e-01
-2.853821717128300845e-04 8.510607303614509123e-01 1.601107738511166334e-01 6.108231426917252321e-02 5.373840117839315811e-01
-2.889789694044147704e-04 8.510888261164154533e-01 1.604706585177326505e-01 6.121440186800426730e-02 5.373843343618857071e-01
-2.859912590114067573e-04 8.511359968977216806e-01 1.609694042148314963e-01 5.967319456287665386e-02 5.373851730404830551e-01
-2.864310447663555217e-04 8.513528685115170358e-01 1.617498653867864566e-01 5.286094336158444346e-02 5.373906224166198342e-01
-7.119845912512004840e-05 8.521563626911324851e-01 1.574392840274047856e-01 2.404661533535748866e-02 5.374250607877955055e-01
-1.511036366289586767e-04 8.516228208864687899e-01 1.582386656993402252e-01 3.686001317078761719e-02 5.374075662958766042e-01
-1.904528111870115498e-04 8.513054779671717087e-01 1.587375017110518316e-01 4.410056165435662090e-02 5.373971440980267467e-01
-2.303537575846180939e-04 8.511205472133107630e-01 1.590925854920737514e-01 5.022820136066682289e-02 5.373904438070163936e-01
-2.467674682001523177e-04 8.510519071887203690e-01 1.593131355234445046e-01 5.436789805760264965e-02 5.373873857609833271e-01
-2.517366665875262421e-04 8.509756957240013353e-01 1.594451283094823479e-01 5.560197032442662501e-02 5.373850966290647513e-01
-2.564364969669518258e-04 8.509250936687787759e-01 1.595549707225530633e-01 5.663912850002016802e-02 5.373834552488871985e-01
-2.608631571199417987e-04 8.509135552327695695e-01 1.596300808512740865e-01 5.744409052958869555e-02 5.373827881038975018e-01
-2.647257037667108122e-04 8.508800705693421174e-01 1.597303506505293458e-01 5.806884600992057860e-02 5.373816357689094048e-01
-2.682592048522092188e-04 8.508496248081246494e-01 1.598304732613064771e-01 5.860500465932415998e-02 5.373805768115150761e-01
-2.719275323813566511e-04 8.508476610522117678e-01 1.599057498301689473e-01 5.911909482390792503e-02 5.373802180679270180e-01
-2.756342357508021509e-04 8.508130997014752284e-01 1.600169401406973946e-01 5.962060802266357790e-02 5.373791206399928244e-01
-2.820311170938096077e-04 8.508429532397858708e-01 1.601505698490164886e-01 6.051165418319184169e-02 5.373792798837522255e-01
-2.853821717128300845e-04 8.507944737883963437e-01 1.603740122677320690e-01 6.108231426917252321e-02 5.373777548761008438e-01
-2.889789694044147704e-04 8.508219470266236151e-01 1.607349936630129150e-01 6.121440186800426730e-02 5.373780604246501946e-01
-2.859912590114067573e-04 8.508699822631777820e-01 1.612336097100895427e-01 5.967319456287665386e-02 5.373789130935668901e-01
-2.864310447663555217e-04 8.510920972965360098e-01 1.620101768342789572e-01 5.286094336158444346e-02 5.373844567783837567e-01
7.402674510514538559e-04 8.490294432240389488e-01 1.578140121973884147e-01 1.089088765764840150e-01 5.373528338269421001e-01
6.620762485349088481e-04 8.485767022281418548e-01 1.586420320502220094e-01 1.183513974549791209e-01 5.373403311355567924e-01
6.172252568271820259e-04 8.483031556113215244e-01 1.591565743011813527e-01 1.236343793886880149e-01 5.373323394503496386e-01
5.911000876220536037e-04 8.481480891516507414e-01 1.595217280466766363e-01 1.277948788914300970e-01 5.373274234686781226e-01
5.730014886792261656e-04 8.481010913328780321e-01 1.597477346173289681e-01 1.305542229530604892e-01 5.373253712531926851e-01
5.676375019020891846e-04 8.480287901609439016e-01 1.598825900357820906e-01 1.313452250991174186e-01 5.373234821066229516e-01
5.627612303064842255e-04 8.479822794698975708e-01 1.599945976464949293e-01 1.320842190456935628e-01 5.373221607393666721e-01
5.583882433342940606e-04 8.479753974236213798e-01 1.600710254120752685e-01 1.327426907563541147e-01 5.373217097151185007e-01
5.542089993360294455e-04 8.479455058553504454e-01 1.601729656286152437e-01 1.333213013120581880e-01 5.373207557090865505e-01
5.501555156690746953e-04 8.479183539195355168e-01 1.602745732701813253e-01 1.338521755794146451e-01 5.373198824896374681e-01
5.467811059439933600e-04 8.479198888683360247e-01 1.603509193217265427e-01 1.343437110560673498e-01 5.373196812801132038e-01
5.444667804536384168e-04 8.478874163309365608e-01 1.604636021045401373e-01 1.347761198792945259e-01 5.373187578763373162e-01
5.416309218346955761e-04 8.479226854399128932e-01 1.605987405147279723e-01 1.355016231737857235e-01 5.373191817069480347e-01
5.401086113787513087e-04 8.478760613161033799e-01 1.608239941010256580e-01 1.360816010059262282e-01 5.373178347403136934e-01
5.392466514738681856e-04 8.479045553543365088e-01 1.611868105942877716e-01 1.366236100064046055e-01 5.373181725956547306e-01
5.508382924263962492e-04 8.479445758068759886e-01 1.616854321007114570e-01 1.359422874438672435e-01 5.373186917361419956e-01
5.982872661478733523e-04 8.481331147346403698e-01 1.624559878409960745e-01 1.322477005616800871e-01 5.373229451957960423e-01
-2.279935839122712202e-04 8.457479576978425007e-01 1.585320435916591775e-01 1.281548602814146232e-01 5.372697264184777000e-01
-2.474521580511673162e-04 8.453393918106937299e-01 1.593971422720259767e-01 1.364457720333904223e-01 5.372598048790538927e-01
-2.551714094916254501e-04 8.450867609192732610e-01 1.599318865122666133e-01 1.409837581692511832e-01 5.372534250226639330e-01
-2.585420262718317753e-04 8.449481465748674980e-01 1.603091518203964838e-01 1.442759466007303981e-01 5.372495593618840104e-01
-2.610289104173315385e-04 8.449125589228415611e-01 1.605418826748556405e-01 1.464001589488362620e-01 5.372480413175404479e-01
-2.617130650559170942e-04 8.448412517299861424e-01 1.606806863341617153e-01 1.470103862775518355e-01 5.372463025544245152e-01
-2.621987173712541416e-04 8.447965676350791542e-01 1.607956275171596172e-01 1.475750582114394582e-01 5.372451289874996538e-01
-2.626619890160231292e-04 8.447926063794164442e-01 1.608737232269963069e-01 1.480878001959768375e-01 5.372448237804750004e-01
-2.634077887798824550e-04 8.447643499068723250e-01 1.609779272575777576e-01 1.485519686146894447e-01 5.372440384879608732e-01
-2.645782284648936101e-04 8.447386408519738099e-01 1.610817572033903522e-01 1.489896537883593497e-01 5.372433177516400260e-01
-2.658866075082656527e-04 8.447423084702729845e-01 1.611595744017708387e-01 1.494053503153095486e-01 5.372432196323683185e-01
-2.670468480852378375e-04 8.447106792857331792e-01 1.612741080768339275e-01 1.497960205632282715e-01 5.372424000178182002e-01
-2.691924485774289662e-04 8.447501015695405568e-01 1.614114212486248701e-01 1.505033935619542462e-01 5.372428943956565339e-01
-2.696184718875374608e-04 8.447042742729046205e-01 1.616394504767408591e-01 1.511155005392336992e-01 5.372416320746179474e-01
-2.677337904824697709e-04 8.447335959326295329e-01 1.620052922447620669e-01 1.518051166609994673e-01 5.372418901172103523e-01
-2.728638478589126147e-04 8.447705206275382128e-01 1.625056462186024453e-01 1.513224860390509630e-01 5.372421669959165369e-01
-2.778140792347185925e-04 8.449458709385113675e-01 1.632707528039650802e-01 1.482813221410250459e-01 5.372451423962638639e-01
1.133840089856613198e-04 8.414815082359687892e-01 1.606331385879151141e-01 1.671263743925054113e-01 5.371911324395632903e-01
9.908493263824723178e-05 8.412429479221910089e-01 1.611889300283292081e-01 1.713671008510820881e-01 5.371856352334526408e-01
8.920454657407813378e-05 8.411160778070814192e-01 1.615798386753265203e-01 1.742037874681099663e-01 5.371822919184640055e-01
8.343522903311856439e-05 8.410894312842178699e-01 1.618196560851128951e-01 1.759437009601648449e-01 5.371811716380398005e-01
8.183823052893395293e-05 8.410177206756087598e-01 1.619624014686510127e-01 1.764241019249425946e-01 5.371795866820812115e-01
8.026486457209314673e-05 8.409737990151179288e-01 1.620804963495079964e-01 1.768946677908106446e-01 5.371785266667090664e-01
7.865859217956341996e-05 8.409722367150631595e-01 1.621606412993476520e-01 1.773633841906620823e-01 5.371782785419828565e-01
7.732433086775163372e-05 8.409450862058149845e-01 1.622674058994474922e-01 1.778188234529293754e-01 5.371775555317125361e-01
7.653146730321323159e-05 8.409203216521330404e-01 1.623736838488102352e-01 1.782611939938711643e-01 5.371769031379963755e-01
7.636017414528691635e-05 8.409256855874396308e-01 1.624531500415495877e-01 1.786794526048430254e-01 5.371768495336129989e-01
7.652147382507593076e-05 8.408942107536213628e-01 1.625699432819424362e-01 1.790691146682038271e-01 5.371761046341421153e-01
7.679058613925783202e-05 8.409364595846060553e-01 1.627098930350751038e-01 1.797362537097128288e-01 5.371766373934516725e-01
7.637500940622346697e-05 8.408904856499102021e-01 1.629418559666383770e-01 1.803139986481151757e-01 5.371754638766672585e-01
7.596907122721869362e-05 8.409212807107128151e-01 1.633121854549995922e-01 1.810295998419343966e-01 5.371756757536679805e-01
7.723007355327279747e-05 8.409535590107772851e-01 1.638173193568865649e-01 1.809594854867756786e-01 5.371759585792855729e-01
-1.244706059488264133e-04 8.338857560073008601e-01 1.628313469246782941e-01 2.066278865117961994e-01 5.370623612679804593e-01
-1.314041320328387409e-04 8.336727468010632913e-01 1.634155199817714788e-01 2.108035859722786620e-01 5.370582278281594846e-01
-1.351258590263424819e-04 8.335636547709440736e-01 1.638247570114866325e-01 2.134768711755819226e-01 5.370557597204455025e-01
-1.365877420622845569e-04 8.335512987593205469e-01 1.640742131525967373e-01 2.150669049929989640e-01 5.370550407366568857e-01
-1.371758817862966365e-04 8.334797800518164435e-01 1.642220365574960372e-01 2.155369301469664822e-01 5.370536613367868917e-01
-1.378999413984877034e-04 8.334374150384055158e-01 1.643445154995931412e-01 2.159890998191355549e-01 5.370527704333790675e-01
-1.385635179759513776e-04 8.334396538357380368e-01 1.644275908913072626e-01 2.164013799303399488e-01 5.370526318012776024e-01
-1.391079638720339403e-04 8.334142887731209592e-01 1.645380446026776522e-01 2.167701994070674598e-01 5.370520446589841512e-01
-1.397017156819355046e-04 8.333913181325093289e-01 1.646479309272731728e-01 2.171185282815326634e-01 5.370515114359031283e-01
-1.403629418920562344e-04 8.334000799365440804e-01 1.647299002971222837e-01 2.174439575009139702e-01 5.370515078390032393e-01
-1.409019999705030200e-04 8.333695008357435707e-01 1.648501497826945772e-01 2.177301836848401784e-01 5.370508555742348200e-01
-1.417812819000822467e-04 8.334187330610658417e-01 1.649938941361236144e-01 2.182303414984905487e-01 5.370514019953789298e-01
-1.423036632967736629e-04 8.333732844712341548e-01 1.652321683344653014e-01 2.186749940231673961e-01 5.370503842320020205e-01
-1.384328288638638751e-04 8.334075854386679971e-01 1.656106665263850919e-01 2.195004355839320631e-01 5.370505888103392911e-01
-1.403110402072950999e-04 8.334367336701733464e-01 1.661240693525129208e-01 2.197722161443524669e-01 5.370506826592075234e-01
-4.175277606480495948e-04 8.203369668144353533e-01 1.675132895330802840e-01 2.853914523580460827e-01 5.368796646399252026e-01
-4.179574876238101961e-04 8.202433172775455139e-01 1.679465866599960389e-01 2.883796226353552705e-01 5.368778827697729961e-01
-4.178270752404252822e-04 8.202456320877994367e-01 1.682098804056257890e-01 2.902364619262121082e-01 5.368774135305960371e-01
-4.176345459871347418e-04 8.201715944136368508e-01 1.683655242922678374e-01 2.907951531775496701e-01 5.368762673839724275e-01
-4.174790098143599964e-04 8.201293698923720621e-01 1.684941064935616406e-01 2.913334177478108522e-01 5.368755492221942704e-01
-4.174129463653944504e-04 8.201357136516356228e-01 1.685811973872760050e-01 2.918375370388872070e-01 5.368754821975829650e-01
-4.173277738407340566e-04 8.201115812006329886e-01 1.686967806840527218e-01 2.922976089281228984e-01 5.368750191145613693e-01
-4.171480428197418908e-04 8.200897756200539179e-01 1.688116079942772463e-01 2.927226135836214493e-01 5.368745885386670968e-01
-4.170210527689231328e-04 8.201025108826950349e-01 1.688973659117673498e-01 2.931339469389022678e-01 5.368746189936892677e-01
-4.170854007765676763e-04 8.200722034656444670e-01 1.690231510391257408e-01 2.935278910112206208e-01 5.368740915378293899e-01
-4.175386346619995625e-04 8.201308438646385257e-01 1.691734081124278977e-01 2.942238889802343271e-01 5.368746255573203507e-01
-4.183375241973221761e-04 8.200854643213790762e-01 1.694219122202980654e-01 2.948108523288270333e-01 5.368738221859907789e-01
-4.196942123867744784e-04 8.201283489981530117e-01 1.698153163865067095e-01 2.955596026372421248e-01 5.368740449591025143e-01
