6.401309173448942701e-03 8.738319010742189308e-01 2.065653184836443168e-01 -3.074811044152335082e+00 5.419876676970591944e-01
6.401309173448942701e-03 8.700737070795122596e-01 2.018686711741994877e-01 -3.074811044152335082e+00 5.414956822273240267e-01
6.401309173448942701e-03 8.665527706219948723e-01 1.971161652653460328e-01 -3.074811044152335082e+00 5.410463987659763774e-01
6.401309173448942701e-03 8.632472049048662832e-01 1.923066274057424752e-01 -3.074811044152335082e+00 5.406353063183739760e-01
6.401309173448942701e-03 8.601379360482270808e-01 1.874392169517734297e-01 -3.074811044152335082e+00 5.402584828426026942e-01
6.401309173448942701e-03 8.558053426775154016e-01 1.800270030847915814e-01 -3.074811044152335082e+00 5.397500299054234230e-01
8.608461181167762627e-03 8.528734101438494308e-01 1.766897708058691729e-01 -5.240521983110268067e+00 5.393243746090627955e-01
8.608461181167762627e-03 8.525340075489015179e-01 1.767393041623425975e-01 -5.240521983110268067e+00 5.393189412787139370e-01
1.296515678935183415e-02 8.514598510094966155e-01 1.768365879981604605e-01 -5.158411594327181326e+00 5.393517411521226990e-01
1.437561789733437893e-02 8.505429281674765640e-01 1.771100626273710010e-01 -5.671512113749990647e+00 5.393928961187778315e-01
1.668920991440979787e-02 8.493989594305249025e-01 1.775691313264931848e-01 -6.395685840586779136e+00 5.394092856730644536e-01
1.888202191519922427e-02 8.477744750376737803e-01 1.783445540662241813e-01 -7.288332179309599645e+00 5.394409042884563688e-01
2.108347048796554643e-02 8.455644967971605030e-01 1.798299340491492371e-01 -8.105583719422408961e+00 5.394529627903089652e-01
2.377458817643447395e-02 8.413956043951883457e-01 1.825824679781413717e-01 -9.080344612908529456e+00 5.394312040129576324e-01
2.654613292926552917e-02 8.336811247656328305e-01 1.885651217670644142e-01 -9.724907446850933113e+00 5.393646384820861561e-01
6.401309173448942701e-03 8.869450296513281540e-01 2.269025282145011035e-01 -3.074811044152335082e+00 5.428664008626695736e-01
6.401309173448942701e-03 8.828158035897462064e-01 2.230724530009934314e-01 -3.074811044152335082e+00 5.422337558633681942e-01
6.401309173448942701e-03 8.790504942769680197e-01 2.192042921942699008e-01 -3.074811044152335082e+00 5.416734580312048131e-01
6.401309173448942701e-03 8.756028938330673306e-01 2.152973673567375457e-01 -3.074811044152335082e+00 5.411750141301817640e-01
6.401309173448942701e-03 8.724345307225308543e-01 2.113512014654004567e-01 -3.074811044152335082e+00 5.407297755514541837e-01
6.401309173448942701e-03 8.681354560296171696e-01 2.053569048819917919e-01 -3.074811044152335082e+00 5.401462046363868508e-01
8.608461181167762627e-03 8.653363493847014976e-01 2.029149299678480733e-01 -5.240521983110268067e+00 5.396699606327335363e-01
8.608461181167762627e-03 8.653979373904965300e-01 2.027926119790213755e-01 -5.240521983110268067e+00 5.396744024809889684e-01
1.296515678935183415e-02 8.649925225386614347e-01 2.026248121665637780e-01 -5.158411594327181326e+00 5.397246140021499938e-01
1.437561789733437893e-02 8.647972233167074974e-01 2.026414102899762038e-01 -5.671512113749990647e+00 5.397852929020072743e-01
1.668920991440979787e-02 8.644630668569641685e-01 2.028489302608507405e-01 -6.395685840586779136e+00 5.398204760385346690e-01
1.888202191519922427e-02 8.637918037693119722e-01 2.033752553382125738e-01 -7.288332179309599645e+00 5.398736930143364088e-01
2.108347048796554643e-02 8.627184237331145811e-01 2.046182937265749735e-01 -8.105583719422408961e+00 5.399076752444038618e-01
2.377458817643447395e-02 8.600308338602286051e-01 2.072030335224912256e-01 -9.080344612908529456e+00 5.399045056814479882e-01
2.654613292926552917e-02 8.537585514037332457e-01 2.134817471651584697e-01 -9.724907446850933113e+00 5.398325978224449706e-01
7.333113182930272103e-03 8.889316564864433445e-01 2.245594701940959725e-01 -9.597342602045051407e-01 5.423996303699792909e-01
7.333113182930272103e-03 8.848315991479303033e-01 2.212012115127545975e-01 -9.597342602045051407e-01 5.417665336403373333e-01
7.333113182930272103e-03 8.811247903959740224e-01 2.178137741960153861e-01 -9.597342602045051407e-01 5.412133294575104392e-01
7.333113182930272103e-03 8.777571255396793282e-01 2.143967044536961297e-01 -9.597342602045051407e-01 5.407272793203711236e-01
7.333113182930272103e-03 8.746842094723379368e-01 2.109497023533193349e-01 -9.597342602045051407e-01 5.402980881434388261e-01
7.333113182930272103e-03 8.705479150115832399e-01 2.057220332860552059e-01 -9.597342602045051407e-01 5.397428838471584056e-01
2.895925906363271476e-03 8.667007695571852244e-01 2.013684763764668206e-01 -8.965318421000812998e-01 5.391353036768130602e-01
2.895925906363271476e-03 8.668107377416500725e-01 2.012102344429714529e-01 -8.965318421000812998e-01 5.391407539693451323e-01
5.383592848130315522e-03 8.661151324466679347e-01 2.009843205473905992e-01 -1.464275396099896209e+00 5.391360742475754808e-01
5.574341347987231930e-03 8.658130289534892166e-01 2.009236687227555773e-01 -1.912119503010947241e+00 5.391557887189798448e-01
7.000203949327108224e-03 8.654196707199957039e-01 2.010717886417347500e-01 -2.113507193214406055e+00 5.391688063848901757e-01
8.119129081045291241e-03 8.646656077607756119e-01 2.015324819884141416e-01 -2.398252286326213678e+00 5.391897513767446304e-01
9.282675397800961223e-03 8.633166394122017140e-01 2.026889248426592405e-01 -2.633026891518791324e+00 5.391947542587252062e-01
1.074209733175760656e-02 8.603183317535050278e-01 2.052210143034398637e-01 -2.757584606780538738e+00 5.391573775033875471e-01
1.218988738565914345e-02 8.535225382990553333e-01 2.115380202237451823e-01 -3.073205113862771842e+00 5.390378799510492369e-01
1.015078485479659239e-02 8.894599430678254981e-01 2.188195427439106333e-01 -7.215714877873319333e-01 5.420979057031691806e-01
1.015078485479659239e-02 8.854897115991375856e-01 2.158864693664471757e-01 -7.215714877873319333e-01 5.414636251644313614e-01
1.015078485479659239e-02 8.819231049663692756e-01 2.129313416322353714e-01 -7.215714877873319333e-01 5.409149768676665415e-01
1.015078485479659239e-02 8.787014535362025480e-01 2.099538008625319585e-01 -7.215714877873319333e-01 5.404373809670272033e-01
1.015078485479659239e-02 8.757771055262720816e-01 2.069537009265057514e-01 -7.215714877873319333e-01 5.400192376932668736e-01
1.015078485479659239e-02 8.718637176656274246e-01 2.024105288720751128e-01 -7.215714877873319333e-01 5.394834975139403133e-01
4.608522702386493898e-03 8.677625444669929689e-01 1.986283735974667120e-01 -3.944750241939380397e-01 5.388424542431551334e-01
4.608522702386493898e-03 8.679065885684592585e-01 1.984408839457368900e-01 -3.944750241939380397e-01 5.388486836119761314e-01
6.928954608652534812e-03 8.669183213367132046e-01 1.981669791040757134e-01 -5.530192032387292178e-01 5.388152578298068818e-01
6.916042774333486937e-03 8.664487325300499476e-01 1.980377151341991271e-01 -7.945827178863706930e-01 5.388100173724795772e-01
8.303027721773936776e-03 8.659376594945198402e-01 1.981338576624177561e-01 -9.759537665654776095e-01 5.388072423379417497e-01
9.428229023503280695e-03 8.650324844333548979e-01 1.985353407891495559e-01 -1.225686544751650509e+00 5.388058998307715397e-01
1.070364529871963358e-02 8.633276330980474977e-01 1.996130236099979693e-01 -1.438071072803843720e+00 5.387899815941196158e-01
1.231248833876098792e-02 8.599193614111861894e-01 2.020961235260436695e-01 -1.585206692957203289e+00 5.387273834048612597e-01
1.416866750962603172e-02 8.524957583955310447e-01 2.084415679089053619e-01 -1.805685261713535938e+00 5.385755261415651196e-01
1.015078485479659239e-02 8.904629640774868182e-01 2.147656878365918343e-01 -7.215714877873319333e-01 5.422685664971936825e-01
1.015078485479659239e-02 8.866006271940645167e-01 2.120933566867412023e-01 -7.215714877873319333e-01 5.416094852131715376e-01
1.015078485479659239e-02 8.831433311545064946e-01 2.094028107034920372e-01 -7.215714877873319333e-01 5.410418232074089007e-01
1.015078485479659239e-02 8.800304560437087753e-01 2.066937897557825365e-01 -7.215714877873319333e-01 5.405495445314585368e-01
1.015078485479659239e-02 8.772130598579358507e-01 2.039661766667466847e-01 -7.215714877873319333e-01 5.401199857897369672e-01
1.015078485479659239e-02 8.734549410195788788e-01 1.998393594581202859e-01 -7.215714877873319333e-01 5.395715979758184400e-01
4.608522702386493898e-03 8.695013330890501990e-01 1.963730309465334667e-01 -3.944750241939380397e-01 5.389187956633799681e-01
4.608522702386493898e-03 8.696600001397534196e-01 1.961659990647500740e-01 -3.944750241939380397e-01 5.389259263450013604e-01
6.928954608652534812e-03 8.687096313591069485e-01 1.958592315560490071e-01 -5.530192032387292178e-01 5.388926871040261579e-01
6.916042774333486937e-03 8.682805478550080780e-01 1.956762805969089192e-01 -7.945827178863706930e-01 5.388890027021395746e-01
8.303027721773936776e-03 8.677979354356478714e-01 1.957202517680466380e-01 -9.759537665654776095e-01 5.388876589397283423e-01
9.428229023503280695e-03 8.669210110119378587e-01 1.960582860279024286e-01 -1.225686544751650509e+00 5.388878343978253938e-01
1.070364529871963358e-02 8.652989614027355447e-01 1.970751141366977044e-01 -1.438071072803843720e+00 5.388724719873716484e-01
1.231248833876098792e-02 8.619877156376437588e-01 1.995049829350020731e-01 -1.585206692957203289e+00 5.388080495067447684e-01
1.416866750962603172e-02 8.545741376410088685e-01 2.058840539871376607e-01 -1.805685261713535938e+00 5.386474577472942782e-01
8.533285392226126406e-03 8.916098149192722699e-01 2.097664304474153030e-01 -6.135924423457055354e-01 5.421325300799793023e-01
8.533285392226126406e-03 8.878699944298943381e-01 2.073866115616629646e-01 -6.135924423457055354e-01 5.414645705502790785e-01
8.533285392226126406e-03 8.845360635693846341e-01 2.049924707299242976e-01 -6.135924423457055354e-01 5.408932279482879801e-01
8.533285392226126406e-03 8.815452399612551115e-01 2.025837857463031744e-01 -6.135924423457055354e-01 5.404008758206501062e-01
8.533285392226126406e-03 8.788472446643265101e-01 2.001604981525204607e-01 -6.135924423457055354e-01 5.399737342174004695e-01
8.533285392226126406e-03 8.752615421059146694e-01 1.964977776233312323e-01 -6.135924423457055354e-01 5.394319693093513335e-01
9.488412487548442695e-04 8.711722306008274908e-01 1.934346755526001049e-01 -1.755362565714371492e-01 5.387501854990767169e-01
9.488412487548442695e-04 8.713495380081185404e-01 1.932047487471250657e-01 -1.755362565714371492e-01 5.387580332362965629e-01
2.551107092072481524e-03 8.702092795306217710e-01 1.928599112667103710e-01 -1.240913657327408354e-01 5.387013217760712180e-01
1.763743279320420217e-03 8.696727659822056644e-01 1.926179322056035814e-01 -2.190262996848307553e-01 5.386810566799287159e-01
2.621436153664512096e-03 8.691001743532567048e-01 1.926049552914245733e-01 -3.086525533216494255e-01 5.386701828157225425e-01
3.041010564746406131e-03 8.680842386396787624e-01 1.928720267942007627e-01 -4.761430611186029394e-01 5.386550567368373343e-01
3.563514319574839512e-03 8.663622541587282511e-01 1.938100642313240474e-01 -6.376200344972999812e-01 5.386253811524763790e-01
4.217907817885589890e-03 8.629091168009439539e-01 1.961571510201242097e-01 -7.698803805757445939e-01 5.385442038689145505e-01
4.760646849552348930e-03 8.551665410794686562e-01 2.024836539350122200e-01 -9.189917718243871825e-01 5.383623184330214029e-01
1.007770427910920433e-02 8.931963632913488826e-01 2.050870450092809050e-01 -5.544880471856141746e-01 5.421233053126593981e-01
1.007770427910920433e-02 8.895594449791923708e-01 2.028924258320218832e-01 -5.544880471856141746e-01 5.414404652956065211e-01
1.007770427910920433e-02 8.863245715976397765e-01 2.006856737621553755e-01 -5.544880471856141746e-01 5.408588552119460990e-01
1.007770427910920433e-02 8.834284755895354113e-01 1.984666318127071838e-01 -5.544880471856141746e-01 5.403595974604086249e-01
1.007770427910920433e-02 8.808206727995084862e-01 1.962352910413123208e-01 -5.544880471856141746e-01 5.399280154654598762e-01
1.007770427910920433e-02 8.773617641630548913e-01 1.928648219860070734e-01 -5.544880471856141746e-01 5.393828396663190583e-01
2.267564279111000929e-03 8.731421417709194222e-01 1.900446471270025861e-01 -7.050726301228751880e-02 5.386793426228093651e-01
2.267564279111000929e-03 8.733349171291269197e-01 1.897950448834901382e-01 -7.050726301228751880e-02 5.386879806044183594e-01
3.793327178135998557e-03 8.720108083363911078e-01 1.894176566750260804e-01 8.083578376108932484e-02 5.386132087633284105e-01
3.021435569358756588e-03 8.713489087424187707e-01 1.891266992087842214e-01 7.722299377076971560e-02 5.385785700459314596e-01
3.899941237897169063e-03 8.706846627576844133e-01 1.890681381468577726e-01 7.228238667568655240e-02 5.385588246592655226e-01
4.408549926442004163e-03 8.695204467422881223e-01 1.892784210389219235e-01 -6.460215054041382535e-03 5.385303473323166390e-01
5.100557482563648250e-03 8.676516912865410713e-01 1.901439467654419124e-01 -1.050986522521389632e-01 5.384878719291713578e-01
5.976789504297931252e-03 8.640066470677971733e-01 1.924059996181901599e-01 -2.019236420631630446e-01 5.383914765919695089e-01
6.903533671815148542e-03 8.560032253756396647e-01 1.985684290729126666e-01 -2.927543138711545812e-01 5.381927893765203752e-01
9.648546333622722362e-03 8.949139655436779694e-01 2.013407240539950294e-01 -5.043334925559818105e-01 5.420323818031452801e-01
9.648546333622722362e-03 8.913437930434735534e-01 1.992116305816259147e-01 -5.043334925559818105e-01 5.413427071183827266e-01
9.648546333622722362e-03 8.881697246337089124e-01 1.970711926712184758e-01 -5.043334925559818105e-01 5.407568033112561956e-01
9.648546333622722362e-03 8.853292090023976435e-01 1.949192439566224677e-01 -5.043334925559818105e-01 5.402551347956318084e-01
9.648546333622722362e-03 8.827723670616670626e-01 1.927557671958928520e-01 -5.043334925559818105e-01 5.398225431631532567e-01
9.648546333622722362e-03 8.793824284480253883e-01 1.894886140214087356e-01 -5.043334925559818105e-01 5.392777260715745369e-01
1.311772040678423198e-03 8.749121733096035802e-01 1.867773998525281143e-01 -6.194959165066650335e-03 5.385523432558045887e-01
1.311772040678423198e-03 8.751137949536457183e-01 1.865167468585560429e-01 -6.194959165066650335e-03 5.385613694484872038e-01
2.444332121363869924e-03 8.735251775813889230e-01 1.861202680742189419e-01 1.978292192482522804e-01 5.384610374447860170e-01
1.208062460408853601e-03 8.726476417456865420e-01 1.857941399770768609e-01 2.663392656640342082e-01 5.384072501472384475e-01
1.858824294250104557e-03 8.718076449212204260e-01 1.856960189939952377e-01 3.465298293991453948e-01 5.383746553653471212e-01
2.007250956647417886e-03 8.703736168260726158e-01 1.858639390942461167e-01 3.869080153500252250e-01 5.383258264480432764e-01
2.352875086315322876e-03 8.682137314404156925e-01 1.866838473825777334e-01 3.916913538179906951e-01 5.382644464690589103e-01
2.822551669469211370e-03 8.641809659927555121e-01 1.889045338194009771e-01 3.733825274833184604e-01 5.381468594407885497e-01
3.252909175688160643e-03 8.555860656845458712e-01 1.950271115396372545e-01 3.605103370675137864e-01 5.379267103966213215e-01
9.460675747477454919e-03 8.974737846668494612e-01 1.973248269530207266e-01 -4.891718005057780205e-01 5.421599828703903556e-01
9.460675747477454919e-03 8.939651563397693623e-01 1.951793576307397915e-01 -4.891718005057780205e-01 5.414466979409366942e-01
9.460675747477454919e-03 8.908427906697641285e-01 1.930224357083751840e-01 -4.891718005057780205e-01 5.408408600303759028e-01
9.460675747477454919e-03 8.880461392416130195e-01 1.908538739665180950e-01 -4.891718005057780205e-01 5.403223125599381227e-01
9.460675747477454919e-03 8.855268595521735842e-01 1.886736737185240875e-01 -4.891718005057780205e-01 5.398753943578147307e-01
9.460675747477454919e-03 8.821838714032050888e-01 1.853812065509012341e-01 -4.891718005057780205e-01 5.393129873523713202e-01
9.868777904544279774e-04 8.775887210260164828e-01 1.826679937893754269e-01 -1.572697294117838662e-03 5.385595902382250832e-01
9.868777904544279774e-04 8.777942341392884762e-01 1.824015769222905037e-01 -1.572697294117838662e-03 5.385691908155777474e-01
1.921916944410189450e-03 8.760327080291069324e-01 1.819927699138613741e-01 1.957114927534887305e-01 5.384508560504218666e-01
4.319765313245107412e-04 8.750134125491679793e-01 1.816261653439659451e-01 2.766438892372795055e-01 5.383830814985807178e-01
9.735471773927263303e-04 8.740613249945042851e-01 1.814734082473778154e-01 3.771089914073176841e-01 5.383406492210961458e-01
9.053114470557986366e-04 8.724324644193341971e-01 1.815833881878862466e-01 4.664907598344062434e-01 5.382762248082741952e-01
1.048742388362740915e-03 8.700524055762705045e-01 1.823504266444005983e-01 5.296241037964667386e-01 5.381991660359946028e-01
1.288387583892060782e-03 8.657087122765154685e-01 1.845455666248196624e-01 5.697904543238668795e-01 5.380618331342458260e-01
1.456091937127212054e-03 8.565510445016393248e-01 1.907673941069517598e-01 6.035646708066642052e-01 5.378170503007201342e-01
9.384740100802969193e-03 9.005630280965734036e-01 1.932783308734178362e-01 -4.921442543132784064e-01 5.423356657526590130e-01
9.384740100802969193e-03 8.971037925796164769e-01 1.910226736742857978e-01 -4.921442543132784064e-01 5.415949761429673659e-01
9.384740100802969193e-03 8.940171483249405027e-01 1.887543958475803862e-01 -4.921442543132784064e-01 5.409647777927182322e-01
9.384740100802969193e-03 8.912458663211287879e-01 1.864733333912106661e-01 -4.921442543132784064e-01 5.404246902930511798e-01
9.384740100802969193e-03 8.887440560009048918e-01 1.841794457103363702e-01 -4.921442543132784064e-01 5.399587878379640271e-01
9.384740100802969193e-03 8.854163679062303505e-01 1.807142169556149869e-01 -4.921442543132784064e-01 5.393721156285685714e-01
9.222105575995094475e-04 8.806614355765707280e-01 1.778862230012552004e-01 -2.554970526873228537e-02 5.385836626318513121e-01
9.222105575995094475e-04 8.808699163011913802e-01 1.776151241905202793e-01 -2.554970526873228537e-02 5.385939419470172629e-01
1.728178660604582023e-03 8.788891145519646120e-01 1.771962841793590926e-01 1.395767628353535850e-01 5.384534920574641781e-01
2.763783694544898377e-05 8.776550013323520805e-01 1.767964741449566390e-01 2.081633340148296707e-01 5.383695392278194936e-01
4.995571909017797099e-04 8.765063752571522482e-01 1.765991809546490210e-01 2.970255791950508484e-01 5.383124926710678437e-01
2.404155350196857620e-04 8.745320851828043418e-01 1.766594580285856531e-01 3.980036318424547415e-01 5.382263536423543826e-01
1.887336478932687763e-04 8.717467367105308229e-01 1.773837396499950425e-01 4.956547387677502359e-01 5.381268804515170201e-01
2.299603417738466376e-04 8.667852644169815601e-01 1.796398900587908576e-01 5.909584728019841027e-01 5.379606808741572710e-01
1.908206684262965102e-04 8.565659308258407600e-01 1.861524327861158734e-01 6.728163184192105239e-01 5.376845604882033447e-01
9.358326783930542153e-03 9.036761364015339915e-01 1.897095232752382954e-01 -5.048693683169711566e-01 5.425992815958450288e-01
9.358326783930542153e-03 9.002548507986046777e-01 1.872953504880046083e-01 -5.048693683169711566e-01 5.418267689224108841e-01
9.358326783930542153e-03 8.971910969317564710e-01 1.848667878550541155e-01 -5.048693683169711566e-01 5.411673264220469015e-01
9.358326783930542153e-03 8.944315148802671755e-01 1.824236285195917906e-01 -5.048693683169711566e-01 5.406006348097323055e-01
9.358326783930542153e-03 8.919330251419099742e-01 1.799658285569357696e-01 -5.048693683169711566e-01 5.401106948558564991e-01
9.358326783930542153e-03 8.885990807754485798e-01 1.762512463194180756e-01 -5.048693683169711566e-01 5.394924430995503561e-01
1.006492112631539402e-03 8.837636593332340862e-01 1.732452405204150947e-01 -5.018694221060382432e-02 5.386689564823606835e-01
1.006492112631539402e-03 8.839690233233334915e-01 1.729772028644472881e-01 -5.018694221060382432e-02 5.386797908916541866e-01
1.798828397489486784e-03 8.818580948292057409e-01 1.725615547854842946e-01 8.836974564399797949e-02 5.385216312819323115e-01
-4.977043225289215531e-06 8.804636039745409315e-01 1.721518514605540062e-01 1.397129238559481623e-01 5.384240066420705739e-01
4.744756092047210387e-04 8.791513982692157336e-01 1.719356423457623351e-01 2.066766636837175375e-01 5.383538341159664897e-01
1.284556253670173962e-04 8.768580533509217068e-01 1.719832252236695169e-01 2.859593031295102339e-01 5.382460330120428793e-01
-2.967870267316132502e-05 8.736378490144462994e-01 1.727399442669423912e-01 3.739242766931649142e-01 5.381221186842508608e-01
-6.448486810136553292e-05 8.679963647132948878e-01 1.751537499694892086e-01 4.815310420090163079e-01 5.379240978420360975e-01
-1.777834896815225327e-04 8.565668711772617128e-01 1.821576265606378586e-01 5.867053348259808621e-01 5.376119013906641708e-01
9.256750705952037500e-03 9.069906055666935307e-01 1.866732203087127784e-01 -5.217725362346202767e-01 5.429050392322953833e-01
9.256750705952037500e-03 9.035873461615322455e-01 1.839955497563667275e-01 -5.217725362346202767e-01 5.421015053501088143e-01
9.256750705952037500e-03 9.005224896814597590e-01 1.813002483967684764e-01 -5.217725362346202767e-01 5.414115635066352183e-01
9.256750705952037500e-03 8.977478457123668765e-01 1.785870237032157470e-01 -5.217725362346202767e-01 5.408156961778805005e-01
9.256750705952037500e-03 8.952241551362993821e-01 1.758558149064800291e-01 -5.217725362346202767e-01 5.402983476117003692e-01
9.256750705952037500e-03 8.918393030752607142e-01 1.717247112273163068e-01 -5.217725362346202767e-01 5.396427135615747828e-01
1.053251847233171480e-03 8.869436552227791815e-01 1.684135082773879633e-01 -7.055735723222546218e-02 5.387833743591132762e-01
1.053251847233171480e-03 8.871363552555999732e-01 1.681611680683905152e-01 -7.055735723222546218e-02 5.387943346840248227e-01
1.919543461182066178e-03 8.849323167088194442e-01 1.677697419858409089e-01 4.799945013954081546e-02 5.386202350189155386e-01
2.311818979813244255e-05 8.833963181797254149e-01 1.673830116270312030e-01 8.567710762413401071e-02 5.385090199463172800e-01
5.584139667873646911e-04 8.819162895596379670e-01 1.671842078228688022e-01 1.337697744257848320e-01 5.384246655040416663e-01
1.538042412766078306e-04 8.792735656574458547e-01 1.672686267795108206e-01 1.869519348201118814e-01 5.382923148061486973e-01
-7.295039232592322479e-05 8.755059156363330652e-01 1.681410290153120268e-01 2.516446668353450322e-01 5.381379271553601296e-01
-1.508682563793847559e-04 8.689798013078494643e-01 1.708209458195625585e-01 3.474638740855525709e-01 5.379003827949183636e-01
-3.017948930986495367e-04 8.559962484132808136e-01 1.784689594186017469e-01 4.602264765702892002e-01 5.375460334144637198e-01
9.023937910826533224e-03 9.100334447600317844e-01 1.845262905256249975e-01 -5.390207496065515524e-01 5.431797690385896660e-01
9.023937910826533224e-03 9.066257632244395515e-01 1.814959486470428818e-01 -5.390207496065515524e-01 5.423555484733787457e-01
9.023937910826533224e-03 9.035337390220669063e-01 1.784430598856799055e-01 -5.390207496065515524e-01 5.416420065647101767e-01
9.023937910826533224e-03 9.007153544980903703e-01 1.753672628163171487e-01 -5.390207496065515524e-01 5.410213401661785326e-01
9.023937910826533224e-03 8.981359071510327530e-01 1.722683883504278757e-01 -5.390207496065515524e-01 5.404791172576077773e-01
9.023937910826533224e-03 8.946521566730093467e-01 1.675761242618689362e-01 -5.390207496065515524e-01 5.397875391500585041e-01
1.043773891706943537e-03 8.897065897446178040e-01 1.638499382386340852e-01 -8.445879007071459277e-02 5.388997518083048499e-01
1.043773891706943537e-03 8.898754420429568768e-01 1.636285051400716839e-01 -8.445879007071459277e-02 5.389100409671038205e-01
1.988389747219273564e-03 8.876246700637228093e-01 1.632861670037215052e-01 2.105596872918572698e-02 5.387248968682665229e-01
5.420277379219163135e-05 8.859830023371224605e-01 1.629574352214109290e-01 5.037817816978133051e-02 5.386021399587375136e-01
6.472975104870275611e-04 8.843635201879399554e-01 1.628114691289402061e-01 8.637954230801037081e-02 5.385049369274673703e-01
2.176612295583647372e-04 8.814059183999765068e-01 1.629800077986048590e-01 1.210158450513234007e-01 5.383491436944272124e-01
-5.964966750850639977e-05 8.770882554502952289e-01 1.640049499665235389e-01 1.641078644444097234e-01 5.381630291974064395e-01
-1.506647078715197619e-04 8.696050963751625895e-01 1.669571858202656411e-01 2.380142897952059189e-01 5.378830747966404369e-01
-3.195432668603841457e-04 8.549633846759903122e-01 1.751476807920499257e-01 3.442886052423968501e-01 5.374866400633080410e-01
8.584616025109775145e-03 9.123246988568709526e-01 1.831962099868739702e-01 -5.498219297126774041e-01 5.433490326663187320e-01
8.584616025109775145e-03 9.088987973076344540e-01 1.797869884803089957e-01 -5.498219297126774041e-01 5.425212820546616577e-01
8.584616025109775145e-03 9.057643028983463074e-01 1.763492477232655453e-01 -5.498219297126774041e-01 5.417979908488730345e-01
8.584616025109775145e-03 9.028854524765550504e-01 1.728825088912916141e-01 -5.498219297126774041e-01 5.411636582122716366e-01
8.584616025109775145e-03 9.002322762959283908e-01 1.693865240001987404e-01 -5.498219297126774041e-01 5.406054835767436506e-01
8.584616025109775145e-03 8.966207389027993635e-01 1.640867201832699462e-01 -5.498219297126774041e-01 5.398881043452912198e-01
9.877241247851083986e-04 8.916571975565502628e-01 1.599052260529232883e-01 -8.985059928072772206e-02 5.389905107811332474e-01
9.877241247851083986e-04 8.918000536088890318e-01 1.597185759949200090e-01 -8.985059928072772206e-02 5.389996562456433882e-01
1.976139971454522748e-03 8.895730139982072071e-01 1.594313715698894851e-01 7.883890325395517124e-03 5.388115501820320841e-01
5.162952208581218734e-05 8.878951177849646603e-01 1.591677885742671661e-01 3.258801526755886885e-02 5.386821468006941505e-01
6.877214194619875754e-04 8.862011600169532599e-01 1.590924002715446706e-01 6.246282303682360038e-02 5.385780023026679464e-01
2.664398249942049376e-04 8.830668736365809846e-01 1.593522872870957174e-01 8.813970277354035709e-02 5.384065005782379121e-01
-4.035572425279172765e-05 8.783980696772349939e-01 1.604925552075638640e-01 1.182340826542687268e-01 5.381962293935262931e-01
-1.273100991497083537e-04 8.702160057558736561e-01 1.635942706987241757e-01 1.740086089294356764e-01 5.378834899943129022e-01
-3.073884535549357066e-04 8.543303328518656592e-01 1.719909772525034242e-01 2.670642024056576469e-01 5.374530210324860446e-01
7.763220943207172452e-03 9.137857956450152752e-01 1.821498787935891539e-01 -5.568917340690209272e-01 5.433442817054566776e-01
7.763220943207172452e-03 9.103249458174575981e-01 1.783254945691700177e-01 -5.568917340690209272e-01 5.425366211284262663e-01
7.763220943207172452e-03 9.071282565757795568e-01 1.744652549105254746e-01 -5.568917340690209272e-01 5.418233113724052474e-01
7.763220943207172452e-03 9.041664930267552247e-01 1.705685030361453192e-01 -5.568917340690209272e-01 5.411917300783537499e-01
7.763220943207172452e-03 9.014147541929281582e-01 1.666348498397433320e-01 -5.568917340690209272e-01 5.406312337418890390e-01
7.763220943207172452e-03 8.976344646700111785e-01 1.606638432791038518e-01 -5.568917340690209272e-01 5.399042703324939962e-01
8.500269230981228252e-04 8.926994789597054725e-01 1.559760829064976428e-01 -8.836509833918151924e-02 5.390299659346320382e-01
8.500269230981228252e-04 8.928113586428990667e-01 1.558315707187526711e-01 -8.836509833918151924e-02 5.390373095946113802e-01
1.831890786683048429e-03 8.906907386351536893e-01 1.556112753819736405e-01 3.483390793129310763e-03 5.388600476729697997e-01
3.857207986317953528e-05 8.890410191409018337e-01 1.554272690083410291e-01 2.498851106803103017e-02 5.387299090150372560e-01
6.658588006234925994e-04 8.873522201959210820e-01 1.554215081099973861e-01 5.111721998645696319e-02 5.386271212952994381e-01
2.807625869820717739e-04 8.841942388446890622e-01 1.557545768858292490e-01 7.172392439438984857e-02 5.384504174156736767e-01
-3.160017385295196157e-05 8.793981268173404198e-01 1.569529107070723462e-01 9.413876726144103368e-02 5.382259588585694976e-01
-1.041182824909562811e-04 8.708504744957671351e-01 1.600628432545870283e-01 1.367433065526128810e-01 5.378949633036010924e-01
