-9.900135212068590651e-02 8.179923486003888300e-01 1.799374104124143725e-01 2.481120898776311215e-02 5.306845576591621150e-01
-9.900135212068590651e-02 8.128072459332363886e-01 1.751311163345089517e-01 2.481120898776311215e-02 5.308898991732311501e-01
-9.900135212068590651e-02 8.079296842069800810e-01 1.702682319724406756e-01 2.481120898776311215e-02 5.310953229125252584e-01
-9.900135212068590651e-02 8.033329132876149137e-01 1.653475897509802395e-01 2.481120898776311215e-02 5.313001126535416008e-01
-9.900135212068590651e-02 7.989935085269793680e-01 1.603683186562501195e-01 2.481120898776311215e-02 5.315036699544085641e-01
-9.900135212068590651e-02 7.929214183294766016e-01 1.527869402880227268e-01 2.481120898776311215e-02 5.318056765158010180e-01
-1.025411139295747676e-01 7.964654274687970048e-01 1.484059429471404901e-01 -2.100492606230958959e-01 5.315574135577130210e-01
-1.025411139295747676e-01 7.957720780573469543e-01 1.494736553333710638e-01 -2.100492606230958959e-01 5.315848172856572074e-01
-1.045251318213053504e-01 7.972253925536056940e-01 1.512178645286900158e-01 -2.930707977909324247e-01 5.313417583801938182e-01
-1.091195958693739199e-01 7.970382715572900123e-01 1.537582898865672565e-01 -3.201602143127198485e-01 5.311674737062093143e-01
-1.136719568291085780e-01 7.945956654989267953e-01 1.568323727963458203e-01 -3.198343303552183547e-01 5.310878710584601148e-01
-1.231897217377967840e-01 7.877696356028368596e-01 1.605261313319331362e-01 -2.679436348760056985e-01 5.310024143260942964e-01
-1.427488583714102144e-01 7.715320087672959959e-01 1.647923539549580596e-01 -1.102211760206221053e-01 5.310453884504372501e-01
-1.908911130059747774e-01 7.285073059006421659e-01 1.688008606189561611e-01 2.184224730432388073e-01 5.314404254299999186e-01
-2.669564594396429680e-01 5.699049700116876060e-01 1.609946347872632522e-01 3.378969012439017039e-01 5.329579868519518371e-01
-9.900135212068590651e-02 8.650574790575873418e-01 1.887952009580639301e-01 2.481120898776311215e-02 5.298962703942633468e-01
-9.900135212068590651e-02 8.597201364887774311e-01 1.844483059204964637e-01 2.481120898776311215e-02 5.301079083196950092e-01
-9.900135212068590651e-02 8.547756178610281808e-01 1.800546519155692693e-01 2.481120898776311215e-02 5.303237168658315737e-01
-9.900135212068590651e-02 8.501819475445828722e-01 1.756133122711877881e-01 2.481120898776311215e-02 5.305417105061978056e-01
-9.900135212068590651e-02 8.459032095988456845e-01 1.711236863929431196e-01 2.481120898776311215e-02 5.307603108594942665e-01
-9.900135212068590651e-02 8.400080336121421576e-01 1.642967213752980493e-01 2.481120898776311215e-02 5.310867351194046293e-01
-1.025411139295747676e-01 8.441376969444274181e-01 1.605639397143616143e-01 -2.100492606230958959e-01 5.307657230159431583e-01
-1.025411139295747676e-01 8.428338204963078395e-01 1.618425149707619359e-01 -2.100492606230958959e-01 5.308078068875428102e-01
-1.045251318213053504e-01 8.428973175636156334e-01 1.639228382416918761e-01 -2.930707977909324247e-01 5.305277722321278810e-01
-1.091195958693739199e-01 8.412847187165933827e-01 1.668892075938135655e-01 -3.201602143127198485e-01 5.303344609287539146e-01
-1.136719568291085780e-01 8.377457423233252154e-01 1.703052380550341416e-01 -3.198343303552183547e-01 5.302509564299692224e-01
-1.231897217377967840e-01 8.305870714309976366e-01 1.741877962916517086e-01 -2.679436348760056985e-01 5.301463210532894044e-01
-1.427488583714102144e-01 8.153437262827180065e-01 1.784404472520593754e-01 -1.102211760206221053e-01 5.301780057173909322e-01
-1.908911130059747774e-01 7.762792348275766585e-01 1.834761676532680186e-01 2.184224730432388073e-01 5.306413407122448911e-01
-2.669564594396429680e-01 6.368068575138244869e-01 1.748735539469917499e-01 3.378969012439017039e-01 5.323632041067082321e-01
-1.417648852795027337e-01 7.964767860678919620e-01 1.783450551029302777e-01 9.312561962469344257e-02 5.341533338483528404e-01
-1.417648852795027337e-01 7.887659976284810970e-01 1.747849224341544161e-01 9.312561962469344257e-02 5.342071858648257399e-01
-1.417648852795027337e-01 7.817703893533337611e-01 1.711938742221553456e-01 9.312561962469344257e-02 5.342635943949062272e-01
-1.417648852795027337e-01 7.753946461298129034e-01 1.675713749291284638e-01 9.312561962469344257e-02 5.343215747447825903e-01
-1.417648852795027337e-01 7.695601068745699935e-01 1.639171316249988242e-01 9.312561962469344257e-02 5.343803736103664992e-01
-1.417648852795027337e-01 7.616810326001904885e-01 1.583751397434418062e-01 9.312561962469344257e-02 5.344688966012185460e-01
-1.019472738429734043e-01 7.741873091029284337e-01 1.539356908991205974e-01 -2.102449629414281790e-02 5.343960279103330269e-01
-1.019472738429734043e-01 7.723386541549496220e-01 1.552178643693127857e-01 -2.102449629414281790e-02 5.344072282187924960e-01
-8.454999245488249715e-02 7.830212967353947784e-01 1.572857650578886879e-01 -6.104680525222925397e-02 5.343264322903472641e-01
-7.327562161840775468e-02 7.884285166619815488e-01 1.600783245422493228e-01 -5.870440580327465629e-02 5.342266929507873963e-01
-6.693446152218832101e-02 7.893727506925598547e-01 1.629592908269804907e-01 -2.586151574637298584e-02 5.341657569906588243e-01
-5.732852125597081433e-02 7.872601625474450193e-01 1.658282668378203983e-01 1.019896174499573677e-01 5.340550310863902972e-01
-4.858036323746386248e-02 7.753246591863229842e-01 1.682568152555521113e-01 4.012327098712523132e-01 5.338865413303767182e-01
-4.920877521980973612e-02 7.363365298010663418e-01 1.714171146237530308e-01 8.690875613258470800e-01 5.337214764901789810e-01
-7.881531115557391387e-02 5.662782361703347922e-01 1.625163120494346469e-01 1.131245797714755197e+00 5.344090722863253928e-01
-1.832720213717844993e-01 7.135164388165393667e-01 1.648393504675475518e-01 6.493757937007681169e-02 5.348503152883931078e-01
-1.832720213717844993e-01 7.040688593193721312e-01 1.621605493636387174e-01 6.493757937007681169e-02 5.348955973522581120e-01
-1.832720213717844993e-01 6.957075431502042218e-01 1.594645597080355248e-01 6.493757937007681169e-02 5.349397918607208258e-01
-1.832720213717844993e-01 6.882550769200507235e-01 1.567511224073080411e-01 6.493757937007681169e-02 5.349826500324283973e-01
-1.832720213717844993e-01 6.815711302754118295e-01 1.540201508549320364e-01 6.493757937007681169e-02 5.350240264887673458e-01
-1.832720213717844993e-01 6.727445619678342759e-01 1.498903222697418880e-01 6.493757937007681169e-02 5.350831724182973925e-01
-9.839241328941894515e-02 7.131761474662347000e-01 1.472116181296727611e-01 -1.897376137345195861e-03 5.352075472073165585e-01
-9.839241328941894515e-02 7.109158651663266548e-01 1.485032537125963170e-01 -1.897376137345195861e-03 5.352125522799977553e-01
-7.830253029315033253e-02 7.364747579684105538e-01 1.505666344601767903e-01 -4.234928648011716118e-02 5.352654011506666754e-01
-6.576245619490818373e-02 7.485269084345856916e-01 1.531841938758710386e-01 -5.362068028289979776e-02 5.352586034537710757e-01
-5.872156039733324867e-02 7.531669300983014903e-01 1.555263960477519525e-01 -4.154045842908349329e-02 5.352687690395384612e-01
-4.795373988158033868e-02 7.543071003253741802e-01 1.573708180474335250e-01 4.862159791378182355e-02 5.352289035237246528e-01
-3.369009376851980764e-02 7.427802794529130281e-01 1.579167899005764764e-01 3.572999583243184896e-01 5.350995822425754778e-01
-2.710140641639759325e-03 6.930371618237908260e-01 1.588178961279075041e-01 8.107061936731297935e-01 5.348779688029834389e-01
2.025933455376580442e-02 4.530816197688035674e-01 1.493705224567621059e-01 1.286322412494986356e+00 5.352746833506852875e-01
-1.832720213717844993e-01 7.117100241655767157e-01 1.607673820044562829e-01 6.493757937007681169e-02 5.348459244353501729e-01
-1.832720213717844993e-01 7.024400498976779428e-01 1.586631486865712481e-01 6.493757937007681169e-02 5.348930036081287476e-01
-1.832720213717844993e-01 6.943354668239519745e-01 1.565483678863162087e-01 6.493757937007681169e-02 5.349385164404663051e-01
-1.832720213717844993e-01 6.871892810710235056e-01 1.544228872687459786e-01 6.493757937007681169e-02 5.349822256708330892e-01
-1.832720213717844993e-01 6.808411614748538510e-01 1.522867195403110607e-01 6.493757937007681169e-02 5.350240204176605063e-01
-1.832720213717844993e-01 6.725453021333902548e-01 1.490621011621098557e-01 6.493757937007681169e-02 5.350830813145067699e-01
-9.839241328941894515e-02 7.132732536006455293e-01 1.471368543120208927e-01 -1.897376137345195861e-03 5.352072954568413143e-01
-9.839241328941894515e-02 7.107837830257907052e-01 1.485542427636821206e-01 -1.897376137345195861e-03 5.352127983185143156e-01
-7.830253029315033253e-02 7.360737973101779685e-01 1.507986679425731280e-01 -4.234928648011716118e-02 5.352660477333189837e-01
-6.576245619490818373e-02 7.480371283750274491e-01 1.534896452779423992e-01 -5.362068028289979776e-02 5.352593327342987095e-01
-5.872156039733324867e-02 7.528589378424780376e-01 1.557239787236784911e-01 -4.154045842908349329e-02 5.352691858724025753e-01
-4.795373988158033868e-02 7.545777597049957430e-01 1.572006328782284412e-01 4.862159791378182355e-02 5.352284896615263632e-01
-3.369009376851980764e-02 7.447079024055055507e-01 1.567302408148244786e-01 3.572999583243184896e-01 5.350948826304751105e-01
-2.710140641639759325e-03 7.012019648900525981e-01 1.543239068536995662e-01 8.107061936731297935e-01 5.348453555841653495e-01
2.025933455376580442e-02 4.684327903869667242e-01 1.423624201017361368e-01 1.286322412494986356e+00 5.352349674246085209e-01
-1.466185258208612952e-01 6.913691229417402440e-01 1.578170466610739620e-01 1.974745756325815838e-02 5.351864850206994317e-01
-1.466185258208612952e-01 6.819650141068880345e-01 1.562829526994000406e-01 1.974745756325815838e-02 5.352149349196757555e-01
-1.466185258208612952e-01 6.738599255884094585e-01 1.547432908142384600e-01 1.974745756325815838e-02 5.352430840857956840e-01
-1.466185258208612952e-01 6.668018613998581978e-01 1.531979575950823957e-01 1.974745756325815838e-02 5.352705170102526333e-01
-1.466185258208612952e-01 6.606004486038624668e-01 1.516470054347695273e-01 1.974745756325815838e-02 5.352969943767583727e-01
-1.466185258208612952e-01 6.525915830202403400e-01 1.493098586220435731e-01 1.974745756325815838e-02 5.353346658323534513e-01
-7.130315675454977631e-02 7.010639785796691781e-01 1.482784830682871424e-01 3.349673415330373105e-02 5.356189195744828213e-01
-7.130315675454977631e-02 6.982333405056505571e-01 1.498557742547291516e-01 3.349673415330373105e-02 5.356196319384777249e-01
-5.834833290049552812e-02 7.254360769017397237e-01 1.523354057716498899e-01 5.629519457900224871e-02 5.357837276779149338e-01
-4.845768459666217887e-02 7.370300338203176205e-01 1.551704226868095282e-01 1.136140740981399083e-01 5.358770431528049327e-01
-4.302833926895655026e-02 7.414447639973793525e-01 1.573942921704081233e-01 2.036417909642201929e-01 5.359623567850591019e-01
-3.474796987977846197e-02 7.423138629858248017e-01 1.586140431479532986e-01 5.110129666044100905e-01 5.360463923906324535e-01
-2.536695744387338497e-02 7.304766806287423808e-01 1.572191035883330756e-01 1.026555047215773619e+00 5.360927007003354339e-01
-9.043985007686113076e-03 6.783210710068469096e-01 1.517030535175953043e-01 1.046907821780111769e+00 5.360287366996088210e-01
3.876497226716630294e-03 3.562435233257415512e-01 1.364842954115220164e-01 1.428978932680393665e+00 5.358958839895219262e-01
-1.115044263662009899e-01 6.890337593582620546e-01 1.606591685195108421e-01 -6.291456897410427351e-02 5.354323044264858167e-01
-1.115044263662009899e-01 6.795976373296688244e-01 1.592595594707332807e-01 -6.291456897410427351e-02 5.354435313248308015e-01
-1.115044263662009899e-01 6.714969209434781261e-01 1.578553058629059980e-01 -6.291456897410427351e-02 5.354564046903740326e-01
-1.115044263662009899e-01 6.644666525717752847e-01 1.564463224100422212e-01 -6.291456897410427351e-02 5.354701718703844815e-01
-1.115044263662009899e-01 6.583079787957107909e-01 1.550326371242164714e-01 -6.291456897410427351e-02 5.354843353940409445e-01
-1.115044263662009899e-01 6.503795861822323499e-01 1.529031868262135108e-01 -6.291456897410427351e-02 5.355056377271502077e-01
-4.889267014535041839e-02 6.935865823089104598e-01 1.521270907026049113e-01 -2.114427193949899864e-02 5.358950044019582526e-01
-4.889267014535041839e-02 6.905262496241264536e-01 1.538470049005413454e-01 -2.114427193949899864e-02 5.358918742113976119e-01
-4.054550927733293481e-02 7.156741564264244015e-01 1.565456762569625015e-01 2.740508953179135454e-02 5.360874760850478093e-01
-3.353903554301358725e-02 7.259566686608911468e-01 1.596013971089208228e-01 1.175567236697288714e-01 5.362008749079506531e-01
-3.042575954289984674e-02 7.294418601238812361e-01 1.620624731173523070e-01 2.748717353692559096e-01 5.362938011276657813e-01
-2.546791637139894995e-02 7.289296037154775476e-01 1.634351959752805838e-01 1.006830160466277491e+00 5.363824776034560315e-01
-1.958865813554803992e-02 7.150256120455590336e-01 1.617756318381843583e-01 2.066801231993722343e+00 5.364145812914693501e-01
-1.015703820411898231e-02 6.551214614290257199e-01 1.548714840336774812e-01 1.371860648330271992e+00 5.363613567654268444e-01
-1.590174845700523254e-01 2.820443192477535277e-01 1.357079740756061692e-01 9.757470921718357504e-01 5.362223393106805291e-01
-8.018513548077610409e-02 7.107050759063766598e-01 1.665775635730362414e-01 -1.480213891903905121e-01 5.357611039203870051e-01
-8.018513548077610409e-02 7.015246126158563023e-01 1.650352171867739415e-01 -1.480213891903905121e-01 5.357434594574160824e-01
-8.018513548077610409e-02 6.936168523399975916e-01 1.634871821774647460e-01 -1.480213891903905121e-01 5.357314886454950242e-01
-8.018513548077610409e-02 6.867341038044670887e-01 1.619333656922007925e-01 -1.480213891903905121e-01 5.357236823087847544e-01
-8.018513548077610409e-02 6.806893598228341835e-01 1.603737968351897081e-01 -1.480213891903905121e-01 5.357189612351569430e-01
-8.018513548077610409e-02 6.728865402960867437e-01 1.580235039640303374e-01 -1.480213891903905121e-01 5.357160078235533307e-01
-3.151439634103108539e-02 7.002371510393664567e-01 1.570974734954229679e-01 -1.204620607833337964e-01 5.362264897738709957e-01
-3.151439634103108539e-02 6.970847293890879426e-01 1.589319995379726569e-01 -1.204620607833337964e-01 5.362178575889713361e-01
-2.514211446301696171e-02 7.130203153124456961e-01 1.618216700888995552e-01 -9.953914101452815411e-02 5.364623855947746600e-01
-2.024392026136744016e-02 7.177803170879419881e-01 1.651858954995156503e-01 -6.979615414927946293e-02 5.365870090901188050e-01
-1.876782683129080490e-02 7.175479104535291697e-01 1.678425345111893563e-01 -6.975186738871094923e-03 5.366779683591129668e-01
-1.761416631095005444e-02 7.116803597467260545e-01 1.692742154533506127e-01 2.801321004452553831e-01 5.367633554749002833e-01
-1.849748306594663910e-02 6.902856092510951669e-01 1.674307459237806273e-01 5.976375303885590462e-01 5.367829702161492911e-01
-2.554447262249773601e-02 6.106788430133698320e-01 1.593062344799476282e-01 5.332655942052307863e-01 5.366818055887957462e-01
-4.688951122696866092e-01 2.504228237456401773e-01 1.351306371162328546e-01 2.020231947162796637e-01 5.363761978746577341e-01
-6.118637399655438985e-02 7.175722038661024316e-01 1.752116353350026967e-01 -1.690509857547588535e-01 5.360377986673383610e-01
-6.118637399655438985e-02 7.082836055992590696e-01 1.733386084214171008e-01 -1.690509857547588535e-01 5.359991832464806594e-01
-6.118637399655438985e-02 7.002419524513990856e-01 1.714570751426593986e-01 -1.690509857547588535e-01 5.359686258904201583e-01
-6.118637399655438985e-02 6.932117623163002174e-01 1.695669272431971353e-01 -1.690509857547588535e-01 5.359442759725465688e-01
-6.118637399655438985e-02 6.870136654288113709e-01 1.676681759933544569e-01 -1.690509857547588535e-01 5.359247668460648262e-01
-6.118637399655438985e-02 6.789796531418541559e-01 1.648036721731281073e-01 -1.690509857547588535e-01 5.359024026988470357e-01
-2.415770519116907170e-02 6.954740704262404316e-01 1.634388622071774322e-01 -1.740397448593762053e-01 5.363468422349053633e-01
-2.415770519116907170e-02 6.924000992395603626e-01 1.652800076120668205e-01 -1.740397448593762053e-01 5.363367941197852984e-01
-1.948309336033027250e-02 7.016552428583251455e-01 1.681411397827708709e-01 -1.843610125295778168e-01 5.365300239327024379e-01
-1.627076843656811295e-02 7.026842435261682063e-01 1.711514490448326209e-01 -2.113159019872243027e-01 5.366178685166647089e-01
-1.566538616671194623e-02 7.001878674907816569e-01 1.731173376209504400e-01 -2.405309146750821969e-01 5.366862016293085791e-01
-1.610207216271036454e-02 6.901628623438370580e-01 1.736238227141765900e-01 -2.671134942555278280e-01 5.367482507539503844e-01
-1.991847808146495619e-02 6.619029926390672669e-01 1.705559789781507241e-01 -1.268728306168956099e-01 5.367622993056643255e-01
-4.084259214248143338e-02 5.617391496085524238e-01 1.602582680340147725e-01 -2.056896562088099747e-02 5.366742302586826607e-01
-1.793221519047044354e-01 3.176534204878603829e-01 1.307280820533185395e-01 -1.388612692864760745e-01 5.363655619148817166e-01
-3.810723577994499373e-02 7.142021430663015868e-01 1.849035860495963357e-01 -1.575305675491654733e-01 5.363673096481600400e-01
-3.810723577994499373e-02 7.049379600244012334e-01 1.823449882677639355e-01 -1.575305675491654733e-01 5.363096454763280896e-01
-3.810723577994499373e-02 6.968021141079167036e-01 1.797703259158165146e-01 -1.575305675491654733e-01 5.362609372131489360e-01
-3.810723577994499373e-02 6.896000513574780388e-01 1.771793487013104129e-01 -1.575305675491654733e-01 5.362194745776183158e-01
-3.810723577994499373e-02 6.831799748413364126e-01 1.745720002059622800e-01 -1.575305675491654733e-01 5.361839345993686390e-01
-3.810723577994499373e-02 6.747581416081501748e-01 1.706297963874167656e-01 -1.575305675491654733e-01 5.361395160247341973e-01
-1.748622802288728531e-02 6.757314978653182758e-01 1.680922582584311875e-01 -2.665026144596286395e-01 5.364115450980520006e-01
-1.748622802288728531e-02 6.737137275284355020e-01 1.692927733094213572e-01 -2.665026144596286395e-01 5.364048366414442270e-01
-1.618946553411695563e-02 6.737757813981521959e-01 1.711316944643064553e-01 -3.312124505691868559e-01 5.365129190309588791e-01
-1.548442172129223075e-02 6.691893411953222515e-01 1.728169977966537985e-01 -4.087130664049519191e-01 5.365501500660003753e-01
-1.594407791088332804e-02 6.623119436439982577e-01 1.735005399745861709e-01 -5.086331115581250728e-01 5.365827442650163981e-01
-1.859229590268274973e-02 6.435193395763676438e-01 1.724305998899184345e-01 -6.632776910551867466e-01 5.366011037030518072e-01
-2.696742871439183550e-02 5.993901749895126363e-01 1.672693533238573116e-01 -7.337470482131966953e-01 5.365867213828476867e-01
-8.251735933062047390e-02 4.444477018538529056e-01 1.537936780912514956e-01 -5.630266104390162507e-01 5.364923041930991232e-01
-2.199601445492599047e-02 4.610847859472826937e-01 1.219528039931971342e-01 -2.651257767597270387e-01 5.362130498268652401e-01
-1.689624460137148856e-02 6.990488477054567218e-01 1.939454786671520325e-01 8.278170827432458634e-02 5.366136108861655485e-01
-1.689624460137148856e-02 6.894750193498009327e-01 1.900310813814238831e-01 8.278170827432458634e-02 5.365506853834917100e-01
-1.689624460137148856e-02 6.808325268971558986e-01 1.860785475134792977e-01 8.278170827432458634e-02 5.364945450233163937e-01
-1.689624460137148856e-02 6.729914802945963226e-01 1.820871904556253806e-01 8.278170827432458634e-02 5.364442500273995940e-01
-1.689624460137148856e-02 6.658456082475092686e-01 1.780565533570997450e-01 8.278170827432458634e-02 5.363990204713285914e-01
-1.689624460137148856e-02 6.562402753496662244e-01 1.719355026521819929e-01 8.278170827432458634e-02 5.363392664776500673e-01
-1.512012288065089222e-02 6.412357713650389535e-01 1.673208136565356996e-01 -3.958878726109326673e-01 5.364006978555699856e-01
-1.512012288065089222e-02 6.405630521977022651e-01 1.677012914883309891e-01 -3.958878726109326673e-01 5.363987328656780740e-01
-1.469755668578844217e-02 6.300985069611984013e-01 1.682499394600444342e-01 -4.751227719278120487e-01 5.364334277014415342e-01
-1.745827806273151511e-02 6.184097147405496209e-01 1.684400842721742730e-01 -5.189739181888670672e-01 5.364361223458077310e-01
-1.904707439094693519e-02 6.055129477542345873e-01 1.676849810502620830e-01 -5.825369457800985140e-01 5.364471475499210662e-01
-2.500838938642676104e-02 5.735021062358596211e-01 1.648148175267656057e-01 -6.556196085809318230e-01 5.364420079290114218e-01
-4.232842151793039104e-02 5.021208467034239398e-01 1.573138837338252383e-01 -6.573942477327292533e-01 5.364094887247029542e-01
-3.555195812559362456e-01 2.475988050670760443e-01 1.408974426789637580e-01 -4.612558839173791503e-01 5.362980859278964063e-01
-2.902688883908015847e-03 5.817147723224643796e-01 1.120504015706555723e-01 -1.619658526365695683e-01 5.360624620500257231e-01
4.928532905895531557e-03 6.493514027183766579e-01 2.105505512739813956e-01 7.680275924312610636e-01 5.367989435091248263e-01
4.928532905895531557e-03 6.397662280492234510e-01 2.033798173058760095e-01 7.680275924312610636e-01 5.367524611148100089e-01
4.928532905895531557e-03 6.304807477496041646e-01 1.960777731859191519e-01 7.680275924312610636e-01 5.367067200841955099e-01
4.928532905895531557e-03 6.214808364105316452e-01 1.886404818043579124e-01 7.680275924312610636e-01 5.366617147339699523e-01
4.928532905895531557e-03 6.127537977105405043e-01 1.810644335209158629e-01 7.680275924312610636e-01 5.366174427880561204e-01
4.928532905895531557e-03 6.001479396168974967e-01 1.694311779142458618e-01 7.680275924312610636e-01 5.365523993142674586e-01
-1.719808398544270603e-02 5.654395270284243713e-01 1.599913426894660484e-01 -4.544202086516561101e-01 5.363257790905201494e-01
-1.719808398544270603e-02 5.667464343562181872e-01 1.593153055748100511e-01 -4.544202086516561101e-01 5.363286151641376565e-01
-1.780845764623647381e-02 5.407959006539067026e-01 1.582188269904410971e-01 -5.105468104880049873e-01 5.363163109184652111e-01
-2.581162502198478328e-02 5.163881927174927000e-01 1.567024660734224195e-01 -4.959786247139392756e-01 5.362943305560958773e-01
-3.189928627864768024e-02 4.911994143562670168e-01 1.543579053678498791e-01 -5.040080441040151182e-01 5.362908154417255213e-01
-5.204117966689873753e-02 4.288988357785102346e-01 1.496801827735719237e-01 -4.957958441759776069e-01 5.362701757868624242e-01
-1.458555775208295324e-01 2.980214460521121156e-01 1.403005312667813254e-01 -4.188069088903306203e-01 5.362081020357293282e-01
-2.590041513093165049e-02 3.815635125531469662e-01 1.244165183960248694e-01 -2.840967520515003675e-01 5.360875409464096464e-01
-4.326819276586761393e-04 6.858701416489937364e-01 1.041676963319725230e-01 4.507215116114156317e-02 5.360465439880279792e-01
-1.777769886674763211e-01 3.768503135355595890e-01 2.089004699439778734e-01 2.062449311250557082e-01 5.359788386201793653e-01
-1.777769886674763211e-01 3.693819397202260935e-01 1.999058025442505826e-01 2.062449311250557082e-01 5.359759639691337174e-01
-1.777769886674763211e-01 3.618369444292957038e-01 1.907043901434906374e-01 2.062449311250557082e-01 5.359729711611110892e-01
-1.777769886674763211e-01 3.542139563319853246e-01 1.812887193589010904e-01 2.062449311250557082e-01 5.359698532263464932e-01
-1.777769886674763211e-01 3.465119730505150097e-01 1.716515479103962738e-01 2.062449311250557082e-01 5.359666029380192320e-01
-1.777769886674763211e-01 3.348078033343878657e-01 1.567625768356906701e-01 2.062449311250557082e-01 5.359614619835441074e-01
-7.110892063132683016e-02 3.642332084147503202e-01 1.441051448184464401e-01 -9.130927303971886344e-02 5.359814884430427195e-01
-7.110892063132683016e-02 3.684807296537759291e-01 1.419963310011449764e-01 -9.130927303971886344e-02 5.359833865247183304e-01
-4.847009590944958979e-02 3.778815505069743619e-01 1.387830588244688690e-01 -1.171276228253865653e-01 5.360014903899709138e-01
-3.639117595545455358e-02 3.790998874746514535e-01 1.361132023641549171e-01 -1.310200534794349059e-01 5.359966280986230291e-01
-2.950565813372743248e-02 3.836830899350348600e-01 1.328835098876605669e-01 -1.380724379617400688e-01 5.359991268702227751e-01
-1.804578249808046556e-02 4.097413053864525923e-01 1.279243346491982236e-01 -1.355062335464108925e-01 5.359928490528961254e-01
-4.933336741629822629e-03 4.968095986468278324e-01 1.201416878647820208e-01 -9.737570261122070747e-02 5.359746265266356335e-01
-9.867639358062109899e-05 6.465620575090050837e-01 1.100428943818054645e-01 6.181698719485229435e-03 5.360144821625733025e-01
2.850255797042760877e-05 7.613115588798298194e-01 1.019801205075893669e-01 1.761540187232238930e-01 5.362565258596994067e-01
5.070957377672935529e-02 5.874685855411470037e-01 2.088811258879748611e-01 4.254337499272151796e-02 5.347896855411724548e-01
5.070957377672935529e-02 5.807105441187826456e-01 1.996989654146149040e-01 4.254337499272151796e-02 5.348176962669203283e-01
5.070957377672935529e-02 5.737154079412364327e-01 1.903013177809622647e-01 4.254337499272151796e-02 5.348475345188002938e-01
5.070957377672935529e-02 5.664702490244849509e-01 1.806801654416247127e-01 4.254337499272151796e-02 5.348793850387759674e-01
5.070957377672935529e-02 5.589616009405520280e-01 1.708277991833235809e-01 4.254337499272151796e-02 5.349134551821753680e-01
5.070957377672935529e-02 5.471720307040343068e-01 1.555966354334268331e-01 4.254337499272151796e-02 5.349692553065841238e-01
1.135139155711478894e-02 5.286843367135910521e-01 1.416771777756443973e-01 7.823248132532433230e-01 5.358116494623036408e-01
1.135139155711478894e-02 5.388863062721072072e-01 1.368535086082853514e-01 7.823248132532433230e-01 5.358102784673484109e-01
-7.085611001642981013e-04 5.610831465698939979e-01 1.293986909659851636e-01 2.618893719977246071e-01 5.357849740122602178e-01
-4.064728760420991890e-03 5.974144809942363299e-01 1.228865694984119239e-01 1.756203409355686085e-01 5.358811796102338487e-01
-4.669186183548479016e-03 6.272493921311453891e-01 1.179034818243029498e-01 1.370588698929609273e-01 5.358854099643794999e-01
-2.086025954598683986e-03 6.684182496285290265e-01 1.133265317948236456e-01 1.235436620783287032e-01 5.359296771940046389e-01
-5.049650168619402441e-04 7.094238649298765242e-01 1.095493541523587105e-01 1.229233797330489819e-01 5.360322781829912620e-01
-4.909427052937736369e-05 7.503985661859755574e-01 1.073763504961152970e-01 9.552864249644101025e-02 5.362353415810354740e-01
-3.363433205296852200e-04 7.801213926503197671e-01 1.066072251928267545e-01 8.085199296449141482e-02 5.364187287943630311e-01
6.294636278812049124e-02 7.064608193637201827e-01 2.330597240595266573e-01 1.364939884464534126e-01 5.338807550308031225e-01
6.294636278812049124e-02 7.007400306124167422e-01 2.230728394868957409e-01 1.364939884464534126e-01 5.339280278847176042e-01
6.294636278812049124e-02 6.947640586858486733e-01 2.128225927704875398e-01 1.364939884464534126e-01 5.339786366433511011e-01
6.294636278812049124e-02 6.885151928195526461e-01 2.022980937600871720e-01 1.364939884464534126e-01 5.340329429089533120e-01
6.294636278812049124e-02 6.819745283438671812e-01 1.914885384692607828e-01 1.364939884464534126e-01 5.340913581212005656e-01
6.294636278812049124e-02 6.715697546238774684e-01 1.747133097241455046e-01 1.364939884464534126e-01 5.341877497716057688e-01
2.624255489712529546e-02 6.447711389635326640e-01 1.591290517667695581e-01 5.414050686021635306e-01 5.358200940144483004e-01
2.624255489712529546e-02 6.547780388229939019e-01 1.532980989200870559e-01 5.414050686021635306e-01 5.358234719360737142e-01
1.623057059238371472e-02 6.557840898402089724e-01 1.441305683847056429e-01 2.336431687332304108e+00 5.358554517085389879e-01
6.517114730932368517e-03 6.754297023473705419e-01 1.350702221549589799e-01 3.671128280027368684e-01 5.361149970811012189e-01
1.136366503865318157e-03 6.903926385571826918e-01 1.287294979531084238e-01 2.013920093445417392e-01 5.361711486666760340e-01
-5.832930255386599731e-04 7.106004533373837528e-01 1.239537836302583435e-01 -3.430820337813485499e-01 5.362334662392423956e-01
-6.121820326667016610e-04 7.350723480262524312e-01 1.204111294155347095e-01 -2.421057001357299066e-01 5.362938299301261980e-01
-3.740251753851376172e-04 7.626877016267895604e-01 1.177284538177505585e-01 -2.036404881233304376e-01 5.363971535862345208e-01
