-6.125761328495434727e-02 7.629965086071699432e-01 2.967004949787229173e-01 7.727733476254653455e-01 5.320091309116947720e-01
-6.125761328495434727e-02 7.586350764592521001e-01 2.833932459321836239e-01 7.727733476254653455e-01 5.320839921876002743e-01
-6.125761328495434727e-02 7.539343514857799189e-01 2.695727074228909115e-01 7.727733476254653455e-01 5.321661892171024588e-01
-6.125761328495434727e-02 7.488531512956182468e-01 2.552085973965187993e-01 7.727733476254653455e-01 5.322568486760680395e-01
-6.125761328495434727e-02 7.433433191985323596e-01 2.402682039865638164e-01 7.727733476254653455e-01 5.323573364550368003e-01
-6.125761328495434727e-02 7.341482403452812555e-01 2.166988744395613176e-01 7.727733476254653455e-01 5.325302690064092070e-01
5.158468043844207512e-02 5.720764076221351857e-01 1.951650207286236838e-01 2.766878769716774045e+00 5.362642289237496973e-01
5.158468043844207512e-02 5.875540177870616221e-01 1.835368680814928599e-01 2.766878769716774045e+00 5.363012361514541970e-01
7.493670959559341205e-02 6.157253347724772619e-01 1.641667359855683017e-01 3.438559591057383180e+00 5.373170082420529736e-01
9.372483941314382894e-02 6.769266087382800334e-01 1.385319278464907933e-01 6.577501892404812978e+00 5.377155436501328545e-01
9.197160260864359338e-02 7.083115087235499763e-01 1.235830289109983438e-01 6.405915689163788507e+00 5.378657168344789241e-01
8.780198129588449862e-02 7.189637069600999242e-01 1.123641259601075582e-01 4.138145248475263216e+00 5.380387068457611610e-01
8.495137479644666867e-02 6.699942675844344775e-01 1.074262162184556335e-01 1.735100156163035701e+00 5.372960759577526391e-01
-3.448553268061467780e-01 3.495313087453298384e-01 1.270619638484080938e-01 2.181008197398020265e-01 5.345647656427072736e-01
-2.262399875282545270e-01 6.637717039207038372e-01 1.668037923911948051e-01 3.449277222233809725e-01 5.321488459102983182e-01
-6.125761328495434727e-02 7.993766159887091272e-01 3.248171987675750882e-01 7.727733476254653455e-01 5.316479343059036244e-01
-6.125761328495434727e-02 7.959009770319269705e-01 3.109335126305579622e-01 7.727733476254653455e-01 5.317128040093019870e-01
-6.125761328495434727e-02 7.921151634771236294e-01 2.964668626384527328e-01 7.727733476254653455e-01 5.317845545536048490e-01
-6.125761328495434727e-02 7.879757034909434799e-01 2.813797592133735481e-01 7.727733476254653455e-01 5.318643354567393899e-01
-6.125761328495434727e-02 7.834306210027013329e-01 2.656313807388914205e-01 7.727733476254653455e-01 5.319535664117643892e-01
-6.125761328495434727e-02 7.757117524321180957e-01 2.406706341876864441e-01 7.727733476254653455e-01 5.321091354598880274e-01
5.158468043844207512e-02 6.274446120497839674e-01 2.174994580973959868e-01 2.766878769716774045e+00 5.363339950856654825e-01
5.158468043844207512e-02 6.416892203901354286e-01 2.050966998103556926e-01 2.766878769716774045e+00 5.363782305450276455e-01
7.493670959559341205e-02 6.665777549082176900e-01 1.843069704213003424e-01 3.438559591057383180e+00 5.375413601663522334e-01
9.372483941314382894e-02 7.198674524495848326e-01 1.561778692507666544e-01 6.577501892404812978e+00 5.380023190951604972e-01
9.197160260864359338e-02 7.520234006347943367e-01 1.391424477763043011e-01 6.405915689163788507e+00 5.382166867642967922e-01
8.780198129588449862e-02 7.655330735722909452e-01 1.262647234266547069e-01 4.138145248475263216e+00 5.384607157828837920e-01
8.495137479644666867e-02 7.302754206943546933e-01 1.198673017166774074e-01 1.735100156163035701e+00 5.376205873564176008e-01
-3.448553268061467780e-01 4.434688258023244400e-01 1.366397915204530245e-01 2.181008197398020265e-01 5.341937164955775641e-01
-2.262399875282545270e-01 7.194256009362336446e-01 1.817572856689820826e-01 3.449277222233809725e-01 5.314544286750529922e-01
-1.474466122989605832e-01 8.065717989812519750e-01 3.271006083445991974e-01 7.876056759084765213e-02 5.311502133562132633e-01
-1.474466122989605832e-01 8.033623329496356602e-01 3.130314014980876691e-01 7.876056759084765213e-02 5.312182015149993219e-01
-1.474466122989605832e-01 7.998495624199367660e-01 2.983613179276938254e-01 7.876056759084765213e-02 5.312936374227061886e-01
-1.474466122989605832e-01 7.959883464464043712e-01 2.830509938215308163e-01 7.876056759084765213e-02 5.313778113646943080e-01
-1.474466122989605832e-01 7.917241339632817843e-01 2.670575971845156049e-01 7.876056759084765213e-02 5.314723276295898469e-01
-1.474466122989605832e-01 7.844224503809071880e-01 2.416833070791884197e-01 7.876056759084765213e-02 5.316380630187325096e-01
-5.430930439377527202e-02 6.386447125614467257e-01 2.159172816672381978e-01 1.093844780970627761e+00 5.360516665127986746e-01
-5.430930439377527202e-02 6.528015190476657015e-01 2.033570992973233182e-01 1.093844780970627761e+00 5.360748920421111174e-01
4.058972205756788271e-02 6.740041256876112552e-01 1.822513473393889971e-01 1.492461811236996727e+00 5.370897036884118014e-01
5.312163122798198994e-02 7.265383833421271698e-01 1.533205486943094997e-01 2.423124621554292091e+00 5.374051436059995579e-01
5.114330971271459358e-02 7.583650665180345918e-01 1.358699762612631257e-01 2.706694471727822293e+00 5.374496526315982736e-01
5.336252185457110442e-02 7.703512219054413634e-01 1.231644693192685547e-01 1.884487652272345493e+00 5.376601509869967099e-01
4.326742581658200859e-02 7.386930552060604338e-01 1.171675228605149471e-01 6.637210972221559979e-01 5.371482094525120710e-01
-1.511594390462794313e-01 4.450367654343223567e-01 1.304529211194913052e-01 3.704678921329979113e-01 5.354778290244314176e-01
-6.105791463795617185e-02 6.722688000080389026e-01 1.690093141271905297e-01 1.092790296788087590e+00 5.339556703026007156e-01
-1.788529798414972560e-01 8.054512599818800522e-01 3.256438193894555799e-01 -5.793357829253693858e-02 5.308965058529503400e-01
-1.788529798414972560e-01 8.023410913915077769e-01 3.114381118501317047e-01 -5.793357829253693858e-02 5.309649919395502682e-01
-1.788529798414972560e-01 7.989238915439380584e-01 2.966210221034938921e-01 -5.793357829253693858e-02 5.310411988249100768e-01
-1.788529798414972560e-01 7.951517767577206408e-01 2.811522283799284261e-01 -5.793357829253693858e-02 5.311265049754307910e-01
-1.788529798414972560e-01 7.909664525187833917e-01 2.649877363142766895e-01 -5.793357829253693858e-02 5.312226392056138558e-01
-1.788529798414972560e-01 7.837518935048833901e-01 2.393303459611383910e-01 -5.793357829253693858e-02 5.313921082390766770e-01
-6.447966228054155535e-02 6.375253698902526578e-01 2.133525296045623854e-01 7.563277082967795328e-01 5.359410353292488605e-01
-6.447966228054155535e-02 6.518766758920349069e-01 2.006577437931728880e-01 7.563277082967795328e-01 5.359555862960996286e-01
4.122998007242958951e-02 6.757958037776242710e-01 1.792799850115931182e-01 1.091866790361640804e+00 5.368658717282996928e-01
4.893549367387459853e-02 7.289323336211224191e-01 1.496393882943382048e-01 1.528627027227290824e+00 5.371011561063520068e-01
4.585203285250731564e-02 7.612883988974907812e-01 1.318502054595775685e-01 1.857269116852103608e+00 5.370385168857088054e-01
5.040360198027978716e-02 7.723012072677851725e-01 1.193885505200596997e-01 1.435054788058684583e+00 5.372140737831506696e-01
4.571321018519687585e-02 7.419147149766486260e-01 1.138814522456829265e-01 5.037433840915694905e-01 5.369308314539790183e-01
-5.536706490078326798e-02 4.885572164168024423e-01 1.239927246064830985e-01 1.714834317137829134e-01 5.359190449334271245e-01
1.923467505031795782e-02 6.083348005009565629e-01 1.553960346552856753e-01 1.103017776315965204e+00 5.349634364738700132e-01
-1.788529798414972560e-01 8.066548774478858874e-01 3.246279760828600369e-01 -5.793357829253693858e-02 5.308674897989019703e-01
-1.788529798414972560e-01 8.036282806429259074e-01 3.103395914095242736e-01 -5.793357829253693858e-02 5.309338538671670715e-01
-1.788529798414972560e-01 8.002947313701842535e-01 2.954335459744589221e-01 -5.793357829253693858e-02 5.310078555433870307e-01
-1.788529798414972560e-01 7.966050119748795399e-01 2.798689346652387111e-01 -5.793357829253693858e-02 5.310908894787113033e-01
-1.788529798414972560e-01 7.924988477637751050e-01 2.636011115206131628e-01 -5.793357829253693858e-02 5.311847121165276242e-01
-1.788529798414972560e-01 7.853902351918670144e-01 2.377729319458379287e-01 -5.793357829253693858e-02 5.313507542235688108e-01
-6.447966228054155535e-02 6.398431734228305912e-01 2.115921689885235935e-01 7.563277082967795328e-01 5.359429924553692492e-01
-6.447966228054155535e-02 6.543170247567555720e-01 1.987479554767417611e-01 7.563277082967795328e-01 5.359582014246793147e-01
4.122998007242958951e-02 6.788690516586605161e-01 1.770987798738537233e-01 1.091866790361640804e+00 5.368843676094704476e-01
4.893549367387459853e-02 7.329512331952784399e-01 1.469705784884431099e-01 1.528627027227290824e+00 5.371358048974876898e-01
4.585203285250731564e-02 7.661346945366556138e-01 1.289063833816799232e-01 1.857269116852103608e+00 5.370841935201080553e-01
5.040360198027978716e-02 7.771631435015088352e-01 1.165780775867173574e-01 1.435054788058684583e+00 5.372680504717534111e-01
4.571321018519687585e-02 7.464705843161199006e-01 1.115493341255803100e-01 5.037433840915694905e-01 5.369662170511707577e-01
-5.536706490078326798e-02 4.943036058946245759e-01 1.216619886007520995e-01 1.714834317137829134e-01 5.359205218116274150e-01
1.923467505031795782e-02 6.232005754109470885e-01 1.480754353094540232e-01 1.103017776315965204e+00 5.349070158742981196e-01
-2.244038714622802744e-01 8.071367048238693442e-01 3.232200952898990898e-01 -1.370087439526259665e-01 5.306418189898235438e-01
-2.244038714622802744e-01 8.042067653160483998e-01 3.088296813477512948e-01 -1.370087439526259665e-01 5.307083271776039668e-01
-2.244038714622802744e-01 8.009696223695629280e-01 2.938140038218281513e-01 -1.370087439526259665e-01 5.307826687996350934e-01
-2.244038714622802744e-01 7.973742978303793860e-01 2.781314061629988621e-01 -1.370087439526259665e-01 5.308663116381535652e-01
-2.244038714622802744e-01 7.933578527231438526e-01 2.617364474358357396e-01 -1.370087439526259665e-01 5.309611127621847171e-01
-2.244038714622802744e-01 7.863661357439529764e-01 2.356984127755848979e-01 -1.370087439526259665e-01 5.311296495482316082e-01
-1.038790173272540751e-01 6.428777047442472137e-01 2.093100794236105178e-01 5.861528878226229811e-01 5.358803102369213978e-01
-1.038790173272540751e-01 6.575046116858705991e-01 1.962863920954820707e-01 5.861528878226229811e-01 5.358909058072345299e-01
2.660830153169464751e-02 6.829894959706380719e-01 1.743194060353231989e-01 8.364539594655537869e-01 5.367642510517551813e-01
2.707541088979400004e-02 7.376307482120005865e-01 1.436812816030131612e-01 9.988505001106480208e-01 5.369570519110621332e-01
2.183076847803324880e-02 7.712360394593430479e-01 1.252341153687225594e-01 1.171575571050428310e+00 5.368328486186639825e-01
2.475045394144045202e-02 7.820614459669150698e-01 1.130130753069176486e-01 1.056734921716533382e+00 5.369948730057561015e-01
2.565931943184817168e-02 7.523079678571745754e-01 1.085699731867491302e-01 3.845319184561771242e-01 5.368114332555703472e-01
-2.904376198747942242e-02 5.310968235139220672e-01 1.190131866399573995e-01 3.704409642520400947e-02 5.360957513744349923e-01
7.126094026505171673e-03 5.782720830585340588e-01 1.422443544195978737e-01 1.204508982327974653e+00 5.358886974668081171e-01
-2.577540838452070937e-01 8.076266974910625285e-01 3.214417908091279918e-01 -1.857310389336504775e-01 5.304273080391179729e-01
-2.577540838452070937e-01 8.047895476694149064e-01 3.069618449542028671e-01 -1.857310389336504775e-01 5.304935879120356024e-01
-2.577540838452070937e-01 8.016454349020666337e-01 2.918504409006362210e-01 -1.857310389336504775e-01 5.305678535669878793e-01
-2.577540838452070937e-01 7.981416589928658212e-01 2.760653518740663892e-01 -1.857310389336504775e-01 5.306516371458895875e-01
-2.577540838452070937e-01 7.942127744341944684e-01 2.595605002185721877e-01 -1.857310389336504775e-01 5.307468903854439812e-01
-2.577540838452070937e-01 7.873361857234190131e-01 2.333421828572282142e-01 -1.857310389336504775e-01 5.309170040491038023e-01
-1.183862361799086632e-01 6.446893297394629130e-01 2.067620111809450600e-01 4.864907817438558491e-01 5.358334706384310087e-01
-1.183862361799086632e-01 6.594555717989689647e-01 1.935753074623612069e-01 4.864907817438558491e-01 5.358404951799082827e-01
2.842694982470387460e-02 6.862568642317200540e-01 1.713343741080474714e-01 6.681083715001544521e-01 5.366880139602927535e-01
2.686504500911023399e-02 7.412131353318299753e-01 1.403670032498663955e-01 6.809549525072214893e-01 5.368426340057764756e-01
2.081861979035633248e-02 7.752727174198043025e-01 1.214892801965451324e-01 6.173324493206310271e-01 5.366688217778043946e-01
2.393608071488620079e-02 7.862332251785597581e-01 1.092640372747023941e-01 7.194495728693951486e-01 5.368209968488408812e-01
2.376512730345016478e-02 7.578815088733079630e-01 1.053506922806927704e-01 2.861926447536071727e-01 5.367279797474517888e-01
-1.941809203962344479e-02 5.601406703226015082e-01 1.164319252899194829e-01 -2.672117535628849155e-02 5.361841087931384919e-01
-1.005429452985567851e-02 5.368606746590796064e-01 1.427200156237482809e-01 1.138626052781663178e+00 5.362844763305090190e-01
-3.151106099499818014e-01 8.073369742216705003e-01 3.195749228257506180e-01 -2.363672772030580849e-01 5.301434989376185847e-01
-3.151106099499818014e-01 8.045612655412800462e-01 3.050420571636900391e-01 -2.363672772030580849e-01 5.302111856569157178e-01
-3.151106099499818014e-01 8.014783385702178853e-01 2.898748420357545874e-01 -2.363672772030580849e-01 5.302871546429405170e-01
-3.151106099499818014e-01 7.980342050285782474e-01 2.740308173975965489e-01 -2.363672772030580849e-01 5.303730225303158186e-01
-3.151106099499818014e-01 7.941614375089961486e-01 2.574636312758742385e-01 -2.363672772030580849e-01 5.304708558681949793e-01
-3.151106099499818014e-01 7.873555321661986905e-01 2.311448395415175994e-01 -2.363672772030580849e-01 5.306461392632134677e-01
-1.456239910013786831e-01 6.457543303499907461e-01 2.044695336425293442e-01 3.831321738071750138e-01 5.357951022186898671e-01
-1.456239910013786831e-01 6.605999272315187243e-01 1.911747721544841128e-01 3.831321738071750138e-01 5.357990512825598906e-01
2.519975877640441217e-02 6.895031960758312151e-01 1.687599496853127157e-01 5.031467975684847938e-01 5.366020230206821617e-01
1.666475827141027100e-02 7.445985830240084979e-01 1.376449377890323345e-01 3.970850362039319847e-01 5.366958202532250422e-01
8.527666399058891553e-03 7.783729445487750365e-01 1.185370557976419409e-01 -4.283394047742965227e-02 5.364588294762725473e-01
1.077481819216489188e-02 7.895165601716661596e-01 1.063030392757379206e-01 2.472870002364364883e-01 5.365915012116548866e-01
1.375923839070463187e-02 7.641653267396747440e-01 1.026157321707872744e-01 1.707898622644246356e-01 5.366126762077335632e-01
-8.435696573004452387e-03 5.995998082663317463e-01 1.135184057911845096e-01 -9.760442388926844626e-02 5.361996341420497414e-01
-7.037947718403812780e-02 4.562365262246801945e-01 1.442351568790422311e-01 3.964417815256330857e-01 5.365438553275938549e-01
-3.578758842267790174e-01 8.079640930406196686e-01 3.169397603145251430e-01 -2.585068272484703500e-01 5.299011242074189720e-01
-3.578758842267790174e-01 8.052383531076282575e-01 3.024031478813793972e-01 -2.585068272484703500e-01 5.299701232071547530e-01
-3.578758842267790174e-01 8.022060995470324807e-01 2.872343570407179802e-01 -2.585068272484703500e-01 5.300476590723346426e-01
-3.578758842267790174e-01 7.988125503061109800e-01 2.713912322193088866e-01 -2.585068272484703500e-01 5.301354186531911372e-01
-3.578758842267790174e-01 7.949890144063069819e-01 2.548277845569119071e-01 -2.585068272484703500e-01 5.302355635885731555e-01
-3.578758842267790174e-01 7.882500496157300862e-01 2.285207611653691240e-01 -2.585068272484703500e-01 5.304154089636972103e-01
-1.613749405831416128e-01 6.472078698810929120e-01 2.018594012983667696e-01 3.353669410226313707e-01 5.357838925381036566e-01
-1.613749405831416128e-01 6.620166432243521637e-01 1.885203072363126064e-01 3.353669410226313707e-01 5.357870921279440646e-01
2.401747299194848667e-02 6.929527856824058141e-01 1.660285180106144398e-01 4.460157003940840026e-01 5.365733622056209073e-01
1.135454645283992016e-02 7.487704890943349678e-01 1.347904834335124924e-01 3.081663489083745211e-01 5.366384272138690070e-01
2.527300034168181858e-03 7.821389831633296374e-01 1.156728419459024659e-01 -3.058491858090421345e-01 5.363697888157501481e-01
4.367735458903793631e-03 7.934015232797351214e-01 1.036014218872050169e-01 -2.861775429881570701e-02 5.364894630496115369e-01
8.919974201587218057e-03 7.714236444330070386e-01 9.996465613922904392e-02 1.198250707957493749e-01 5.365764523562827071e-01
-3.089800037607978549e-03 6.340809654581597288e-01 1.089930825437602641e-01 -1.161402309958996237e-01 5.361658679547625095e-01
-1.682622226485999961e-01 3.727098621417152535e-01 1.414686424700370149e-01 -7.147761863396978610e-02 5.365509855580010701e-01
-4.172583493170682334e-01 8.080291642547512421e-01 3.137183491531177482e-01 -2.736993239341345974e-01 5.295910560210854712e-01
-4.172583493170682334e-01 8.053186844495556773e-01 2.992357224182453090e-01 -2.736993239341345974e-01 5.296633967180153224e-01
-4.172583493170682334e-01 8.023015491187047710e-01 2.841286634659581645e-01 -2.736993239341345974e-01 5.297447147892878627e-01
-4.172583493170682334e-01 7.989226175281757270e-01 2.683559136030137515e-01 -2.736993239341345974e-01 5.298367891734098167e-01
-4.172583493170682334e-01 7.951126306078251105e-01 2.518724485778890410e-01 -2.736993239341345974e-01 5.299419032125123330e-01
-4.172583493170682334e-01 7.883899277817711937e-01 2.257059367137825012e-01 -2.736993239341345974e-01 5.301307941770670995e-01
-1.792129470756484988e-01 6.465290050382588305e-01 1.991928176533239447e-01 2.980993486443883067e-01 5.357829931707753790e-01
-1.792129470756484988e-01 6.612500501728512114e-01 1.858673824390896234e-01 2.980993486443883067e-01 5.357860617627363542e-01
2.504723285443617026e-02 6.953033416733902516e-01 1.633905162840798286e-01 4.233728732879311063e-01 5.365538068519785098e-01
7.915894405153998600e-03 7.523566295250663227e-01 1.320963022622592686e-01 2.744487099486579984e-01 5.365928101287134044e-01
-1.486740371555818297e-03 7.850066727301512337e-01 1.132763735079308220e-01 -4.053742863152690057e-01 5.362984327344992863e-01
-6.904455390279327833e-04 7.966376719805610129e-01 1.016024155002143436e-01 -2.499068827328892739e-01 5.363963333638986919e-01
4.784545717424829904e-03 7.806976461936073752e-01 9.803918205473270697e-02 9.775661650055000873e-02 5.365591813549915878e-01
-2.499881123848955852e-04 6.817055592979531786e-01 1.035929269101851236e-01 -5.284354902780089708e-02 5.360909383130396666e-01
-5.023647642872314245e-01 2.384864744161568351e-01 1.320457566283257389e-01 -3.518231154767568203e-01 5.363764872910534720e-01
-4.641623810700336583e-01 8.080286180578833966e-01 3.106451719341001283e-01 -2.799009747933703940e-01 5.293550422617679940e-01
-4.641623810700336583e-01 8.053111401837734773e-01 2.962453561974304206e-01 -2.799009747933703940e-01 5.294306838718595420e-01
-4.641623810700336583e-01 8.022865757671593379e-01 2.812311001981305791e-01 -2.799009747933703940e-01 5.295156923733985721e-01
-4.641623810700336583e-01 7.988997456044406587e-01 2.655622350392561337e-01 -2.799009747933703940e-01 5.296119192388720753e-01
-4.641623810700336583e-01 7.950813951499002830e-01 2.491949960408990083e-01 -2.799009747933703940e-01 5.297217400652884933e-01
-4.641623810700336583e-01 7.883453622437296415e-01 2.232290361426804981e-01 -2.799009747933703940e-01 5.299189987880826846e-01
-1.926525703192053518e-01 6.447626372096694203e-01 1.969284552815183109e-01 2.793460425185182450e-01 5.357927204112780117e-01
-1.926525703192053518e-01 6.593695618453405682e-01 1.836732340784300033e-01 2.793460425185182450e-01 5.357964294961274909e-01
2.648103713291942093e-02 6.961770961579072381e-01 1.613104161033573902e-01 4.203250057114851224e-01 5.365513608917155119e-01
6.809183368048963604e-03 7.546572596391685206e-01 1.301130964666329659e-01 2.724873926998435114e-01 5.365790397703642522e-01
-2.507597392349938427e-03 7.866704779950457471e-01 1.117988880949966068e-01 -4.125808889183062989e-01 5.362717988223574261e-01
-2.406415370726443324e-03 7.988066022560813551e-01 1.006791236456956590e-01 -3.112194172680302073e-01 5.363616194380367297e-01
2.893752936962509185e-03 7.888501136158414528e-01 9.735815165944061711e-02 1.085116951354364034e-01 5.365768482745857382e-01
-2.670123627933732079e-04 7.219666055786656544e-01 9.999506219898950110e-02 4.805719753582970294e-02 5.361082255498157423e-01
-3.186573732443015450e-02 4.008453850804896690e-01 1.203781971402069634e-01 -3.167253057852048026e-01 5.361875271147306110e-01
-5.130200332470084001e-01 8.078378633297524924e-01 3.074875733148615953e-01 -2.833673656711617750e-01 5.291304626682664658e-01
-5.130200332470084001e-01 8.051067782765047864e-01 2.931792427400826684e-01 -2.833673656711617750e-01 5.292094861211072976e-01
-5.130200332470084001e-01 8.020678154519931269e-01 2.782671755467510111e-01 -2.833673656711617750e-01 5.292982640098610192e-01
-5.130200332470084001e-01 7.986658275264381102e-01 2.627123364062797783e-01 -2.833673656711617750e-01 5.293987189559039575e-01
-5.130200332470084001e-01 7.948315810812508486e-01 2.464722506970450644e-01 -2.833673656711617750e-01 5.295133140330530175e-01
-5.130200332470084001e-01 7.880706491562092797e-01 2.207248561198604242e-01 -2.833673656711617750e-01 5.297190139618890292e-01
-2.066870885088900045e-01 6.415898328459738176e-01 1.946792249623322257e-01 2.675974552073253077e-01 5.357945507489566550e-01
-2.066870885088900045e-01 6.560753030873422986e-01 1.815714674864567502e-01 2.675974552073253077e-01 5.357980397475592405e-01
2.835624967454663040e-02 6.957339768196877383e-01 1.594699057553357890e-01 4.064008199315256031e-01 5.365497032388830689e-01
6.091198509150387574e-03 7.555463692169750445e-01 1.286859061346048161e-01 2.747445117076722232e-01 5.365697281380684691e-01
-2.575301587918038364e-03 7.866865894425979500e-01 1.111529198712275651e-01 -4.248034227100790927e-01 5.362552157755979820e-01
-3.047263129060257415e-03 7.994377633545189932e-01 1.008103612690524759e-01 -3.680846491686717847e-01 5.363387180438580204e-01
1.669828735143137708e-03 7.952172766852974028e-01 9.803721686478519826e-02 1.333209614764549744e-01 5.366021574232453517e-01
-2.951788928812469105e-04 7.605627484742515376e-01 9.899080073532418034e-02 1.426241067384418360e-01 5.362393510506890948e-01
-1.350232064584516592e-03 5.968069811545794190e-01 1.089913842982694892e-01 -1.212796176210251681e-01 5.360468187777742699e-01
-5.592459776450682263e-01 8.071575670998748508e-01 3.044816074862390920e-01 -2.838036443611461346e-01 5.289508458025637960e-01
-5.592459776450682263e-01 8.044073698324020194e-01 2.902614869953941690e-01 -2.838036443611461346e-01 5.290327345491774302e-01
-5.592459776450682263e-01 8.013479665042768652e-01 2.754477744454938981e-01 -2.838036443611461346e-01 5.291247002143312228e-01
-5.592459776450682263e-01 7.979240658596538083e-01 2.600024940500728077e-01 -2.838036443611461346e-01 5.292287237446140491e-01
-5.592459776450682263e-01 7.940664303257616297e-01 2.438843600391897015e-01 -2.838036443611461346e-01 5.293473405621689221e-01
-5.592459776450682263e-01 7.872675143772734918e-01 2.183461899147645380e-01 -2.838036443611461346e-01 5.295601270922551951e-01
-2.254487421071633135e-01 6.360840442060432531e-01 1.925739531967032847e-01 2.617566717955722710e-01 5.357891235909427730e-01
-2.254487421071633135e-01 6.504792274972329702e-01 1.796886088515638191e-01 2.617566717955722710e-01 5.357915354946174435e-01
3.002711277083693758e-02 6.932471656463706777e-01 1.579938025533170198e-01 4.001050107011011048e-01 5.365442555711137373e-01
5.432688647134629491e-03 7.542382787154610080e-01 1.279552657160983875e-01 2.844637873390933880e-01 5.365615648018572381e-01
-2.106569592999077336e-03 7.843914714463813276e-01 1.114404979257989092e-01 -4.540057534905641012e-01 5.362452944211570927e-01
-3.157041726304791671e-03 7.977415645580026027e-01 1.021602320793705415e-01 -6.031251957577965506e-01 5.363221558113052678e-01
9.657168355777244516e-04 7.971599243482093700e-01 1.003684606536209833e-01 2.409499211208749603e-01 5.366120276072342543e-01
-4.780830615296874017e-04 7.850332972641439477e-01 1.010031501911561047e-01 2.593510989115501153e-01 5.363981605603342917e-01
4.850039678274081865e-04 7.278716379912515411e-01 1.033969072293791092e-01 1.269195286710363968e-01 5.361418110926510217e-01
-5.965964996924988384e-01 8.060933844889531796e-01 3.014723531802659950e-01 -2.833986468048448892e-01 5.288324962854534794e-01
-5.965964996924988384e-01 8.033336702193387691e-01 2.873243022557137039e-01 -2.833986468048448892e-01 5.289158938315499103e-01
-5.965964996924988384e-01 8.002632469248731617e-01 2.725913067284694846e-01 -2.833986468048448892e-01 5.290095596181364490e-01
-5.965964996924988384e-01 7.968265250974008174e-01 2.572362923455723815e-01 -2.833986468048448892e-01 5.291155129038597194e-01
-5.965964996924988384e-01 7.929537943565660996e-01 2.412190344445546419e-01 -2.833986468048448892e-01 5.292363395530402803e-01
-5.965964996924988384e-01 7.861265716000500614e-01 2.158545988119857373e-01 -2.833986468048448892e-01 5.294531133883436658e-01
-2.537208193879411100e-01 6.273693139629665794e-01 1.903344884262171133e-01 2.578439905888168515e-01 5.357790656062195733e-01
-2.537208193879411100e-01 6.417887470028417196e-01 1.777058448689147474e-01 2.578439905888168515e-01 5.357797782468540770e-01
3.204516313973263669e-02 6.877829923820957259e-01 1.565131475932114991e-01 4.089118027222500285e-01 5.365330098826684990e-01
4.783465429593408355e-03 7.498168163433167610e-01 1.276517697689973085e-01 3.011378777119783079e-01 5.365509230924148110e-01
-1.374304050404358659e-03 7.788303325461232163e-01 1.124751431699229642e-01 -4.964595446426529612e-01 5.362322320974750589e-01
-3.023379629175908939e-03 7.926858225784839673e-01 1.046119808391442196e-01 -3.860936935667149683e-01 5.363007683119048741e-01
6.207899907187681542e-04 7.945628106726094764e-01 1.041307510195497721e-01 1.344977168186526628e-01 5.365917374634413539e-01
-6.361049134901212944e-04 7.893235513065622877e-01 1.059025101432699012e-01 4.929133868502822979e-01 5.364645658576697729e-01
-5.384177459104690436e-05 7.702988119027630587e-01 1.067872619822172325e-01 6.685385185132396157e-02 5.363686829044089777e-01
-6.344332056135895126e-01 8.048031801433224164e-01 2.974248562050750833e-01 -2.840675693881373753e-01 5.287169295238864919e-01
-6.344332056135895126e-01 8.020796447092528592e-01 2.833176882034212363e-01 -2.840675693881373753e-01 5.287996430122002822e-01
-6.344332056135895126e-01 7.990446565128025425e-01 2.686324052069443136e-01 -2.840675693881373753e-01 5.288926642266592593e-01
-6.344332056135895126e-01 7.956415899256571445e-01 2.533327106735547285e-01 -2.840675693881373753e-01 5.289980485179658354e-01
-6.344332056135895126e-01 7.917991221640364730e-01 2.373792215692029084e-01 -2.840675693881373753e-01 5.291184332766686316e-01
-6.344332056135895126e-01 7.850054398788601784e-01 2.121284062076946308e-01 -2.840675693881373753e-01 5.293349722681823799e-01
-3.248003796700811852e-01 6.090420163747134463e-01 1.867742144176561259e-01 2.454884063347728407e-01 5.357508073522579961e-01
-3.248003796700811852e-01 6.238250264837871262e-01 1.743105665564035622e-01 2.454884063347728407e-01 5.357476381034749213e-01
3.613298792266635140e-02 6.744764183944280678e-01 1.535640188724253785e-01 3.983242861310434813e-01 5.365088154321735470e-01
3.609148378775562088e-03 7.384802960535362670e-01 1.266610172028692638e-01 3.077691076485389865e-01 5.365257845279287618e-01
2.464888803436517117e-04 7.654853833181659573e-01 1.136719480931980275e-01 -5.303042238692073918e-01 5.362076637436498094e-01
-2.703875700036462073e-03 7.808349938030262338e-01 1.077526057317695768e-01 -1.827717543579079340e-01 5.362574917253021267e-01
3.514385063803253991e-04 7.868404591221428435e-01 1.089840829241813941e-01 9.370640880934989758e-02 5.365389826258433192e-01
-7.019135723864276160e-04 7.882951924664123311e-01 1.123713147182372613e-01 -9.386461805620605059e-02 5.364887144462763269e-01
