6.583191426165539706e-02 7.015872688193809381e-01 2.830452791205572693e-01 -1.903662937460124660e-01 5.345642263722809595e-01
6.485171850544244054e-02 7.017850760941790611e-01 2.843434182047889225e-01 -1.982366750810040656e-01 5.346119143370208215e-01
6.437366134966007736e-02 7.018526471919778187e-01 2.847433744419131663e-01 -2.019266422032979791e-01 5.346464174140129755e-01
6.395185066864410295e-02 7.018737143684140589e-01 2.848252859229167822e-01 -2.048910391660848651e-01 5.346723044011200132e-01
6.360023286035718093e-02 7.018320509204170055e-01 2.847927141385918626e-01 -2.070082300932538366e-01 5.346908574070162734e-01
6.347747143445063578e-02 7.018384722849150270e-01 2.847393394221004459e-01 -2.076919647314765249e-01 5.346967342297747061e-01
6.335142002020745233e-02 7.018378138863732296e-01 2.846781683057765799e-01 -2.083665707504280540e-01 5.347025461556428327e-01
6.322223872332739802e-02 7.018087933254304467e-01 2.846269510409461523e-01 -2.090308088798645825e-01 5.347083850710959707e-01
6.309047071033298260e-02 7.017466735423181223e-01 2.845898329294429541e-01 -2.096854551814871237e-01 5.347142774548506727e-01
6.309047071033298260e-02 7.017981823557249976e-01 2.845474075137535697e-01 -2.096854551814871237e-01 5.347140366561448088e-01
6.295602689111828854e-02 7.017286080638284185e-01 2.845032040549491104e-01 -2.103325826551213085e-01 5.347198713313545682e-01
6.295602689111828854e-02 7.017872575437864580e-01 2.844547184837992737e-01 -2.103325826551213085e-01 5.347195980932170079e-01
6.281852869774334769e-02 7.017429916437388782e-01 2.843762246840338404e-01 -2.109714444263420807e-01 5.347252239355018144e-01
6.267874986587596009e-02 7.017423881094269067e-01 2.842479328938735117e-01 -2.116004527245963773e-01 5.347305583684737185e-01
6.239373308679148356e-02 7.015940280869439327e-01 2.840729818452389366e-01 -2.128309355067708741e-01 5.347416305994349139e-01
6.209705413377095834e-02 7.015830676646906960e-01 2.837297811977392836e-01 -2.140289947083828526e-01 5.347517092030852348e-01
6.147723536995600840e-02 7.013586987209970980e-01 2.830512032591029348e-01 -2.163098256889410265e-01 5.347718005791027851e-01
6.066075955397064873e-02 7.011232149197114127e-01 2.818574746734521796e-01 -2.189449275316052157e-01 5.347951066476095416e-01
5.925884352677352612e-02 7.005006273003268058e-01 2.794330893929125592e-01 -2.226898641165143689e-01 5.348302911356738187e-01
6.583191426165539706e-02 6.959260046614788031e-01 2.717879515970554327e-01 -1.903662937460124660e-01 5.345933173975184749e-01
6.485171850544244054e-02 6.961215111759878615e-01 2.730619808351610334e-01 -1.982366750810040656e-01 5.346397617537147484e-01
6.437366134966007736e-02 6.961874923341075938e-01 2.734548554766488282e-01 -2.019266422032979791e-01 5.346733561042162908e-01
6.395185066864410295e-02 6.962086742357002089e-01 2.735345191360055717e-01 -2.048910391660848651e-01 5.346985511959485571e-01
6.360023286035718093e-02 6.961668711712333257e-01 2.735020781963675152e-01 -2.070082300932538366e-01 5.347166097400797291e-01
6.347747143445063578e-02 6.961737673826330353e-01 2.734492325837979410e-01 -2.076919647314765249e-01 5.347223259661357808e-01
6.335142002020745233e-02 6.961735537362565562e-01 2.733887733055915814e-01 -2.083665707504280540e-01 5.347279796138491026e-01
6.322223872332739802e-02 6.961445894784601407e-01 2.733381856654025222e-01 -2.090308088798645825e-01 5.347336619819603731e-01
6.309047071033298260e-02 6.960820609605835596e-01 2.733015467189141567e-01 -2.096854551814871237e-01 5.347393992442232014e-01
6.309047071033298260e-02 6.961344218402822914e-01 2.732596932675760981e-01 -2.096854551814871237e-01 5.347391595715724755e-01
6.295602689111828854e-02 6.960643752009747498e-01 2.732160824685306855e-01 -2.103325826551213085e-01 5.347448409817391335e-01
6.295602689111828854e-02 6.961239644648005154e-01 2.731682690574326888e-01 -2.103325826551213085e-01 5.347445691056893491e-01
6.281852869774334769e-02 6.960797224902778302e-01 2.730908625683085011e-01 -2.109714444263420807e-01 5.347500441956564154e-01
6.267874986587596009e-02 6.960799580526525476e-01 2.729643995830199343e-01 -2.116004527245963773e-01 5.347552306811749201e-01
6.239373308679148356e-02 6.959311595229092928e-01 2.727919532845389239e-01 -2.128309355067708741e-01 5.347660090588233217e-01
6.209705413377095834e-02 6.959224151094458577e-01 2.724537476251769341e-01 -2.140289947083828526e-01 5.347758048267834408e-01
6.147723536995600840e-02 6.957000467692768808e-01 2.717853433175303479e-01 -2.163098256889410265e-01 5.347953469146649041e-01
6.066075955397064873e-02 6.954693022752636011e-01 2.706103842567858520e-01 -2.189449275316052157e-01 5.348180019751143099e-01
5.925884352677352612e-02 6.948543552870239948e-01 2.682251637495648988e-01 -2.226898641165143689e-01 5.348522030989210085e-01
6.583191426165539706e-02 6.900153505741152271e-01 2.601716760220743607e-01 -1.903662937460124660e-01 5.346245644662007690e-01
6.485171850544244054e-02 6.902093151341673893e-01 2.614193775669186870e-01 -1.982366750810040656e-01 5.346696860280482078e-01
6.437366134966007736e-02 6.902739603679809433e-01 2.618045073635656417e-01 -2.019266422032979791e-01 5.347023151907084326e-01
6.395185066864410295e-02 6.902952446618529914e-01 2.618817356598225343e-01 -2.048910391660848651e-01 5.347267763603932300e-01
6.360023286035718093e-02 6.902531829891612736e-01 2.618494508059920345e-01 -2.070082300932538366e-01 5.347443103401144926e-01
6.347747143445063578e-02 6.902605141901008157e-01 2.617972118637015844e-01 -2.076919647314765249e-01 5.347498565367166945e-01
6.335142002020745233e-02 6.902606723439705938e-01 2.617375260876700360e-01 -2.083665707504280540e-01 5.347553425848425857e-01
6.322223872332739802e-02 6.902316882905480400e-01 2.616876510065243022e-01 -2.090308088798645825e-01 5.347608590148215102e-01
6.309047071033298260e-02 6.901686892430429765e-01 2.616515413036744064e-01 -2.096854551814871237e-01 5.347664317234992470e-01
6.309047071033298260e-02 6.902218447601826679e-01 2.616103027493343891e-01 -2.096854551814871237e-01 5.347661936324981102e-01
6.295602689111828854e-02 6.901512732547596674e-01 2.615673456518539663e-01 -2.103325826551213085e-01 5.347717123000065298e-01
6.295602689111828854e-02 6.902117408203529703e-01 2.615202727719146414e-01 -2.103325826551213085e-01 5.347714422257144884e-01
6.281852869774334769e-02 6.901674241916965213e-01 2.614440800742709459e-01 -2.109714444263420807e-01 5.347767575480627533e-01
6.267874986587596009e-02 6.901683651708329093e-01 2.613196140643835874e-01 -2.116004527245963773e-01 5.347817876771212564e-01
6.239373308679148356e-02 6.900189837382441072e-01 2.611499081687237989e-01 -2.128309355067708741e-01 5.347922546788416165e-01
6.209705413377095834e-02 6.900120668286429115e-01 2.608171957092234594e-01 -2.140289947083828526e-01 5.348017516182121955e-01
6.147723536995600840e-02 6.897910132631268620e-01 2.601599833173229293e-01 -2.163098256889410265e-01 5.348207125406971851e-01
6.066075955397064873e-02 6.895639167638871747e-01 2.590055909637402620e-01 -2.189449275316052157e-01 5.348426800889165555e-01
5.925884352677352612e-02 6.889543872553719472e-01 2.566632750166065180e-01 -2.226898641165143689e-01 5.348758429018258820e-01
6.583191426165539706e-02 6.838382268196128155e-01 2.481785621180741253e-01 -1.903662937460124660e-01 5.346582098865628740e-01
6.485171850544244054e-02 6.840315091401868441e-01 2.493975562990355388e-01 -1.982366750810040656e-01 5.347019213507540059e-01
6.437366134966007736e-02 6.840951479904185950e-01 2.497742243839577714e-01 -2.019266422032979791e-01 5.347335232438525932e-01
6.395185066864410295e-02 6.841164853242004407e-01 2.498488149596227725e-01 -2.048910391660848651e-01 5.347572045855911727e-01
6.360023286035718093e-02 6.840740582241772172e-01 2.498167136753986217e-01 -2.070082300932538366e-01 5.347741810777775218e-01
6.347747143445063578e-02 6.840817312627297531e-01 2.497651329505890250e-01 -2.076919647314765249e-01 5.347795470493320602e-01
6.335142002020745233e-02 6.840821416772667751e-01 2.497063363614420994e-01 -2.083665707504280540e-01 5.347848551899488934e-01
6.322223872332739802e-02 6.840530861654002814e-01 2.496572311172518266e-01 -2.090308088798645825e-01 5.347901955071900915e-01
6.309047071033298260e-02 6.839895388107630758e-01 2.496216884776155664e-01 -2.096854551814871237e-01 5.347955932649356425e-01
6.309047071033298260e-02 6.840434577376326430e-01 2.495811437993699089e-01 -2.096854551814871237e-01 5.347953573066073218e-01
6.295602689111828854e-02 6.839723116422586902e-01 2.495389064660989975e-01 -2.103325826551213085e-01 5.348007030186937572e-01
6.295602689111828854e-02 6.840336470889739617e-01 2.494926480994633655e-01 -2.103325826551213085e-01 5.348004354392884574e-01
6.281852869774334769e-02 6.839891606021583081e-01 2.494177735209711366e-01 -2.109714444263420807e-01 5.348055811593813713e-01
6.267874986587596009e-02 6.839906082975096835e-01 2.492955189561590623e-01 -2.116004527245963773e-01 5.348104455844300276e-01
6.239373308679148356e-02 6.838403767525751409e-01 2.491288245430930970e-01 -2.128309355067708741e-01 5.348205818604040429e-01
6.209705413377095834e-02 6.838349108421308831e-01 2.488021442017656348e-01 -2.140289947083828526e-01 5.348297627621229067e-01
6.147723536995600840e-02 6.836143976314020820e-01 2.481572251914531124e-01 -2.163098256889410265e-01 5.348481079557136919e-01
6.066075955397064873e-02 6.833896623276283222e-01 2.470253419342864076e-01 -2.189449275316052157e-01 5.348693486214048942e-01
5.925884352677352612e-02 6.827830412242815727e-01 2.447299544985758191e-01 -2.226898641165143689e-01 5.349014142504933123e-01
6.583191426165539706e-02 6.773764428334145826e-01 2.357904462096822307e-01 -1.903662937460124660e-01 5.346945299280186914e-01
6.485171850544244054e-02 6.775700706709937293e-01 2.369781232630388534e-01 -1.982366750810040656e-01 5.347367351910294886e-01
6.437366134966007736e-02 6.776329891938721595e-01 2.373455532546800972e-01 -2.019266422032979791e-01 5.347672413426300952e-01
6.395185066864410295e-02 6.776543578770788390e-01 2.374172873898405256e-01 -2.048910391660848651e-01 5.347900924605289985e-01
6.360023286035718093e-02 6.776114827796074769e-01 2.373853996952663969e-01 -2.070082300932538366e-01 5.348064755635847378e-01
6.347747143445063578e-02 6.776193903127938345e-01 2.373345498930148345e-01 -2.076919647314765249e-01 5.348116501169882797e-01
6.335142002020745233e-02 6.776199701133396314e-01 2.372767177760757018e-01 -2.083665707504280540e-01 5.348167693555747615e-01
6.322223872332739802e-02 6.775907042821012194e-01 2.372284781342288706e-01 -2.090308088798645825e-01 5.348219222772515602e-01
6.309047071033298260e-02 6.775266117692896328e-01 2.371935602730745607e-01 -2.096854551814871237e-01 5.348271337710591711e-01
6.309047071033298260e-02 6.775811987399676939e-01 2.371537784649136726e-01 -2.096854551814871237e-01 5.348269004536845284e-01
6.295602689111828854e-02 6.775093780250470710e-01 2.371123325515450131e-01 -2.103325826551213085e-01 5.348320619402936460e-01
6.295602689111828854e-02 6.775714739062722591e-01 2.370669689281021120e-01 -2.103325826551213085e-01 5.348317975253831236e-01
6.281852869774334769e-02 6.775266931932182324e-01 2.369935592258145818e-01 -2.109714444263420807e-01 5.348367629053804029e-01
6.267874986587596009e-02 6.775285252237074340e-01 2.368737150259172253e-01 -2.116004527245963773e-01 5.348414518011523899e-01
6.239373308679148356e-02 6.773771783267976687e-01 2.367103429600441733e-01 -2.128309355067708741e-01 5.348512360569936952e-01
6.209705413377095834e-02 6.773727005158718395e-01 2.363902619772163261e-01 -2.140289947083828526e-01 5.348600824029761114e-01
6.147723536995600840e-02 6.771518203418992465e-01 2.357587962806962645e-01 -2.163098256889410265e-01 5.348777746133693833e-01
6.066075955397064873e-02 6.769279974084720930e-01 2.346515598514443413e-01 -2.189449275316052157e-01 5.348982458021296349e-01
5.925884352677352612e-02 6.763213374891976493e-01 2.324074571887757845e-01 -2.226898641165143689e-01 5.349291508735201095e-01
6.583191426165539706e-02 6.671050703486774980e-01 2.164231551631785877e-01 -1.903662937460124660e-01 5.347547429532198970e-01
6.485171850544244054e-02 6.673013638692192329e-01 2.175585285356020637e-01 -1.982366750810040656e-01 5.347944848584254007e-01
6.437366134966007736e-02 6.673640747166361686e-01 2.179105031461573139e-01 -2.019266422032979791e-01 5.348232035950500896e-01
6.395185066864410295e-02 6.673853538516850703e-01 2.179775032486108155e-01 -2.048910391660848651e-01 5.348447035735894861e-01
6.360023286035718093e-02 6.673415969922168456e-01 2.179460160543037761e-01 -2.070082300932538366e-01 5.348601211569020686e-01
6.347747143445063578e-02 6.673495947995830013e-01 2.178964038942619585e-01 -2.076919647314765249e-01 5.348649852808785576e-01
6.335142002020745233e-02 6.673501557807967055e-01 2.178402154624152209e-01 -2.083665707504280540e-01 5.348697979833891836e-01
6.322223872332739802e-02 6.673204208724847764e-01 2.177934212158082750e-01 -2.090308088798645825e-01 5.348746464858028515e-01
6.309047071033298260e-02 6.673107873687769143e-01 2.177210642953867625e-01 -2.096854551814871237e-01 5.348793270196837701e-01
6.295602689111828854e-02 6.673009600347673542e-01 2.176370971061516446e-01 -2.103325826551213085e-01 5.348839306603319077e-01
6.281852869774334769e-02 6.672554895375093498e-01 2.175661544760636446e-01 -2.109714444263420807e-01 5.348886030454893525e-01
6.267874986587596009e-02 6.672574463341874873e-01 2.174503774117620969e-01 -2.116004527245963773e-01 5.348930079256752901e-01
6.239373308679148356e-02 6.671038711378930453e-01 2.172925789029385990e-01 -2.128309355067708741e-01 5.349022201214436167e-01
6.209705413377095834e-02 6.670998444777028746e-01 2.169836251967845187e-01 -2.140289947083828526e-01 5.349105262739327626e-01
6.147723536995600840e-02 6.668764464110399359e-01 2.163747614639838224e-01 -2.163098256889410265e-01 5.349271616129024354e-01
6.066075955397064873e-02 6.666507273500439368e-01 2.153088545001464738e-01 -2.189449275316052157e-01 5.349463913947387628e-01
5.925884352677352612e-02 6.660376130086610447e-01 2.131506592686820134e-01 -2.226898641165143689e-01 5.349754265651980312e-01
2.149232663937582222e-02 6.579667585618048653e-01 1.978885990241851800e-01 5.088026349133597526e-01 5.359596894690705771e-01
2.047291500055502950e-02 6.587032539202545278e-01 1.989764054271646598e-01 5.061892950289986759e-01 5.359682577714917073e-01
1.951999045200650956e-02 6.591205471329248944e-01 1.993177540256276803e-01 5.017453755678168426e-01 5.359752063044314063e-01
1.876835687405986955e-02 6.593772927484811142e-01 1.993843024168170941e-01 4.976565067662422903e-01 5.359803181513956849e-01
1.823022820013869491e-02 6.594833825416330786e-01 1.993558336713157075e-01 4.946041872701629205e-01 5.359836256602010796e-01
1.805616439724323091e-02 6.595371862488632608e-01 1.993093204147611541e-01 4.935955229436645442e-01 5.359846799766132541e-01
1.788436113945895620e-02 6.595816629575496082e-01 1.992563450661350155e-01 4.925919157272178883e-01 5.359856941852750856e-01
1.771522027451523373e-02 6.595937818914918704e-01 1.992120784977168269e-01 4.915912826399079227e-01 5.359866330479079455e-01
1.754874085747824136e-02 6.596241243997702508e-01 1.991435415087737248e-01 4.905919457447827092e-01 5.359875579458484030e-01
1.738431656795452404e-02 6.596526865165760478e-01 1.990638842505269568e-01 4.895935997468003897e-01 5.359884470584508342e-01
1.722258661479882796e-02 6.596436797006128838e-01 1.989965356515413231e-01 4.886041262872973800e-01 5.359892613943001427e-01
1.706487570482547247e-02 6.596802239748092989e-01 1.988864979942228661e-01 4.876318647463750433e-01 5.359901157122292092e-01
1.675994138377261827e-02 6.595874767764886570e-01 1.987363146772346267e-01 4.857227141645346635e-01 5.359915904446660440e-01
1.646469383359497676e-02 6.596372246382021798e-01 1.984419123962504194e-01 4.838198265666681097e-01 5.359931360633155562e-01
1.589804153288972358e-02 6.595007676666851948e-01 1.978614095463017419e-01 4.800943323937295615e-01 5.359956073243765662e-01
1.523679677771808127e-02 6.593535648375834501e-01 1.968454280676071033e-01 4.755054739205321623e-01 5.359982472778788143e-01
1.427433789789427435e-02 6.587940373656541171e-01 1.947881664107132260e-01 4.682444845358364471e-01 5.360012303751007234e-01
2.149232663937582222e-02 6.688838304866824291e-01 1.901635689975659793e-01 5.088026349133597526e-01 5.359721726405015652e-01
2.047291500055502950e-02 6.695881732833637301e-01 1.912440325605421210e-01 5.061892950289986759e-01 5.359812427750327846e-01
1.951999045200650956e-02 6.699831938638928230e-01 1.915920587500156147e-01 5.017453755678168426e-01 5.359885883329686962e-01
1.876835687405986955e-02 6.702264313006408569e-01 1.916677799230120383e-01 4.976565067662422903e-01 5.359939909242154021e-01
1.823022820013869491e-02 6.703259366495079030e-01 1.916461195818169039e-01 4.946041872701629205e-01 5.359974836607707127e-01
1.805616439724323091e-02 6.703759203444741299e-01 1.916048305012133524e-01 4.935955229436645442e-01 5.359985959777556763e-01
1.788436113945895620e-02 6.704173590447551900e-01 1.915564706993918842e-01 4.925919157272178883e-01 5.359996663011271645e-01
1.771522027451523373e-02 6.704278435014922044e-01 1.915154958618395242e-01 4.915912826399079227e-01 5.360006560207477566e-01
1.754874085747824136e-02 6.704557895999555539e-01 1.914515238206606906e-01 4.905919457447827092e-01 5.360016317737259506e-01
1.738431656795452404e-02 6.704821529746104458e-01 1.913766850887189674e-01 4.895935997468003897e-01 5.360025697107430043e-01
1.722258661479882796e-02 6.704720307886616881e-01 1.913131002909501388e-01 4.886041262872973800e-01 5.360034266176958440e-01
1.706487570482547247e-02 6.705063179894891201e-01 1.912088041414370110e-01 4.876318647463750433e-01 5.360043286351249270e-01
1.675994138377261827e-02 6.704135158748278922e-01 1.910658410253749662e-01 4.857227141645346635e-01 5.360058752899101719e-01
1.646469383359497676e-02 6.704604313471790311e-01 1.907842036714516576e-01 4.838198265666681097e-01 5.360075073768214571e-01
1.589804153288972358e-02 6.703239698049269224e-01 1.902267049029771895e-01 4.800943323937295615e-01 5.360101012632429995e-01
1.523679677771808127e-02 6.701774048510069637e-01 1.892477655620033450e-01 4.755054739205321623e-01 5.360128733128570744e-01
1.427433789789427435e-02 6.696266337274903169e-01 1.872607480550267933e-01 4.682444845358364471e-01 5.360159777922078872e-01
7.297260897139811950e-03 6.788678265328683681e-01 1.778779514993562572e-01 1.402835389792342680e+00 5.359965028655578889e-01
7.072821978428968023e-03 6.801190865153403653e-01 1.789491258243824379e-01 1.545950367818859084e+00 5.360023540499768702e-01
7.023470317296623411e-03 6.808215805073698501e-01 1.793092034310872496e-01 1.712897576431049229e+00 5.360038318206152841e-01
6.978436250274247694e-03 6.813181548181201919e-01 1.794011969890949298e-01 1.877586839437181299e+00 5.360048666810177664e-01
6.949954122325946622e-03 6.816029041691252788e-01 1.793913978685452160e-01 2.018318318320676763e+00 5.360053053134163914e-01
6.940874403429721576e-03 6.817078177094969549e-01 1.793590689102258495e-01 2.068684979929506618e+00 5.360054394568073421e-01
6.931934762686504069e-03 6.818054762006586778e-01 1.793186908836867099e-01 2.120927220630574261e+00 5.360055572302651061e-01
6.923398524936680808e-03 6.818748762758629622e-01 1.792833862563127378e-01 2.175024751222824015e+00 5.360056233763554889e-01
6.915251212546809877e-03 6.819591024455616823e-01 1.792272768180033227e-01 2.230955319845464135e+00 5.360056989592411059e-01
6.907360927542579611e-03 6.820413682698179825e-01 1.791607079790203116e-01 2.288881501612949343e+00 5.360057591989613179e-01
6.900296052238151512e-03 6.820888817368847556e-01 1.791035913485813091e-01 2.349177362338626729e+00 5.360057615036596390e-01
6.894275767559431868e-03 6.821776302966040539e-01 1.790091770467094057e-01 2.412382010445895286e+00 5.360058252409725110e-01
6.882193058474962710e-03 6.822013777152721170e-01 1.788786755836433706e-01 2.548097217882937304e+00 5.360057578245185361e-01
6.870458654823594948e-03 6.823552132502195278e-01 1.786191091697313660e-01 2.695210605989200481e+00 5.360058912781490159e-01
6.846144485997107329e-03 6.824344456953238547e-01 1.781012727952002439e-01 3.028256665028903782e+00 5.360057202782247954e-01
6.815970731220756008e-03 6.825457041444883410e-01 1.771859692853241242e-01 3.525849203908839602e+00 5.360052898798312038e-01
6.781380946874186744e-03 6.823948167064153303e-01 1.753196029436606962e-01 4.546663341508581979e+00 5.360042726363617449e-01
4.565644472888836375e-03 6.995039851844746526e-01 1.650859091900657993e-01 2.465872321120935740e-01 5.361407731695071455e-01
4.283610963816394945e-03 7.007967769898487687e-01 1.661741132447790981e-01 2.192028462571279923e-01 5.361475766351604388e-01
4.107068761327982605e-03 7.015355111325920490e-01 1.665584293374663405e-01 2.020399366245590189e-01 5.361513950495455649e-01
3.956457195392851234e-03 7.020753735524750683e-01 1.666801032519774073e-01 1.878407715210592133e-01 5.361544786458217748e-01
3.850961371698095881e-03 7.024006232351177603e-01 1.666896727388403054e-01 1.781474868545892820e-01 5.361564129844569315e-01
3.816449083516628912e-03 7.025056141166959867e-01 1.666712409229284264e-01 1.750915554308521416e-01 5.361570139039558702e-01
3.782115147665029466e-03 7.026069172387574557e-01 1.666432581701818016e-01 1.721219244327358844e-01 5.361575935630482626e-01
3.747912318446598463e-03 7.026870606029390620e-01 1.666167491199695982e-01 1.692469164196871156e-01 5.361581085676886405e-01
3.713949595871910217e-03 7.027768286865679892e-01 1.665727523001312438e-01 1.664676456818730277e-01 5.361586323907793217e-01
3.680186185785747251e-03 7.028644675251752849e-01 1.665187631791548994e-01 1.637774128075688007e-01 5.361591358311338373e-01
3.646669808784878865e-03 7.029225849620241995e-01 1.664714600900109032e-01 1.611629128377674858e-01 5.361595578376908700e-01
3.613494581071149611e-03 7.030139650327827949e-01 1.663921478871316362e-01 1.586160497588791629e-01 5.361600520002848258e-01
3.546906753359663992e-03 7.030645430494264492e-01 1.662808892145219708e-01 1.536884323401893904e-01 5.361607108413202205e-01
3.479286409940655477e-03 7.032230847637015447e-01 1.660557931589857483e-01 1.489459680423257937e-01 5.361616568453988485e-01
3.343433361094315295e-03 7.033304239689787130e-01 1.655991270162332218e-01 1.405154402997035590e-01 5.361629391752500418e-01
3.183921864537133002e-03 7.034563191018798900e-01 1.647795127350981104e-01 1.325881081767872616e-01 5.361640489129950726e-01
2.927377001675282413e-03 7.033196779201449367e-01 1.630941468531394711e-01 1.197013453474864708e-01 5.361650809388885941e-01
6.925922741261503939e-04 7.176811643304289445e-01 1.555126767833791834e-01 -2.394859573414196557e-02 5.362318529078128337e-01
6.282410382718003113e-04 7.183130334437259901e-01 1.559422662224630718e-01 -3.558296909573934602e-02 5.362326686844497425e-01
5.804371790462458736e-04 7.187778357185593547e-01 1.561112085557387896e-01 -4.494140532116226716e-02 5.362333646277603894e-01
5.442787770220622887e-04 7.190593185962534939e-01 1.561556743673421510e-01 -5.122423666101662970e-02 5.362335094818314607e-01
5.335828190552575380e-04 7.191359805623012136e-01 1.561590938232242098e-01 -5.317363619617346965e-02 5.362334762880101025e-01
5.230998721914266805e-04 7.192135549419048646e-01 1.561504725964623086e-01 -5.504048234411290652e-02 5.362334362816661981e-01
5.126900157170028935e-04 7.192788561196040709e-01 1.561378823875462785e-01 -5.683601300534246725e-02 5.362333507687492284e-01
5.025763974541744110e-04 7.193466837916077106e-01 1.561132604488224829e-01 -5.855327616083601250e-02 5.362332611472871990e-01
4.927516384870332493e-04 7.194116878164558138e-01 1.560795376676363533e-01 -6.019767350963993457e-02 5.362331512624046725e-01
4.830682358757650095e-04 7.194546977677713784e-01 1.560480613310717690e-01 -6.178158501473565017e-02 5.362329685933032719e-01
4.736622425992850815e-04 7.195198293894138342e-01 1.559929487682977789e-01 -6.330405071085244695e-02 5.362328442663517603e-01
4.558128229177039700e-04 7.195459401431018032e-01 1.559123970569280260e-01 -6.622359346353291765e-02 5.362322608731844298e-01
4.376231042854802022e-04 7.196492478615539312e-01 1.557428253794447826e-01 -6.894104012675157656e-02 5.362319330995092281e-01
4.007282398915235728e-04 7.196743110445983360e-01 1.553841485934121802e-01 -7.371656995412824431e-02 5.362307054713658649e-01
3.649899374822399749e-04 7.196727968682936627e-01 1.547162688090757687e-01 -7.715266205264270649e-02 5.362287612634829559e-01
-3.565374790266649923e-04 7.322795318503321216e-01 1.465117293639520979e-01 -3.690940468779485562e-01 5.362868398171213302e-01
-3.513203214612261455e-04 7.328561340624714093e-01 1.469930050511525366e-01 -3.732340673634387818e-01 5.362877331377680079e-01
-3.607998302169991242e-04 7.333025786965058357e-01 1.472074696316651721e-01 -3.751144243202510498e-01 5.362882894454482630e-01
-3.566977396716181753e-04 7.335860402920577616e-01 1.472862207065839812e-01 -3.758337620500908360e-01 5.362885526884356713e-01
-3.574234967535543030e-04 7.336472267431718430e-01 1.473116355112945586e-01 -3.757760693290123077e-01 5.362884597531925035e-01
-3.583936937574314758e-04 7.337158097741740548e-01 1.473220147273078262e-01 -3.755958705817019627e-01 5.362883939426208446e-01
-3.591196026272840407e-04 7.337826440206642875e-01 1.473229351960405886e-01 -3.753346374593776735e-01 5.362883133372825517e-01
-3.594378930860700982e-04 7.338439224524020421e-01 1.473169362433978946e-01 -3.749720853970357481e-01 5.362882027183299982e-01
-3.595895864196760046e-04 7.339021247334424070e-01 1.473024728129600225e-01 -3.745161134136914538e-01 5.362880759648467333e-01
-3.597661311486885592e-04 7.339468439479954753e-01 1.472858715334381119e-01 -3.739538242170939997e-01 5.362878933326795661e-01
-3.599351769617708955e-04 7.340013307845796309e-01 1.472533125263569276e-01 -3.732808212717063090e-01 5.362877383026286582e-01
-3.602313872598104558e-04 7.340383482351875433e-01 1.472010563129701466e-01 -3.716604174912239711e-01 5.362871313972680243e-01
-3.610399925274038625e-04 7.341203889966567697e-01 1.470816303185788487e-01 -3.697273547572966779e-01 5.362866887946106109e-01
-3.631491592863962496e-04 7.341375451558860288e-01 1.468103287286845193e-01 -3.650605043373554293e-01 5.362852110059169730e-01
-3.667280489837558837e-04 7.341055503896164458e-01 1.462777817898886501e-01 -3.575607334482930888e-01 5.362830686173907235e-01
-4.464641863373332992e-04 7.470034668073560757e-01 1.379581640639790940e-01 -4.147382429675034454e-01 5.363326335963169988e-01
-4.389671405791437716e-04 7.474135430764451415e-01 1.382298715136691947e-01 -4.091923654417995437e-01 5.363334261129404368e-01
-4.436805416148020603e-04 7.477097375921222255e-01 1.383463006371436210e-01 -4.051311320267569904e-01 5.363336636903597299e-01
-4.451811477409077294e-04 7.477576840070918607e-01 1.383969577424724595e-01 -4.039361868052965265e-01 5.363336581742064180e-01
-4.449233955866334464e-04 7.478203550968111069e-01 1.384292135670111001e-01 -4.028127261672728721e-01 5.363337349212889960e-01
-4.431734556784576885e-04 7.478940460826158931e-01 1.384452865659047405e-01 -4.016539900586793554e-01 5.363338370671365540e-01
-4.417139511734857228e-04 7.479545253490835766e-01 1.384598792061084160e-01 -4.003964557299143356e-01 5.363338349943068684e-01
-4.402249879317088983e-04 7.480125612195432927e-01 1.384665326810849140e-01 -3.989800933213883405e-01 5.363337870062054868e-01
-4.383944073821446105e-04 7.480669260357000194e-01 1.384660790383283047e-01 -3.973955733087471409e-01 5.363336986930622441e-01
-4.367067616666133281e-04 7.481196276219775898e-01 1.384576757599251251e-01 -3.957374414774517124e-01 5.363335859206213030e-01
-4.347851740541038988e-04 7.481889312782752377e-01 1.384348953542332283e-01 -3.921177258506660657e-01 5.363331603592637054e-01
-4.340625521170977876e-04 7.482748685144772205e-01 1.383661903921365732e-01 -3.881963765470145544e-01 5.363327874332602940e-01
-4.316575265331677649e-04 7.483444205589185882e-01 1.381808808372590458e-01 -3.795420949128907040e-01 5.363315084398144750e-01
