1.711417913436889648e+00
1.738702535629272461e+00
1.765986800193786621e+00
1.793271541595458984e+00
1.820555806159973145e+00
1.861482620239257812e+00
1.900995731353759766e+00
1.913320660591125488e+00
1.934035301208496094e+00
1.968568444252014160e+00
2.019352197647094727e+00
2.111456632614135742e+00
2.277272939682006836e+00
2.591514110565185547e+00
3.315490722656250000e+00
1.649629592895507812e+00
1.691814541816711426e+00
1.733998775482177734e+00
1.776183724403381348e+00
1.818368077278137207e+00
1.881645202636718750e+00
1.938856244087219238e+00
1.952694416046142578e+00
1.975869059562683105e+00
2.013689517974853516e+00
2.066565275192260742e+00
2.163111686706542969e+00
2.335830450057983398e+00
2.664584875106811523e+00
3.425247669219970703e+00
1.518914580345153809e+00
1.569557905197143555e+00
1.620200276374816895e+00
1.670843601226806641e+00
1.721485972404479980e+00
1.797450423240661621e+00
1.853033542633056641e+00
1.866961956024169922e+00
1.889827847480773926e+00
1.923852205276489258e+00
1.974702119827270508e+00
2.063976049423217773e+00
2.225062370300292969e+00
2.532296657562255859e+00
3.248423814773559570e+00
1.379530906677246094e+00
1.437524318695068359e+00
1.495516777038574219e+00
1.553510189056396484e+00
1.611502647399902344e+00
1.698492288589477539e+00
1.765519976615905762e+00
1.779381275177001953e+00
1.801706075668334961e+00
1.831801652908325195e+00
1.880577087402343750e+00
1.962525725364685059e+00
2.112012147903442383e+00
2.397730827331542969e+00
3.069118499755859375e+00
1.301130652427673340e+00
1.362330317497253418e+00
1.423528790473937988e+00
1.484728455543518066e+00
1.545926928520202637e+00
1.637725830078125000e+00
1.708131432533264160e+00
1.721238374710083008e+00
1.742237091064453125e+00
1.769861578941345215e+00
1.817622780799865723e+00
1.895906209945678711e+00
2.040449380874633789e+00
2.317158222198486328e+00
2.970391035079956055e+00
1.215198278427124023e+00
1.278916001319885254e+00
1.342632532119750977e+00
1.406350135803222656e+00
1.470066666603088379e+00
1.565642595291137695e+00
1.640609502792358398e+00
1.652654528617858887e+00
1.671889662742614746e+00
1.696863651275634766e+00
1.742929100990295410e+00
1.818052649497985840e+00
1.958628177642822266e+00
2.228391408920288086e+00
2.866695165634155273e+00
1.161493062973022461e+00
1.224552869796752930e+00
1.287611603736877441e+00
1.350671410560607910e+00
1.413730144500732422e+00
1.508319258689880371e+00
1.583503842353820801e+00
1.594774723052978516e+00
1.612874984741210938e+00
1.637166500091552734e+00
1.681705355644226074e+00
1.756020307540893555e+00
1.895454883575439453e+00
2.164016962051391602e+00
2.802212953567504883e+00
1.134151458740234375e+00
1.195934057235717773e+00
1.257715463638305664e+00
1.319498062133789062e+00
1.381279587745666504e+00
1.473952889442443848e+00
1.548765778541564941e+00
1.560016274452209473e+00
1.578238606452941895e+00
1.603793263435363770e+00
1.647932052612304688e+00
1.722991704940795898e+00
1.862851619720458984e+00
2.133486509323120117e+00
2.784024477005004883e+00
1.126748204231262207e+00
1.187222003936767578e+00
1.247694730758666992e+00
1.308168530464172363e+00
1.368641376495361328e+00
1.459351539611816406e+00
1.533246994018554688e+00
1.544500231742858887e+00
1.563128590583801270e+00
1.592149734497070312e+00
1.636484622955322266e+00
1.715322017669677734e+00
1.860765457153320312e+00
2.144251823425292969e+00
2.824311017990112305e+00
1.144688725471496582e+00
1.206285238265991211e+00
1.267880558967590332e+00
1.329477071762084961e+00
1.391072511672973633e+00
1.483466625213623047e+00
1.558986067771911621e+00
1.569815635681152344e+00
1.588175058364868164e+00
1.620188593864440918e+00
1.669587612152099609e+00
1.753473043441772461e+00
1.911101579666137695e+00
2.215923070907592773e+00
2.930548429489135742e+00
1.177440643310546875e+00
1.243652701377868652e+00
1.309863448143005371e+00
1.376075506210327148e+00
1.442286252975463867e+00
1.541603684425354004e+00
1.622984409332275391e+00
1.635095119476318359e+00
1.655397534370422363e+00
1.688969612121582031e+00
1.741256117820739746e+00
1.833523988723754883e+00
2.003016948699951172e+00
2.325436353683471680e+00
3.054957866668701172e+00
1.216055631637573242e+00
1.291348338127136230e+00
1.366639733314514160e+00
1.441932439804077148e+00
1.517223834991455078e+00
1.630162239074707031e+00
1.721703648567199707e+00
1.733330368995666504e+00
1.753359198570251465e+00
1.790486216545104980e+00
1.845813393592834473e+00
1.942698359489440918e+00
2.118719339370727539e+00
2.445235490798950195e+00
3.139973640441894531e+00
1.274072289466857910e+00
1.355207324028015137e+00
1.436340928077697754e+00
1.517475962638854980e+00
1.598609685897827148e+00
1.720311522483825684e+00
1.818058252334594727e+00
1.829216003417968750e+00
1.848299503326416016e+00
1.882880330085754395e+00
1.937378168106079102e+00
2.030888795852661133e+00
2.197273492813110352e+00
2.494507789611816406e+00
3.074805259704589844e+00
1.305564641952514648e+00
1.385118722915649414e+00
1.464671492576599121e+00
1.544225692749023438e+00
1.623778343200683594e+00
1.743108868598937988e+00
1.838016867637634277e+00
1.847316741943359375e+00
1.863359093666076660e+00
1.893392205238342285e+00
1.939946174621582031e+00
2.019870996475219727e+00
2.159802198410034180e+00
2.401422262191772461e+00
2.857705593109130859e+00
1.327629208564758301e+00
1.396971106529235840e+00
1.466311812400817871e+00
1.535653829574584961e+00
1.604994535446166992e+00
1.709006905555725098e+00
1.791524648666381836e+00
1.799069404602050781e+00
1.812156200408935547e+00
1.837339639663696289e+00
1.878976941108703613e+00
1.949868321418762207e+00
2.073529243469238281e+00
2.280642986297607422e+00
