4.564825534820556641e+00
4.374932289123535156e+00
4.185038566589355469e+00
3.995145559310913086e+00
3.805252075195312500e+00
3.520412206649780273e+00
3.123942136764526367e+00
2.680201053619384766e+00
1.988224625587463379e+00
1.275985360145568848e+00
9.655785560607910156e-01
7.740209698677062988e-01
7.060489058494567871e-01
1.091601610183715820e+00
2.053075790405273438e+00
4.699405193328857422e+00
4.487296581268310547e+00
4.275187969207763672e+00
4.063079357147216797e+00
3.850970268249511719e+00
3.532807350158691406e+00
3.114245653152465820e+00
2.678982257843017578e+00
1.998964428901672363e+00
1.288030028343200684e+00
9.595172405242919922e-01
7.563439011573791504e-01
6.679089069366455078e-01
9.265887737274169922e-01
1.907916307449340820e+00
4.649394989013671875e+00
4.430963993072509766e+00
4.212532997131347656e+00
3.994102001190185547e+00
3.775671005249023438e+00
3.448024511337280273e+00
3.017150163650512695e+00
2.589309930801391602e+00
1.920408010482788086e+00
1.217355966567993164e+00
8.951886296272277832e-01
7.044531702995300293e-01
6.249269843101501465e-01
8.148575425148010254e-01
1.574132680892944336e+00
4.572027206420898438e+00
4.349751949310302734e+00
4.127477169036865234e+00
3.905202150344848633e+00
3.682927131652832031e+00
3.349514722824096680e+00
2.920449972152709961e+00
2.499452114105224609e+00
1.840876460075378418e+00
1.145851492881774902e+00
8.308748602867126465e-01
6.530682444572448730e-01
5.835607647895812988e-01
7.146956324577331543e-01
1.254879474639892578e+00
4.521144390106201172e+00
4.296801567077636719e+00
4.072458744049072266e+00
3.848115921020507812e+00
3.623773097991943359e+00
3.287259101867675781e+00
2.856965065002441406e+00
2.438818216323852539e+00
1.784938097000122070e+00
1.096748232841491699e+00
7.868394851684570312e-01
6.173195242881774902e-01
5.559906363487243652e-01
6.828753352165222168e-01
1.109906911849975586e+00
4.451787948608398438e+00
4.225158214569091797e+00
3.998528480529785156e+00
3.771898984909057617e+00
3.545269250869750977e+00
3.205324888229370117e+00
2.775673389434814453e+00
2.361740589141845703e+00
1.714881300926208496e+00
1.037460207939147949e+00
7.335510849952697754e-01
5.733343362808227539e-01
5.216680765151977539e-01
6.475428938865661621e-01
9.970846176147460938e-01
4.367076396942138672e+00
4.139290809631347656e+00
3.911505699157714844e+00
3.683720350265502930e+00
3.455935001373291016e+00
3.114257097244262695e+00
2.686605215072631836e+00
2.278770208358764648e+00
1.642032384872436523e+00
9.798125028610229492e-01
6.821578145027160645e-01
5.295929312705993652e-01
4.863279759883880615e-01
6.147898435592651367e-01
1.005277395248413086e+00
4.281128406524658203e+00
4.053834438323974609e+00
3.826540708541870117e+00
3.599246978759765625e+00
3.371953010559082031e+00
3.031012535095214844e+00
2.607757568359375000e+00
2.206727981567382812e+00
1.581052660942077637e+00
9.337996840476989746e-01
6.433820128440856934e-01
4.966653883457183838e-01
4.575621485710144043e-01
5.791265368461608887e-01
1.031929254531860352e+00
4.164647579193115234e+00
3.940817356109619141e+00
3.716987133026123047e+00
3.493156909942626953e+00
3.269326448440551758e+00
2.933581113815307617e+00
2.519033670425415039e+00
2.128312587738037109e+00
1.518591761589050293e+00
8.870397806167602539e-01
6.072471141815185547e-01
4.679495990276336670e-01
4.308491647243499756e-01
5.265051126480102539e-01
9.840356707572937012e-01
4.027980804443359375e+00
3.810460329055786133e+00
3.592940092086791992e+00
3.375419855117797852e+00
3.157899379730224609e+00
2.831619024276733398e+00
2.429831504821777344e+00
2.051367282867431641e+00
1.460231304168701172e+00
8.440988659858703613e-01
5.780011415481567383e-01
4.474076628684997559e-01
4.121039807796478271e-01
4.677780568599700928e-01
8.313275575637817383e-01
3.902217388153076172e+00
3.691656112670898438e+00
3.481095075607299805e+00
3.270533800125122070e+00
3.059972524642944336e+00
2.744130849838256836e+00
2.355345010757446289e+00
1.988665819168090820e+00
1.415295362472534180e+00
8.131091594696044922e-01
5.603782534599304199e-01
4.381119012832641602e-01
4.056105911731719971e-01
4.311601221561431885e-01
6.653537750244140625e-01
3.776468753814697266e+00
3.573053598403930664e+00
3.369638681411743164e+00
3.166223764419555664e+00
2.962808609008789062e+00
2.657686233520507812e+00
2.282575607299804688e+00
1.929046988487243652e+00
1.375699043273925781e+00
7.907827496528625488e-01
5.526661872863769531e-01
4.393873810768127441e-01
4.120885729789733887e-01
4.212912619113922119e-01
5.262594819068908691e-01
3.659840822219848633e+00
3.463046550750732422e+00
3.266252279281616211e+00
3.069458007812500000e+00
2.872663497924804688e+00
2.577472209930419922e+00
2.215587377548217773e+00
1.875756382942199707e+00
1.343526124954223633e+00
7.788350582122802734e-01
5.557768940925598145e-01
4.529684185981750488e-01
4.348330199718475342e-01
4.411581754684448242e-01
4.655935764312744141e-01
3.546098470687866211e+00
3.355153083801269531e+00
3.164207935333251953e+00
2.973262548446655273e+00
2.782317399978637695e+00
2.495899438858032227e+00
2.146346807479858398e+00
1.820502042770385742e+00
1.310569763183593750e+00
7.729836702346801758e-01
5.676235556602478027e-01
4.783744812011718750e-01
4.732498526573181152e-01
4.920718073844909668e-01
5.016607642173767090e-01
3.397638082504272461e+00
3.212402343750000000e+00
3.027166366577148438e+00
2.841930627822875977e+00
2.656694889068603516e+00
2.378841161727905273e+00
2.041938304901123047e+00
1.731352925300598145e+00
1.247626423835754395e+00
7.564748525619506836e-01
5.815272927284240723e-01
5.122899413108825684e-01
5.260264277458190918e-01
5.650326609611511230e-01
