7.438322544097900391e+00
7.231555938720703125e+00
7.024789333343505859e+00
6.818022727966308594e+00
6.611256122589111328e+00
6.301105976104736328e+00
5.914386749267578125e+00
5.493499755859375000e+00
4.899392127990722656e+00
4.798234462738037109e+00
5.210032463073730469e+00
5.403225898742675781e+00
4.953290939331054688e+00
4.068417549133300781e+00
3.054266691207885742e+00
7.904864311218261719e+00
7.659986019134521484e+00
7.415107727050781250e+00
7.170229434967041016e+00
6.925351142883300781e+00
6.558033943176269531e+00
6.090514659881591797e+00
5.576900959014892578e+00
4.872885704040527344e+00
4.927390098571777344e+00
5.358137130737304688e+00
5.520726680755615234e+00
5.084100723266601562e+00
4.212670326232910156e+00
3.150315999984741211e+00
7.838449478149414062e+00
7.567545890808105469e+00
7.296642303466796875e+00
7.025738716125488281e+00
6.754835128784179688e+00
6.348480224609375000e+00
5.806548595428466797e+00
5.296628475189208984e+00
4.605357170104980469e+00
4.721965312957763672e+00
5.082686424255371094e+00
5.227242469787597656e+00
4.829198360443115234e+00
4.002587795257568359e+00
2.988504409790039062e+00
7.691802501678466797e+00
7.397132396697998047e+00
7.102462291717529297e+00
6.807792186737060547e+00
6.513122081756591797e+00
6.071116924285888672e+00
5.518613338470458984e+00
5.021668910980224609e+00
4.355705738067626953e+00
4.532222270965576172e+00
4.818629741668701172e+00
4.942018985748291016e+00
4.576567649841308594e+00
3.789621591567993164e+00
2.824392557144165039e+00
7.580502510070800781e+00
7.275774955749511719e+00
6.971047401428222656e+00
6.666319847106933594e+00
6.361592292785644531e+00
5.904500961303710938e+00
5.360156536102294922e+00
4.912434577941894531e+00
4.323571205139160156e+00
4.575913429260253906e+00
4.786638736724853516e+00
4.861011981964111328e+00
4.474481105804443359e+00
3.677667617797851562e+00
2.732276201248168945e+00
7.423730850219726562e+00
7.111554622650146484e+00
6.799378395080566406e+00
6.487202644348144531e+00
6.175026416778564453e+00
5.706762313842773438e+00
5.192306518554687500e+00
4.821222782135009766e+00
4.346560478210449219e+00
4.667685508728027344e+00
4.783672332763671875e+00
4.800983905792236328e+00
4.380143642425537109e+00
3.562706232070922852e+00
2.634428262710571289e+00
7.220960617065429688e+00
6.917066097259521484e+00
6.613172054290771484e+00
6.309277534484863281e+00
6.005383491516113281e+00
5.549541950225830078e+00
5.087708473205566406e+00
4.813859462738037109e+00
4.470627784729003906e+00
4.765716075897216797e+00
4.821094512939453125e+00
4.813353061676025391e+00
4.346786022186279297e+00
3.498265266418457031e+00
2.570036888122558594e+00
6.984040260314941406e+00
6.695427894592285156e+00
6.406815528869628906e+00
6.118202686309814453e+00
5.829590320587158203e+00
5.396671295166015625e+00
4.966038703918457031e+00
4.734321594238281250e+00
4.432430267333984375e+00
4.588989257812500000e+00
4.760720729827880859e+00
4.828889369964599609e+00
4.351010799407958984e+00
3.488039493560791016e+00
2.547008275985717773e+00
6.618815898895263672e+00
6.335696220397949219e+00
6.052576541900634766e+00
5.769456863403320312e+00
5.486336708068847656e+00
5.061657428741455078e+00
4.622385501861572266e+00
4.347869396209716797e+00
3.966550827026367188e+00
3.966210365295410156e+00
4.485626697540283203e+00
4.760076999664306641e+00
4.373356342315673828e+00
3.546259880065917969e+00
2.577226638793945312e+00
6.352551460266113281e+00
6.069538593292236328e+00
5.786526203155517578e+00
5.503513336181640625e+00
5.220500946044921875e+00
4.795981884002685547e+00
4.382339477539062500e+00
4.167785644531250000e+00
3.890884637832641602e+00
4.067981243133544922e+00
4.356299400329589844e+00
4.612429141998291016e+00
4.392837047576904297e+00
3.666965961456298828e+00
2.673021554946899414e+00
6.025320053100585938e+00
5.746223926544189453e+00
5.467127799987792969e+00
5.188031673431396484e+00
4.908935070037841797e+00
4.490291118621826172e+00
4.095409393310546875e+00
3.914521217346191406e+00
3.696693181991577148e+00
3.978832721710205078e+00
4.155159950256347656e+00
4.401107788085937500e+00
4.325834274291992188e+00
3.750058412551879883e+00
2.795840024948120117e+00
5.721518516540527344e+00
5.442050457000732422e+00
5.162582397460937500e+00
4.883114337921142578e+00
4.603646278381347656e+00
4.184444427490234375e+00
3.784108638763427734e+00
3.587969779968261719e+00
3.342876195907592773e+00
3.576411724090576172e+00
3.873864412307739258e+00
4.087781429290771484e+00
4.113311767578125000e+00
3.717000484466552734e+00
2.902034282684326172e+00
5.438005447387695312e+00
5.158885002136230469e+00
4.879764556884765625e+00
4.600644111633300781e+00
4.321523666381835938e+00
3.902843236923217773e+00
3.502771139144897461e+00
3.305304288864135742e+00
3.050306081771850586e+00
3.210889577865600586e+00
3.456534624099731445e+00
3.701453685760498047e+00
3.779850244522094727e+00
3.507693767547607422e+00
2.883476972579956055e+00
5.171490192413330078e+00
4.894039154052734375e+00
4.616588115692138672e+00
4.339137077331542969e+00
4.061686038970947266e+00
3.645509719848632812e+00
3.249547958374023438e+00
3.056473493576049805e+00
2.804111957550048828e+00
2.933306455612182617e+00
3.140729904174804688e+00
3.347623586654663086e+00
3.449205398559570312e+00
3.239823341369628906e+00
2.706362724304199219e+00
4.910813808441162109e+00
4.640120506286621094e+00
4.369427680969238281e+00
4.098734378814697266e+00
3.828041315078735352e+00
3.422001838684082031e+00
3.030700922012329102e+00
2.829465389251708984e+00
2.561129808425903320e+00
2.648229360580444336e+00
2.832787990570068359e+00
3.039238452911376953e+00
3.184885740280151367e+00
3.051623821258544922e+00
