5.258381843566894531e+00
5.161550045013427734e+00
5.064718246459960938e+00
4.967886447906494141e+00
4.871054172515869141e+00
4.725806236267089844e+00
4.542451381683349609e+00
4.293272495269775391e+00
3.903849601745605469e+00
3.497943639755249023e+00
3.386829853057861328e+00
3.449836015701293945e+00
3.387198686599731445e+00
3.130286693572998047e+00
2.653375387191772461e+00
5.560684680938720703e+00
5.465082168579101562e+00
5.369479179382324219e+00
5.273876667022705078e+00
5.178273677825927734e+00
5.034869670867919922e+00
4.825914859771728516e+00
4.509183883666992188e+00
4.018330574035644531e+00
3.542528152465820312e+00
3.478044509887695312e+00
3.617372035980224609e+00
3.591739892959594727e+00
3.298469781875610352e+00
2.793778896331787109e+00
5.565327644348144531e+00
5.462749481201171875e+00
5.360171794891357422e+00
5.257593631744384766e+00
5.155015945434570312e+00
5.001149177551269531e+00
4.742573261260986328e+00
4.411350727081298828e+00
3.906344652175903320e+00
3.485016345977783203e+00
3.491716384887695312e+00
3.639015913009643555e+00
3.590101718902587891e+00
3.268426179885864258e+00
2.747502326965332031e+00
5.525007724761962891e+00
5.414225578308105469e+00
5.303443908691406250e+00
5.192661762237548828e+00
5.081879615783691406e+00
4.915706634521484375e+00
4.645299434661865234e+00
4.303546905517578125e+00
3.790775060653686523e+00
3.431795120239257812e+00
3.506567239761352539e+00
3.654850959777832031e+00
3.578804969787597656e+00
3.229660987854003906e+00
2.693644285202026367e+00
5.499395370483398438e+00
5.381159305572509766e+00
5.262923240661621094e+00
5.144687175750732422e+00
5.026451110839843750e+00
4.849097251892089844e+00
4.570473670959472656e+00
4.229549884796142578e+00
3.726707220077514648e+00
3.446094989776611328e+00
3.557100057601928711e+00
3.677608251571655273e+00
3.566417694091796875e+00
3.194083690643310547e+00
2.647529840469360352e+00
5.462313652038574219e+00
5.332655906677246094e+00
5.202998161315917969e+00
5.073340415954589844e+00
4.943682670593261719e+00
4.749196052551269531e+00
4.459722042083740234e+00
4.124510288238525391e+00
3.643375396728515625e+00
3.485062360763549805e+00
3.635495185852050781e+00
3.713079214096069336e+00
3.553325891494750977e+00
3.147783279418945312e+00
2.587104320526123047e+00
5.409098148345947266e+00
5.262110233306884766e+00
5.115122795104980469e+00
4.968135356903076172e+00
4.821147441864013672e+00
4.600666046142578125e+00
4.298944950103759766e+00
3.983186483383178711e+00
3.549784421920776367e+00
3.573967695236206055e+00
3.746656656265258789e+00
3.766298532485961914e+00
3.545901060104370117e+00
3.096118688583374023e+00
2.517786264419555664e+00
5.343445777893066406e+00
5.177260398864746094e+00
5.011075496673583984e+00
4.844890594482421875e+00
4.678705692291259766e+00
4.429428100585937500e+00
4.121758937835693359e+00
3.842247962951660156e+00
3.480856418609619141e+00
3.694730281829833984e+00
3.854202508926391602e+00
3.832156896591186523e+00
3.551660776138305664e+00
3.056509256362915039e+00
2.458549737930297852e+00
5.229224205017089844e+00
5.048045158386230469e+00
4.866866588592529297e+00
4.685687541961669922e+00
4.504508495330810547e+00
4.232740402221679688e+00
3.939197301864624023e+00
3.732049226760864258e+00
3.486254215240478516e+00
3.832185983657836914e+00
3.930087804794311523e+00
3.930343866348266602e+00
3.581280231475830078e+00
3.025980472564697266e+00
2.400713443756103516e+00
5.003398418426513672e+00
4.837264060974121094e+00
4.671129226684570312e+00
4.504994869232177734e+00
4.338860034942626953e+00
4.089658260345458984e+00
3.836586952209472656e+00
3.682648897171020508e+00
3.493216753005981445e+00
3.698965311050415039e+00
3.930721759796142578e+00
4.011783599853515625e+00
3.627274274826049805e+00
3.016177177429199219e+00
2.358373641967773438e+00
4.883299350738525391e+00
4.730488300323486328e+00
4.577676773071289062e+00
4.424865722656250000e+00
4.272054672241210938e+00
4.042837619781494141e+00
3.811591625213623047e+00
3.673413515090942383e+00
3.517948150634765625e+00
3.830317020416259766e+00
4.039628982543945312e+00
4.098285675048828125e+00
3.660698175430297852e+00
3.032159566879272461e+00
2.339826583862304688e+00
4.738825798034667969e+00
4.590587139129638672e+00
4.442348480224609375e+00
4.294109344482421875e+00
4.145870685577392578e+00
3.923512458801269531e+00
3.698810100555419922e+00
3.563876867294311523e+00
3.428676843643188477e+00
3.886413335800170898e+00
4.223001480102539062e+00
4.152809143066406250e+00
3.658594846725463867e+00
3.026455163955688477e+00
2.315843820571899414e+00
4.663612842559814453e+00
4.506997585296630859e+00
4.350382328033447266e+00
4.193767070770263672e+00
4.037151813507080078e+00
3.802228927612304688e+00
3.558847188949584961e+00
3.400477170944213867e+00
3.233475685119628906e+00
3.693514108657836914e+00
4.000083446502685547e+00
4.000247478485107422e+00
3.499292373657226562e+00
2.915779352188110352e+00
2.257596731185913086e+00
4.559819221496582031e+00
4.407562255859375000e+00
4.255305290222167969e+00
4.103048324584960938e+00
3.950790882110595703e+00
3.722405433654785156e+00
3.486054658889770508e+00
3.332143306732177734e+00
3.167365312576293945e+00
3.593157291412353516e+00
3.898389577865600586e+00
3.949855327606201172e+00
3.523765325546264648e+00
2.939754962921142578e+00
2.257696151733398438e+00
4.410163879394531250e+00
4.263243198394775391e+00
4.116322517395019531e+00
3.969401836395263672e+00
3.822481155395507812e+00
3.602100133895874023e+00
3.374611377716064453e+00
3.227735042572021484e+00
3.068709135055541992e+00
3.458681344985961914e+00
3.735841512680053711e+00
3.807456493377685547e+00
3.433637380599975586e+00
2.865077257156372070e+00
