1.340660572052001953e+00
1.374145984649658203e+00
1.407630801200866699e+00
1.441116213798522949e+00
1.474601030349731445e+00
1.524828791618347168e+00
1.557979702949523926e+00
1.583326578140258789e+00
1.625171065330505371e+00
1.688876509666442871e+00
1.769640207290649414e+00
1.872514843940734863e+00
1.998820900917053223e+00
2.116533279418945312e+00
1.886941552162170410e+00
1.137021303176879883e+00
1.174884438514709473e+00
1.212746858596801758e+00
1.250609874725341797e+00
1.288472294807434082e+00
1.345266580581665039e+00
1.384598731994628906e+00
1.412860631942749023e+00
1.459291934967041016e+00
1.528069615364074707e+00
1.611087083816528320e+00
1.710762143135070801e+00
1.827359080314636230e+00
1.960996270179748535e+00
1.726611971855163574e+00
9.662533998489379883e-01
1.005803704261779785e+00
1.045353293418884277e+00
1.084903478622436523e+00
1.124453067779541016e+00
1.183778166770935059e+00
1.225649833679199219e+00
1.251610994338989258e+00
1.293880581855773926e+00
1.353217840194702148e+00
1.417537927627563477e+00
1.485423684120178223e+00
1.548726797103881836e+00
1.629828572273254395e+00
1.423947811126708984e+00
8.045198917388916016e-01
8.454275131225585938e-01
8.863344192504882812e-01
9.272420406341552734e-01
9.681488871574401855e-01
1.029509902000427246e+00
1.085835099220275879e+00
1.109831690788269043e+00
1.148477911949157715e+00
1.199078321456909180e+00
1.245806217193603516e+00
1.283583164215087891e+00
1.295579314231872559e+00
1.319399476051330566e+00
1.135866284370422363e+00
7.755833864212036133e-01
8.205094933509826660e-01
8.654348254203796387e-01
9.103609919548034668e-01
9.552863240242004395e-01
1.022675156593322754e+00
1.084554314613342285e+00
1.110912203788757324e+00
1.153001904487609863e+00
1.205164909362792969e+00
1.249843835830688477e+00
1.280012488365173340e+00
1.270690679550170898e+00
1.225322246551513672e+00
1.006435990333557129e+00
7.607620358467102051e-01
8.105422854423522949e-01
8.603217005729675293e-01
9.101019501686096191e-01
9.598813652992248535e-01
1.034551262855529785e+00
1.106023550033569336e+00
1.135813474655151367e+00
1.183067917823791504e+00
1.239050507545471191e+00
1.284393191337585449e+00
1.309694886207580566e+00
1.280619144439697266e+00
1.170190215110778809e+00
9.008123874664306641e-01
8.022832870483398438e-01
8.565116524696350098e-01
9.107391238212585449e-01
9.649675488471984863e-01
1.019194960594177246e+00
1.100537061691284180e+00
1.179591536521911621e+00
1.213563203811645508e+00
1.267388820648193359e+00
1.330739378929138184e+00
1.383589625358581543e+00
1.413695096969604492e+00
1.377417802810668945e+00
1.233115315437316895e+00
8.881393074989318848e-01
8.741501569747924805e-01
9.322868585586547852e-01
9.904224276542663574e-01
1.048559069633483887e+00
1.106694698333740234e+00
1.193899154663085938e+00
1.278909206390380859e+00
1.317285537719726562e+00
1.378372430801391602e+00
1.452439665794372559e+00
1.513030886650085449e+00
1.546309709548950195e+00
1.503314852714538574e+00
1.323936820030212402e+00
8.791508078575134277e-01
9.809549450874328613e-01
1.043318748474121094e+00
1.105681419372558594e+00
1.168045282363891602e+00
1.230407953262329102e+00
1.323953151702880859e+00
1.414181232452392578e+00
1.455422878265380859e+00
1.520140767097473145e+00
1.590881109237670898e+00
1.638478517532348633e+00
1.650869488716125488e+00
1.576496720314025879e+00
1.344167828559875488e+00
8.113228678703308105e-01
1.101169705390930176e+00
1.162243962287902832e+00
1.223317265510559082e+00
1.284391522407531738e+00
1.345464825630187988e+00
1.437075734138488770e+00
1.518869996070861816e+00
1.546995043754577637e+00
1.590337038040161133e+00
1.631056904792785645e+00
1.647819280624389648e+00
1.621690511703491211e+00
1.499631643295288086e+00
1.211537361145019531e+00
6.863883733749389648e-01
1.186559796333312988e+00
1.233354687690734863e+00
1.280148863792419434e+00
1.326943874359130859e+00
1.373738050460815430e+00
1.443930029869079590e+00
1.500561356544494629e+00
1.509352445602416992e+00
1.522049546241760254e+00
1.526501417160034180e+00
1.509029865264892578e+00
1.443801999092102051e+00
1.282675147056579590e+00
9.742964506149291992e-01
5.616053342819213867e-01
1.335054755210876465e+00
1.336563825607299805e+00
1.338072896003723145e+00
1.339581966400146484e+00
1.341091036796569824e+00
1.343354582786560059e+00
1.338344216346740723e+00
1.324064850807189941e+00
1.301007509231567383e+00
1.269679784774780273e+00
1.222407221794128418e+00
1.131690263748168945e+00
9.640004038810729980e-01
7.197915911674499512e-01
4.737055599689483643e-01
1.253640890121459961e+00
1.222549557685852051e+00
1.191458702087402344e+00
1.160367369651794434e+00
1.129276633262634277e+00
1.082639813423156738e+00
1.031033992767333984e+00
9.940465092658996582e-01
9.382998347282409668e-01
8.945675492286682129e-01
8.437355160713195801e-01
7.694675922393798828e-01
6.620206832885742188e-01
5.380834341049194336e-01
4.510239660739898682e-01
1.263971924781799316e+00
1.228246808052062988e+00
1.192522287368774414e+00
1.156797289848327637e+00
1.121072769165039062e+00
1.067485451698303223e+00
9.946990609169006348e-01
9.140635132789611816e-01
7.925141453742980957e-01
6.989220380783081055e-01
6.331319212913513184e-01
5.764679908752441406e-01
5.324034690856933594e-01
5.081128478050231934e-01
4.996996521949768066e-01
1.711065292358398438e+00
1.660955667495727539e+00
1.610846877098083496e+00
1.560737252235412598e+00
1.510628461837768555e+00
1.435464382171630859e+00
1.331451177597045898e+00
1.213423490524291992e+00
1.033474326133728027e+00
8.787259459495544434e-01
7.813318371772766113e-01
7.131004333496093750e-01
6.653140783309936523e-01
6.306210756301879883e-01
