1.887723684310913086e+00
1.942917108535766602e+00
1.998109579086303711e+00
2.053303003311157227e+00
2.108495473861694336e+00
2.191285133361816406e+00
2.277836322784423828e+00
2.281205177307128906e+00
2.287151575088500977e+00
2.299367189407348633e+00
2.318325042724609375e+00
2.348797559738159180e+00
2.405065298080444336e+00
2.508823156356811523e+00
2.735625743865966797e+00
1.942088127136230469e+00
2.026441097259521484e+00
2.110792636871337891e+00
2.195145606994628906e+00
2.279497146606445312e+00
2.406025648117065430e+00
2.523080587387084961e+00
2.519069194793701172e+00
2.513588905334472656e+00
2.514332294464111328e+00
2.521497726440429688e+00
2.539484977722167969e+00
2.582134723663330078e+00
2.672208309173583984e+00
2.900141954421997070e+00
1.860402226448059082e+00
1.950032711029052734e+00
2.039661645889282227e+00
2.129292011260986328e+00
2.218920946121215820e+00
2.353365898132324219e+00
2.446033000946044922e+00
2.440879344940185547e+00
2.433532476425170898e+00
2.431630849838256836e+00
2.436538457870483398e+00
2.451729059219360352e+00
2.490087270736694336e+00
2.575445890426635742e+00
2.797678947448730469e+00
1.758902549743652344e+00
1.850117206573486328e+00
1.941330313682556152e+00
2.032545089721679688e+00
2.123758077621459961e+00
2.260579347610473633e+00
2.356564521789550781e+00
2.350600957870483398e+00
2.341899156570434570e+00
2.337837457656860352e+00
2.340941905975341797e+00
2.353791236877441406e+00
2.388419151306152344e+00
2.469546318054199219e+00
2.685974359512329102e+00
1.688479661941528320e+00
1.779622316360473633e+00
1.870763301849365234e+00
1.961905956268310547e+00
2.053047180175781250e+00
2.189760208129882812e+00
2.285475015640258789e+00
2.279036045074462891e+00
2.269506692886352539e+00
2.263869047164916992e+00
2.265281200408935547e+00
2.275848627090454102e+00
2.307730913162231445e+00
2.385149955749511719e+00
2.597352027893066406e+00
1.601418614387512207e+00
1.691758990287780762e+00
1.782097816467285156e+00
1.872438311576843262e+00
1.962777137756347656e+00
2.098286867141723633e+00
2.194657802581787109e+00
2.187706232070922852e+00
2.177291154861450195e+00
2.170015335083007812e+00
2.169642448425292969e+00
2.177706480026245117e+00
2.206155538558959961e+00
2.278484821319580078e+00
2.482095003128051758e+00
1.517080783843994141e+00
1.604780197143554688e+00
1.692478060722351074e+00
1.780177474021911621e+00
1.867875456809997559e+00
1.999423742294311523e+00
2.093456983566284180e+00
2.086163282394409180e+00
2.075147628784179688e+00
2.066692829132080078e+00
2.065003395080566406e+00
2.071119546890258789e+00
2.096400976181030273e+00
2.163510322570800781e+00
2.354314804077148438e+00
1.445814728736877441e+00
1.529886603355407715e+00
1.613957166671752930e+00
1.698029160499572754e+00
1.782099604606628418e+00
1.908206820487976074e+00
1.999137043952941895e+00
1.991769909858703613e+00
1.980576872825622559e+00
1.971410155296325684e+00
1.968664526939392090e+00
1.973376870155334473e+00
1.996489167213439941e+00
2.060059785842895508e+00
2.242963314056396484e+00
1.366085052490234375e+00
1.444901347160339355e+00
1.523716211318969727e+00
1.602532505989074707e+00
1.681347370147705078e+00
1.799571156501770020e+00
1.885165572166442871e+00
1.877949833869934082e+00
1.866891264915466309e+00
1.857019066810607910e+00
1.852924108505249023e+00
1.855878353118896484e+00
1.876555562019348145e+00
1.936634182929992676e+00
2.114498138427734375e+00
1.282774686813354492e+00
1.354958295822143555e+00
1.427140712738037109e+00
1.499324321746826172e+00
1.571506619453430176e+00
1.679781556129455566e+00
1.758501291275024414e+00
1.751518726348876953e+00
1.740744590759277344e+00
1.730507373809814453e+00
1.725478410720825195e+00
1.727014541625976562e+00
1.745548367500305176e+00
1.804187655448913574e+00
1.981430768966674805e+00
1.208589792251586914e+00
1.274254679679870605e+00
1.339918494224548340e+00
1.405583381652832031e+00
1.471247076988220215e+00
1.569743871688842773e+00
1.641562223434448242e+00
1.634991526603698730e+00
1.624815106391906738e+00
1.614829421043395996e+00
1.609584569931030273e+00
1.610737562179565430e+00
1.629162788391113281e+00
1.688936233520507812e+00
1.871287226676940918e+00
1.140353679656982422e+00
1.198782801628112793e+00
1.257210850715637207e+00
1.315639853477478027e+00
1.374067902565002441e+00
1.461711049079895020e+00
1.525840759277343750e+00
1.519968509674072266e+00
1.510870695114135742e+00
1.501919627189636230e+00
1.497339010238647461e+00
1.499282956123352051e+00
1.519482851028442383e+00
1.582736730575561523e+00
1.773590803146362305e+00
1.084674477577209473e+00
1.135760903358459473e+00
1.186846494674682617e+00
1.237932920455932617e+00
1.289018392562866211e+00
1.365647554397583008e+00
1.421987533569335938e+00
1.417085051536560059e+00
1.409512996673583984e+00
1.402267813682556152e+00
1.399063706398010254e+00
1.402765035629272461e+00
1.425426363945007324e+00
1.492136836051940918e+00
1.688820838928222656e+00
1.043110013008117676e+00
1.087488532066345215e+00
1.131866335868835449e+00
1.176244854927062988e+00
1.220622539520263672e+00
1.287189960479736328e+00
1.336336493492126465e+00
1.332379937171936035e+00
1.326296567916870117e+00
1.320730090141296387e+00
1.319143176078796387e+00
1.324622631072998047e+00
1.348853588104248047e+00
1.416332960128784180e+00
1.610977292060852051e+00
1.006113529205322266e+00
1.043706178665161133e+00
1.081298232078552246e+00
1.118891000747680664e+00
1.156482934951782227e+00
1.212871670722961426e+00
1.254699707031250000e+00
1.251767158508300781e+00
1.247299909591674805e+00
1.243577122688293457e+00
1.243461012840270996e+00
1.250201582908630371e+00
1.274663686752319336e+00
1.339702248573303223e+00
