9.999671578407287598e-01
1.005247592926025391e+00
1.010527968406677246e+00
1.015808463096618652e+00
1.021088838577270508e+00
1.029009461402893066e+00
9.974304437637329102e-01
9.886301755905151367e-01
9.819119572639465332e-01
1.028604984283447266e+00
1.018891572952270508e+00
9.908270239830017090e-01
1.019494175910949707e+00
1.149478554725646973e+00
1.403024196624755859e+00
7.020696401596069336e-01
6.939855217933654785e-01
6.859015822410583496e-01
6.778174638748168945e-01
6.697335243225097656e-01
6.576074361801147461e-01
6.097730398178100586e-01
5.986925959587097168e-01
5.897052884101867676e-01
6.438469290733337402e-01
6.306794881820678711e-01
5.934206843376159668e-01
6.109167933464050293e-01
7.110087275505065918e-01
9.705190658569335938e-01
5.336681008338928223e-01
5.252324342727661133e-01
5.167969465255737305e-01
5.083612799644470215e-01
4.999258220195770264e-01
4.872724115848541260e-01
4.597211480140686035e-01
4.454330503940582275e-01
4.287894964218139648e-01
4.546624124050140381e-01
4.387347102165222168e-01
4.062491655349731445e-01
4.166684746742248535e-01
5.028810501098632812e-01
7.409094572067260742e-01
3.882348537445068359e-01
3.814046680927276611e-01
3.745746016502380371e-01
3.677444159984588623e-01
3.609143495559692383e-01
3.506691455841064453e-01
3.328862786293029785e-01
3.156879544258117676e-01
2.918404042720794678e-01
2.898240983486175537e-01
2.713663876056671143e-01
2.440935373306274414e-01
2.488735020160675049e-01
3.240297734737396240e-01
5.386004447937011719e-01
3.489633202552795410e-01
3.428093492984771729e-01
3.366554677486419678e-01
3.305014967918395996e-01
3.243476152420043945e-01
3.151167035102844238e-01
2.979675233364105225e-01
2.804112136363983154e-01
2.546167671680450439e-01
2.399198710918426514e-01
2.204192280769348145e-01
1.968216150999069214e-01
2.053272724151611328e-01
2.850612699985504150e-01
4.708527624607086182e-01
3.176880776882171631e-01
3.122294843196868896e-01
3.067709803581237793e-01
3.013123869895935059e-01
2.958539128303527832e-01
2.876660525798797607e-01
2.746718525886535645e-01
2.573692798614501953e-01
2.305980175733566284e-01
2.042260318994522095e-01
1.823437958955764771e-01
1.631250977516174316e-01
1.770245134830474854e-01
2.612647414207458496e-01
4.025493562221527100e-01
3.293310105800628662e-01
3.237904608249664307e-01
3.182500004768371582e-01
3.127094507217407227e-01
3.071689903736114502e-01
2.988581955432891846e-01
2.864927649497985840e-01
2.696645259857177734e-01
2.432468980550765991e-01
2.141140401363372803e-01
1.903066337108612061e-01
1.752355843782424927e-01
1.961480677127838135e-01
2.803284823894500732e-01
3.606060743331909180e-01
3.574991822242736816e-01
3.508310019969940186e-01
3.441629707813262939e-01
3.374948203563690186e-01
3.308267593383789062e-01
3.208245933055877686e-01
3.069034516811370850e-01
2.897353768348693848e-01
2.631444633007049561e-01
2.366611510515213013e-01
2.152322828769683838e-01
2.048380076885223389e-01
2.312288880348205566e-01
3.067152798175811768e-01
3.327676951885223389e-01
4.024491906166076660e-01
3.932444453239440918e-01
3.840398788452148438e-01
3.748351335525512695e-01
3.656305372714996338e-01
3.518235087394714355e-01
3.344891965389251709e-01
3.162107765674591064e-01
2.886039912700653076e-01
2.669061720371246338e-01
2.527829408645629883e-01
2.505929768085479736e-01
2.781886756420135498e-01
3.296242356300354004e-01
3.063120245933532715e-01
4.756660461425781250e-01
4.622604548931121826e-01
4.488551020622253418e-01
4.354495406150817871e-01
4.220441877841949463e-01
4.019359350204467773e-01
3.788859844207763672e-01
3.580687046051025391e-01
3.277037441730499268e-01
3.127891719341278076e-01
3.061545789241790771e-01
3.083124160766601562e-01
3.255699574947357178e-01
3.397951126098632812e-01
2.875266969203948975e-01
5.854974985122680664e-01
5.673630833625793457e-01
5.492290258407592773e-01
5.310946106910705566e-01
5.129605531692504883e-01
4.857591092586517334e-01
4.552719295024871826e-01
4.291653931140899658e-01
3.913662135601043701e-01
3.751091361045837402e-01
3.663511276245117188e-01
3.613059818744659424e-01
3.580747842788696289e-01
3.389645516872406006e-01
2.834531366825103760e-01
7.605977654457092285e-01
7.354459166526794434e-01
7.102944850921630859e-01
6.851426362991333008e-01
6.599912047386169434e-01
6.222636699676513672e-01
5.786737799644470215e-01
5.399440526962280273e-01
4.833053946495056152e-01
4.540420174598693848e-01
4.342295825481414795e-01
4.121417105197906494e-01
3.846962451934814453e-01
3.444922566413879395e-01
2.981967926025390625e-01
1.028734564781188965e+00
9.930704832077026367e-01
9.574070572853088379e-01
9.217429757118225098e-01
8.860795497894287109e-01
8.325837254524230957e-01
7.675367593765258789e-01
7.052272558212280273e-01
6.132068037986755371e-01
5.581085085868835449e-01
5.208203196525573730e-01
4.788509011268615723e-01
4.318009018898010254e-01
3.822163641452789307e-01
3.423669636249542236e-01
1.431047797203063965e+00
1.381982564926147461e+00
1.332918286323547363e+00
1.283853173255920410e+00
1.234788894653320312e+00
1.161191582679748535e+00
1.066804170608520508e+00
9.694005250930786133e-01
8.237028121948242188e-01
7.211092114448547363e-01
6.555067896842956543e-01
5.936130285263061523e-01
5.301443934440612793e-01
4.700096547603607178e-01
4.191016256809234619e-01
2.042403697967529297e+00
1.977129101753234863e+00
1.911855459213256836e+00
1.846580743789672852e+00
1.781307101249694824e+00
1.683395624160766602e+00
1.549563527107238770e+00
1.400054693222045898e+00
1.173601031303405762e+00
9.907134175300598145e-01
8.735444545745849609e-01
7.811554670333862305e-01
6.909156441688537598e-01
6.078330874443054199e-01
