1.685345888137817383e+00
1.726470232009887695e+00
1.767593860626220703e+00
1.808718323707580566e+00
1.849841952323913574e+00
1.911528110504150391e+00
1.972203135490417480e+00
1.979200124740600586e+00
1.991081237792968750e+00
2.011796951293945312e+00
2.041326761245727539e+00
2.092343568801879883e+00
2.185573816299438477e+00
2.367509126663208008e+00
2.804342985153198242e+00
1.677528142929077148e+00
1.738084435462951660e+00
1.798639774322509766e+00
1.859196066856384277e+00
1.919751286506652832e+00
2.010585308074951172e+00
2.093389749526977539e+00
2.099976301193237305e+00
2.111227512359619141e+00
2.131483793258666992e+00
2.163204669952392578e+00
2.219123601913452148e+00
2.322410345077514648e+00
2.517507553100585938e+00
2.938582658767700195e+00
1.614813685417175293e+00
1.680873274803161621e+00
1.746931672096252441e+00
1.812991261482238770e+00
1.879049658775329590e+00
1.978138446807861328e+00
2.051984548568725586e+00
2.057895898818969727e+00
2.068082809448242188e+00
2.087132453918457031e+00
2.117854833602905273e+00
2.172626495361328125e+00
2.274925708770751953e+00
2.469936847686767578e+00
2.893985748291015625e+00
1.544460654258728027e+00
1.613826990127563477e+00
1.683192133903503418e+00
1.752558588981628418e+00
1.821923732757568359e+00
1.925972700119018555e+00
2.004128456115722656e+00
2.009378910064697266e+00
2.018521547317504883e+00
2.036364793777465820e+00
2.065978527069091797e+00
2.119369983673095703e+00
2.220204114913940430e+00
2.414467573165893555e+00
2.842086553573608398e+00
1.498414158821105957e+00
1.568722486495971680e+00
1.639029622077941895e+00
1.709337949752807617e+00
1.779645085334777832e+00
1.885106921195983887e+00
1.964159369468688965e+00
1.968946933746337891e+00
1.977346777915954590e+00
1.994241952896118164e+00
2.023026943206787109e+00
2.075384140014648438e+00
2.174993515014648438e+00
2.368133783340454102e+00
2.797311067581176758e+00
1.441489219665527344e+00
1.512369871139526367e+00
1.583249330520629883e+00
1.654129981994628906e+00
1.725009322166442871e+00
1.831329703330993652e+00
1.911642313003540039e+00
1.915847182273864746e+00
1.923321247100830078e+00
1.939104318618774414e+00
1.966865062713623047e+00
2.017984390258789062e+00
2.116108417510986328e+00
2.307741165161132812e+00
2.738511800765991211e+00
1.386771321296691895e+00
1.456696629524230957e+00
1.526620626449584961e+00
1.596545815467834473e+00
1.666469812393188477e+00
1.771357059478759766e+00
1.850806117057800293e+00
1.854393005371093750e+00
1.860895514488220215e+00
1.875591039657592773e+00
1.902320146560668945e+00
1.952223539352416992e+00
2.048861742019653320e+00
2.238670110702514648e+00
2.671112298965454102e+00
1.342067003250122070e+00
1.410327672958374023e+00
1.478587150573730469e+00
1.546847939491271973e+00
1.615107417106628418e+00
1.717497825622558594e+00
1.795612692832946777e+00
1.798737287521362305e+00
1.804509639739990234e+00
1.818364977836608887e+00
1.844369053840637207e+00
1.893499493598937988e+00
1.989345431327819824e+00
2.178372621536254883e+00
2.614386320114135742e+00
1.294707775115966797e+00
1.360671877861022949e+00
1.426634788513183594e+00
1.492598772048950195e+00
1.558561682701110840e+00
1.657507181167602539e+00
1.733268380165100098e+00
1.736006140708923340e+00
1.741173148155212402e+00
1.754378318786621094e+00
1.779916524887084961e+00
1.828797817230224609e+00
1.924932479858398438e+00
2.115554094314575195e+00
2.561160564422607422e+00
1.253669500350952148e+00
1.316791772842407227e+00
1.379912853240966797e+00
1.443035006523132324e+00
1.506156206130981445e+00
1.600838899612426758e+00
1.673731327056884766e+00
1.676256775856018066e+00
1.681090474128723145e+00
1.693940281867980957e+00
1.719440698623657227e+00
1.768851399421691895e+00
1.866956233978271484e+00
2.062861442565917969e+00
2.525928974151611328e+00
1.229810476303100586e+00
1.290125250816345215e+00
1.350438952445983887e+00
1.410753726959228516e+00
1.471067547798156738e+00
1.561539173126220703e+00
1.631421446800231934e+00
1.633859634399414062e+00
1.638564348220825195e+00
1.651346206665039062e+00
1.677042126655578613e+00
1.727316737174987793e+00
1.828081130981445312e+00
2.031028985977172852e+00
2.515941381454467773e+00
1.215570688247680664e+00
1.272876143455505371e+00
1.330180764198303223e+00
1.387486338615417480e+00
1.444790840148925781e+00
1.530748724937438965e+00
1.597251296043395996e+00
1.599569916725158691e+00
1.604076385498046875e+00
1.616556525230407715e+00
1.642021059989929199e+00
1.692237973213195801e+00
1.793793082237243652e+00
1.999979376792907715e+00
2.496711730957031250e+00
1.202692270278930664e+00
1.256949901580810547e+00
1.311206459999084473e+00
1.365464091300964355e+00
1.419720649719238281e+00
1.501106500625610352e+00
1.564154744148254395e+00
1.566437959671020508e+00
1.570861935615539551e+00
1.583026289939880371e+00
1.607938528060913086e+00
1.656995892524719238e+00
1.756034731864929199e+00
1.955809116363525391e+00
2.428048610687255859e+00
1.190724968910217285e+00
1.242093443870544434e+00
1.293461084365844727e+00
1.344829440116882324e+00
1.396197080612182617e+00
1.473249316215515137e+00
1.533285021781921387e+00
1.536262273788452148e+00
1.541797280311584473e+00
1.555373549461364746e+00
1.581879973411560059e+00
1.633219361305236816e+00
1.736046433448791504e+00
1.943469762802124023e+00
2.435357809066772461e+00
1.165119171142578125e+00
1.212735891342163086e+00
1.260351777076721191e+00
1.307968378067016602e+00
1.355584263801574707e+00
1.427008867263793945e+00
1.483115315437316895e+00
1.487066626548767090e+00
1.494123220443725586e+00
1.509313225746154785e+00
1.537077903747558594e+00
1.589359760284423828e+00
1.692123532295227051e+00
1.897340893745422363e+00
