1.218172430992126465e+00
1.235099911689758301e+00
1.245568633079528809e+00
1.252943873405456543e+00
1.257475137710571289e+00
1.260167837142944336e+00
1.262381315231323242e+00
1.263872504234313965e+00
1.264863371849060059e+00
1.265850782394409180e+00
1.266837239265441895e+00
1.267821550369262695e+00
1.269295334815979004e+00
1.271455764770507812e+00
1.274033188819885254e+00
1.278261065483093262e+00
1.284588456153869629e+00
1.292736291885375977e+00
1.304902553558349609e+00
1.277901291847229004e+00
1.295468568801879883e+00
1.306352853775024414e+00
1.314031958580017090e+00
1.318750023841857910e+00
1.321552991867065430e+00
1.323859810829162598e+00
1.325415611267089844e+00
1.326449990272521973e+00
1.327481389045715332e+00
1.328512191772460938e+00
1.329541563987731934e+00
1.331083178520202637e+00
1.333343505859375000e+00
1.336042404174804688e+00
1.340475797653198242e+00
1.347117900848388672e+00
1.355688691139221191e+00
1.368507623672485352e+00
1.337628960609436035e+00
1.355836153030395508e+00
1.367136001586914062e+00
1.375118970870971680e+00
1.380023956298828125e+00
1.382937192916870117e+00
1.385337352752685547e+00
1.386957764625549316e+00
1.388035535812377930e+00
1.389110922813415527e+00
1.390186071395874023e+00
1.391260504722595215e+00
1.392870068550109863e+00
1.395230174064636230e+00
1.398050546646118164e+00
1.402689456939697266e+00
1.409646272659301758e+00
1.418639898300170898e+00
1.432111620903015137e+00
1.397357821464538574e+00
1.416204810142517090e+00
1.427920103073120117e+00
1.436207056045532227e+00
1.441298961639404297e+00
1.444322347640991211e+00
1.446815848350524902e+00
1.448500871658325195e+00
1.449622035026550293e+00
1.450741648674011230e+00
1.451861143112182617e+00
1.452980518341064453e+00
1.454657912254333496e+00
1.457117915153503418e+00
1.460059762001037598e+00
1.464904308319091797e+00
1.472175717353820801e+00
1.481592297554016113e+00
1.495716691017150879e+00
1.457085490226745605e+00
1.476572394371032715e+00
1.488703250885009766e+00
1.497294068336486816e+00
1.502572774887084961e+00
1.505706548690795898e+00
1.508293390274047852e+00
1.510043025016784668e+00
1.511207580566406250e+00
1.512371182441711426e+00
1.513535022735595703e+00
1.514699459075927734e+00
1.516444802284240723e+00
1.519004464149475098e+00
1.522067904472351074e+00
1.527117967605590820e+00
1.534704089164733887e+00
1.544543504714965820e+00
1.559320688247680664e+00
1.546678185462951660e+00
1.567124843597412109e+00
1.579878926277160645e+00
1.588925600051879883e+00
1.594484806060791016e+00
1.597783803939819336e+00
1.600510597229003906e+00
1.602357149124145508e+00
1.604816675186157227e+00
1.607278943061828613e+00
1.609126091003417969e+00
1.611835479736328125e+00
1.615081310272216797e+00
1.620439529418945312e+00
1.628497719764709473e+00
1.638971447944641113e+00
1.654727697372436523e+00
1.617802500724792480e+00
1.639031171798706055e+00
1.652291178703308105e+00
1.661707043647766113e+00
1.667492151260375977e+00
1.670923471450805664e+00
1.673763275146484375e+00
1.675687789916992188e+00
1.678252577781677246e+00
1.680822849273681641e+00
1.682752251625061035e+00
1.685582518577575684e+00
1.688975691795349121e+00
1.694581151008605957e+00
1.703019022941589355e+00
1.713995575904846191e+00
1.730534791946411133e+00
1.624334096908569336e+00
1.645682930946350098e+00
1.659016013145446777e+00
1.668483257293701172e+00
1.674297332763671875e+00
1.677743434906005859e+00
1.680597782135009766e+00
1.682531952857971191e+00
1.685109257698059082e+00
1.687693357467651367e+00
1.689633607864379883e+00
1.692479848861694336e+00
1.695892930030822754e+00
1.701527118682861328e+00
1.710011601448059082e+00
1.721032738685607910e+00
1.737657427787780762e+00
1.635621786117553711e+00
1.657171607017517090e+00
1.670627474784851074e+00
1.680181741714477539e+00
1.686046957969665527e+00
1.689520835876464844e+00
1.692400813102722168e+00
1.694351434707641602e+00
1.696949362754821777e+00
1.699554443359375000e+00
1.701511144638061523e+00
1.704382658004760742e+00
1.707831263542175293e+00
1.713518261909484863e+00
1.722086548805236816e+00
1.733185172080993652e+00
1.749959111213684082e+00
1.657032489776611328e+00
1.678911089897155762e+00
1.692572832107543945e+00
1.702276110649108887e+00
1.708244323730468750e+00
1.711786031723022461e+00
1.714717030525207520e+00
1.716698050498962402e+00
1.719328284263610840e+00
1.721953630447387695e+00
1.723922967910766602e+00
1.726826190948486328e+00
1.730349659919738770e+00
1.736161351203918457e+00
1.744909167289733887e+00
1.756160378456115723e+00
1.773230433464050293e+00
1.714513182640075684e+00
1.728482246398925781e+00
1.738410353660583496e+00
1.744517326354980469e+00
1.748142480850219727e+00
1.751144409179687500e+00
1.753174424171447754e+00
1.755868077278137207e+00
1.758550047874450684e+00
1.760558843612670898e+00
1.763525962829589844e+00
1.767144799232482910e+00
1.773136496543884277e+00
1.782150387763977051e+00
1.793707251548767090e+00
1.773389220237731934e+00
1.787840485572814941e+00
1.798129439353942871e+00
1.804467678070068359e+00
1.808233618736267090e+00
1.811353683471679688e+00
1.813463568687438965e+00
1.816264986991882324e+00
1.819055914878845215e+00
1.821144223213195801e+00
1.824217319488525391e+00
1.827952861785888672e+00
1.834236264228820801e+00
1.843743085861206055e+00
1.855844020843505859e+00
1.887602925300598145e+00
1.898498535156250000e+00
1.905230402946472168e+00
1.909239053726196289e+00
1.912564992904663086e+00
1.914815783500671387e+00
1.917805910110473633e+00
1.920786499977111816e+00
1.923015356063842773e+00
1.926284909248352051e+00
1.930217385292053223e+00
1.936918973922729492e+00
1.947384715080261230e+00
