4.017392158508300781e+00
4.099951267242431641e+00
4.152027130126953125e+00
4.189292907714843750e+00
4.212301731109619141e+00
4.225998401641845703e+00
4.237361907958984375e+00
4.245063304901123047e+00
4.250190258026123047e+00
4.255304813385009766e+00
4.260415077209472656e+00
4.265515327453613281e+00
4.273152351379394531e+00
4.284351825714111328e+00
4.297739505767822266e+00
4.319913387298583984e+00
4.355142593383789062e+00
4.403192996978759766e+00
4.476091861724853516e+00
3.792851448059082031e+00
3.870358943939208984e+00
3.919306516647338867e+00
3.954365015029907227e+00
3.976017713546752930e+00
3.988909721374511719e+00
3.999607801437377930e+00
4.006859779357910156e+00
4.011687755584716797e+00
4.016504764556884766e+00
4.021318435668945312e+00
4.026123046875000000e+00
4.033318519592285156e+00
4.043873310089111328e+00
4.056495189666748047e+00
4.077409267425537109e+00
4.110647201538085938e+00
4.156023025512695312e+00
4.224963665008544922e+00
3.568310737609863281e+00
3.640766382217407227e+00
3.686586141586303711e+00
3.719437122344970703e+00
3.739733695983886719e+00
3.751821279525756836e+00
3.761853933334350586e+00
3.768655776977539062e+00
3.773184776306152344e+00
3.777704715728759766e+00
3.782221555709838867e+00
3.786731004714965820e+00
3.793485164642333984e+00
3.803395271301269531e+00
3.815250873565673828e+00
3.834905147552490234e+00
3.866152048110961914e+00
3.908853292465209961e+00
3.973835468292236328e+00
3.343770027160644531e+00
3.411174058914184570e+00
3.453865766525268555e+00
3.484508991241455078e+00
3.503449916839599609e+00
3.514732599258422852e+00
3.524099826812744141e+00
3.530452013015747070e+00
3.534682035446166992e+00
3.538904666900634766e+00
3.543124675750732422e+00
3.547338724136352539e+00
3.553651571273803711e+00
3.562917232513427734e+00
3.574006557464599609e+00
3.592401027679443359e+00
3.621656656265258789e+00
3.661683559417724609e+00
3.722707271575927734e+00
3.119229316711425781e+00
3.181581497192382812e+00
3.221145391464233398e+00
3.249580860137939453e+00
3.267165899276733398e+00
3.277644157409667969e+00
3.286345720291137695e+00
3.292248249053955078e+00
3.296179294586181641e+00
3.300104618072509766e+00
3.304027795791625977e+00
3.307946443557739258e+00
3.313817977905273438e+00
3.322438955307006836e+00
3.332762002944946289e+00
3.349896669387817383e+00
3.377161264419555664e+00
3.414513826370239258e+00
3.471578836441040039e+00
2.782418251037597656e+00
2.837192773818969727e+00
2.872064828872680664e+00
2.897188901901245117e+00
2.912739992141723633e+00
2.922011375427246094e+00
2.929714679718017578e+00
2.934942722320556641e+00
2.941904544830322266e+00
2.948858022689819336e+00
2.954067945480346680e+00
2.961721658706665039e+00
2.970895528793334961e+00
2.986140489578247070e+00
3.010418176651000977e+00
3.043759107589721680e+00
3.094886541366577148e+00
2.451193332672119141e+00
2.498614788055419922e+00
2.529034852981567383e+00
2.551056623458862305e+00
2.564723968505859375e+00
2.572885990142822266e+00
2.579674959182739258e+00
2.584286689758300781e+00
2.590432643890380859e+00
2.596577882766723633e+00
2.601186752319335938e+00
2.607964754104614258e+00
2.616102933883666992e+00
2.629650592803955078e+00
2.651221036911010742e+00
2.680922746658325195e+00
2.726694822311401367e+00
2.267034769058227539e+00
2.310559749603271484e+00
2.338819742202758789e+00
2.359416246414184570e+00
2.372262716293334961e+00
2.379958629608154297e+00
2.386370658874511719e+00
2.390731096267700195e+00
2.396547794342041016e+00
2.402370214462280273e+00
2.406742095947265625e+00
2.413179397583007812e+00
2.420924663543701172e+00
2.433842658996582031e+00
2.454354524612426758e+00
2.482627868652343750e+00
2.526362895965576172e+00
2.015267133712768555e+00
2.053561210632324219e+00
2.079011201858520508e+00
2.097792863845825195e+00
2.109616041183471680e+00
2.116739988327026367e+00
2.122694015502929688e+00
2.126750946044921875e+00
2.132171869277954102e+00
2.137609720230102539e+00
2.141700744628906250e+00
2.147737264633178711e+00
2.155025482177734375e+00
2.167215585708618164e+00
2.186495065689086914e+00
2.213122844696044922e+00
2.254554271697998047e+00
2.039514780044555664e+00
2.079084873199462891e+00
2.106046438217163086e+00
2.126173019409179688e+00
2.138965845108032227e+00
2.146723031997680664e+00
2.153224706649780273e+00
2.157665252685546875e+00
2.163609504699707031e+00
2.169584274291992188e+00
2.174087047576904297e+00
2.180741071701049805e+00
2.188783884048461914e+00
2.202229499816894531e+00
2.223548412322998047e+00
2.253094434738159180e+00
2.299069404602050781e+00
2.218777656555175781e+00
2.246711730957031250e+00
2.267642736434936523e+00
2.280987739562988281e+00
2.289091110229492188e+00
2.295888662338256836e+00
2.300535440444946289e+00
2.306760549545288086e+00
2.313024520874023438e+00
2.317749977111816406e+00
2.324739217758178711e+00
2.333189487457275391e+00
2.347330331802368164e+00
2.369997262954711914e+00
2.401594161987304688e+00
2.405718088150024414e+00
2.433162450790405273e+00
2.453894376754760742e+00
2.467166423797607422e+00
2.475244998931884766e+00
2.482033252716064453e+00
2.486679792404174805e+00
2.492910861968994141e+00
2.499183893203735352e+00
2.503915071487426758e+00
2.510904550552368164e+00
2.519334554672241211e+00
2.533443927764892578e+00
2.556257247924804688e+00
2.588389158248901367e+00
2.609397411346435547e+00
2.628987073898315430e+00
2.641532421112060547e+00
2.649170160293579102e+00
2.655590057373046875e+00
2.659984588623046875e+00
2.665878295898437500e+00
2.671813488006591797e+00
2.676291227340698242e+00
2.682910203933715820e+00
2.690909147262573242e+00
2.704374551773071289e+00
2.726216554641723633e+00
