2.074620485305786133e+00
2.206845760345458984e+00
2.279751777648925781e+00
2.325648069381713867e+00
2.350832462310791016e+00
2.364554405212402344e+00
2.375145435333251953e+00
2.381941318511962891e+00
2.386339902877807617e+00
2.390463829040527344e+00
2.394495248794555664e+00
2.398304700851440430e+00
2.403724431991577148e+00
2.411151409149169922e+00
2.419193983078002930e+00
2.430327653884887695e+00
2.441728591918945312e+00
2.443734169006347656e+00
2.417846679687500000e+00
2.014117002487182617e+00
2.142629146575927734e+00
2.213488817214965820e+00
2.258102178573608398e+00
2.282581329345703125e+00
2.295917749404907227e+00
2.306210756301879883e+00
2.312815189361572266e+00
2.317089796066284180e+00
2.321097373962402344e+00
2.325015068054199219e+00
2.328717708587646484e+00
2.333986043930053711e+00
2.341207265853881836e+00
2.349028825759887695e+00
2.359836339950561523e+00
2.370943546295166016e+00
2.372957229614257812e+00
2.347818374633789062e+00
1.953614711761474609e+00
2.078413724899291992e+00
2.147226810455322266e+00
2.190557479858398438e+00
2.214331150054931641e+00
2.227282524108886719e+00
2.237277269363403320e+00
2.243690252304077148e+00
2.247840881347656250e+00
2.251732110977172852e+00
2.255536317825317383e+00
2.259131908416748047e+00
2.264249086380004883e+00
2.271264553070068359e+00
2.278865098953247070e+00
2.289346218109130859e+00
2.300159692764282227e+00
2.302181243896484375e+00
2.277791023254394531e+00
1.893111348152160645e+00
2.014197111129760742e+00
2.080963611602783203e+00
2.123011827468872070e+00
2.146079778671264648e+00
2.158646106719970703e+00
2.168342590332031250e+00
2.174564123153686523e+00
2.178591012954711914e+00
2.182365655899047852e+00
2.186056375503540039e+00
2.189544677734375000e+00
2.194510698318481445e+00
2.201320648193359375e+00
2.208699941635131836e+00
2.218854904174804688e+00
2.229374647140502930e+00
2.231404304504394531e+00
2.207762718200683594e+00
1.832608938217163086e+00
1.949981689453125000e+00
2.014701604843139648e+00
2.055467128753662109e+00
2.077829837799072266e+00
2.090010643005371094e+00
2.099409103393554688e+00
2.105439186096191406e+00
2.109342098236083984e+00
2.113000392913818359e+00
2.116577386856079102e+00
2.119959115982055664e+00
2.124773502349853516e+00
2.131377696990966797e+00
2.138535976409912109e+00
2.148364782333374023e+00
2.158591032028198242e+00
2.160628318786621094e+00
2.137735605239868164e+00
1.741854429244995117e+00
1.853657364845275879e+00
1.915307641029357910e+00
1.954148888587951660e+00
1.975453495979309082e+00
1.987056612968444824e+00
1.996007680892944336e+00
2.001750707626342773e+00
2.008951425552368164e+00
2.015578985214233398e+00
2.020166635513305664e+00
2.026462316513061523e+00
2.033288717269897461e+00
2.042628288269042969e+00
2.052413940429687500e+00
2.054463386535644531e+00
2.032693624496459961e+00
1.611512064933776855e+00
1.715317606925964355e+00
1.772583723068237305e+00
1.808688521385192871e+00
1.828504562377929688e+00
1.839300632476806641e+00
1.847636938095092773e+00
1.852979183197021484e+00
1.859676718711853027e+00
1.865848541259765625e+00
1.870124816894531250e+00
1.875987172126770020e+00
1.882339596748352051e+00
1.891006231307983398e+00
1.900230646133422852e+00
1.902422547340393066e+00
1.882496714591979980e+00
1.459156632423400879e+00
1.553616881370544434e+00
1.605791568756103516e+00
1.638733267784118652e+00
1.656850695610046387e+00
1.666734099388122559e+00
1.674388408660888672e+00
1.679277777671813965e+00
1.685406088829040527e+00
1.691071033477783203e+00
1.695002675056457520e+00
1.700372219085693359e+00
1.706173419952392578e+00
1.714093089103698730e+00
1.722756624221801758e+00
1.725282073020935059e+00
1.707818865776062012e+00
1.225816726684570312e+00
1.305609822273254395e+00
1.349798560142517090e+00
1.377772808074951172e+00
1.393219590187072754e+00
1.401667118072509766e+00
1.408244729042053223e+00
1.412425756454467773e+00
1.417667865753173828e+00
1.422540545463562012e+00
1.425933480262756348e+00
1.430540204048156738e+00
1.435492038726806641e+00
1.442260742187500000e+00
1.449986577033996582e+00
1.452959895133972168e+00
1.439294815063476562e+00
1.016629815101623535e+00
1.080287575721740723e+00
1.115731716156005859e+00
1.138212680816650391e+00
1.150682926177978516e+00
1.157521486282348633e+00
1.162861585617065430e+00
1.166283130645751953e+00
1.170603513717651367e+00
1.174629330635070801e+00
1.177445888519287109e+00
1.181297183036804199e+00
1.185439586639404297e+00
1.191116094589233398e+00
1.197360396385192871e+00
1.200207710266113281e+00
1.190171360969543457e+00
9.357823133468627930e-01
9.642021656036376953e-01
9.822202920913696289e-01
9.922663569450378418e-01
9.977914690971374512e-01
1.002102851867675781e+00
1.004885315895080566e+00
1.008427619934082031e+00
1.011727809906005859e+00
1.014051795005798340e+00
1.017280936241149902e+00
1.020792722702026367e+00
1.025639533996582031e+00
1.030819058418273926e+00
1.033170461654663086e+00
8.331376314163208008e-01
8.557710647583007812e-01
8.701798915863037109e-01
8.782318234443664551e-01
8.826748728752136230e-01
8.861572742462158203e-01
8.884187936782836914e-01
8.912996649742126465e-01
8.939970135688781738e-01
8.959019780158996582e-01
8.985567688941955566e-01
9.014720320701599121e-01
9.055917263031005859e-01
9.102143049240112305e-01
9.124191403388977051e-01
7.725151777267456055e-01
7.841844558715820312e-01
7.907355427742004395e-01
7.943694591522216797e-01
7.972344756126403809e-01
7.991000413894653320e-01
8.014820218086242676e-01
8.037281632423400879e-01
8.053212761878967285e-01
8.075436949729919434e-01
8.100040555000305176e-01
8.135594725608825684e-01
8.178558349609375000e-01
