3.690353155136108398e+00
3.759727001190185547e+00
3.802961349487304688e+00
3.834009647369384766e+00
3.853236436843872070e+00
3.864796876907348633e+00
3.874434471130371094e+00
3.880974292755126953e+00
3.885328054428100586e+00
3.889666795730590820e+00
3.894000768661499023e+00
3.898323297500610352e+00
3.904792308807373047e+00
3.914264440536499023e+00
3.925558090209960938e+00
3.944209098815917969e+00
3.973650455474853516e+00
4.013208866119384766e+00
4.072585582733154297e+00
3.566039800643920898e+00
3.633373498916625977e+00
3.675743579864501953e+00
3.706115245819091797e+00
3.724862337112426758e+00
3.736104011535644531e+00
3.745460987091064453e+00
3.751801967620849609e+00
3.756020784378051758e+00
3.760221481323242188e+00
3.764416456222534180e+00
3.768598318099975586e+00
3.774855852127075195e+00
3.784013271331787109e+00
3.794926404953002930e+00
3.812943696975708008e+00
3.841406822204589844e+00
3.879730939865112305e+00
3.937373399734497070e+00
3.441726446151733398e+00
3.507019996643066406e+00
3.548525810241699219e+00
3.578221082687377930e+00
3.596488237380981445e+00
3.607410907745361328e+00
3.616487741470336914e+00
3.622629642486572266e+00
3.626713514328002930e+00
3.630775928497314453e+00
3.634832143783569336e+00
3.638873577117919922e+00
3.644919395446777344e+00
3.653762340545654297e+00
3.664294481277465820e+00
3.681678295135498047e+00
3.709163188934326172e+00
3.746253013610839844e+00
3.802161455154418945e+00
3.317413091659545898e+00
3.380666494369506836e+00
3.421308040618896484e+00
3.450326919555664062e+00
3.468114376068115234e+00
3.478718042373657227e+00
3.487514495849609375e+00
3.493457555770874023e+00
3.497406482696533203e+00
3.501330614089965820e+00
3.505247831344604492e+00
3.509148597717285156e+00
3.514982700347900391e+00
3.523511171340942383e+00
3.533662796020507812e+00
3.550412893295288086e+00
3.576919555664062500e+00
3.612775087356567383e+00
3.666949272155761719e+00
3.193099975585937500e+00
3.254312992095947266e+00
3.294090270996093750e+00
3.322432518005371094e+00
3.339740276336669922e+00
3.350025177001953125e+00
3.358541250228881836e+00
3.364285230636596680e+00
3.368099212646484375e+00
3.371885061264038086e+00
3.375663518905639648e+00
3.379423856735229492e+00
3.385046243667602539e+00
3.393260240554809570e+00
3.403031110763549805e+00
3.419147491455078125e+00
3.444675922393798828e+00
3.479297161102294922e+00
3.531737327575683594e+00
3.006629943847656250e+00
3.064782619476318359e+00
3.103263616561889648e+00
3.130591392517089844e+00
3.147179365158081055e+00
3.156985759735107422e+00
3.165081501007080078e+00
3.170526742935180664e+00
3.177716970443725586e+00
3.184836626052856445e+00
3.190141439437866211e+00
3.197883605957031250e+00
3.207083463668823242e+00
3.222249269485473633e+00
3.246310472488403320e+00
3.279080390930175781e+00
3.328919172286987305e+00
2.812289953231811523e+00
2.867659091949462891e+00
2.905387163162231445e+00
2.932031631469726562e+00
2.948045253753662109e+00
2.957426071166992188e+00
2.965129137039184570e+00
2.970288038253784180e+00
2.977078199386596680e+00
2.983781814575195312e+00
2.988767385482788086e+00
2.996031761169433594e+00
3.004650592803955078e+00
3.018842220306396484e+00
3.041432857513427734e+00
3.072414398193359375e+00
3.119864225387573242e+00
2.682926416397094727e+00
2.737187147140502930e+00
2.775511980056762695e+00
2.802388191223144531e+00
2.818341493606567383e+00
2.827573060989379883e+00
2.835098505020141602e+00
2.840111732482910156e+00
2.846684932708740234e+00
2.853149890899658203e+00
2.857944250106811523e+00
2.864916086196899414e+00
2.873174190521240234e+00
2.886747121810913086e+00
2.908466815948486328e+00
2.938516616821289062e+00
2.984967231750488281e+00
2.537677049636840820e+00
2.591226339340209961e+00
2.630594253540039062e+00
2.657994270324707031e+00
2.674034595489501953e+00
2.683184862136840820e+00
2.690579175949096680e+00
2.695475101470947266e+00
2.701865196228027344e+00
2.708122253417968750e+00
2.712745666503906250e+00
2.719452381134033203e+00
2.727383136749267578e+00
2.740386247634887695e+00
2.761334896087646484e+00
2.790612697601318359e+00
2.836388349533081055e+00
2.834607601165771484e+00
2.895569324493408203e+00
2.936932325363159180e+00
2.966163158416748047e+00
2.983730077743530273e+00
2.993997573852539062e+00
3.002411127090454102e+00
3.008052110671997070e+00
3.015484571456909180e+00
3.022828102111816406e+00
3.028282642364501953e+00
3.036232948303222656e+00
3.045689105987548828e+00
3.061239480972290039e+00
3.086044073104858398e+00
3.119931697845458984e+00
3.172004461288452148e+00
3.119065523147583008e+00
3.162429571151733398e+00
3.193075656890869141e+00
3.211717844009399414e+00
3.222714424133300781e+00
3.231785535812377930e+00
3.237900733947753906e+00
3.245999336242675781e+00
3.254050254821777344e+00
3.260055780410766602e+00
3.268836021423339844e+00
3.279317855834960938e+00
3.296636581420898438e+00
3.324051856994628906e+00
3.361217021942138672e+00
3.210605144500732422e+00
3.255287885665893555e+00
3.286400079727172852e+00
3.305151939392089844e+00
3.316137313842773438e+00
3.325177431106567383e+00
3.331264019012451172e+00
3.339318752288818359e+00
3.347315549850463867e+00
3.353276729583740234e+00
3.361989974975585938e+00
3.372379541397094727e+00
3.389526128768920898e+00
3.416735172271728516e+00
3.453723192214965820e+00
2.982309341430664062e+00
3.009256839752197266e+00
3.025343894958496094e+00
3.034735202789306641e+00
3.042448997497558594e+00
3.047637462615966797e+00
3.054498434066772461e+00
3.061303377151489258e+00
3.066375017166137695e+00
3.073793411254882812e+00
3.082643032073974609e+00
3.097302675247192383e+00
3.120603322982788086e+00
