2.859838724136352539e+00
2.904620409011840820e+00
2.931918859481811523e+00
2.953743219375610352e+00
2.967303276062011719e+00
2.974859952926635742e+00
2.981076240539550781e+00
2.985314846038818359e+00
2.988145589828491211e+00
2.990979433059692383e+00
2.993810176849365234e+00
2.996634006500244141e+00
3.000859022140502930e+00
3.007063150405883789e+00
3.014518976211547852e+00
3.026831388473510742e+00
3.046611785888671875e+00
3.074704647064208984e+00
3.120152950286865234e+00
2.704026222229003906e+00
2.745468616485595703e+00
2.770912408828735352e+00
2.791231155395507812e+00
2.804025650024414062e+00
2.811122179031372070e+00
2.816951513290405273e+00
2.820927619934082031e+00
2.823583364486694336e+00
2.826241016387939453e+00
2.828894376754760742e+00
2.831538677215576172e+00
2.835491418838500977e+00
2.841292142868041992e+00
2.848265886306762695e+00
2.859771490097045898e+00
2.878341674804687500e+00
2.904882192611694336e+00
2.947841167449951172e+00
2.548213481903076172e+00
2.586316823959350586e+00
2.609905958175659180e+00
2.628719091415405273e+00
2.640747785568237305e+00
2.647384643554687500e+00
2.652826786041259766e+00
2.656540393829345703e+00
2.659021139144897461e+00
2.661502361297607422e+00
2.663978815078735352e+00
2.666443347930908203e+00
2.670124053955078125e+00
2.675520896911621094e+00
2.682012557983398438e+00
2.692711591720581055e+00
2.710071563720703125e+00
2.735059976577758789e+00
2.775529384613037109e+00
2.392400741577148438e+00
2.427165031433105469e+00
2.448899507522583008e+00
2.466207027435302734e+00
2.477470159530639648e+00
2.483646869659423828e+00
2.488702058792114258e+00
2.492153167724609375e+00
2.494458913803100586e+00
2.496763944625854492e+00
2.499063014984130859e+00
2.501348257064819336e+00
2.504756450653076172e+00
2.509749889373779297e+00
2.515759229660034180e+00
2.525651693344116211e+00
2.541801691055297852e+00
2.565237522125244141e+00
2.603217363357543945e+00
2.236588001251220703e+00
2.268013238906860352e+00
2.287893056869506836e+00
2.303694963455200195e+00
2.314192295074462891e+00
2.319909334182739258e+00
2.324577331542968750e+00
2.327765941619873047e+00
2.329896688461303711e+00
2.332025289535522461e+00
2.334147214889526367e+00
2.336252927780151367e+00
2.339388847351074219e+00
2.343978643417358398e+00
2.349505901336669922e+00
2.358591556549072266e+00
2.373531579971313477e+00
2.395415067672729492e+00
2.430905580520629883e+00
2.002868890762329102e+00
2.029285430908203125e+00
2.046383380889892578e+00
2.059926748275756836e+00
2.069275856018066406e+00
2.074302911758422852e+00
2.078390359878540039e+00
2.081185102462768555e+00
2.084917545318603516e+00
2.088610172271728516e+00
2.091337442398071289e+00
2.095322132110595703e+00
2.100126028060913086e+00
2.108001708984375000e+00
2.121126651763916016e+00
2.140681743621826172e+00
2.172437906265258789e+00
1.720715641975402832e+00
1.741107702255249023e+00
1.754988908767700195e+00
1.765665650367736816e+00
1.773473739624023438e+00
1.777672648429870605e+00
1.781079769134521484e+00
1.783412694931030273e+00
1.786526560783386230e+00
1.789588451385498047e+00
1.791834712028503418e+00
1.795112609863281250e+00
1.799084186553955078e+00
1.805566668510437012e+00
1.816599011421203613e+00
1.833414554595947266e+00
1.860573530197143555e+00
1.462147951126098633e+00
1.477054595947265625e+00
1.488212347030639648e+00
1.496040344238281250e+00
1.502191305160522461e+00
1.505639314651489258e+00
1.508455157279968262e+00
1.510386466979980469e+00
1.512960672378540039e+00
1.515469431877136230e+00
1.517293453216552734e+00
1.519962430000305176e+00
1.523235321044921875e+00
1.528547883033752441e+00
1.537819504737854004e+00
1.552237033843994141e+00
1.575042128562927246e+00
1.060504794120788574e+00
1.067652344703674316e+00
1.074742197990417480e+00
1.078519701957702637e+00
1.082177877426147461e+00
1.084475278854370117e+00
1.086386322975158691e+00
1.087703466415405273e+00
1.089455723762512207e+00
1.091128349304199219e+00
1.092318892478942871e+00
1.094074606895446777e+00
1.096296072006225586e+00
1.099852919578552246e+00
1.106390714645385742e+00
1.116954445838928223e+00
1.132946729660034180e+00
6.617421507835388184e-01
6.672734022140502930e-01
6.716936230659484863e-01
6.744372248649597168e-01
6.762981414794921875e-01
6.776019930839538574e-01
6.787340044975280762e-01
6.795263290405273438e-01
6.805983185768127441e-01
6.816340684890747070e-01
6.823767423629760742e-01
6.834915280342102051e-01
6.849423646926879883e-01
6.872550845146179199e-01
6.911018490791320801e-01
6.968121528625488281e-01
7.055675983428955078e-01
5.378175973892211914e-01
5.429719686508178711e-01
5.464775562286376953e-01
5.485659241676330566e-01
5.499211549758911133e-01
5.510481595993041992e-01
5.518150329589843750e-01
5.528369545936584473e-01
5.538368821144104004e-01
5.545704960823059082e-01
5.556544661521911621e-01
5.569981932640075684e-01
5.591810941696166992e-01
5.624046325683593750e-01
5.664206147193908691e-01
4.923639893531799316e-01
4.985846877098083496e-01
5.029123425483703613e-01
5.054900050163269043e-01
5.070134401321411133e-01
5.082434415817260742e-01
5.090751647949218750e-01
5.101681947708129883e-01
5.112224221229553223e-01
5.119913816452026367e-01
5.131227374076843262e-01
5.144907236099243164e-01
5.166165828704833984e-01
5.196822881698608398e-01
5.233618021011352539e-01
5.292690396308898926e-01
5.348732471466064453e-01
5.381679534912109375e-01
5.400340557098388672e-01
5.415441393852233887e-01
5.425543785095214844e-01
5.438733696937561035e-01
5.451483130455017090e-01
5.460768342018127441e-01
5.474104285240173340e-01
5.489597916603088379e-01
5.513913631439208984e-01
5.548580288887023926e-01
