3.036902904510498047e+00
3.079908370971679688e+00
3.093216419219970703e+00
3.095887422561645508e+00
3.094758510589599609e+00
3.092942714691162109e+00
3.090869903564453125e+00
3.089138984680175781e+00
3.087886095046997070e+00
3.086456298828125000e+00
3.084967374801635742e+00
3.083335876464843750e+00
3.080697536468505859e+00
3.076393127441406250e+00
3.070536613464355469e+00
3.059082269668579102e+00
3.036555290222167969e+00
2.997288942337036133e+00
2.918827533721923828e+00
2.948819875717163086e+00
2.990788221359252930e+00
3.003789186477661133e+00
3.006373643875122070e+00
3.005257844924926758e+00
3.003471136093139648e+00
3.001435279846191406e+00
2.999736070632934570e+00
2.998506546020507812e+00
2.997104406356811523e+00
2.995644330978393555e+00
2.994045019149780273e+00
2.991458892822265625e+00
2.987240552902221680e+00
2.981500864028930664e+00
2.970278739929199219e+00
2.948217391967773438e+00
2.909788131713867188e+00
2.833029508590698242e+00
2.860738277435302734e+00
2.901669502258300781e+00
2.914363622665405273e+00
2.916861534118652344e+00
2.915758609771728516e+00
2.914001226425170898e+00
2.912002086639404297e+00
2.910334825515747070e+00
2.909128904342651367e+00
2.907754182815551758e+00
2.906322717666625977e+00
2.904755353927612305e+00
2.902221679687500000e+00
2.898089408874511719e+00
2.892467021942138672e+00
2.881476879119873047e+00
2.859881162643432617e+00
2.822288990020751953e+00
2.747232913970947266e+00
2.772655010223388672e+00
2.812549114227294922e+00
2.824936389923095703e+00
2.827347993850708008e+00
2.826257705688476562e+00
2.824529647827148438e+00
2.822567224502563477e+00
2.820931911468505859e+00
2.819749355316162109e+00
2.818402290344238281e+00
2.816999673843383789e+00
2.815464496612548828e+00
2.812983036041259766e+00
2.808936595916748047e+00
2.803431510925292969e+00
2.792673349380493164e+00
2.771543264389038086e+00
2.734788179397583008e+00
2.661434888839721680e+00
2.684573411941528320e+00
2.723430633544921875e+00
2.735510587692260742e+00
2.737835884094238281e+00
2.736758470535278320e+00
2.735059738159179688e+00
2.733134031295776367e+00
2.731530666351318359e+00
2.730371713638305664e+00
2.729051828384399414e+00
2.727678060531616211e+00
2.726174831390380859e+00
2.723745822906494141e+00
2.719785451889038086e+00
2.714397430419921875e+00
2.703871250152587891e+00
2.683207035064697266e+00
2.647289037704467773e+00
2.575638294219970703e+00
2.552449464797973633e+00
2.589751005172729492e+00
2.601370573043823242e+00
2.603566169738769531e+00
2.602508306503295898e+00
2.600853443145751953e+00
2.598982572555541992e+00
2.597427129745483398e+00
2.595024824142456055e+00
2.592239141464233398e+00
2.589888572692871094e+00
2.586057186126708984e+00
2.580844879150390625e+00
2.570666790008544922e+00
2.550701141357421875e+00
2.516038656234741211e+00
2.446942090988159180e+00
2.357875585556030273e+00
2.392845630645751953e+00
2.403853654861450195e+00
2.405982494354248047e+00
2.405039787292480469e+00
2.403519153594970703e+00
2.401791095733642578e+00
2.400350093841552734e+00
2.398121118545532227e+00
2.395533561706542969e+00
2.393348217010498047e+00
2.389782667160034180e+00
2.384925603866577148e+00
2.375430583953857422e+00
2.356794595718383789e+00
2.324440479278564453e+00
2.259933471679687500e+00
2.124029397964477539e+00
2.156145334243774414e+00
2.166504144668579102e+00
2.168714523315429688e+00
2.168023109436035156e+00
2.166753530502319336e+00
2.165277004241943359e+00
2.164030790328979492e+00
2.162088871002197266e+00
2.159822225570678711e+00
2.157899856567382812e+00
2.154752016067504883e+00
2.150446891784667969e+00
2.141994476318359375e+00
2.125347137451171875e+00
2.096363306045532227e+00
2.038448333740234375e+00
1.766824603080749512e+00
1.794650316238403320e+00
1.804043769836425781e+00
1.806410789489746094e+00
1.806120276451110840e+00
1.805246114730834961e+00
1.804164409637451172e+00
1.803222775459289551e+00
1.801730036735534668e+00
1.799963474273681641e+00
1.798450350761413574e+00
1.795953273773193359e+00
1.792508125305175781e+00
1.785678267478942871e+00
1.772120952606201172e+00
1.748360872268676758e+00
1.700652718544006348e+00
1.452610611915588379e+00
1.477254986763000488e+00
1.486023783683776855e+00
1.488801002502441406e+00
1.489014625549316406e+00
1.488589048385620117e+00
1.487945079803466797e+00
1.487335801124572754e+00
1.486325263977050781e+00
1.485086560249328613e+00
1.484002113342285156e+00
1.482185482978820801e+00
1.479640483856201172e+00
1.474501848220825195e+00
1.464117288589477539e+00
1.445612668991088867e+00
1.408082723617553711e+00
1.246981143951416016e+00
1.255664706230163574e+00
1.259077548980712891e+00
1.259965300559997559e+00
1.260023713111877441e+00
1.259838223457336426e+00
1.259574890136718750e+00
1.259064078330993652e+00
1.258367776870727539e+00
1.257719516754150391e+00
1.256587028503417969e+00
1.254935264587402344e+00
1.251467943191528320e+00
1.244166254997253418e+00
1.230664610862731934e+00
1.072971582412719727e+00
1.081757783889770508e+00
1.085687279701232910e+00
1.087130665779113770e+00
1.087595701217651367e+00
1.087784767150878906e+00
1.087800145149230957e+00
1.087688088417053223e+00
1.087419986724853516e+00
1.087113380432128906e+00
1.086512804031372070e+00
1.085549950599670410e+00
1.083353281021118164e+00
1.078377246856689453e+00
1.068659424781799316e+00
9.245613813400268555e-01
9.290326237678527832e-01
9.309527277946472168e-01
9.317884445190429688e-01
9.323205947875976562e-01
9.325854778289794922e-01
9.328256845474243164e-01
9.329343438148498535e-01
9.329260587692260742e-01
9.327853322029113770e-01
9.324067234992980957e-01
9.312680959701538086e-01
9.282041788101196289e-01
