9.961709976196289062e-01
1.012177586555480957e+00
1.022046446800231934e+00
1.028992533683776855e+00
1.033403635025024414e+00
1.036016106605529785e+00
1.038276433944702148e+00
1.039890766143798828e+00
1.040983200073242188e+00
1.042079925537109375e+00
1.043170928955078125e+00
1.044247746467590332e+00
1.045832633972167969e+00
1.048112750053405762e+00
1.050794482231140137e+00
1.055267095565795898e+00
1.062513828277587891e+00
1.072360634803771973e+00
1.087322473526000977e+00
1.038635611534118652e+00
1.054643273353576660e+00
1.064547419548034668e+00
1.071538448333740234e+00
1.075967073440551758e+00
1.078596353530883789e+00
1.080858707427978516e+00
1.082464694976806641e+00
1.083549618721008301e+00
1.084638237953186035e+00
1.085721969604492188e+00
1.086794137954711914e+00
1.088376998901367188e+00
1.090664029121398926e+00
1.093364238739013672e+00
1.097872972488403320e+00
1.105181455612182617e+00
1.115153312683105469e+00
1.130400776863098145e+00
1.081099390983581543e+00
1.097108244895935059e+00
1.107047677040100098e+00
1.114083409309387207e+00
1.118529677391052246e+00
1.121175765991210938e+00
1.123440265655517578e+00
1.125037908554077148e+00
1.126115202903747559e+00
1.127195715904235840e+00
1.128272414207458496e+00
1.129339694976806641e+00
1.130920648574829102e+00
1.133214473724365234e+00
1.135933160781860352e+00
1.140478014945983887e+00
1.147848367691040039e+00
1.157945275306701660e+00
1.173478364944458008e+00
1.123564004898071289e+00
1.139573931694030762e+00
1.149548649787902832e+00
1.156629323959350586e+00
1.161093115806579590e+00
1.163756012916564941e+00
1.166022539138793945e+00
1.167611837387084961e+00
1.168681621551513672e+00
1.169754028320312500e+00
1.170823574066162109e+00
1.171886086463928223e+00
1.173465132713317871e+00
1.175765752792358398e+00
1.178502917289733887e+00
1.183083772659301758e+00
1.190516114234924316e+00
1.200738072395324707e+00
1.216556787490844727e+00
1.166027784347534180e+00
1.182038903236389160e+00
1.192048907279968262e+00
1.199174404144287109e+00
1.203655719757080078e+00
1.206335544586181641e+00
1.208604097366333008e+00
1.210185050964355469e+00
1.211247205734252930e+00
1.212311506271362305e+00
1.213373899459838867e+00
1.214431643486022949e+00
1.216008782386779785e+00
1.218316197395324707e+00
1.221071958541870117e+00
1.225688934326171875e+00
1.233183026313781738e+00
1.243530035018920898e+00
1.259634375572204590e+00
1.229724287986755371e+00
1.245737075805664062e+00
1.255800008773803711e+00
1.262992739677429199e+00
1.267500400543212891e+00
1.270205497741699219e+00
1.272477030754089355e+00
1.274045586585998535e+00
1.276148557662963867e+00
1.278250813484191895e+00
1.279824972152709961e+00
1.282142758369445801e+00
1.284926176071166992e+00
1.289597272872924805e+00
1.297184228897094727e+00
1.307718753814697266e+00
1.324251532554626465e+00
1.280220389366149902e+00
1.296399354934692383e+00
1.306595802307128906e+00
1.313901424407958984e+00
1.318463563919067383e+00
1.321205973625183105e+00
1.323493838310241699e+00
1.325061559677124023e+00
1.327157855033874512e+00
1.329256415367126465e+00
1.330835938453674316e+00
1.333172202110290527e+00
1.335988044738769531e+00
1.340715527534484863e+00
1.348391890525817871e+00
1.359081387519836426e+00
1.375927567481994629e+00
1.284688472747802734e+00
1.301279664039611816e+00
1.311708688735961914e+00
1.319168329238891602e+00
1.323815822601318359e+00
1.326603293418884277e+00
1.328926086425781250e+00
1.330515861511230469e+00
1.332640171051025391e+00
1.334763884544372559e+00
1.336362123489379883e+00
1.338725090026855469e+00
1.341569066047668457e+00
1.346333861351013184e+00
1.354056358337402344e+00
1.364774703979492188e+00
1.381585359573364258e+00
1.292443752288818359e+00
1.309703707695007324e+00
1.320510149002075195e+00
1.328217267990112305e+00
1.333002924919128418e+00
1.335864424705505371e+00
1.338244438171386719e+00
1.339870214462280273e+00
1.342040657997131348e+00
1.344206333160400391e+00
1.345835208892822266e+00
1.348241806030273438e+00
1.351132273674011230e+00
1.355959892272949219e+00
1.363760709762573242e+00
1.374533057212829590e+00
1.391297340393066406e+00
1.307407736778259277e+00
1.325589656829833984e+00
1.336917281150817871e+00
1.344949483871459961e+00
1.349921345710754395e+00
1.352892994880676270e+00
1.355356812477111816e+00
1.357033014297485352e+00
1.359271645545959473e+00
1.361504793167114258e+00
1.363180160522460938e+00
1.365648508071899414e+00
1.368611931800842285e+00
1.373543500900268555e+00
1.381481409072875977e+00
1.392389893531799316e+00
1.409188032150268555e+00
1.351893782615661621e+00
1.363832354545593262e+00
1.372273683547973633e+00
1.377470374107360840e+00
1.380570292472839355e+00
1.383138418197631836e+00
1.384883403778076172e+00
1.387210130691528320e+00
1.389528870582580566e+00
1.391264796257019043e+00
1.393818378448486328e+00
1.396882534027099609e+00
1.401972293853759766e+00
1.410124659538269043e+00
1.421298503875732422e+00
1.399560570716857910e+00
1.412421107292175293e+00
1.421479940414428711e+00
1.427021622657775879e+00
1.430313348770141602e+00
1.433044195175170898e+00
1.434898734092712402e+00
1.437366962432861328e+00
1.439825654029846191e+00
1.441661596298217773e+00
1.444357752799987793e+00
1.447585582733154297e+00
1.452947258949279785e+00
1.461492896080017090e+00
1.473141312599182129e+00
1.505019307136535645e+00
1.515053153038024902e+00
1.521173119544982910e+00
1.524799227714538574e+00
1.527799367904663086e+00
1.529834032058715820e+00
1.532536983489990234e+00
1.535225629806518555e+00
1.537235856056213379e+00
1.540187954902648926e+00
1.543719172477722168e+00
1.549572348594665527e+00
1.558870673179626465e+00
