8.633279800415039062e-01
8.764972686767578125e-01
8.850155472755432129e-01
8.910434842109680176e-01
8.948013782501220703e-01
8.970495462417602539e-01
8.989182710647583008e-01
9.001870751380920410e-01
9.010323286056518555e-01
9.018762111663818359e-01
9.027196168899536133e-01
9.035618305206298828e-01
9.048240780830383301e-01
9.066778421401977539e-01
9.088948369026184082e-01
9.125573039054870605e-01
9.183612465858459473e-01
9.262768626213073730e-01
9.381645917892456055e-01
8.910210728645324707e-01
9.045291543006896973e-01
9.132692813873291016e-01
9.194901585578918457e-01
9.233738183975219727e-01
9.256992340087890625e-01
9.276338219642639160e-01
9.289483428001403809e-01
9.298242926597595215e-01
9.306993484497070312e-01
9.315741062164306641e-01
9.324481487274169922e-01
9.337586164474487305e-01
9.356844425201416016e-01
9.379897713661193848e-01
9.418070316314697266e-01
9.478752613067626953e-01
9.561784267425537109e-01
9.687533974647521973e-01
9.187136292457580566e-01
9.325605630874633789e-01
9.415225982666015625e-01
9.479363560676574707e-01
9.519457817077636719e-01
9.543483853340148926e-01
9.563488960266113281e-01
9.577091336250305176e-01
9.586158394813537598e-01
9.595220088958740234e-01
9.604281187057495117e-01
9.613339304924011230e-01
9.626926183700561523e-01
9.646905660629272461e-01
9.670841693878173828e-01
9.710562229156494141e-01
9.773887395858764648e-01
9.860794544219970703e-01
9.993417263031005859e-01
9.464067220687866211e-01
9.605924487113952637e-01
9.697763323783874512e-01
9.763830304145812988e-01
9.805182218551635742e-01
9.829980731010437012e-01
9.850645065307617188e-01
9.864704012870788574e-01
9.874078035354614258e-01
9.883452057838439941e-01
9.892826676368713379e-01
9.902201890945434570e-01
9.916271567344665527e-01
9.936971664428710938e-01
9.961790442466735840e-01
1.000305891036987305e+00
1.006902813911437988e+00
1.015981078147888184e+00
1.029930591583251953e+00
9.740993380546569824e-01
9.886238574981689453e-01
9.980296492576599121e-01
1.004829287528991699e+00
1.009090185165405273e+00
1.011647224426269531e+00
1.013779520988464355e+00
1.015231132507324219e+00
1.016199350357055664e+00
1.017167925834655762e+00
1.018136620521545410e+00
1.019106030464172363e+00
1.020561218261718750e+00
1.022703289985656738e+00
1.025273442268371582e+00
1.029555082321166992e+00
1.036416292190551758e+00
1.045882105827331543e+00
1.060518860816955566e+00
1.015638709068298340e+00
1.030671477317810059e+00
1.040410041809082031e+00
1.047499060630798340e+00
1.051948547363281250e+00
1.054621458053588867e+00
1.056852698326110840e+00
1.058372855186462402e+00
1.060402393341064453e+00
1.062435150146484375e+00
1.063962697982788086e+00
1.066212892532348633e+00
1.068915605545043945e+00
1.073429465293884277e+00
1.080687046051025391e+00
1.090734243392944336e+00
1.106401801109313965e+00
1.046749472618103027e+00
1.062182426452636719e+00
1.072177886962890625e+00
1.079486727714538574e+00
1.084078311920166016e+00
1.086838245391845703e+00
1.089143514633178711e+00
1.090714812278747559e+00
1.092813491821289062e+00
1.094916820526123047e+00
1.096498012542724609e+00
1.098828315734863281e+00
1.101629018783569336e+00
1.106314539909362793e+00
1.113864064216613770e+00
1.124336957931518555e+00
1.140754818916320801e+00
1.045113205909729004e+00
1.060575127601623535e+00
1.070576667785644531e+00
1.077881693840026855e+00
1.082467675209045410e+00
1.085223674774169922e+00
1.087525129318237305e+00
1.089093446731567383e+00
1.091187596321105957e+00
1.093285918235778809e+00
1.094863176345825195e+00
1.097186923027038574e+00
1.099979519844055176e+00
1.104650378227233887e+00
1.112171769142150879e+00
1.122597336769104004e+00
1.138920187950134277e+00
1.042666673660278320e+00
1.058183312416076660e+00
1.068199276924133301e+00
1.075502038002014160e+00
1.080080986022949219e+00
1.082831859588623047e+00
1.085128188133239746e+00
1.086692094802856445e+00
1.088779926300048828e+00
1.090871334075927734e+00
1.092442750930786133e+00
1.094757080078125000e+00
1.097537755966186523e+00
1.102186799049377441e+00
1.109665632247924805e+00
1.120018601417541504e+00
1.136192440986633301e+00
1.041004061698913574e+00
1.056659698486328125e+00
1.066734313964843750e+00
1.074064612388610840e+00
1.078651666641235352e+00
1.081405997276306152e+00
1.083703160285949707e+00
1.085267305374145508e+00
1.087355136871337891e+00
1.089444637298583984e+00
1.091013312339782715e+00
1.093323588371276855e+00
1.096099019050598145e+00
1.100733637809753418e+00
1.108180999755859375e+00
1.118469476699829102e+00
1.134484767913818359e+00
1.057417392730712891e+00
1.067622303962707520e+00
1.075024843215942383e+00
1.079648613929748535e+00
1.082422256469726562e+00
1.084734439849853516e+00
1.086307644844055176e+00
1.088406443595886230e+00
1.090506076812744141e+00
1.092081546783447266e+00
1.094400405883789062e+00
1.097184538841247559e+00
1.101830124855041504e+00
1.109282493591308594e+00
1.119571685791015625e+00
1.063542485237121582e+00
1.074018001556396484e+00
1.081587076187133789e+00
1.086303472518920898e+00
1.089129090309143066e+00
1.091482996940612793e+00
1.093083620071411133e+00
1.095217585563659668e+00
1.097351074218750000e+00
1.098951101303100586e+00
1.101304650306701660e+00
1.104128479957580566e+00
1.108835816383361816e+00
1.116372585296630859e+00
1.126735210418701172e+00
1.094015240669250488e+00
1.101954698562622070e+00
1.106886029243469238e+00
1.109835505485534668e+00
1.112290382385253906e+00
1.113958358764648438e+00
1.116180658340454102e+00
1.118401050567626953e+00
1.120065450668334961e+00
1.122511863708496094e+00
1.125445127487182617e+00
1.130328297615051270e+00
1.138128638267517090e+00
