1.099810314178466797e+01
1.099810314178466797e+01
1.099810314178466797e+01
1.099810314178466797e+01
1.099810314178466797e+01
1.099810314178466797e+01
1.099786281585693359e+01
1.099786281585693359e+01
1.099786281585693359e+01
1.099786281585693359e+01
1.099786281585693359e+01
1.099786281585693359e+01
1.099786281585693359e+01
1.099786281585693359e+01
1.099786281585693359e+01
1.099537754058837891e+01
1.099537754058837891e+01
1.099537754058837891e+01
1.099537754058837891e+01
1.099537754058837891e+01
1.099537754058837891e+01
1.099513626098632812e+01
1.099513626098632812e+01
1.099513626098632812e+01
1.099513626098632812e+01
1.099513626098632812e+01
1.099513626098632812e+01
1.099513626098632812e+01
1.099513626098632812e+01
1.099513626098632812e+01
1.099265098571777344e+01
1.099265098571777344e+01
1.099265098571777344e+01
1.099265098571777344e+01
1.099265098571777344e+01
1.099265098571777344e+01
1.099241065979003906e+01
1.099241065979003906e+01
1.099241065979003906e+01
1.099241065979003906e+01
1.099241065979003906e+01
1.099241065979003906e+01
1.099241065979003906e+01
1.099241065979003906e+01
1.099241065979003906e+01
1.098992538452148438e+01
1.098992538452148438e+01
1.098992538452148438e+01
1.098992538452148438e+01
1.098992538452148438e+01
1.098992538452148438e+01
1.098968410491943359e+01
1.098968410491943359e+01
1.098968410491943359e+01
1.098968410491943359e+01
1.098968410491943359e+01
1.098968410491943359e+01
1.098968410491943359e+01
1.098968410491943359e+01
1.098968410491943359e+01
1.098719882965087891e+01
1.098719882965087891e+01
1.098719882965087891e+01
1.098719882965087891e+01
1.098719882965087891e+01
1.098719882965087891e+01
1.098695850372314453e+01
1.098695850372314453e+01
1.098695850372314453e+01
1.098695850372314453e+01
1.098695850372314453e+01
1.098695850372314453e+01
1.098695850372314453e+01
1.098695850372314453e+01
1.098695850372314453e+01
1.098310947418212891e+01
1.098310947418212891e+01
1.098310947418212891e+01
1.098310947418212891e+01
1.098310947418212891e+01
1.098310947418212891e+01
1.098286914825439453e+01
1.098286914825439453e+01
1.098286914825439453e+01
1.098286914825439453e+01
1.098286914825439453e+01
1.098286914825439453e+01
1.098286914825439453e+01
1.098286914825439453e+01
1.098286914825439453e+01
1.097709655761718750e+01
1.097709655761718750e+01
1.097709655761718750e+01
1.097709655761718750e+01
1.097709655761718750e+01
1.097709655761718750e+01
1.097685527801513672e+01
1.097685527801513672e+01
1.097685527801513672e+01
1.097685527801513672e+01
1.097685527801513672e+01
1.097685527801513672e+01
1.097685527801513672e+01
1.097685527801513672e+01
1.097685527801513672e+01
1.096988010406494141e+01
1.096988010406494141e+01
1.096988010406494141e+01
1.096988010406494141e+01
1.096988010406494141e+01
1.096988010406494141e+01
1.096963977813720703e+01
1.096963977813720703e+01
1.096963977813720703e+01
1.096963977813720703e+01
1.096963977813720703e+01
1.096963977813720703e+01
1.096963977813720703e+01
1.096963977813720703e+01
1.096963977813720703e+01
1.095779895782470703e+01
1.095779895782470703e+01
1.095779895782470703e+01
1.095779895782470703e+01
1.095779895782470703e+01
1.095779895782470703e+01
1.095755195617675781e+01
1.095755195617675781e+01
1.095755195617675781e+01
1.095755195617675781e+01
1.095755195617675781e+01
1.095755195617675781e+01
1.095755195617675781e+01
1.095755195617675781e+01
1.095755195617675781e+01
1.093805694580078125e+01
1.093805694580078125e+01
1.093805694580078125e+01
1.093805694580078125e+01
1.093805694580078125e+01
1.093805694580078125e+01
1.093781089782714844e+01
1.093781089782714844e+01
1.093781089782714844e+01
1.093781089782714844e+01
1.093781089782714844e+01
1.093781089782714844e+01
1.093781089782714844e+01
1.093781089782714844e+01
1.093781089782714844e+01
1.091070270538330078e+01
1.091070270538330078e+01
1.091070270538330078e+01
1.091070270538330078e+01
1.091070270538330078e+01
1.091070270538330078e+01
1.091044902801513672e+01
1.091044902801513672e+01
1.091044902801513672e+01
1.091044902801513672e+01
1.091044902801513672e+01
1.091044902801513672e+01
1.091044902801513672e+01
1.091044902801513672e+01
1.091044902801513672e+01
1.086739158630371094e+01
1.086739158630371094e+01
1.086739158630371094e+01
1.086739158630371094e+01
1.086739158630371094e+01
1.086739158630371094e+01
1.086713123321533203e+01
1.086713123321533203e+01
1.086713123321533203e+01
1.086713123321533203e+01
1.086713123321533203e+01
1.086713123321533203e+01
1.086713123321533203e+01
1.086713123321533203e+01
1.086713123321533203e+01
1.079878330230712891e+01
1.079878330230712891e+01
1.079878330230712891e+01
1.079878330230712891e+01
1.079878330230712891e+01
1.079878330230712891e+01
1.079851531982421875e+01
1.079851531982421875e+01
1.079851531982421875e+01
1.079851531982421875e+01
1.079851531982421875e+01
1.079851531982421875e+01
1.079851531982421875e+01
1.079851531982421875e+01
1.079851531982421875e+01
1.069294738769531250e+01
1.069294738769531250e+01
1.069294738769531250e+01
1.069294738769531250e+01
1.069294738769531250e+01
1.069294738769531250e+01
1.069265460968017578e+01
1.069265460968017578e+01
1.069265460968017578e+01
1.069265460968017578e+01
1.069265460968017578e+01
1.069265460968017578e+01
1.069265460968017578e+01
1.069265460968017578e+01
1.069265460968017578e+01
1.051610565185546875e+01
1.051610565185546875e+01
1.051610565185546875e+01
1.051610565185546875e+01
1.051610565185546875e+01
1.051610565185546875e+01
1.051578426361083984e+01
1.051578426361083984e+01
1.051578426361083984e+01
1.051578426361083984e+01
1.051578426361083984e+01
1.051578426361083984e+01
1.051578426361083984e+01
1.051578426361083984e+01
