1.083050918579101562e+01
1.083050918579101562e+01
1.083050918579101562e+01
1.083050918579101562e+01
1.083050918579101562e+01
1.083050918579101562e+01
1.083027267456054688e+01
1.083027267456054688e+01
1.083027267456054688e+01
1.083027267456054688e+01
1.083027267456054688e+01
1.083027267456054688e+01
1.083027267456054688e+01
1.083027267456054688e+01
1.083027267456054688e+01
1.082782459259033203e+01
1.082782459259033203e+01
1.082782459259033203e+01
1.082782459259033203e+01
1.082782459259033203e+01
1.082782459259033203e+01
1.082758712768554688e+01
1.082758712768554688e+01
1.082758712768554688e+01
1.082758712768554688e+01
1.082758712768554688e+01
1.082758712768554688e+01
1.082758712768554688e+01
1.082758712768554688e+01
1.082758712768554688e+01
1.082513999938964844e+01
1.082513999938964844e+01
1.082513999938964844e+01
1.082513999938964844e+01
1.082513999938964844e+01
1.082513999938964844e+01
1.082490253448486328e+01
1.082490253448486328e+01
1.082490253448486328e+01
1.082490253448486328e+01
1.082490253448486328e+01
1.082490253448486328e+01
1.082490253448486328e+01
1.082490253448486328e+01
1.082490253448486328e+01
1.082245445251464844e+01
1.082245445251464844e+01
1.082245445251464844e+01
1.082245445251464844e+01
1.082245445251464844e+01
1.082245445251464844e+01
1.082221794128417969e+01
1.082221794128417969e+01
1.082221794128417969e+01
1.082221794128417969e+01
1.082221794128417969e+01
1.082221794128417969e+01
1.082221794128417969e+01
1.082221794128417969e+01
1.082221794128417969e+01
1.081976985931396484e+01
1.081976985931396484e+01
1.081976985931396484e+01
1.081976985931396484e+01
1.081976985931396484e+01
1.081976985931396484e+01
1.081953239440917969e+01
1.081953239440917969e+01
1.081953239440917969e+01
1.081953239440917969e+01
1.081953239440917969e+01
1.081953239440917969e+01
1.081953239440917969e+01
1.081953239440917969e+01
1.081953239440917969e+01
1.081574249267578125e+01
1.081574249267578125e+01
1.081574249267578125e+01
1.081574249267578125e+01
1.081574249267578125e+01
1.081574249267578125e+01
1.081550502777099609e+01
1.081550502777099609e+01
1.081550502777099609e+01
1.081550502777099609e+01
1.081550502777099609e+01
1.081550502777099609e+01
1.081550502777099609e+01
1.081550502777099609e+01
1.081550502777099609e+01
1.080982017517089844e+01
1.080982017517089844e+01
1.080982017517089844e+01
1.080982017517089844e+01
1.080982017517089844e+01
1.080982017517089844e+01
1.080958271026611328e+01
1.080958271026611328e+01
1.080958271026611328e+01
1.080958271026611328e+01
1.080958271026611328e+01
1.080958271026611328e+01
1.080958271026611328e+01
1.080958271026611328e+01
1.080958271026611328e+01
1.080271244049072266e+01
1.080271244049072266e+01
1.080271244049072266e+01
1.080271244049072266e+01
1.080271244049072266e+01
1.080271244049072266e+01
1.080247592926025391e+01
1.080247592926025391e+01
1.080247592926025391e+01
1.080247592926025391e+01
1.080247592926025391e+01
1.080247592926025391e+01
1.080247592926025391e+01
1.080247592926025391e+01
1.080247592926025391e+01
1.079081439971923828e+01
1.079081439971923828e+01
1.079081439971923828e+01
1.079081439971923828e+01
1.079081439971923828e+01
1.079081439971923828e+01
1.079057121276855469e+01
1.079057121276855469e+01
1.079057121276855469e+01
1.079057121276855469e+01
1.079057121276855469e+01
1.079057121276855469e+01
1.079057121276855469e+01
1.079057121276855469e+01
1.079057121276855469e+01
1.077137088775634766e+01
1.077137088775634766e+01
1.077137088775634766e+01
1.077137088775634766e+01
1.077137088775634766e+01
1.077137088775634766e+01
1.077112770080566406e+01
1.077112770080566406e+01
1.077112770080566406e+01
1.077112770080566406e+01
1.077112770080566406e+01
1.077112770080566406e+01
1.077112770080566406e+01
1.077112770080566406e+01
1.077112770080566406e+01
1.074442863464355469e+01
1.074442863464355469e+01
1.074442863464355469e+01
1.074442863464355469e+01
1.074442863464355469e+01
1.074442863464355469e+01
1.074417877197265625e+01
1.074417877197265625e+01
1.074417877197265625e+01
1.074417877197265625e+01
1.074417877197265625e+01
1.074417877197265625e+01
1.074417877197265625e+01
1.074417877197265625e+01
1.074417877197265625e+01
1.070177078247070312e+01
1.070177078247070312e+01
1.070177078247070312e+01
1.070177078247070312e+01
1.070177078247070312e+01
1.070177078247070312e+01
1.070151424407958984e+01
1.070151424407958984e+01
1.070151424407958984e+01
1.070151424407958984e+01
1.070151424407958984e+01
1.070151424407958984e+01
1.070151424407958984e+01
1.070151424407958984e+01
1.070151424407958984e+01
1.063419914245605469e+01
1.063419914245605469e+01
1.063419914245605469e+01
1.063419914245605469e+01
1.063419914245605469e+01
1.063419914245605469e+01
1.063393497467041016e+01
1.063393497467041016e+01
1.063393497467041016e+01
1.063393497467041016e+01
1.063393497467041016e+01
1.063393497467041016e+01
1.063393497467041016e+01
1.063393497467041016e+01
1.063393497467041016e+01
1.052996063232421875e+01
1.052996063232421875e+01
1.052996063232421875e+01
1.052996063232421875e+01
1.052996063232421875e+01
1.052996063232421875e+01
1.052967262268066406e+01
1.052967262268066406e+01
1.052967262268066406e+01
1.052967262268066406e+01
1.052967262268066406e+01
1.052967262268066406e+01
1.052967262268066406e+01
1.052967262268066406e+01
1.052967262268066406e+01
1.035579109191894531e+01
1.035579109191894531e+01
1.035579109191894531e+01
1.035579109191894531e+01
1.035579109191894531e+01
1.035579109191894531e+01
1.035547447204589844e+01
1.035547447204589844e+01
1.035547447204589844e+01
1.035547447204589844e+01
1.035547447204589844e+01
1.035547447204589844e+01
1.035547447204589844e+01
1.035547447204589844e+01
