1.083040046691894531e+01
1.083040046691894531e+01
1.083040046691894531e+01
1.083040046691894531e+01
1.083040046691894531e+01
1.083040046691894531e+01
1.083016300201416016e+01
1.083016300201416016e+01
1.083016300201416016e+01
1.083016300201416016e+01
1.083016300201416016e+01
1.083016300201416016e+01
1.083016300201416016e+01
1.083016300201416016e+01
1.083016300201416016e+01
1.082771492004394531e+01
1.082771492004394531e+01
1.082771492004394531e+01
1.082771492004394531e+01
1.082771492004394531e+01
1.082771492004394531e+01
1.082747840881347656e+01
1.082747840881347656e+01
1.082747840881347656e+01
1.082747840881347656e+01
1.082747840881347656e+01
1.082747840881347656e+01
1.082747840881347656e+01
1.082747840881347656e+01
1.082747840881347656e+01
1.082503032684326172e+01
1.082503032684326172e+01
1.082503032684326172e+01
1.082503032684326172e+01
1.082503032684326172e+01
1.082503032684326172e+01
1.082479286193847656e+01
1.082479286193847656e+01
1.082479286193847656e+01
1.082479286193847656e+01
1.082479286193847656e+01
1.082479286193847656e+01
1.082479286193847656e+01
1.082479286193847656e+01
1.082479286193847656e+01
1.082234477996826172e+01
1.082234477996826172e+01
1.082234477996826172e+01
1.082234477996826172e+01
1.082234477996826172e+01
1.082234477996826172e+01
1.082210826873779297e+01
1.082210826873779297e+01
1.082210826873779297e+01
1.082210826873779297e+01
1.082210826873779297e+01
1.082210826873779297e+01
1.082210826873779297e+01
1.082210826873779297e+01
1.082210826873779297e+01
1.081966018676757812e+01
1.081966018676757812e+01
1.081966018676757812e+01
1.081966018676757812e+01
1.081966018676757812e+01
1.081966018676757812e+01
1.081942367553710938e+01
1.081942367553710938e+01
1.081942367553710938e+01
1.081942367553710938e+01
1.081942367553710938e+01
1.081942367553710938e+01
1.081942367553710938e+01
1.081942367553710938e+01
1.081942367553710938e+01
1.081563282012939453e+01
1.081563282012939453e+01
1.081563282012939453e+01
1.081563282012939453e+01
1.081563282012939453e+01
1.081563282012939453e+01
1.081539630889892578e+01
1.081539630889892578e+01
1.081539630889892578e+01
1.081539630889892578e+01
1.081539630889892578e+01
1.081539630889892578e+01
1.081539630889892578e+01
1.081539630889892578e+01
1.081539630889892578e+01
1.080970954895019531e+01
1.080970954895019531e+01
1.080970954895019531e+01
1.080970954895019531e+01
1.080970954895019531e+01
1.080970954895019531e+01
1.080947303771972656e+01
1.080947303771972656e+01
1.080947303771972656e+01
1.080947303771972656e+01
1.080947303771972656e+01
1.080947303771972656e+01
1.080947303771972656e+01
1.080947303771972656e+01
1.080947303771972656e+01
1.080260276794433594e+01
1.080260276794433594e+01
1.080260276794433594e+01
1.080260276794433594e+01
1.080260276794433594e+01
1.080260276794433594e+01
1.080236625671386719e+01
1.080236625671386719e+01
1.080236625671386719e+01
1.080236625671386719e+01
1.080236625671386719e+01
1.080236625671386719e+01
1.080236625671386719e+01
1.080236625671386719e+01
1.080236625671386719e+01
1.079070377349853516e+01
1.079070377349853516e+01
1.079070377349853516e+01
1.079070377349853516e+01
1.079070377349853516e+01
1.079070377349853516e+01
1.079046058654785156e+01
1.079046058654785156e+01
1.079046058654785156e+01
1.079046058654785156e+01
1.079046058654785156e+01
1.079046058654785156e+01
1.079046058654785156e+01
1.079046058654785156e+01
1.079046058654785156e+01
1.077126026153564453e+01
1.077126026153564453e+01
1.077126026153564453e+01
1.077126026153564453e+01
1.077126026153564453e+01
1.077126026153564453e+01
1.077101707458496094e+01
1.077101707458496094e+01
1.077101707458496094e+01
1.077101707458496094e+01
1.077101707458496094e+01
1.077101707458496094e+01
1.077101707458496094e+01
1.077101707458496094e+01
1.077101707458496094e+01
1.074431800842285156e+01
1.074431800842285156e+01
1.074431800842285156e+01
1.074431800842285156e+01
1.074431800842285156e+01
1.074431800842285156e+01
1.074406909942626953e+01
1.074406909942626953e+01
1.074406909942626953e+01
1.074406909942626953e+01
1.074406909942626953e+01
1.074406909942626953e+01
1.074406909942626953e+01
1.074406909942626953e+01
1.074406909942626953e+01
1.070166015625000000e+01
1.070166015625000000e+01
1.070166015625000000e+01
1.070166015625000000e+01
1.070166015625000000e+01
1.070166015625000000e+01
1.070140361785888672e+01
1.070140361785888672e+01
1.070140361785888672e+01
1.070140361785888672e+01
1.070140361785888672e+01
1.070140361785888672e+01
1.070140361785888672e+01
1.070140361785888672e+01
1.070140361785888672e+01
1.063408660888671875e+01
1.063408660888671875e+01
1.063408660888671875e+01
1.063408660888671875e+01
1.063408660888671875e+01
1.063408660888671875e+01
1.063382339477539062e+01
1.063382339477539062e+01
1.063382339477539062e+01
1.063382339477539062e+01
1.063382339477539062e+01
1.063382339477539062e+01
1.063382339477539062e+01
1.063382339477539062e+01
1.063382339477539062e+01
1.052984809875488281e+01
1.052984809875488281e+01
1.052984809875488281e+01
1.052984809875488281e+01
1.052984809875488281e+01
1.052984809875488281e+01
1.052956008911132812e+01
1.052956008911132812e+01
1.052956008911132812e+01
1.052956008911132812e+01
1.052956008911132812e+01
1.052956008911132812e+01
1.052956008911132812e+01
1.052956008911132812e+01
1.052956008911132812e+01
1.035567665100097656e+01
1.035567665100097656e+01
1.035567665100097656e+01
1.035567665100097656e+01
1.035567665100097656e+01
1.035567665100097656e+01
1.035536003112792969e+01
1.035536003112792969e+01
1.035536003112792969e+01
1.035536003112792969e+01
1.035536003112792969e+01
1.035536003112792969e+01
1.035536003112792969e+01
1.035536003112792969e+01
