1.033401393890380859e+01
1.033401393890380859e+01
1.033401393890380859e+01
1.033401393890380859e+01
1.033401393890380859e+01
1.033401393890380859e+01
1.033378791809082031e+01
1.033378791809082031e+01
1.033378791809082031e+01
1.033378791809082031e+01
1.033378791809082031e+01
1.033378791809082031e+01
1.033378791809082031e+01
1.033378791809082031e+01
1.033378791809082031e+01
1.033145141601562500e+01
1.033145141601562500e+01
1.033145141601562500e+01
1.033145141601562500e+01
1.033145141601562500e+01
1.033145141601562500e+01
1.033122539520263672e+01
1.033122539520263672e+01
1.033122539520263672e+01
1.033122539520263672e+01
1.033122539520263672e+01
1.033122539520263672e+01
1.033122539520263672e+01
1.033122539520263672e+01
1.033122539520263672e+01
1.032888984680175781e+01
1.032888984680175781e+01
1.032888984680175781e+01
1.032888984680175781e+01
1.032888984680175781e+01
1.032888984680175781e+01
1.032866287231445312e+01
1.032866287231445312e+01
1.032866287231445312e+01
1.032866287231445312e+01
1.032866287231445312e+01
1.032866287231445312e+01
1.032866287231445312e+01
1.032866287231445312e+01
1.032866287231445312e+01
1.032632732391357422e+01
1.032632732391357422e+01
1.032632732391357422e+01
1.032632732391357422e+01
1.032632732391357422e+01
1.032632732391357422e+01
1.032610130310058594e+01
1.032610130310058594e+01
1.032610130310058594e+01
1.032610130310058594e+01
1.032610130310058594e+01
1.032610130310058594e+01
1.032610130310058594e+01
1.032610130310058594e+01
1.032610130310058594e+01
1.032376480102539062e+01
1.032376480102539062e+01
1.032376480102539062e+01
1.032376480102539062e+01
1.032376480102539062e+01
1.032376480102539062e+01
1.032353878021240234e+01
1.032353878021240234e+01
1.032353878021240234e+01
1.032353878021240234e+01
1.032353878021240234e+01
1.032353878021240234e+01
1.032353878021240234e+01
1.032353878021240234e+01
1.032353878021240234e+01
1.031992244720458984e+01
1.031992244720458984e+01
1.031992244720458984e+01
1.031992244720458984e+01
1.031992244720458984e+01
1.031992244720458984e+01
1.031969642639160156e+01
1.031969642639160156e+01
1.031969642639160156e+01
1.031969642639160156e+01
1.031969642639160156e+01
1.031969642639160156e+01
1.031969642639160156e+01
1.031969642639160156e+01
1.031969642639160156e+01
1.031427001953125000e+01
1.031427001953125000e+01
1.031427001953125000e+01
1.031427001953125000e+01
1.031427001953125000e+01
1.031427001953125000e+01
1.031404399871826172e+01
1.031404399871826172e+01
1.031404399871826172e+01
1.031404399871826172e+01
1.031404399871826172e+01
1.031404399871826172e+01
1.031404399871826172e+01
1.031404399871826172e+01
1.031404399871826172e+01
1.030748844146728516e+01
1.030748844146728516e+01
1.030748844146728516e+01
1.030748844146728516e+01
1.030748844146728516e+01
1.030748844146728516e+01
1.030726242065429688e+01
1.030726242065429688e+01
1.030726242065429688e+01
1.030726242065429688e+01
1.030726242065429688e+01
1.030726242065429688e+01
1.030726242065429688e+01
1.030726242065429688e+01
1.030726242065429688e+01
1.029613399505615234e+01
1.029613399505615234e+01
1.029613399505615234e+01
1.029613399505615234e+01
1.029613399505615234e+01
1.029613399505615234e+01
1.029590225219726562e+01
1.029590225219726562e+01
1.029590225219726562e+01
1.029590225219726562e+01
1.029590225219726562e+01
1.029590225219726562e+01
1.029590225219726562e+01
1.029590225219726562e+01
1.029590225219726562e+01
1.027758026123046875e+01
1.027758026123046875e+01
1.027758026123046875e+01
1.027758026123046875e+01
1.027758026123046875e+01
1.027758026123046875e+01
1.027734851837158203e+01
1.027734851837158203e+01
1.027734851837158203e+01
1.027734851837158203e+01
1.027734851837158203e+01
1.027734851837158203e+01
1.027734851837158203e+01
1.027734851837158203e+01
1.027734851837158203e+01
1.025187206268310547e+01
1.025187206268310547e+01
1.025187206268310547e+01
1.025187206268310547e+01
1.025187206268310547e+01
1.025187206268310547e+01
1.025163364410400391e+01
1.025163364410400391e+01
1.025163364410400391e+01
1.025163364410400391e+01
1.025163364410400391e+01
1.025163364410400391e+01
1.025163364410400391e+01
1.025163364410400391e+01
1.025163364410400391e+01
1.021116638183593750e+01
1.021116638183593750e+01
1.021116638183593750e+01
1.021116638183593750e+01
1.021116638183593750e+01
1.021116638183593750e+01
1.021092128753662109e+01
1.021092128753662109e+01
1.021092128753662109e+01
1.021092128753662109e+01
1.021092128753662109e+01
1.021092128753662109e+01
1.021092128753662109e+01
1.021092128753662109e+01
1.021092128753662109e+01
1.014668655395507812e+01
1.014668655395507812e+01
1.014668655395507812e+01
1.014668655395507812e+01
1.014668655395507812e+01
1.014668655395507812e+01
1.014643478393554688e+01
1.014643478393554688e+01
1.014643478393554688e+01
1.014643478393554688e+01
1.014643478393554688e+01
1.014643478393554688e+01
1.014643478393554688e+01
1.014643478393554688e+01
1.014643478393554688e+01
1.004721927642822266e+01
1.004721927642822266e+01
1.004721927642822266e+01
1.004721927642822266e+01
1.004721927642822266e+01
1.004721927642822266e+01
1.004694461822509766e+01
1.004694461822509766e+01
1.004694461822509766e+01
1.004694461822509766e+01
1.004694461822509766e+01
1.004694461822509766e+01
1.004694461822509766e+01
1.004694461822509766e+01
1.004694461822509766e+01
9.881023406982421875e+00
9.881023406982421875e+00
9.881023406982421875e+00
9.881023406982421875e+00
9.881023406982421875e+00
9.881023406982421875e+00
9.880721092224121094e+00
9.880721092224121094e+00
9.880721092224121094e+00
9.880721092224121094e+00
9.880721092224121094e+00
9.880721092224121094e+00
9.880721092224121094e+00
9.880721092224121094e+00
