9.639227867126464844e+00
9.731752395629882812e+00
9.788417816162109375e+00
9.829065322875976562e+00
9.853388786315917969e+00
9.867982864379882812e+00
9.880145072937011719e+00
9.888414382934570312e+00
9.893927574157714844e+00
9.899441719055175781e+00
9.904875755310058594e+00
9.910120964050292969e+00
9.917988777160644531e+00
9.929558753967285156e+00
9.943443298339843750e+00
9.966584205627441406e+00
1.000253582000732422e+01
1.005108261108398438e+01
1.012291431427001953e+01
9.639227867126464844e+00
9.731752395629882812e+00
9.788417816162109375e+00
9.829065322875976562e+00
9.853388786315917969e+00
9.867982864379882812e+00
9.880145072937011719e+00
9.888414382934570312e+00
9.893927574157714844e+00
9.899441719055175781e+00
9.904875755310058594e+00
9.910120964050292969e+00
9.917988777160644531e+00
9.929558753967285156e+00
9.943443298339843750e+00
9.966584205627441406e+00
1.000253582000732422e+01
1.005108261108398438e+01
1.012291431427001953e+01
9.639227867126464844e+00
9.731752395629882812e+00
9.788417816162109375e+00
9.829065322875976562e+00
9.853388786315917969e+00
9.867982864379882812e+00
9.880145072937011719e+00
9.888414382934570312e+00
9.893927574157714844e+00
9.899441719055175781e+00
9.904875755310058594e+00
9.910120964050292969e+00
9.917988777160644531e+00
9.929558753967285156e+00
9.943443298339843750e+00
9.966584205627441406e+00
1.000253582000732422e+01
1.005108261108398438e+01
1.012291431427001953e+01
9.639227867126464844e+00
9.731752395629882812e+00
9.788417816162109375e+00
9.829065322875976562e+00
9.853388786315917969e+00
9.867982864379882812e+00
9.880145072937011719e+00
9.888414382934570312e+00
9.893927574157714844e+00
9.899441719055175781e+00
9.904875755310058594e+00
9.910120964050292969e+00
9.917988777160644531e+00
9.929558753967285156e+00
9.943443298339843750e+00
9.966584205627441406e+00
1.000253582000732422e+01
1.005108261108398438e+01
1.012291431427001953e+01
9.639227867126464844e+00
9.731752395629882812e+00
9.788417816162109375e+00
9.829065322875976562e+00
9.853388786315917969e+00
9.867982864379882812e+00
9.880145072937011719e+00
9.888414382934570312e+00
9.893927574157714844e+00
9.899441719055175781e+00
9.904875755310058594e+00
9.910120964050292969e+00
9.917988777160644531e+00
9.929558753967285156e+00
9.943443298339843750e+00
9.966584205627441406e+00
1.000253582000732422e+01
1.005108261108398438e+01
1.012291431427001953e+01
9.639227867126464844e+00
9.731752395629882812e+00
9.788417816162109375e+00
9.829065322875976562e+00
9.853388786315917969e+00
9.867982864379882812e+00
9.880145072937011719e+00
9.888414382934570312e+00
9.899441719055175781e+00
9.910120964050292969e+00
9.917988777160644531e+00
9.929558753967285156e+00
9.943443298339843750e+00
9.966584205627441406e+00
1.000253582000732422e+01
1.005108261108398438e+01
1.012291431427001953e+01
9.639227867126464844e+00
9.731752395629882812e+00
9.788417816162109375e+00
9.829065322875976562e+00
9.853388786315917969e+00
9.867982864379882812e+00
9.880145072937011719e+00
9.888414382934570312e+00
9.899441719055175781e+00
9.910120964050292969e+00
9.917988777160644531e+00
9.929558753967285156e+00
9.943443298339843750e+00
9.966584205627441406e+00
1.000253582000732422e+01
1.005108261108398438e+01
1.012291431427001953e+01
9.639227867126464844e+00
9.731752395629882812e+00
9.788417816162109375e+00
9.829065322875976562e+00
9.853388786315917969e+00
9.867982864379882812e+00
9.880145072937011719e+00
9.888414382934570312e+00
9.899441719055175781e+00
9.910120964050292969e+00
9.917988777160644531e+00
9.929558753967285156e+00
9.943443298339843750e+00
9.966584205627441406e+00
1.000253582000732422e+01
1.005108261108398438e+01
1.012291431427001953e+01
9.639227867126464844e+00
9.731752395629882812e+00
9.788417816162109375e+00
9.829065322875976562e+00
9.853388786315917969e+00
9.867982864379882812e+00
9.880145072937011719e+00
9.888414382934570312e+00
9.899441719055175781e+00
9.910120964050292969e+00
9.917988777160644531e+00
9.929558753967285156e+00
9.943443298339843750e+00
9.966584205627441406e+00
1.000253582000732422e+01
1.005108261108398438e+01
1.012291431427001953e+01
9.639227867126464844e+00
9.731752395629882812e+00
9.788417816162109375e+00
9.829065322875976562e+00
9.853388786315917969e+00
9.867982864379882812e+00
9.880145072937011719e+00
9.888414382934570312e+00
9.899441719055175781e+00
9.910120964050292969e+00
9.917988777160644531e+00
9.929558753967285156e+00
9.943443298339843750e+00
9.966584205627441406e+00
1.000253582000732422e+01
1.005108261108398438e+01
1.012291431427001953e+01
9.731752395629882812e+00
9.788417816162109375e+00
9.829065322875976562e+00
9.853388786315917969e+00
9.867982864379882812e+00
9.880145072937011719e+00
9.888414382934570312e+00
9.899441719055175781e+00
9.910120964050292969e+00
9.917988777160644531e+00
9.929558753967285156e+00
9.943443298339843750e+00
9.966584205627441406e+00
1.000253582000732422e+01
1.005108261108398438e+01
9.731752395629882812e+00
9.788417816162109375e+00
9.829065322875976562e+00
9.853388786315917969e+00
9.867982864379882812e+00
9.880145072937011719e+00
9.888414382934570312e+00
9.899441719055175781e+00
9.910120964050292969e+00
9.917988777160644531e+00
9.929558753967285156e+00
9.943443298339843750e+00
9.966584205627441406e+00
1.000253582000732422e+01
1.005108261108398438e+01
9.788417816162109375e+00
9.829065322875976562e+00
9.853388786315917969e+00
9.867982864379882812e+00
9.880145072937011719e+00
9.888414382934570312e+00
9.899441719055175781e+00
9.910120964050292969e+00
9.917988777160644531e+00
9.929558753967285156e+00
9.943443298339843750e+00
9.966584205627441406e+00
1.000253582000732422e+01
