9.492067337036132812e+00
9.583188056945800781e+00
9.638995170593261719e+00
9.679025650024414062e+00
9.702980995178222656e+00
9.717353820800781250e+00
9.729331016540527344e+00
9.737476348876953125e+00
9.742905616760253906e+00
9.748335838317871094e+00
9.753687858581542969e+00
9.758853912353515625e+00
9.766602516174316406e+00
9.777997970581054688e+00
9.791671752929687500e+00
9.814462661743164062e+00
9.849869728088378906e+00
9.897682189941406250e+00
9.968426704406738281e+00
9.492067337036132812e+00
9.583188056945800781e+00
9.638995170593261719e+00
9.679025650024414062e+00
9.702980995178222656e+00
9.717353820800781250e+00
9.729331016540527344e+00
9.737476348876953125e+00
9.742905616760253906e+00
9.748335838317871094e+00
9.753687858581542969e+00
9.758853912353515625e+00
9.766602516174316406e+00
9.777997970581054688e+00
9.791671752929687500e+00
9.814462661743164062e+00
9.849869728088378906e+00
9.897682189941406250e+00
9.968426704406738281e+00
9.492067337036132812e+00
9.583188056945800781e+00
9.638995170593261719e+00
9.679025650024414062e+00
9.702980995178222656e+00
9.717353820800781250e+00
9.729331016540527344e+00
9.737476348876953125e+00
9.742905616760253906e+00
9.748335838317871094e+00
9.753687858581542969e+00
9.758853912353515625e+00
9.766602516174316406e+00
9.777997970581054688e+00
9.791671752929687500e+00
9.814462661743164062e+00
9.849869728088378906e+00
9.897682189941406250e+00
9.968426704406738281e+00
9.492067337036132812e+00
9.583188056945800781e+00
9.638995170593261719e+00
9.679025650024414062e+00
9.702980995178222656e+00
9.717353820800781250e+00
9.729331016540527344e+00
9.737476348876953125e+00
9.742905616760253906e+00
9.748335838317871094e+00
9.753687858581542969e+00
9.758853912353515625e+00
9.766602516174316406e+00
9.777997970581054688e+00
9.791671752929687500e+00
9.814462661743164062e+00
9.849869728088378906e+00
9.897682189941406250e+00
9.968426704406738281e+00
9.492067337036132812e+00
9.583188056945800781e+00
9.638995170593261719e+00
9.679025650024414062e+00
9.702980995178222656e+00
9.717353820800781250e+00
9.729331016540527344e+00
9.737476348876953125e+00
9.742905616760253906e+00
9.748335838317871094e+00
9.753687858581542969e+00
9.758853912353515625e+00
9.766602516174316406e+00
9.777997970581054688e+00
9.791671752929687500e+00
9.814462661743164062e+00
9.849869728088378906e+00
9.897682189941406250e+00
9.968426704406738281e+00
9.492067337036132812e+00
9.583188056945800781e+00
9.638995170593261719e+00
9.679025650024414062e+00
9.702980995178222656e+00
9.717353820800781250e+00
9.729331016540527344e+00
9.737476348876953125e+00
9.748335838317871094e+00
9.758853912353515625e+00
9.766602516174316406e+00
9.777997970581054688e+00
9.791671752929687500e+00
9.814462661743164062e+00
9.849869728088378906e+00
9.897682189941406250e+00
9.968426704406738281e+00
9.492067337036132812e+00
9.583188056945800781e+00
9.638995170593261719e+00
9.679025650024414062e+00
9.702980995178222656e+00
9.717353820800781250e+00
9.729331016540527344e+00
9.737476348876953125e+00
9.748335838317871094e+00
9.758853912353515625e+00
9.766602516174316406e+00
9.777997970581054688e+00
9.791671752929687500e+00
9.814462661743164062e+00
9.849869728088378906e+00
9.897682189941406250e+00
9.968426704406738281e+00
9.492067337036132812e+00
9.583188056945800781e+00
9.638995170593261719e+00
9.679025650024414062e+00
9.702980995178222656e+00
9.717353820800781250e+00
9.729331016540527344e+00
9.737476348876953125e+00
9.748335838317871094e+00
9.758853912353515625e+00
9.766602516174316406e+00
9.777997970581054688e+00
9.791671752929687500e+00
9.814462661743164062e+00
9.849869728088378906e+00
9.897682189941406250e+00
9.968426704406738281e+00
9.492067337036132812e+00
9.583188056945800781e+00
9.638995170593261719e+00
9.679025650024414062e+00
9.702980995178222656e+00
9.717353820800781250e+00
9.729331016540527344e+00
9.737476348876953125e+00
9.748335838317871094e+00
9.758853912353515625e+00
9.766602516174316406e+00
9.777997970581054688e+00
9.791671752929687500e+00
9.814462661743164062e+00
9.849869728088378906e+00
9.897682189941406250e+00
9.968426704406738281e+00
9.492067337036132812e+00
9.583188056945800781e+00
9.638995170593261719e+00
9.679025650024414062e+00
9.702980995178222656e+00
9.717353820800781250e+00
9.729331016540527344e+00
9.737476348876953125e+00
9.748335838317871094e+00
9.758853912353515625e+00
9.766602516174316406e+00
9.777997970581054688e+00
9.791671752929687500e+00
9.814462661743164062e+00
9.849869728088378906e+00
9.897682189941406250e+00
9.968426704406738281e+00
9.583188056945800781e+00
9.638995170593261719e+00
9.679025650024414062e+00
9.702980995178222656e+00
9.717353820800781250e+00
9.729331016540527344e+00
9.737476348876953125e+00
9.748335838317871094e+00
9.758853912353515625e+00
9.766602516174316406e+00
9.777997970581054688e+00
9.791671752929687500e+00
9.814462661743164062e+00
9.849869728088378906e+00
9.897682189941406250e+00
9.583188056945800781e+00
9.638995170593261719e+00
9.679025650024414062e+00
9.702980995178222656e+00
9.717353820800781250e+00
9.729331016540527344e+00
9.737476348876953125e+00
9.748335838317871094e+00
9.758853912353515625e+00
9.766602516174316406e+00
9.777997970581054688e+00
9.791671752929687500e+00
9.814462661743164062e+00
9.849869728088378906e+00
9.897682189941406250e+00
9.638995170593261719e+00
9.679025650024414062e+00
9.702980995178222656e+00
9.717353820800781250e+00
9.729331016540527344e+00
9.737476348876953125e+00
9.748335838317871094e+00
9.758853912353515625e+00
9.766602516174316406e+00
9.777997970581054688e+00
9.791671752929687500e+00
9.814462661743164062e+00
9.849869728088378906e+00
