9.492191314697265625e+00
9.583311080932617188e+00
9.639117240905761719e+00
9.679146766662597656e+00
9.703102111816406250e+00
9.717474937438964844e+00
9.729452133178710938e+00
9.737596511840820312e+00
9.743026733398437500e+00
9.748456954956054688e+00
9.753808975219726562e+00
9.758974075317382812e+00
9.766722679138183594e+00
9.778118133544921875e+00
9.791791915893554688e+00
9.814582824707031250e+00
9.849989891052246094e+00
9.897801399230957031e+00
9.968545913696289062e+00
9.492191314697265625e+00
9.583311080932617188e+00
9.639117240905761719e+00
9.679146766662597656e+00
9.703102111816406250e+00
9.717474937438964844e+00
9.729452133178710938e+00
9.737596511840820312e+00
9.743026733398437500e+00
9.748456954956054688e+00
9.753808975219726562e+00
9.758974075317382812e+00
9.766722679138183594e+00
9.778118133544921875e+00
9.791791915893554688e+00
9.814582824707031250e+00
9.849989891052246094e+00
9.897801399230957031e+00
9.968545913696289062e+00
9.492191314697265625e+00
9.583311080932617188e+00
9.639117240905761719e+00
9.679146766662597656e+00
9.703102111816406250e+00
9.717474937438964844e+00
9.729452133178710938e+00
9.737596511840820312e+00
9.743026733398437500e+00
9.748456954956054688e+00
9.753808975219726562e+00
9.758974075317382812e+00
9.766722679138183594e+00
9.778118133544921875e+00
9.791791915893554688e+00
9.814582824707031250e+00
9.849989891052246094e+00
9.897801399230957031e+00
9.968545913696289062e+00
9.492191314697265625e+00
9.583311080932617188e+00
9.639117240905761719e+00
9.679146766662597656e+00
9.703102111816406250e+00
9.717474937438964844e+00
9.729452133178710938e+00
9.737596511840820312e+00
9.743026733398437500e+00
9.748456954956054688e+00
9.753808975219726562e+00
9.758974075317382812e+00
9.766722679138183594e+00
9.778118133544921875e+00
9.791791915893554688e+00
9.814582824707031250e+00
9.849989891052246094e+00
9.897801399230957031e+00
9.968545913696289062e+00
9.492191314697265625e+00
9.583311080932617188e+00
9.639117240905761719e+00
9.679146766662597656e+00
9.703102111816406250e+00
9.717474937438964844e+00
9.729452133178710938e+00
9.737596511840820312e+00
9.743026733398437500e+00
9.748456954956054688e+00
9.753808975219726562e+00
9.758974075317382812e+00
9.766722679138183594e+00
9.778118133544921875e+00
9.791791915893554688e+00
9.814582824707031250e+00
9.849989891052246094e+00
9.897801399230957031e+00
9.968545913696289062e+00
9.492191314697265625e+00
9.583311080932617188e+00
9.639117240905761719e+00
9.679146766662597656e+00
9.703102111816406250e+00
9.717474937438964844e+00
9.729452133178710938e+00
9.737596511840820312e+00
9.748456954956054688e+00
9.758974075317382812e+00
9.766722679138183594e+00
9.778118133544921875e+00
9.791791915893554688e+00
9.814582824707031250e+00
9.849989891052246094e+00
9.897801399230957031e+00
9.968545913696289062e+00
9.492191314697265625e+00
9.583311080932617188e+00
9.639117240905761719e+00
9.679146766662597656e+00
9.703102111816406250e+00
9.717474937438964844e+00
9.729452133178710938e+00
9.737596511840820312e+00
9.748456954956054688e+00
9.758974075317382812e+00
9.766722679138183594e+00
9.778118133544921875e+00
9.791791915893554688e+00
9.814582824707031250e+00
9.849989891052246094e+00
9.897801399230957031e+00
9.968545913696289062e+00
9.492191314697265625e+00
9.583311080932617188e+00
9.639117240905761719e+00
9.679146766662597656e+00
9.703102111816406250e+00
9.717474937438964844e+00
9.729452133178710938e+00
9.737596511840820312e+00
9.748456954956054688e+00
9.758974075317382812e+00
9.766722679138183594e+00
9.778118133544921875e+00
9.791791915893554688e+00
9.814582824707031250e+00
9.849989891052246094e+00
9.897801399230957031e+00
9.968545913696289062e+00
9.492191314697265625e+00
9.583311080932617188e+00
9.639117240905761719e+00
9.679146766662597656e+00
9.703102111816406250e+00
9.717474937438964844e+00
9.729452133178710938e+00
9.737596511840820312e+00
9.748456954956054688e+00
9.758974075317382812e+00
9.766722679138183594e+00
9.778118133544921875e+00
9.791791915893554688e+00
9.814582824707031250e+00
9.849989891052246094e+00
9.897801399230957031e+00
9.968545913696289062e+00
9.492191314697265625e+00
9.583311080932617188e+00
9.639117240905761719e+00
9.679146766662597656e+00
9.703102111816406250e+00
9.717474937438964844e+00
9.729452133178710938e+00
9.737596511840820312e+00
9.748456954956054688e+00
9.758974075317382812e+00
9.766722679138183594e+00
9.778118133544921875e+00
9.791791915893554688e+00
9.814582824707031250e+00
9.849989891052246094e+00
9.897801399230957031e+00
9.968545913696289062e+00
9.583311080932617188e+00
9.639117240905761719e+00
9.679146766662597656e+00
9.703102111816406250e+00
9.717474937438964844e+00
9.729452133178710938e+00
9.737596511840820312e+00
9.748456954956054688e+00
9.758974075317382812e+00
9.766722679138183594e+00
9.778118133544921875e+00
9.791791915893554688e+00
9.814582824707031250e+00
9.849989891052246094e+00
9.897801399230957031e+00
9.583311080932617188e+00
9.639117240905761719e+00
9.679146766662597656e+00
9.703102111816406250e+00
9.717474937438964844e+00
9.729452133178710938e+00
9.737596511840820312e+00
9.748456954956054688e+00
9.758974075317382812e+00
9.766722679138183594e+00
9.778118133544921875e+00
9.791791915893554688e+00
9.814582824707031250e+00
9.849989891052246094e+00
9.897801399230957031e+00
9.639117240905761719e+00
9.679146766662597656e+00
9.703102111816406250e+00
9.717474937438964844e+00
9.729452133178710938e+00
9.737596511840820312e+00
9.748456954956054688e+00
9.758974075317382812e+00
9.766722679138183594e+00
9.778118133544921875e+00
9.791791915893554688e+00
9.814582824707031250e+00
9.849989891052246094e+00
