9.056963920593261719e+00
9.143911361694335938e+00
9.197162628173828125e+00
9.235361099243164062e+00
9.258218765258789062e+00
9.271934509277343750e+00
9.283363342285156250e+00
9.291134834289550781e+00
9.296316146850585938e+00
9.301497459411621094e+00
9.306604385375976562e+00
9.311533927917480469e+00
9.318927764892578125e+00
9.329800605773925781e+00
9.342848777770996094e+00
9.364595413208007812e+00
9.398381233215332031e+00
9.444005012512207031e+00
9.511509895324707031e+00
9.056963920593261719e+00
9.143911361694335938e+00
9.197162628173828125e+00
9.235361099243164062e+00
9.258218765258789062e+00
9.271934509277343750e+00
9.283363342285156250e+00
9.291134834289550781e+00
9.296316146850585938e+00
9.301497459411621094e+00
9.306604385375976562e+00
9.311533927917480469e+00
9.318927764892578125e+00
9.329800605773925781e+00
9.342848777770996094e+00
9.364595413208007812e+00
9.398381233215332031e+00
9.444005012512207031e+00
9.511509895324707031e+00
9.056963920593261719e+00
9.143911361694335938e+00
9.197162628173828125e+00
9.235361099243164062e+00
9.258218765258789062e+00
9.271934509277343750e+00
9.283363342285156250e+00
9.291134834289550781e+00
9.296316146850585938e+00
9.301497459411621094e+00
9.306604385375976562e+00
9.311533927917480469e+00
9.318927764892578125e+00
9.329800605773925781e+00
9.342848777770996094e+00
9.364595413208007812e+00
9.398381233215332031e+00
9.444005012512207031e+00
9.511509895324707031e+00
9.056963920593261719e+00
9.143911361694335938e+00
9.197162628173828125e+00
9.235361099243164062e+00
9.258218765258789062e+00
9.271934509277343750e+00
9.283363342285156250e+00
9.291134834289550781e+00
9.296316146850585938e+00
9.301497459411621094e+00
9.306604385375976562e+00
9.311533927917480469e+00
9.318927764892578125e+00
9.329800605773925781e+00
9.342848777770996094e+00
9.364595413208007812e+00
9.398381233215332031e+00
9.444005012512207031e+00
9.511509895324707031e+00
9.056963920593261719e+00
9.143911361694335938e+00
9.197162628173828125e+00
9.235361099243164062e+00
9.258218765258789062e+00
9.271934509277343750e+00
9.283363342285156250e+00
9.291134834289550781e+00
9.296316146850585938e+00
9.301497459411621094e+00
9.306604385375976562e+00
9.311533927917480469e+00
9.318927764892578125e+00
9.329800605773925781e+00
9.342848777770996094e+00
9.364595413208007812e+00
9.398381233215332031e+00
9.444005012512207031e+00
9.511509895324707031e+00
9.056963920593261719e+00
9.143911361694335938e+00
9.197162628173828125e+00
9.235361099243164062e+00
9.258218765258789062e+00
9.271934509277343750e+00
9.283363342285156250e+00
9.291134834289550781e+00
9.301497459411621094e+00
9.311533927917480469e+00
9.318927764892578125e+00
9.329800605773925781e+00
9.342848777770996094e+00
9.364595413208007812e+00
9.398381233215332031e+00
9.444005012512207031e+00
9.511509895324707031e+00
9.056963920593261719e+00
9.143911361694335938e+00
9.197162628173828125e+00
9.235361099243164062e+00
9.258218765258789062e+00
9.271934509277343750e+00
9.283363342285156250e+00
9.291134834289550781e+00
9.301497459411621094e+00
9.311533927917480469e+00
9.318927764892578125e+00
9.329800605773925781e+00
9.342848777770996094e+00
9.364595413208007812e+00
9.398381233215332031e+00
9.444005012512207031e+00
9.511509895324707031e+00
9.056963920593261719e+00
9.143911361694335938e+00
9.197162628173828125e+00
9.235361099243164062e+00
9.258218765258789062e+00
9.271934509277343750e+00
9.283363342285156250e+00
9.291134834289550781e+00
9.301497459411621094e+00
9.311533927917480469e+00
9.318927764892578125e+00
9.329800605773925781e+00
9.342848777770996094e+00
9.364595413208007812e+00
9.398381233215332031e+00
9.444005012512207031e+00
9.511509895324707031e+00
9.056963920593261719e+00
9.143911361694335938e+00
9.197162628173828125e+00
9.235361099243164062e+00
9.258218765258789062e+00
9.271934509277343750e+00
9.283363342285156250e+00
9.291134834289550781e+00
9.301497459411621094e+00
9.311533927917480469e+00
9.318927764892578125e+00
9.329800605773925781e+00
9.342848777770996094e+00
9.364595413208007812e+00
9.398381233215332031e+00
9.444005012512207031e+00
9.511509895324707031e+00
9.056963920593261719e+00
9.143911361694335938e+00
9.197162628173828125e+00
9.235361099243164062e+00
9.258218765258789062e+00
9.271934509277343750e+00
9.283363342285156250e+00
9.291134834289550781e+00
9.301497459411621094e+00
9.311533927917480469e+00
9.318927764892578125e+00
9.329800605773925781e+00
9.342848777770996094e+00
9.364595413208007812e+00
9.398381233215332031e+00
9.444005012512207031e+00
9.511509895324707031e+00
9.143911361694335938e+00
9.197162628173828125e+00
9.235361099243164062e+00
9.258218765258789062e+00
9.271934509277343750e+00
9.283363342285156250e+00
9.291134834289550781e+00
9.301497459411621094e+00
9.311533927917480469e+00
9.318927764892578125e+00
9.329800605773925781e+00
9.342848777770996094e+00
9.364595413208007812e+00
9.398381233215332031e+00
9.444005012512207031e+00
9.143911361694335938e+00
9.197162628173828125e+00
9.235361099243164062e+00
9.258218765258789062e+00
9.271934509277343750e+00
9.283363342285156250e+00
9.291134834289550781e+00
9.301497459411621094e+00
9.311533927917480469e+00
9.318927764892578125e+00
9.329800605773925781e+00
9.342848777770996094e+00
9.364595413208007812e+00
9.398381233215332031e+00
9.444005012512207031e+00
9.197162628173828125e+00
9.235361099243164062e+00
9.258218765258789062e+00
9.271934509277343750e+00
9.283363342285156250e+00
9.291134834289550781e+00
9.301497459411621094e+00
9.311533927917480469e+00
9.318927764892578125e+00
9.329800605773925781e+00
9.342848777770996094e+00
9.364595413208007812e+00
9.398381233215332031e+00
