-2.164572511250206222e-01
-2.086397852777053807e-01
-1.945048438771534438e-01
-1.835000524827069546e-01
-1.892922182465580638e-01
-1.950863474751795834e-01
-1.927568624516850515e-01
-1.897831120935946636e-01
-1.835289375383787336e-01
-1.750684369787532668e-01
-1.679575557316694834e-01
-1.663827463680648544e-01
-1.834469421433889691e-01
-2.554294826098439386e-01
-5.285584109843239897e-01
-2.084052618553745850e-01
-1.985283288721466644e-01
-1.802294456094334918e-01
-1.648673525545902296e-01
-1.697720045877813555e-01
-1.748169890431902074e-01
-1.733950810417772825e-01
-1.699907511558653717e-01
-1.627743544181969038e-01
-1.531601800337869801e-01
-1.445267424749815954e-01
-1.404091494431754517e-01
-1.524595549639502501e-01
-2.149011776400350515e-01
-4.712941545362672735e-01
-2.061360634966617478e-01
-1.957822021552572123e-01
-1.759121737413630870e-01
-1.592338126206417903e-01
-1.634968264904086699e-01
-1.677707915157964913e-01
-1.660111675738725479e-01
-1.631793812495696827e-01
-1.557990490307884501e-01
-1.458745089404863693e-01
-1.368735163075463501e-01
-1.322075911705607176e-01
-1.433227099270010241e-01
-2.044573564268255539e-01
-4.600801435260383210e-01
-2.057661992773394122e-01
-1.949880359644919903e-01
-1.744313203151877101e-01
0.000000000000000000e+00
-1.601292078648167971e-01
-1.629416775673994955e-01
-1.597615421729486618e-01
-1.586805165446694699e-01
-1.510447403247008602e-01
-1.409109944458329655e-01
-1.315838039438872453e-01
-1.262882288403502640e-01
-1.363523408559519923e-01
-1.952917092975047231e-01
-4.493617829253883089e-01
-2.060131257130438653e-01
-1.950048360327740482e-01
-1.747768624603469878e-01
0.000000000000000000e+00
-1.548315310243424947e-01
-1.534956006563269471e-01
-1.491319799579014227e-01
-1.535942163657817716e-01
-1.493035757170621536e-01
-1.391119214546837624e-01
-1.290583596054188376e-01
-1.233686535172632270e-01
-1.324938007288901376e-01
-1.891251163328225848e-01
-4.417763377741824038e-01
-2.069945677266997464e-01
-1.958376078125462771e-01
-1.765388923379754837e-01
-1.586991556327716768e-01
-1.530551761502199903e-01
-1.457607524287526657e-01
-1.430352697463859457e-01
-1.481775424984470846e-01
-1.471085465486908495e-01
-1.356847490067949191e-01
-1.247595885532837151e-01
-1.178598489051027737e-01
-1.247398156334126595e-01
-1.781997899527110463e-01
-4.293337232519093272e-01
-2.091833193386924139e-01
-1.975305845700096874e-01
-1.782967325689460147e-01
0.000000000000000000e+00
-1.525791742155618025e-01
-1.431300138351667139e-01
-1.388963274920057556e-01
-1.443949137910300606e-01
-1.437889913283239840e-01
-1.315419074773073183e-01
-1.198348594014543023e-01
-1.118742956885826895e-01
-1.174474521672326105e-01
-1.704412557029415798e-01
-4.277882275876939699e-01
-2.123512729552366751e-01
-1.999860078831444954e-01
-1.803183269583364112e-01
0.000000000000000000e+00
-1.533103436070734904e-01
-1.426319021810163457e-01
-1.371658789773041731e-01
-1.421036471944751300e-01
-1.409493373177227726e-01
-1.278271565766364581e-01
-1.152882700581380204e-01
-1.061554556548548328e-01
-1.106496536741211484e-01
-1.642765708941630598e-01
-4.309683768093615086e-01
-2.172615388384051549e-01
-2.036195100585269924e-01
-1.830440723578203033e-01
-1.634101989778267427e-01
-1.544433042612517737e-01
-1.424881267818420283e-01
-1.356139121756764487e-01
-1.392712801270711565e-01
-1.366902088958466266e-01
-1.221219086969178580e-01
-1.085659681681706151e-01
-9.823555778627747481e-02
-1.029119224718663683e-01
-1.610151591199904808e-01
-4.454440346564468300e-01
-2.209807006212010927e-01
-2.055607544917140983e-01
-1.838275639372984882e-01
-1.620144105887469932e-01
-1.529740795243152429e-01
-1.403600075150483739e-01
-1.317289897191642467e-01
-1.337271193218265430e-01
-1.293536121634654978e-01
-1.129882715742414334e-01
-9.843641884956903787e-02
-8.851407728672115727e-02
-9.726846150994064577e-02
-1.665669248944162406e-01
-4.827448598418478953e-01
-2.189408404785591622e-01
-2.026872099729982168e-01
-1.807803357497012320e-01
0.000000000000000000e+00
-1.493621201525405229e-01
-1.361526067108209115e-01
-1.273405215123413203e-01
-1.281907155851467750e-01
-1.231656284945592122e-01
-1.066571831261704240e-01
-9.288786790302441809e-02
-8.620683334127740571e-02
-1.034480797127476509e-01
-1.908707471314531334e-01
-5.456628439602249081e-01
-2.085345048498045140e-01
-1.936884158675123979e-01
-1.737006625306936614e-01
-1.543012710913807817e-01
-1.456879659600804622e-01
-1.341889068777242788e-01
-1.265460926044589263e-01
-1.275558112762520679e-01
-1.238439364366533818e-01
-1.101350461504559813e-01
-1.002504736300051519e-01
-1.003818460158057979e-01
-1.306443413601114656e-01
-2.413627785236721890e-01
-6.400352571562817339e-01
-1.950418929735114326e-01
-1.813554788280485608e-01
-1.640302252015597151e-01
-1.478582858922213028e-01
-1.408080231631198276e-01
-1.316032035289075863e-01
-1.255268746347976416e-01
-1.275607475926114898e-01
-1.265167927322863595e-01
-1.187272578626910602e-01
-1.162175488968193587e-01
-1.280580849226270468e-01
-1.787374474466035257e-01
-3.199716945642865906e-01
-7.389423337212570608e-01
-2.002680001403825127e-01
-1.866725967351933191e-01
-1.724316558914724684e-01
-1.599685632612769803e-01
-1.549791918714075456e-01
-1.484255059754035211e-01
-1.448909651898931672e-01
-1.474385607295038148e-01
-1.495019271405239325e-01
-1.485909624503525261e-01
-1.551774326771357959e-01
-1.803100582827539822e-01
-2.456413341850020859e-01
-4.065242359773235670e-01
-8.181323523706135470e-01
-2.048856406366760252e-01
-1.841152115261639743e-01
-1.810772890554011305e-01
-1.800783694398452595e-01
-1.752746422612967148e-01
-1.679831360825516096e-01
-1.634645814210805015e-01
-1.664717106802679203e-01
-1.701906235731633632e-01
-1.733819313587021960e-01
-1.846727663848777568e-01
-2.162235711629081070e-01
-2.885494552470681540e-01
-4.579197238810496784e-01
