-1.522573678705778200e+00
-1.461323975935850727e+00
-1.438892469456786172e+00
-1.438440706632990951e+00
-1.438979525613085508e+00
-1.433614565536182939e+00
-1.429031451599971803e+00
-1.430320590666698255e+00
-1.436792170549978875e+00
-1.453013929321062436e+00
-1.488401316606045910e+00
-1.528837297249995286e+00
-1.391091228260251000e+00
-9.144911835167935932e-01
-4.163744132962504119e-01
-1.571918590373925229e+00
-1.488280079570081460e+00
-1.437187407711932874e+00
-1.419810578567179071e+00
-1.415131559055984978e+00
-1.409264615704257873e+00
-1.411693006808757866e+00
-1.414582452626670817e+00
-1.423356983104612006e+00
-1.441462893731157102e+00
-1.476433252160678222e+00
-1.509275104161338588e+00
-1.358706227499129060e+00
-8.584973164296274550e-01
-3.641356864097154422e-01
-1.546035478755075188e+00
-1.490559468587496994e+00
-1.441446411688858786e+00
0.000000000000000000e+00
-1.405430494441876066e+00
-1.402158864354567269e+00
-1.404643449267707789e+00
-1.407914968737282946e+00
-1.418270226627573516e+00
-1.436846373239415664e+00
-1.471291629287801772e+00
-1.500788401026079910e+00
-1.351032896558622021e+00
-8.489114048761380316e-01
-3.527843987921578939e-01
-1.507009874213816714e+00
-1.476249626722994757e+00
-1.443246936537760927e+00
-1.411714356031331885e+00
-1.403316478936109224e+00
-1.395475340893815641e+00
-1.393674926662647140e+00
-1.397201530625775678e+00
-1.411690351983152736e+00
-1.432216468001915377e+00
-1.466254208319923924e+00
-1.493187524701044433e+00
-1.345895477159620102e+00
-8.409510762259502226e-01
-3.418608699502164727e-01
-1.480481861208402750e+00
-1.459464159981769038e+00
-1.438327655309308506e+00
-1.411808712958045220e+00
-1.400420949142851423e+00
-1.389957949580088670e+00
-1.389300990860568685e+00
-1.392553484079974258e+00
-1.405184923073407477e+00
-1.427692866406351291e+00
-1.462796961675727703e+00
-1.487761503635225191e+00
-1.347133510833449010e+00
-8.374075477495893649e-01
-3.338097517952220428e-01
-1.460432618238949987e+00
-1.441041440166352938e+00
-1.426860246725962789e+00
0.000000000000000000e+00
-1.393607007374250806e+00
-1.385143533963036466e+00
-1.385597177288302007e+00
-1.389539703929557390e+00
-1.399760671891325137e+00
-1.425785042355911303e+00
-1.462174736924540586e+00
-1.484238992528237766e+00
-1.345938507457968836e+00
-8.339930548594081117e-01
-3.211641813863284067e-01
-1.447992437306814928e+00
-1.428117859738628814e+00
-1.414723047766005770e+00
-1.394004235655408763e+00
-1.385394525600448734e+00
-1.379872488341912895e+00
-1.382392360312054036e+00
-1.384997629172491473e+00
-1.394107663236272776e+00
-1.422016074938587060e+00
-1.459046467419905291e+00
-1.479111639342988616e+00
-1.348093783378347732e+00
-8.407482033026298929e-01
-3.164373750142432939e-01
-1.439684603046697431e+00
-1.420151391804229224e+00
-1.406658351284218789e+00
-1.383050093355708832e+00
-1.376492563493464161e+00
-1.373703558577609618e+00
-1.378255810166161721e+00
-1.380825128263197143e+00
-1.390377412025689097e+00
-1.418605730213413629e+00
-1.455187235932008827e+00
-1.475143560005284238e+00
-1.355132279146043395e+00
-8.523163846412346034e-01
-3.150161583736650339e-01
-1.432190804687733188e+00
-1.413576273722350951e+00
-1.400931671218625940e+00
0.000000000000000000e+00
-1.369451965988831121e+00
-1.367149568482838307e+00
-1.372656893582812732e+00
-1.375095461518798690e+00
-1.386376368603388531e+00
-1.415100696708326167e+00
-1.449464095633889560e+00
-1.473175449290062611e+00
-1.369211261800638679e+00
-8.767408908255683864e-01
-3.216380401023991586e-01
-1.425129189813726605e+00
-1.406997726490732958e+00
-1.395543038946744696e+00
-1.369841340410907327e+00
-1.363566217622401489e+00
-1.360793362895644343e+00
-1.365319951170014257e+00
-1.367552659503874057e+00
-1.379457671841121558e+00
-1.408916612314527361e+00
-1.441032369512202260e+00
-1.473670021176739509e+00
-1.390006178911914025e+00
-9.239575726091883157e-01
-3.478393989406564635e-01
-1.410944014134928759e+00
-1.393109448808768303e+00
-1.382781955969597298e+00
-1.357830135049457487e+00
-1.351366409025258397e+00
-1.349350068978211414e+00
-1.353802100900172167e+00
-1.353732301110305736e+00
-1.366661191189239899e+00
-1.395960510273141164e+00
-1.426863233404768394e+00
-1.468671537651069503e+00
-1.410428867349812654e+00
-9.839434124645042301e-01
-4.006715899676570602e-01
-1.374271912492560643e+00
-1.357088332528308738e+00
-1.347563813816936573e+00
-1.323138865161668676e+00
-1.318292038548687817e+00
-1.314859791512272613e+00
-1.318596347933668422e+00
-1.317321257319102212e+00
-1.331876006845671867e+00
-1.360858184887501432e+00
-1.391310693843603064e+00
-1.443184879989242386e+00
-1.420829920981790506e+00
-1.052543884863923251e+00
-4.855866294166031327e-01
-1.300572294429946263e+00
-1.285652395764946609e+00
-1.276788043687367313e+00
-1.253454560208981938e+00
-1.248693572957231490e+00
-1.246134321073948614e+00
-1.249151419756371784e+00
-1.247520140039792613e+00
-1.264084924402597343e+00
-1.291936478589869708e+00
-1.321656366296706686e+00
-1.388955863531910140e+00
-1.392552267284905110e+00
-1.104179800411507983e+00
-5.870313320979534399e-01
-1.217195947654602595e+00
-1.205381641858861652e+00
-1.196930889487004768e+00
0.000000000000000000e+00
-1.170022572713665276e+00
-1.170099120185278174e+00
-1.174071292379123443e+00
-1.174501816598078063e+00
-1.191889486280719446e+00
-1.216361447472743773e+00
-1.245798596252641444e+00
-1.317722467838667866e+00
-1.338717381812191576e+00
-1.125410772628415490e+00
-6.781291285278958636e-01
-1.099766042225353457e+00
-1.193261367412136842e+00
-1.175558437188894079e+00
-1.161362863443143212e+00
-1.150399318636092127e+00
-1.138288778549919167e+00
-1.129332171282563912e+00
-1.121179533702609143e+00
-1.137972854302916392e+00
-1.156791253751220827e+00
-1.181091757456251390e+00
-1.246393055952708995e+00
-1.285305609170285024e+00
-1.116832256774314747e+00
