-1.873239277775193556e-01
-1.945111076063153754e-01
-1.964631372685230748e-01
-1.995581108353614297e-01
-2.010734908216193495e-01
-2.027182659016908139e-01
-2.034799381332273727e-01
-2.041924407822034437e-01
-2.042027835402898395e-01
-2.041753088607207445e-01
-2.047204745332775744e-01
-2.053935419602450629e-01
-2.061463786003147614e-01
-2.069062532936812304e-01
-2.069156004921657299e-01
-2.074179571018408552e-01
-2.089127621896595399e-01
-2.104154902726433074e-01
-2.083682463962872877e-01
-1.687231963743969498e-01
-1.754654855060941709e-01
-1.784958583165426049e-01
-1.817451159672419658e-01
-1.835740834008815492e-01
-1.846313676980987639e-01
-1.857374205885923835e-01
-1.863508788843961650e-01
-1.868627901008061976e-01
-1.873252275358884833e-01
-1.875381528457447378e-01
-1.876620585345311343e-01
-1.880492759108032541e-01
-1.887777213406264254e-01
-1.894597349767943306e-01
-1.898142233311540250e-01
-1.919927981116605897e-01
-1.932862236155617197e-01
-1.918981508133966729e-01
-1.658759788762646237e-01
-1.725174122894027606e-01
-1.753340992930768061e-01
-1.787388854771396196e-01
-1.808590126126846942e-01
-1.819069497114174094e-01
-1.828617466785057710e-01
-1.834979092641195464e-01
-1.839601531181681293e-01
-1.841746685579440934e-01
-1.843711533071522857e-01
-1.845610839556480198e-01
-1.850350394622356232e-01
-1.856565866798048359e-01
-1.862134225232505713e-01
-1.868994183978260615e-01
-1.886948271765516161e-01
-1.901890930029192517e-01
-1.890100738899364030e-01
-1.652672909702199433e-01
-1.712374130129105942e-01
-1.743362720276396827e-01
-1.776495635188445887e-01
-1.797334771738705594e-01
-1.809491245838732720e-01
-1.818124959941871954e-01
-1.823229830072778390e-01
-1.825963332540827266e-01
-1.828247450466351787e-01
-1.830440447033869211e-01
-1.832814441867898769e-01
-1.837264731560556141e-01
-1.843743197397750000e-01
-1.848545666299579449e-01
-1.855304686363475342e-01
-1.874785022329309436e-01
-1.888991796120581546e-01
-1.881441444445342559e-01
-1.602257356645509778e-01
-1.663220034051322849e-01
-1.697033248024669705e-01
-1.731774544782453962e-01
-1.753782219415443433e-01
-1.765634079931722722e-01
-1.773446872179795519e-01
-1.777862593830720483e-01
-1.780218060194381224e-01
-1.782274029044470520e-01
-1.784351568352601225e-01
-1.786714777957610079e-01
-1.791195625799159030e-01
-1.798077155002955341e-01
-1.803548031559726872e-01
-1.811486098391038857e-01
-1.830297750157597048e-01
-1.845416428889775917e-01
-1.843337921676476698e-01
-1.523331327217256892e-01
-1.587553494414122301e-01
-1.627199443205097629e-01
-1.665003191916058223e-01
-1.688620078027784632e-01
-1.699637880833139159e-01
-1.706579143613049243e-01
-1.709813053053219345e-01
-1.713765286400593391e-01
-1.718220139074759789e-01
-1.722003680378478563e-01
-1.729670318946106011e-01
-1.735972072953962664e-01
-1.745943017183486656e-01
-1.764270716365788083e-01
-1.780796314396484448e-01
-1.786387626010652319e-01
-1.470112167703884754e-01
-1.537136282091429440e-01
-1.583874486868603049e-01
-1.625930242984842955e-01
-1.650470095810830096e-01
-1.659939388618730249e-01
-1.665332279673352733e-01
-1.667775963679515305e-01
-1.671111779706713207e-01
-1.674899607447606631e-01
-1.678247591425494623e-01
-1.685145713289322444e-01
-1.693017824297008422e-01
-1.705689500491018584e-01
-1.724549824060336300e-01
-1.741012231710745706e-01
-1.752763983178167173e-01
-1.494343120508949130e-01
-1.560407349513662500e-01
-1.611176741045527439e-01
-1.655269937541487824e-01
-1.679361373730119400e-01
-1.687325435728814493e-01
-1.691039426132567303e-01
-1.692862682925712625e-01
-1.695146247762569502e-01
-1.698210220709581997e-01
-1.701457542549944246e-01
-1.707615631776360221e-01
-1.715629056938649533e-01
-1.730239585457358786e-01
-1.749586350509937938e-01
-1.764960417934437198e-01
-1.777944312681376537e-01
-1.517853260507805169e-01
-1.588238771273429717e-01
-1.645678965226688995e-01
-1.691642154508217200e-01
-1.716416931745819163e-01
-1.725233165109306688e-01
-1.729498723186945197e-01
-1.731602395934625505e-01
-1.734124203715103618e-01
-1.737146141923369413e-01
-1.740092030439823190e-01
-1.745538156278714226e-01
-1.752989366810263905e-01
-1.768663899653503402e-01
-1.789327568823928238e-01
-1.803325966459636553e-01
-1.818448378540322430e-01
-1.527415195667548853e-01
-1.611284593335733095e-01
-1.677658413722203645e-01
-1.725694302786019985e-01
-1.754206438423586145e-01
-1.766884475137275035e-01
-1.774416713158646075e-01
-1.778549253411697284e-01
-1.783176946294526555e-01
-1.787086730086653030e-01
-1.789704498750980810e-01
-1.793528000710942483e-01
-1.798552534712862250e-01
-1.812224195218113676e-01
-1.828988174464598326e-01
-1.844566055063153465e-01
-1.870184154246864461e-01
-1.720352987249662291e-01
-1.795474319732655866e-01
-1.843917143783748713e-01
-1.879344270489508029e-01
-1.897313844759459522e-01
-1.908418620757813544e-01
-1.914513104787441411e-01
-1.921287196517532658e-01
-1.926993827118920477e-01
-1.930796311709508661e-01
-1.935701102014866781e-01
-1.941140314245411169e-01
-1.949347458713569792e-01
-1.951872308481720497e-01
-1.961824171152208030e-01
-2.023109990612137754e-01
-2.100257701701497559e-01
-2.149257347768819271e-01
-2.183917893581115988e-01
-2.204303082607343145e-01
-2.220907634045356793e-01
-2.231765179409239130e-01
-2.244797054598103025e-01
-2.255188899303763594e-01
-2.261020666216223551e-01
-2.266972038553078383e-01
-2.271409192389877429e-01
-2.272238134030625800e-01
-2.268084299863867004e-01
-2.280656973186354908e-01
-2.803287877609836332e-01
-2.860489413802973502e-01
-2.896851951718017459e-01
-2.916739360943295112e-01
-2.932004884716754023e-01
-2.942113962841041430e-01
-2.956117891363426731e-01
-2.970833921545504297e-01
-2.982155370029437869e-01
-2.998938569107125751e-01
-3.017109744196462273e-01
-3.034110583664898497e-01
-3.031106482566167104e-01
