2.372096155452962374e-01
2.373642761033711579e-01
2.368046901130673176e-01
2.347895069672092938e-01
2.331212012183748461e-01
2.313575521872812124e-01
2.308403185179981887e-01
2.301172811862935430e-01
2.302461067580885701e-01
2.303602886881225276e-01
2.296163578066700017e-01
2.286726522211163515e-01
2.277601136511916979e-01
2.270775956653442729e-01
2.267057809314171057e-01
2.246071175799521924e-01
2.228949978470622373e-01
2.205044428760887798e-01
2.211418129967739066e-01
2.358317543650167991e-01
2.369384831184410956e-01
2.359951878948927939e-01
2.340723511202012497e-01
2.324128234605110366e-01
2.313171612296993085e-01
2.304329634841942587e-01
2.297880299527166603e-01
2.293900910950265049e-01
2.289948015421589822e-01
2.285403712489461892e-01
2.280785170494833147e-01
2.274379220064374207e-01
2.266143668056200267e-01
2.256230367436568574e-01
2.238013313243903124e-01
2.217220144996492059e-01
2.193885518008609481e-01
2.195278963370334568e-01
2.338996338956960686e-01
2.348937923291514462e-01
2.340408852032682674e-01
2.321365721315336028e-01
2.305298554019076795e-01
2.294982277035765572e-01
2.286130072227749999e-01
2.279869428278630539e-01
2.275612376880829235e-01
2.271262187605455340e-01
2.266890207792230383e-01
2.262605192174977631e-01
2.256426339381763790e-01
2.247951585007043618e-01
2.237687149821325494e-01
2.220319068414365327e-01
2.199723424221379231e-01
2.176785105165660317e-01
2.179749330848111399e-01
2.324031483395193887e-01
2.333322064084686343e-01
2.325678740895702756e-01
2.307084462044632078e-01
2.291225432630277226e-01
2.281251902810483567e-01
2.272621528249489375e-01
2.266359305309023908e-01
2.262067115609225632e-01
2.257758739022003303e-01
2.253446182061676906e-01
2.249130419008740500e-01
2.242806754110470147e-01
2.234244448657136950e-01
2.224136913363367885e-01
2.207007902618412509e-01
2.185853419004254172e-01
2.164343326736978268e-01
2.168444871135407070e-01
2.313899305762567304e-01
2.322390654071729010e-01
2.315718404723088875e-01
2.296327227093497569e-01
2.280764918422330256e-01
2.271074134151993273e-01
2.262587187466109928e-01
2.256442189832446044e-01
2.252211570283356723e-01
2.247943594188306637e-01
2.243647412698985544e-01
2.239341126856789210e-01
2.232973076215639952e-01
2.224185154699515055e-01
2.213883480788823022e-01
2.197612010243696068e-01
2.177529946373129022e-01
2.156296836096893710e-01
2.160443574257621402e-01
2.307085713364473989e-01
2.313810860625984123e-01
2.307683905571224492e-01
2.287353247843933179e-01
2.271984738603105847e-01
2.262629505393049245e-01
2.254733751855868551e-01
2.248235026659193558e-01
2.239950178956168769e-01
2.231474087013614882e-01
2.224556628414712522e-01
2.215936761362034269e-01
2.205253531321648142e-01
2.189920096551370154e-01
2.171378898004107105e-01
2.150477745524380646e-01
2.153435656667077869e-01
2.312324740077550955e-01
2.316725828920018770e-01
2.308792438012003678e-01
2.288809124238837533e-01
2.272984239298498632e-01
2.264316899120152604e-01
2.256906636793170884e-01
2.249961444052423765e-01
2.241871921853054173e-01
2.233402692350772989e-01
2.226041831325171749e-01
2.217736920890638619e-01
2.206373983269251937e-01
2.192242824574362203e-01
2.174633498370195928e-01
2.154387199774457917e-01
2.154582981293405586e-01
2.320083192801283278e-01
2.322709549486951797e-01
2.312329248489016498e-01
2.292386561239098675e-01
2.278102244077895300e-01
2.269382011920349773e-01
2.261125563629585444e-01
2.254926439834276930e-01
2.246270818662816637e-01
2.237753017019475654e-01
2.231606833051724692e-01
2.222836526877167984e-01
2.212540244334715023e-01
2.198216864576499063e-01
2.180780220814998449e-01
2.160931029263634118e-01
2.160076889891842100e-01
2.375353113609172673e-01
2.373883022351118977e-01
2.358896624885600812e-01
2.335005490731528188e-01
2.319359237415455077e-01
2.309823019326387727e-01
2.301473044270179735e-01
2.295557283545866523e-01
2.287538350458304948e-01
2.279860634808074937e-01
2.274216318935983194e-01
2.265582646138598055e-01
2.254769886551790947e-01
2.238557816384206534e-01
2.219203489074203228e-01
2.201482202490348261e-01
2.199671073704896063e-01
2.568691991219214099e-01
2.551226586815993347e-01
2.519937940784793828e-01
2.486589007013198516e-01
2.468342138641415051e-01
2.457672343076624799e-01
2.448116663949415628e-01
2.441298142794199599e-01
2.431993499849358364e-01
2.422797700868912496e-01
2.415998271310817458e-01
2.405761561502268997e-01
2.392777915321681603e-01
2.371401808433961089e-01
2.348711771968010620e-01
2.331709921059425261e-01
2.326456639844577401e-01
2.881853482853324322e-01
2.854074594023779388e-01
2.817104145461427622e-01
2.791206174823601116e-01
2.775079797579977359e-01
2.760560447315572041e-01
2.749929515388131462e-01
2.735078472020495699e-01
2.720298110575855022e-01
2.709687257471971034e-01
2.695705451384690643e-01
2.682037076846308099e-01
2.668160196799742034e-01
2.655615299412933950e-01
2.620215637848357093e-01
3.288030612577350076e-01
3.281996706265823960e-01
3.278554619960553085e-01
3.276126167223619712e-01
3.271153734739923324e-01
3.264227244178629639e-01
3.258001970229186250e-01
3.247506689222395826e-01
3.234891163275043224e-01
3.224503701137012013e-01
3.208719409771397246e-01
3.190574134013834939e-01
3.164625494144440165e-01
3.140380838172830980e-01
3.133644045978869475e-01
3.474215824141918540e-01
3.466273569245834629e-01
3.455490023389113929e-01
3.447549661448567337e-01
3.440162215594081419e-01
3.434930731180926844e-01
3.427815736026434967e-01
3.420079554019174184e-01
3.413551780213089915e-01
3.402880371641910928e-01
3.390602859822492987e-01
3.376801278049268995e-01
3.381911933402925730e-01
