1.428205440551182093e-01
1.488769582162882965e-01
1.554946812344061013e-01
1.644720484275083439e-01
1.709886518449978965e-01
1.782036124462046400e-01
1.842648191267380331e-01
1.932843548474872386e-01
2.044110667613236454e-01
2.171536145508441706e-01
2.342134708731649362e-01
2.635603210787247908e-01
3.130982111358586173e-01
4.024869869730842153e-01
5.311815181222876436e-01
1.357078002132457717e-01
1.391078515382020153e-01
1.448776567008966953e-01
1.506174958255017959e-01
1.538783327023485747e-01
1.586232656783145845e-01
1.654007638584366058e-01
1.733132157647605531e-01
1.834839597642196063e-01
1.953494233310931194e-01
2.110442725037297573e-01
2.382335204340451651e-01
2.828532950670681334e-01
3.621613174820515479e-01
4.739502822585692776e-01
1.329974451505504807e-01
1.346900633593754171e-01
1.405751649799806824e-01
1.469257094111187378e-01
1.494475869361413800e-01
1.536135287751177469e-01
1.604933963876579439e-01
1.682532040108166427e-01
1.785562977894668557e-01
1.906282942617118226e-01
2.064039179861103801e-01
2.336462701419427246e-01
2.775978004655432207e-01
3.555687157041307889e-01
4.639514874760113372e-01
1.316716764852574328e-01
1.323496062404161400e-01
1.375947377940944238e-01
0.000000000000000000e+00
1.459354061525387214e-01
1.498045118793045749e-01
1.568361153346804482e-01
1.641792650865357972e-01
1.744347301785125204e-01
1.864637755732579671e-01
2.019793141706337503e-01
2.286930610844960798e-01
2.712861947613420810e-01
3.456816469010449144e-01
4.489703024744727267e-01
1.304449651008808553e-01
1.306809405598297058e-01
1.352562343582203730e-01
0.000000000000000000e+00
1.438367218950541981e-01
1.484520240692396853e-01
1.557115861489895003e-01
1.611126313044574654e-01
1.708935239037876197e-01
1.827995826893599185e-01
1.980897093686376509e-01
2.241021293535531422e-01
2.646194629556444244e-01
3.337268925103890060e-01
4.303122995998182043e-01
1.286700862709786175e-01
1.287270996442927973e-01
1.325046521441023972e-01
1.368754291346532259e-01
1.404869279425609296e-01
1.457759966645125194e-01
1.523200545956300000e-01
1.573442898502244169e-01
1.662588735761526271e-01
1.788450944993015268e-01
1.942092298779231896e-01
2.198542463999764718e-01
2.588307595806449424e-01
3.233588454637967846e-01
4.126356553656681525e-01
1.261369163224251300e-01
1.262192065536170693e-01
1.294753723899793041e-01
0.000000000000000000e+00
1.370190451561074940e-01
1.421452262882256512e-01
1.478172882191645665e-01
1.525576908222046613e-01
1.609306753972805648e-01
1.738284693336713260e-01
1.887303721636330867e-01
2.129268254296587670e-01
2.494661929501574560e-01
3.089488856864729960e-01
3.923227913297438474e-01
1.233688916965196142e-01
1.235778767074400403e-01
1.265199343983872127e-01
0.000000000000000000e+00
1.337710438145909841e-01
1.388272650856800239e-01
1.446403483359215703e-01
1.483971418311310631e-01
1.565611992365489036e-01
1.696574614306249340e-01
1.839078894948881771e-01
2.057419401499221423e-01
2.393065716766011319e-01
2.941266230249252600e-01
3.730617591537279121e-01
1.203040102841989728e-01
1.204931290795699383e-01
1.231385386170925772e-01
1.266500174860338279e-01
1.297018286831601308e-01
1.343706863176314104e-01
1.398200975664150580e-01
1.433009070791035622e-01
1.507794612893277875e-01
1.631550600717525112e-01
1.770621848030911050e-01
1.959344595376709686e-01
2.253056834827431298e-01
2.755795774426470501e-01
3.517646816051030467e-01
1.162949842290499219e-01
1.164654343593936325e-01
1.189860502926196051e-01
1.226857187625751411e-01
1.251525818518932076e-01
1.289503800803101785e-01
1.335181462131262986e-01
1.361463007743269893e-01
1.415341023184930325e-01
1.508527161467372035e-01
1.633301339920675832e-01
1.818798879705212090e-01
2.088664136788229708e-01
2.568905644394023913e-01
3.376550871640923712e-01
1.123204093890652483e-01
1.122525881882782683e-01
1.144182900186675456e-01
0.000000000000000000e+00
1.195367348051976780e-01
1.230029883065637542e-01
1.267771649775889520e-01
1.294199898733980059e-01
1.351582182877761606e-01
1.447440267883595144e-01
1.570918833642337142e-01
1.772150997936318695e-01
2.079404301874655525e-01
2.569263358174377898e-01
3.387873552264517030e-01
1.131068901530384169e-01
1.136192973379729076e-01
1.165237670629188649e-01
1.204747524151239119e-01
1.233034437660110033e-01
1.274749358523980247e-01
1.326911824290586683e-01
1.371677199138137682e-01
1.452253992072418676e-01
1.577422317997647094e-01
1.733400779375696976e-01
1.965683800771062528e-01
2.283551123646956338e-01
2.778662572190417901e-01
3.482292507570249329e-01
1.303159256619426665e-01
1.304260600124368397e-01
1.336715007820199475e-01
1.381539391136155925e-01
1.413426866755338462e-01
1.461715611075176668e-01
1.533005838700795265e-01
1.582674257319350852e-01
1.678183998752563189e-01
1.824904509319771051e-01
2.000401492332210540e-01
2.251390779168723766e-01
2.604495660484799635e-01
3.078642509829134233e-01
3.509174010392523413e-01
1.624918006891109545e-01
1.607489824608772655e-01
1.639402684422407719e-01
1.687234407757569332e-01
1.721560964041413122e-01
1.778592543932017711e-01
1.857913938978984214e-01
1.914662120268784962e-01
2.026965208967845822e-01
2.190742468067533033e-01
2.382759294763787949e-01
2.632529577387467956e-01
2.917971588396482963e-01
3.283863505313253661e-01
3.412603880906103226e-01
1.843566491611975389e-01
1.818450178812953677e-01
1.817904416775468213e-01
1.820915578002832436e-01
1.844431553555313796e-01
1.889228560893506936e-01
1.963413180445993667e-01
2.014794153299228896e-01
2.128311660092882807e-01
2.277256345409371940e-01
2.455178473472810208e-01
2.698181604215453278e-01
3.026576329617919892e-01
3.360497505254971262e-01
