4.149170696735382080e+00
4.202176272869110107e+00
4.285987734794616699e+00
4.361173808574676514e+00
4.420069992542266846e+00
4.446486473083496094e+00
4.465688467025756836e+00
4.479947030544281006e+00
4.490682423114776611e+00
4.494090795516967773e+00
4.499902784824371338e+00
4.511482834815979004e+00
4.521183729171752930e+00
4.541904747486114502e+00
4.557623982429504395e+00
4.584321200847625732e+00
4.603575408458709717e+00
4.624417543411254883e+00
4.544344186782836914e+00
4.146461963653564453e+00
4.200150370597839355e+00
4.281203508377075195e+00
4.357669174671173096e+00
4.415695965290069580e+00
4.442076623439788818e+00
4.461174309253692627e+00
4.474490702152252197e+00
4.484101057052612305e+00
4.488887906074523926e+00
4.495241045951843262e+00
4.505353808403015137e+00
4.516028225421905518e+00
4.536499142646789551e+00
4.554582297801971436e+00
4.579280197620391846e+00
4.597275376319885254e+00
4.618401169776916504e+00
4.538826346397399902e+00
4.143753409385681152e+00
4.198124229907989502e+00
4.276419520378112793e+00
4.354164421558380127e+00
4.411322116851806641e+00
4.437667131423950195e+00
4.456660091876983643e+00
4.469034552574157715e+00
4.477519810199737549e+00
4.483684897422790527e+00
4.490579366683959961e+00
4.499224841594696045e+00
4.510872960090637207e+00
4.531093478202819824e+00
4.551540613174438477e+00
4.574239432811737061e+00
4.590975344181060791e+00
4.612384855747222900e+00
4.533308744430541992e+00
4.141044557094573975e+00
4.196098029613494873e+00
4.271635413169860840e+00
4.350659489631652832e+00
4.406948089599609375e+00
4.433257699012756348e+00
4.452146112918853760e+00
4.463578164577484131e+00
4.470938444137573242e+00
4.478481709957122803e+00
4.485917747020721436e+00
4.493095517158508301e+00
4.505717694759368896e+00
4.525688052177429199e+00
4.548498928546905518e+00
4.569198489189147949e+00
4.584675073623657227e+00
4.606368422508239746e+00
4.527790904045104980e+00
4.138336002826690674e+00
4.194072186946868896e+00
4.266851425170898438e+00
4.347155034542083740e+00
4.402573943138122559e+00
4.428848028182983398e+00
4.447632014751434326e+00
4.458122014999389648e+00
4.464357197284698486e+00
4.473278939723968506e+00
4.481256067752838135e+00
4.486966490745544434e+00
4.500562369823455811e+00
4.520282626152038574e+00
4.545457184314727783e+00
4.564157724380493164e+00
4.578375041484832764e+00
4.600352108478546143e+00
4.522273540496826172e+00
4.134272813796997070e+00
4.191033005714416504e+00
4.259675145149230957e+00
4.341897785663604736e+00
4.396013140678405762e+00
4.422233521938323975e+00
4.440860867500305176e+00
4.449937522411346436e+00
4.465474367141723633e+00
4.477772772312164307e+00
4.492829203605651855e+00
4.512174069881439209e+00
4.540894925594329834e+00
4.556596219539642334e+00
4.568924963474273682e+00
4.591327428817749023e+00
4.513996899127960205e+00
4.133065223693847656e+00
4.187838971614837646e+00
4.254312336444854736e+00
4.338254809379577637e+00
4.391069412231445312e+00
4.416045963764190674e+00
4.433638989925384521e+00
4.441688239574432373e+00
4.456887483596801758e+00
4.468272209167480469e+00
4.483718514442443848e+00
4.502791523933410645e+00
4.532824575901031494e+00
4.546435058116912842e+00
4.557618916034698486e+00
4.579276442527770996e+00
4.503356873989105225e+00
4.137813985347747803e+00
4.185663878917694092e+00
4.254623949527740479e+00
4.339197397232055664e+00
4.391253232955932617e+00
4.413222551345825195e+00
4.428529322147369385e+00
4.436711490154266357e+00
4.450340032577514648e+00
4.462096452713012695e+00
4.475725889205932617e+00
4.494835793972015381e+00
4.521371424198150635e+00
4.535487949848175049e+00
4.547420263290405273e+00
4.566401243209838867e+00
4.492579579353332520e+00
4.153681159019470215e+00
4.191938459873199463e+00
4.264694452285766602e+00
4.349147021770477295e+00
4.398968636989593506e+00
4.416500866413116455e+00
4.428558230400085449e+00
4.436919152736663818e+00
4.448440074920654297e+00
4.460879147052764893e+00
4.472133457660675049e+00
4.491354405879974365e+00
4.513058304786682129e+00
4.528828084468841553e+00
4.544882059097290039e+00
4.559649467468261719e+00
4.487232208251953125e+00
4.239271640777587891e+00
4.277711629867553711e+00
4.353059113025665283e+00
4.428824245929718018e+00
4.468514919281005859e+00
4.483669638633728027e+00
4.494984328746795654e+00
4.503310143947601318e+00
4.515253424644470215e+00
4.529102265834808350e+00
4.541431784629821777e+00
4.561101913452148438e+00
4.582612216472625732e+00
4.606587946414947510e+00
4.649681150913238525e+00
4.659458577632904053e+00
4.572568178176879883e+00
4.398519396781921387e+00
4.460901737213134766e+00
4.537174940109252930e+00
4.584478795528411865e+00
4.603733837604522705e+00
4.617376923561096191e+00
4.625731527805328369e+00
4.636364638805389404e+00
4.648657679557800293e+00
4.659991741180419922e+00
4.678223490715026855e+00
4.698264420032501221e+00
4.718343257904052734e+00
4.762112379074096680e+00
4.764902174472808838e+00
4.640109241008758545e+00
4.713322162628173828e+00
4.796189308166503906e+00
4.859168350696563721e+00
4.882124662399291992e+00
4.891800999641418457e+00
4.895783603191375732e+00
4.900993049144744873e+00
4.908166468143463135e+00
4.914586722850799561e+00
4.924957275390625000e+00
4.938148140907287598e+00
4.954574465751647949e+00
4.983915209770202637e+00
4.984572708606719971e+00
5.048982679843902588e+00
5.105583131313323975e+00
5.143797814846038818e+00
5.156142175197601318e+00
5.166616380214691162e+00
5.177034497261047363e+00
5.193005919456481934e+00
5.205605864524841309e+00
5.209883809089660645e+00
5.211131989955902100e+00
5.213800430297851562e+00
5.237728118896484375e+00
5.266876876354217529e+00
